


materialPath: D:\Steam\steamapps\sourcemods\halflifeeternal\materials
Loading D:\Steam\steamapps\sourcemods\GigaBuilder2\materialsrc\gb_mapbase.vmf
ConVarRef mat_reduceparticles doesn't point to an existing ConVar
fixing up env_cubemap materials on brush sides...
0...1...2...3...4...5...6...7...8...9...100...1...2...3...4...5...6...7...8...9...10Processing areas...done (0)
Building Faces...done (0)
FixTjuncs...
PruneNodes...
WriteBSP...
done (0)
writing D:\Steam\steamapps\sourcemods\GigaBuilder2\materialsrc\gb_mapbase.prt...Building visibility clusters...
done (0)
Finding displacement neighbors...
Finding lightmap sample positions...
Displacement Alpha : 0...1...2...3...4...5...6...7...8...9...10
Building Physics collision data...
done (0) (5351 bytes)
Placing detail props : 0...1...2...3...4...5...6...7...8...9...10
Compacting texture/material tables...
Reduced 14 texinfos to 12
Reduced 4 texdatas to 4 (85 bytes to 85)
Writing D:\Steam\steamapps\sourcemods\GigaBuilder2\materialsrc\gb_mapbase.bsp
0 seconds elapsed



8 threads
reading d:\steam\steamapps\sourcemods\gigabuilder2\materialsrc\gb_mapbase.bsp
reading d:\steam\steamapps\sourcemods\gigabuilder2\materialsrc\gb_mapbase.prt
  30 portalclusters
  79 numportals
0...1...2...3...4...5...6...7...8...9...100...1...2...3...4...5...6...7...8...9...10Optimized: 0 visible clusters (0.00%)
Total clusters visible: 896
Average clusters visible: 29
Building PAS...
Average clusters audible: 30
visdatasize:484  compressed from 480
writing d:\steam\steamapps\sourcemods\gigabuilder2\materialsrc\gb_mapbase.bsp
0 seconds elapsed



[Reading texlights from 'lights.rad']
[48 texlights parsed from 'lights.rad']

Loading d:\steam\steamapps\sourcemods\gigabuilder2\materialsrc\gb_mapbase.bsp
84 faces
718994 square feet [103535144.00 square inches]
0 Displacements
0 Square Feet [0.00 Square Inches]
84 patches before subdivision
2910 patches after subdivision
2 direct lights
0...1...2...3...4...5...6...7...8...9...100...1...2...3...4...5...6...7...8...9...10transfers 51336, max 126
transfer lists:   0.4 megs
0...1...2...3...4...5...6...7...8...9...10	Bounce #1 added RGB(0, 0, 0)
Build Patch/Sample Hash Table(s).....Done<0.0004 sec>
0...1...2...3...4...5...6...7...8...9...10FinalLightFace Done
0 of 0 (0% of) surface lights went in leaf ambient cubes.
0...1...2...3...4...5...6...7...8...9...10Writing leaf ambient...done
Ready to Finish

Object names       Objects/Maxobjs  Memory / Maxmem  Fullness 
------------       ---------------  ---------------  -------- 
models                   3/1024          144/49152    ( 0.3%) 
brushes                 13/8192          156/98304    ( 0.2%) 
brushsides              82/65536         656/524288   ( 0.1%) 
planes                 106/65536        2120/1310720  ( 0.2%) 
vertexes               115/65536        1380/786432   ( 0.2%) 
nodes                   91/65536        2912/2097152  ( 0.1%) 
texinfos                12/12288         864/884736   ( 0.1%) 
texdata                  4/2048          128/65536    ( 0.2%) 
dispinfos                0/0               0/0        ( 0.0%) 
disp_verts               0/0               0/0        ( 0.0%) 
disp_tris                0/0               0/0        ( 0.0%) 
disp_lmsamples           0/0               0/0        ( 0.0%) 
faces                   84/65536        4704/3670016  ( 0.1%) 
hdr faces                0/65536           0/3670016  ( 0.0%) 
origfaces               38/65536        2128/3670016  ( 0.1%) 
leaves                  95/65536        3040/2097152  ( 0.1%) 
leaffaces               98/65536         196/131072   ( 0.1%) 
leafbrushes             51/65536         102/131072   ( 0.1%) 
areas                    2/256            16/2048     ( 0.8%) 
surfedges              530/512000       2120/2048000  ( 0.1%) 
edges                  276/256000       1104/1024000  ( 0.1%) 
LDR worldlights          2/65536         176/5767168  ( 0.0%) 
HDR worldlights          0/65536           0/5767168  ( 0.0%) 
leafwaterdata            0/32768           0/393216   ( 0.0%) 
waterstrips             10/32768         100/327680   ( 0.0%) 
waterverts               0/65536           0/786432   ( 0.0%) 
waterindices           123/65536         246/131072   ( 0.2%) 
cubemapsamples           0/1024            0/16384    ( 0.0%) 
overlays                 0/8192            0/2883584  ( 0.0%) 
LDR lightdata         [variable]       39788/0        ( 0.0%) 
HDR lightdata         [variable]           0/0        ( 0.0%) 
visdata               [variable]         484/16777216 ( 0.0%) 
entdata               [variable]        2774/393216   ( 0.7%) 
LDR ambient table       95/65536         380/262144   ( 0.1%) 
HDR ambient table       95/65536         380/262144   ( 0.1%) 
LDR leaf ambient        44/65536        1232/1835008  ( 0.1%) 
HDR leaf ambient        95/65536        2660/1835008  ( 0.1%) 
occluders                0/0               0/0        ( 0.0%) 
occluder polygons        0/0               0/0        ( 0.0%) 
occluder vert ind        0/0               0/0        ( 0.0%) 
detail props          [variable]           1/12       ( 8.3%) 
static props          [variable]           1/402      ( 0.2%) 
pakfile               [variable]          54/0        ( 0.0%) 
physics               [variable]        5351/4194304  ( 0.1%) 
physics terrain       [variable]           2/1048576  ( 0.0%) 

Level flags = 0

Total triangle count: 206
Writing d:\steam\steamapps\sourcemods\gigabuilder2\materialsrc\gb_mapbase.bsp
0 seconds elapsed



[Reading texlights from 'lights.rad']
[48 texlights parsed from 'lights.rad']

Loading d:\steam\steamapps\sourcemods\gigabuilder2\materialsrc\gb_mapbase.bsp
84 faces
718994 square feet [103535144.00 square inches]
0 Displacements
0 Square Feet [0.00 Square Inches]
84 patches before subdivision
2910 patches after subdivision
2 direct lights
0...1...2...3...4...5...6...7...8...9...100...1...2...3...4...5...6...7...8...9...10transfers 51336, max 126
transfer lists:   0.4 megs
0...1...2...3...4...5...6...7...8...9...10	Bounce #1 added RGB(0, 0, 0)
Build Patch/Sample Hash Table(s).....Done<0.0004 sec>
0...1...2...3...4...5...6...7...8...9...10FinalLightFace Done
0 of 0 (0% of) surface lights went in leaf ambient cubes.
0...1...2...3...4...5...6...7...8...9...10Writing leaf ambient...done
Ready to Finish

Object names       Objects/Maxobjs  Memory / Maxmem  Fullness 
------------       ---------------  ---------------  -------- 
models                   3/1024          144/49152    ( 0.3%) 
brushes                 13/8192          156/98304    ( 0.2%) 
brushsides              82/65536         656/524288   ( 0.1%) 
planes                 106/65536        2120/1310720  ( 0.2%) 
vertexes               115/65536        1380/786432   ( 0.2%) 
nodes                   91/65536        2912/2097152  ( 0.1%) 
texinfos                12/12288         864/884736   ( 0.1%) 
texdata                  4/2048          128/65536    ( 0.2%) 
dispinfos                0/0               0/0        ( 0.0%) 
disp_verts               0/0               0/0        ( 0.0%) 
disp_tris                0/0               0/0        ( 0.0%) 
disp_lmsamples           0/0               0/0        ( 0.0%) 
faces                   84/65536        4704/3670016  ( 0.1%) 
hdr faces               84/65536        4704/3670016  ( 0.1%) 
origfaces               38/65536        2128/3670016  ( 0.1%) 
leaves                  95/65536        3040/2097152  ( 0.1%) 
leaffaces               98/65536         196/131072   ( 0.1%) 
leafbrushes             51/65536         102/131072   ( 0.1%) 
areas                    2/256            16/2048     ( 0.8%) 
surfedges              530/512000       2120/2048000  ( 0.1%) 
edges                  276/256000       1104/1024000  ( 0.1%) 
LDR worldlights          2/65536         176/5767168  ( 0.0%) 
HDR worldlights          2/65536         176/5767168  ( 0.0%) 
leafwaterdata            0/32768           0/393216   ( 0.0%) 
waterstrips             10/32768         100/327680   ( 0.0%) 
waterverts               0/65536           0/786432   ( 0.0%) 
waterindices           123/65536         246/131072   ( 0.2%) 
cubemapsamples           0/1024            0/16384    ( 0.0%) 
overlays                 0/8192            0/2883584  ( 0.0%) 
LDR lightdata         [variable]       39788/0        ( 0.0%) 
HDR lightdata         [variable]       39788/0        ( 0.0%) 
visdata               [variable]         484/16777216 ( 0.0%) 
entdata               [variable]        2774/393216   ( 0.7%) 
LDR ambient table       95/65536         380/262144   ( 0.1%) 
HDR ambient table       95/65536         380/262144   ( 0.1%) 
LDR leaf ambient        44/65536        1232/1835008  ( 0.1%) 
HDR leaf ambient        44/65536        1232/1835008  ( 0.1%) 
occluders                0/0               0/0        ( 0.0%) 
occluder polygons        0/0               0/0        ( 0.0%) 
occluder vert ind        0/0               0/0        ( 0.0%) 
detail props          [variable]           1/12       ( 8.3%) 
static props          [variable]           1/402      ( 0.2%) 
pakfile               [variable]          54/0        ( 0.0%) 
physics               [variable]        5351/4194304  ( 0.1%) 
physics terrain       [variable]           2/1048576  ( 0.0%) 

Level flags = 0

Total triangle count: 206
Writing d:\steam\steamapps\sourcemods\gigabuilder2\materialsrc\gb_mapbase.bsp
0 seconds elapsed



materialPath: D:\Steam\steamapps\sourcemods\halflifeeternal\materials
Loading D:\Steam\steamapps\sourcemods\GigaBuilder2\materialsrc\gb_mapbase.vmf
ConVarRef mat_reduceparticles doesn't point to an existing ConVar
fixing up env_cubemap materials on brush sides...
0...1...2...3...4...5...6...7...8...9...100...1...2...3...4...5...6...7...8...9...10Processing areas...done (0)
Building Faces...done (0)
FixTjuncs...
PruneNodes...
WriteBSP...
done (0)
writing D:\Steam\steamapps\sourcemods\GigaBuilder2\materialsrc\gb_mapbase.prt...Building visibility clusters...
done (0)
Finding displacement neighbors...
Finding lightmap sample positions...
Displacement Alpha : 0...1...2...3...4...5...6...7...8...9...10
Building Physics collision data...
done (0) (5351 bytes)
Placing detail props : 0...1...2...3...4...5...6...7...8...9...10
Compacting texture/material tables...
Reduced 14 texinfos to 12
Reduced 4 texdatas to 4 (85 bytes to 85)
Writing D:\Steam\steamapps\sourcemods\GigaBuilder2\materialsrc\gb_mapbase.bsp
0 seconds elapsed



8 threads
reading d:\steam\steamapps\sourcemods\gigabuilder2\materialsrc\gb_mapbase.bsp
reading d:\steam\steamapps\sourcemods\gigabuilder2\materialsrc\gb_mapbase.prt
  30 portalclusters
  79 numportals
0...1...2...3...4...5...6...7...8...9...100...1...2...3...4...5...6...7...8...9...10Optimized: 0 visible clusters (0.00%)
Total clusters visible: 896
Average clusters visible: 29
Building PAS...
Average clusters audible: 30
visdatasize:484  compressed from 480
writing d:\steam\steamapps\sourcemods\gigabuilder2\materialsrc\gb_mapbase.bsp
0 seconds elapsed



[Reading texlights from 'lights.rad']
[48 texlights parsed from 'lights.rad']

Loading d:\steam\steamapps\sourcemods\gigabuilder2\materialsrc\gb_mapbase.bsp
84 faces
718994 square feet [103535144.00 square inches]
0 Displacements
0 Square Feet [0.00 Square Inches]
84 patches before subdivision
2910 patches after subdivision
2 direct lights
0...1...2...3...4...5...6...7...8...9...100...1...2...3...4...5...6...7...8...9...10transfers 51336, max 126
transfer lists:   0.4 megs
0...1...2...3...4...5...6...7...8...9...10	Bounce #1 added RGB(0, 0, 0)
Build Patch/Sample Hash Table(s).....Done<0.0004 sec>
0...1...2...3...4...5...6...7...8...9...10FinalLightFace Done
0 of 0 (0% of) surface lights went in leaf ambient cubes.
0...1...2...3...4...5...6...7...8...9...10Writing leaf ambient...done
Ready to Finish

Object names       Objects/Maxobjs  Memory / Maxmem  Fullness 
------------       ---------------  ---------------  -------- 
models                   3/1024          144/49152    ( 0.3%) 
brushes                 13/8192          156/98304    ( 0.2%) 
brushsides              82/65536         656/524288   ( 0.1%) 
planes                 106/65536        2120/1310720  ( 0.2%) 
vertexes               115/65536        1380/786432   ( 0.2%) 
nodes                   91/65536        2912/2097152  ( 0.1%) 
texinfos                12/12288         864/884736   ( 0.1%) 
texdata                  4/2048          128/65536    ( 0.2%) 
dispinfos                0/0               0/0        ( 0.0%) 
disp_verts               0/0               0/0        ( 0.0%) 
disp_tris                0/0               0/0        ( 0.0%) 
disp_lmsamples           0/0               0/0        ( 0.0%) 
faces                   84/65536        4704/3670016  ( 0.1%) 
hdr faces                0/65536           0/3670016  ( 0.0%) 
origfaces               38/65536        2128/3670016  ( 0.1%) 
leaves                  95/65536        3040/2097152  ( 0.1%) 
leaffaces               98/65536         196/131072   ( 0.1%) 
leafbrushes             51/65536         102/131072   ( 0.1%) 
areas                    2/256            16/2048     ( 0.8%) 
surfedges              530/512000       2120/2048000  ( 0.1%) 
edges                  276/256000       1104/1024000  ( 0.1%) 
LDR worldlights          2/65536         176/5767168  ( 0.0%) 
HDR worldlights          0/65536           0/5767168  ( 0.0%) 
leafwaterdata            0/32768           0/393216   ( 0.0%) 
waterstrips             10/32768         100/327680   ( 0.0%) 
waterverts               0/65536           0/786432   ( 0.0%) 
waterindices           123/65536         246/131072   ( 0.2%) 
cubemapsamples           0/1024            0/16384    ( 0.0%) 
overlays                 0/8192            0/2883584  ( 0.0%) 
LDR lightdata         [variable]       39788/0        ( 0.0%) 
HDR lightdata         [variable]           0/0        ( 0.0%) 
visdata               [variable]         484/16777216 ( 0.0%) 
entdata               [variable]        2774/393216   ( 0.7%) 
LDR ambient table       95/65536         380/262144   ( 0.1%) 
HDR ambient table       95/65536         380/262144   ( 0.1%) 
LDR leaf ambient        44/65536        1232/1835008  ( 0.1%) 
HDR leaf ambient        95/65536        2660/1835008  ( 0.1%) 
occluders                0/0               0/0        ( 0.0%) 
occluder polygons        0/0               0/0        ( 0.0%) 
occluder vert ind        0/0               0/0        ( 0.0%) 
detail props          [variable]           1/12       ( 8.3%) 
static props          [variable]           1/402      ( 0.2%) 
pakfile               [variable]          54/0        ( 0.0%) 
physics               [variable]        5351/4194304  ( 0.1%) 
physics terrain       [variable]           2/1048576  ( 0.0%) 

Level flags = 0

Total triangle count: 206
Writing d:\steam\steamapps\sourcemods\gigabuilder2\materialsrc\gb_mapbase.bsp
0 seconds elapsed



[Reading texlights from 'lights.rad']
[48 texlights parsed from 'lights.rad']

Loading d:\steam\steamapps\sourcemods\gigabuilder2\materialsrc\gb_mapbase.bsp
84 faces
718994 square feet [103535144.00 square inches]
0 Displacements
0 Square Feet [0.00 Square Inches]
84 patches before subdivision
2910 patches after subdivision
2 direct lights
0...1...2...3...4...5...6...7...8...9...100...1...2...3...4...5...6...7...8...9...10transfers 51336, max 126
transfer lists:   0.4 megs
0...1...2...3...4...5...6...7...8...9...10	Bounce #1 added RGB(0, 0, 0)
Build Patch/Sample Hash Table(s).....Done<0.0004 sec>
0...1...2...3...4...5...6...7...8...9...10FinalLightFace Done
0 of 0 (0% of) surface lights went in leaf ambient cubes.
0...1...2...3...4...5...6...7...8...9...10Writing leaf ambient...done
Ready to Finish

Object names       Objects/Maxobjs  Memory / Maxmem  Fullness 
------------       ---------------  ---------------  -------- 
models                   3/1024          144/49152    ( 0.3%) 
brushes                 13/8192          156/98304    ( 0.2%) 
brushsides              82/65536         656/524288   ( 0.1%) 
planes                 106/65536        2120/1310720  ( 0.2%) 
vertexes               115/65536        1380/786432   ( 0.2%) 
nodes                   91/65536        2912/2097152  ( 0.1%) 
texinfos                12/12288         864/884736   ( 0.1%) 
texdata                  4/2048          128/65536    ( 0.2%) 
dispinfos                0/0               0/0        ( 0.0%) 
disp_verts               0/0               0/0        ( 0.0%) 
disp_tris                0/0               0/0        ( 0.0%) 
disp_lmsamples           0/0               0/0        ( 0.0%) 
faces                   84/65536        4704/3670016  ( 0.1%) 
hdr faces               84/65536        4704/3670016  ( 0.1%) 
origfaces               38/65536        2128/3670016  ( 0.1%) 
leaves                  95/65536        3040/2097152  ( 0.1%) 
leaffaces               98/65536         196/131072   ( 0.1%) 
leafbrushes             51/65536         102/131072   ( 0.1%) 
areas                    2/256            16/2048     ( 0.8%) 
surfedges              530/512000       2120/2048000  ( 0.1%) 
edges                  276/256000       1104/1024000  ( 0.1%) 
LDR worldlights          2/65536         176/5767168  ( 0.0%) 
HDR worldlights          2/65536         176/5767168  ( 0.0%) 
leafwaterdata            0/32768           0/393216   ( 0.0%) 
waterstrips             10/32768         100/327680   ( 0.0%) 
waterverts               0/65536           0/786432   ( 0.0%) 
waterindices           123/65536         246/131072   ( 0.2%) 
cubemapsamples           0/1024            0/16384    ( 0.0%) 
overlays                 0/8192            0/2883584  ( 0.0%) 
LDR lightdata         [variable]       39788/0        ( 0.0%) 
HDR lightdata         [variable]       39788/0        ( 0.0%) 
visdata               [variable]         484/16777216 ( 0.0%) 
entdata               [variable]        2774/393216   ( 0.7%) 
LDR ambient table       95/65536         380/262144   ( 0.1%) 
HDR ambient table       95/65536         380/262144   ( 0.1%) 
LDR leaf ambient        44/65536        1232/1835008  ( 0.1%) 
HDR leaf ambient        44/65536        1232/1835008  ( 0.1%) 
occluders                0/0               0/0        ( 0.0%) 
occluder polygons        0/0               0/0        ( 0.0%) 
occluder vert ind        0/0               0/0        ( 0.0%) 
detail props          [variable]           1/12       ( 8.3%) 
static props          [variable]           1/402      ( 0.2%) 
pakfile               [variable]          54/0        ( 0.0%) 
physics               [variable]        5351/4194304  ( 0.1%) 
physics terrain       [variable]           2/1048576  ( 0.0%) 

Level flags = 0

Total triangle count: 206
Writing d:\steam\steamapps\sourcemods\gigabuilder2\materialsrc\gb_mapbase.bsp
0 seconds elapsed



materialPath: D:\Steam\steamapps\sourcemods\GigaBuilder\materials
Loading D:\Steam\steamapps\sourcemods\GigaBuilder2\materialsrc\gb_mapbase.vmf
ConVarRef mat_reduceparticles doesn't point to an existing ConVar
Could not locate GameData file 
fixing up env_cubemap materials on brush sides...
0...1...2...3...4...5...6...7...8...9...100...1...2...3...4...5...6...7...8...9...10Processing areas...done (0)
Building Faces...done (0)
FixTjuncs...
PruneNodes...
WriteBSP...
done (0)
writing D:\Steam\steamapps\sourcemods\GigaBuilder2\materialsrc\gb_mapbase.prt...Building visibility clusters...
done (0)
Finding displacement neighbors...
Finding lightmap sample positions...
Displacement Alpha : 0...1...2...3...4...5...6...7...8...9...10
Building Physics collision data...
done (0) (5900 bytes)
Placing detail props : 0...1...2...3...4...5...6...7...8...9...10
Compacting texture/material tables...
Reduced 20 texinfos to 13
Reduced 5 texdatas to 5 (106 bytes to 106)
Writing D:\Steam\steamapps\sourcemods\GigaBuilder2\materialsrc\gb_mapbase.bsp
0 seconds elapsed



8 threads
reading d:\steam\steamapps\sourcemods\gigabuilder2\materialsrc\gb_mapbase.bsp
reading d:\steam\steamapps\sourcemods\gigabuilder2\materialsrc\gb_mapbase.prt
  30 portalclusters
  79 numportals
0...1...2...3...4...5...6...7...8...9...100...1...2...3...4...5...6...7...8...9...10Optimized: 0 visible clusters (0.00%)
Total clusters visible: 896
Average clusters visible: 29
Building PAS...
Average clusters audible: 30
visdatasize:484  compressed from 480
writing d:\steam\steamapps\sourcemods\gigabuilder2\materialsrc\gb_mapbase.bsp
0 seconds elapsed



[Reading texlights from 'lights.rad']
[48 texlights parsed from 'lights.rad']

Loading d:\steam\steamapps\sourcemods\gigabuilder2\materialsrc\gb_mapbase.bsp
84 faces
718994 square feet [103535144.00 square inches]
0 Displacements
0 Square Feet [0.00 Square Inches]
84 patches before subdivision
2910 patches after subdivision
2 direct lights
0...1...2...3...4...5...6...7...8...9...100...1...2...3...4...5...6...7...8...9...10transfers 51336, max 126
transfer lists:   0.4 megs
0...1...2...3...4...5...6...7...8...9...10	Bounce #1 added RGB(0, 0, 0)
Build Patch/Sample Hash Table(s).....Done<0.0004 sec>
0...1...2...3...4...5...6...7...8...9...10FinalLightFace Done
0 of 0 (0% of) surface lights went in leaf ambient cubes.
0...1...2...3...4...5...6...7...8...9...10Writing leaf ambient...done
Ready to Finish

Object names       Objects/Maxobjs  Memory / Maxmem  Fullness 
------------       ---------------  ---------------  -------- 
models                   4/1024          192/49152    ( 0.4%) 
brushes                 14/8192          168/98304    ( 0.2%) 
brushsides              88/65536         704/524288   ( 0.1%) 
planes                 130/65536        2600/1310720  ( 0.2%) 
vertexes               123/65536        1476/786432   ( 0.2%) 
nodes                   97/65536        3104/2097152  ( 0.1%) 
texinfos                13/12288         936/884736   ( 0.1%) 
texdata                  5/2048          160/65536    ( 0.2%) 
dispinfos                0/0               0/0        ( 0.0%) 
disp_verts               0/0               0/0        ( 0.0%) 
disp_tris                0/0               0/0        ( 0.0%) 
disp_lmsamples           0/0               0/0        ( 0.0%) 
faces                   84/65536        4704/3670016  ( 0.1%) 
hdr faces                0/65536           0/3670016  ( 0.0%) 
origfaces               38/65536        2128/3670016  ( 0.1%) 
leaves                 102/65536        3264/2097152  ( 0.2%) 
leaffaces               98/65536         196/131072   ( 0.1%) 
leafbrushes             52/65536         104/131072   ( 0.1%) 
areas                    2/256            16/2048     ( 0.8%) 
surfedges              530/512000       2120/2048000  ( 0.1%) 
edges                  276/256000       1104/1024000  ( 0.1%) 
LDR worldlights          2/65536         176/5767168  ( 0.0%) 
HDR worldlights          0/65536           0/5767168  ( 0.0%) 
leafwaterdata            0/32768           0/393216   ( 0.0%) 
waterstrips             10/32768         100/327680   ( 0.0%) 
waterverts               0/65536           0/786432   ( 0.0%) 
waterindices           123/65536         246/131072   ( 0.2%) 
cubemapsamples           0/1024            0/16384    ( 0.0%) 
overlays                 0/8192            0/2883584  ( 0.0%) 
LDR lightdata         [variable]       39788/0        ( 0.0%) 
HDR lightdata         [variable]           0/0        ( 0.0%) 
visdata               [variable]         484/16777216 ( 0.0%) 
entdata               [variable]        4409/393216   ( 1.1%) 
LDR ambient table      102/65536         408/262144   ( 0.2%) 
HDR ambient table      102/65536         408/262144   ( 0.2%) 
LDR leaf ambient        51/65536        1428/1835008  ( 0.1%) 
HDR leaf ambient       102/65536        2856/1835008  ( 0.2%) 
occluders                0/0               0/0        ( 0.0%) 
occluder polygons        0/0               0/0        ( 0.0%) 
occluder vert ind        0/0               0/0        ( 0.0%) 
detail props          [variable]           1/12       ( 8.3%) 
static props          [variable]           1/402      ( 0.2%) 
pakfile               [variable]          54/0        ( 0.0%) 
physics               [variable]        5900/4194304  ( 0.1%) 
physics terrain       [variable]           2/1048576  ( 0.0%) 

Level flags = 0

Total triangle count: 206
Writing d:\steam\steamapps\sourcemods\gigabuilder2\materialsrc\gb_mapbase.bsp
0 seconds elapsed



[Reading texlights from 'lights.rad']
[48 texlights parsed from 'lights.rad']

Loading d:\steam\steamapps\sourcemods\gigabuilder2\materialsrc\gb_mapbase.bsp
84 faces
718994 square feet [103535144.00 square inches]
0 Displacements
0 Square Feet [0.00 Square Inches]
84 patches before subdivision
2910 patches after subdivision
2 direct lights
0...1...2...3...4...5...6...7...8...9...100...1...2...3...4...5...6...7...8...9...10transfers 51336, max 126
transfer lists:   0.4 megs
0...1...2...3...4...5...6...7...8...9...10	Bounce #1 added RGB(0, 0, 0)
Build Patch/Sample Hash Table(s).....Done<0.0004 sec>
0...1...2...3...4...5...6...7...8...9...10FinalLightFace Done
0 of 0 (0% of) surface lights went in leaf ambient cubes.
0...1...2...3...4...5...6...7...8...9...10Writing leaf ambient...done
Ready to Finish

Object names       Objects/Maxobjs  Memory / Maxmem  Fullness 
------------       ---------------  ---------------  -------- 
models                   4/1024          192/49152    ( 0.4%) 
brushes                 14/8192          168/98304    ( 0.2%) 
brushsides              88/65536         704/524288   ( 0.1%) 
planes                 130/65536        2600/1310720  ( 0.2%) 
vertexes               123/65536        1476/786432   ( 0.2%) 
nodes                   97/65536        3104/2097152  ( 0.1%) 
texinfos                13/12288         936/884736   ( 0.1%) 
texdata                  5/2048          160/65536    ( 0.2%) 
dispinfos                0/0               0/0        ( 0.0%) 
disp_verts               0/0               0/0        ( 0.0%) 
disp_tris                0/0               0/0        ( 0.0%) 
disp_lmsamples           0/0               0/0        ( 0.0%) 
faces                   84/65536        4704/3670016  ( 0.1%) 
hdr faces               84/65536        4704/3670016  ( 0.1%) 
origfaces               38/65536        2128/3670016  ( 0.1%) 
leaves                 102/65536        3264/2097152  ( 0.2%) 
leaffaces               98/65536         196/131072   ( 0.1%) 
leafbrushes             52/65536         104/131072   ( 0.1%) 
areas                    2/256            16/2048     ( 0.8%) 
surfedges              530/512000       2120/2048000  ( 0.1%) 
edges                  276/256000       1104/1024000  ( 0.1%) 
LDR worldlights          2/65536         176/5767168  ( 0.0%) 
HDR worldlights          2/65536         176/5767168  ( 0.0%) 
leafwaterdata            0/32768           0/393216   ( 0.0%) 
waterstrips             10/32768         100/327680   ( 0.0%) 
waterverts               0/65536           0/786432   ( 0.0%) 
waterindices           123/65536         246/131072   ( 0.2%) 
cubemapsamples           0/1024            0/16384    ( 0.0%) 
overlays                 0/8192            0/2883584  ( 0.0%) 
LDR lightdata         [variable]       39788/0        ( 0.0%) 
HDR lightdata         [variable]       39788/0        ( 0.0%) 
visdata               [variable]         484/16777216 ( 0.0%) 
entdata               [variable]        4409/393216   ( 1.1%) 
LDR ambient table      102/65536         408/262144   ( 0.2%) 
HDR ambient table      102/65536         408/262144   ( 0.2%) 
LDR leaf ambient        51/65536        1428/1835008  ( 0.1%) 
HDR leaf ambient        51/65536        1428/1835008  ( 0.1%) 
occluders                0/0               0/0        ( 0.0%) 
occluder polygons        0/0               0/0        ( 0.0%) 
occluder vert ind        0/0               0/0        ( 0.0%) 
detail props          [variable]           1/12       ( 8.3%) 
static props          [variable]           1/402      ( 0.2%) 
pakfile               [variable]          54/0        ( 0.0%) 
physics               [variable]        5900/4194304  ( 0.1%) 
physics terrain       [variable]           2/1048576  ( 0.0%) 

Level flags = 0

Total triangle count: 206
Writing d:\steam\steamapps\sourcemods\gigabuilder2\materialsrc\gb_mapbase.bsp
0 seconds elapsed
