PRT1
30
79
4 0 2 (2048 1024 -2048 ) (2048 1024 2048 ) (1024 1024 2048 ) (1024 1024 -2048 ) 
4 0 1 (1024 1024 -2048 ) (1024 1024 2048 ) (1024 2048 2048 ) (1024 2048 -2048 ) 
4 1 4 (0 1024 -2048 ) (0 1024 2048 ) (0 2048 2048 ) (0 2048 -2048 ) 
4 1 3 (1024 1024 -2048 ) (1024 1024 2048 ) (0 1024 2048 ) (0 1024 -2048 ) 
4 2 18 (2048 0 -2048 ) (2048 0 2048 ) (1024 0 2048 ) (1024 0 -2048 ) 
4 2 3 (1024 1024 2048 ) (1024 1024 -2048 ) (1024 0 -2048 ) (1024 0 2048 ) 
4 3 19 (1024 0 -2048 ) (1024 0 2048 ) (0 0 2048 ) (0 0 -2048 ) 
4 3 16 (0 0 -2048 ) (0 0 -128 ) (0 1024 -128 ) (0 1024 -2048 ) 
4 3 12 (0 0 -128 ) (0 0 0 ) (0 128 0 ) (0 128 -128 ) 
4 3 11 (0 0 0 ) (0 0 2048 ) (0 128 2048 ) (0 128 0 ) 
4 3 9 (0 128 2048 ) (0 384 2048 ) (0 384 -128 ) (0 128 -128 ) 
4 3 6 (0 384 2048 ) (0 1024 2048 ) (0 1024 -128 ) (0 384 -128 ) 
4 4 16 (0 1024 -2048 ) (0 1024 -128 ) (-1024 1024 -128 ) (-1024 1024 -2048 ) 
4 4 14 (-1024 1024 256 ) (-1024 1024 -128 ) (-768 1024 -128 ) (-768 1024 256 ) 
4 4 13 (-768 1024 2048 ) (-1024 1024 2048 ) (-1024 1024 256 ) (-768 1024 256 ) 
4 4 7 (-128 1024 2048 ) (-768 1024 2048 ) (-768 1024 -128 ) (-128 1024 -128 ) 
4 4 6 (0 1024 -128 ) (0 1024 2048 ) (-128 1024 2048 ) (-128 1024 -128 ) 
4 4 5 (-1024 1024 -2048 ) (-1024 1024 2048 ) (-1024 2048 2048 ) (-1024 2048 -2048 ) 
4 5 17 (-1024 1024 -2048 ) (-1024 1024 2048 ) (-2048 1024 2048 ) (-2048 1024 -2048 ) 
4 6 16 (-128 1024 -128 ) (0 1024 -128 ) (0 384 -128 ) (-128 384 -128 ) 
4 6 9 (-128 384 -128 ) (0 384 -128 ) (0 384 2048 ) (-128 384 2048 ) 
4 6 8 (-128 384 256 ) (-128 384 2048 ) (-128 640 2048 ) (-128 640 256 ) 
4 6 7 (-128 1024 -128 ) (-128 640 -128 ) (-128 640 2048 ) (-128 1024 2048 ) 
4 7 16 (-768 1024 -128 ) (-128 1024 -128 ) (-128 640 -128 ) (-768 640 -128 ) 
4 7 14 (-768 1024 256 ) (-768 1024 -128 ) (-768 640 -128 ) (-768 640 256 ) 
4 7 13 (-768 1024 2048 ) (-768 1024 256 ) (-768 640 256 ) (-768 640 2048 ) 
4 7 8 (-128 640 256 ) (-128 640 2048 ) (-768 640 2048 ) (-768 640 256 ) 
4 8 13 (-768 384 256 ) (-768 384 2048 ) (-768 640 2048 ) (-768 640 256 ) 
4 8 10 (-768 384 2048 ) (-768 384 256 ) (-128 384 256 ) (-128 384 2048 ) 
4 9 16 (0 384 -128 ) (0 128 -128 ) (-128 128 -128 ) (-128 384 -128 ) 
4 9 12 (-128 128 -128 ) (0 128 -128 ) (0 128 0 ) (-128 128 0 ) 
4 9 11 (0 128 0 ) (0 128 2048 ) (-128 128 2048 ) (-128 128 0 ) 
4 9 10 (-128 128 0 ) (-128 128 2048 ) (-128 384 2048 ) (-128 384 0 ) 
4 10 13 (-768 128 256 ) (-768 128 2048 ) (-768 384 2048 ) (-768 384 256 ) 
4 10 11 (-768 128 2048 ) (-768 128 0 ) (-128 128 0 ) (-128 128 2048 ) 
4 11 22 (0 0 0 ) (0 0 2048 ) (-768 0 2048 ) (-768 0 0 ) 
4 11 15 (-768 0 0 ) (-768 0 256 ) (-768 128 256 ) (-768 128 0 ) 
4 11 13 (-768 0 256 ) (-768 0 2048 ) (-768 128 2048 ) (-768 128 256 ) 
4 11 12 (0 0 0 ) (-384 0 0 ) (-384 128 0 ) (0 128 0 ) 
4 12 23 (0 0 -128 ) (0 0 0 ) (-384 0 0 ) (-384 0 -128 ) 
4 12 16 (0 128 -128 ) (0 0 -128 ) (-384 0 -128 ) (-384 128 -128 ) 
4 13 22 (-1024 0 2048 ) (-1024 0 256 ) (-768 0 256 ) (-768 0 2048 ) 
4 13 17 (-1024 1024 2048 ) (-1024 1024 256 ) (-1024 0 256 ) (-1024 0 2048 ) 
4 13 14 (-1024 1024 256 ) (-768 1024 256 ) (-768 640 256 ) (-1024 640 256 ) 
4 13 15 (-768 128 256 ) (-768 0 256 ) (-1024 0 256 ) (-1024 128 256 ) 
4 14 17 (-1024 1024 256 ) (-1024 1024 -128 ) (-1024 640 -128 ) (-1024 640 256 ) 
4 14 16 (-1024 1024 -128 ) (-768 1024 -128 ) (-768 640 -128 ) (-1024 640 -128 ) 
4 15 26 (-1024 0 0 ) (-1024 0 -128 ) (-768 0 -128 ) (-768 0 0 ) 
4 15 22 (-1024 0 256 ) (-1024 0 0 ) (-768 0 0 ) (-768 0 256 ) 
4 15 17 (-1024 128 -128 ) (-1024 0 -128 ) (-1024 0 256 ) (-1024 128 256 ) 
4 15 16 (-768 128 -128 ) (-768 0 -128 ) (-1024 0 -128 ) (-1024 128 -128 ) 
4 16 24 (-384 0 -128 ) (-768 0 -128 ) (-768 0 -2048 ) (-384 0 -2048 ) 
4 16 23 (0 0 -2048 ) (0 0 -128 ) (-384 0 -128 ) (-384 0 -2048 ) 
4 16 26 (-768 0 -128 ) (-1024 0 -128 ) (-1024 0 -2048 ) (-768 0 -2048 ) 
4 16 17 (-1024 1024 -128 ) (-1024 1024 -2048 ) (-1024 0 -2048 ) (-1024 0 -128 ) 
4 17 27 (-1024 0 -2048 ) (-1024 0 2048 ) (-2048 0 2048 ) (-2048 0 -2048 ) 
4 18 20 (2048 -1024 -2048 ) (2048 -1024 2048 ) (1024 -1024 2048 ) (1024 -1024 -2048 ) 
4 18 19 (1024 0 2048 ) (1024 0 -2048 ) (1024 -1024 -2048 ) (1024 -1024 2048 ) 
4 19 23 (0 0 0 ) (0 0 -2048 ) (0 -1024 -2048 ) (0 -1024 0 ) 
4 19 22 (0 0 2048 ) (0 0 0 ) (0 -1024 0 ) (0 -1024 2048 ) 
4 19 21 (1024 -1024 -2048 ) (1024 -1024 2048 ) (0 -1024 2048 ) (0 -1024 -2048 ) 
4 20 21 (1024 -1024 2048 ) (1024 -1024 -2048 ) (1024 -2048 -2048 ) (1024 -2048 2048 ) 
4 21 28 (0 -2048 -2048 ) (0 -2048 2048 ) (0 -1024 2048 ) (0 -1024 -2048 ) 
4 22 28 (0 -1024 0 ) (0 -1024 2048 ) (-1024 -1024 2048 ) (-1024 -1024 0 ) 
4 22 27 (-1024 0 2048 ) (-1024 0 0 ) (-1024 -1024 0 ) (-1024 -1024 2048 ) 
4 22 25 (-384 -128 0 ) (-384 -1024 0 ) (-768 -1024 0 ) (-768 -128 0 ) 
4 22 23 (-384 0 0 ) (0 0 0 ) (0 -1024 0 ) (-384 -1024 0 ) 
4 22 26 (-1024 -1024 0 ) (-1024 0 0 ) (-768 0 0 ) (-768 -1024 0 ) 
4 23 28 (0 -1024 -2048 ) (0 -1024 0 ) (-384 -1024 0 ) (-384 -1024 -2048 ) 
4 23 24 (-384 0 -2048 ) (-384 -128 -2048 ) (-384 -128 -128 ) (-384 0 -128 ) 
4 23 25 (-384 -128 -2048 ) (-384 -1024 -2048 ) (-384 -1024 0 ) (-384 -128 0 ) 
4 24 25 (-768 -128 -128 ) (-768 -128 -2048 ) (-384 -128 -2048 ) (-384 -128 -128 ) 
4 24 26 (-768 0 -2048 ) (-768 -128 -2048 ) (-768 -128 -128 ) (-768 0 -128 ) 
4 25 28 (-384 -1024 0 ) (-768 -1024 0 ) (-768 -1024 -2048 ) (-384 -1024 -2048 ) 
4 25 26 (-768 -128 -2048 ) (-768 -1024 -2048 ) (-768 -1024 0 ) (-768 -128 0 ) 
4 26 28 (-768 -1024 0 ) (-1024 -1024 0 ) (-1024 -1024 -2048 ) (-768 -1024 -2048 ) 
4 26 27 (-1024 0 0 ) (-1024 0 -2048 ) (-1024 -1024 -2048 ) (-1024 -1024 0 ) 
4 27 29 (-1024 -1024 -2048 ) (-1024 -1024 2048 ) (-2048 -1024 2048 ) (-2048 -1024 -2048 ) 
4 28 29 (-1024 -1024 2048 ) (-1024 -1024 -2048 ) (-1024 -2048 -2048 ) (-1024 -2048 2048 ) 
