PRT1
103
301
4 0 33 (1376 0 736 ) (1024 0 736 ) (1024 0 -3040 ) (1376 0 -3040 ) 
4 0 31 (1024 0 -3040 ) (1024 0 -2048 ) (1024 128 -2048 ) (1024 128 -3040 ) 
4 0 22 (1024 0 -2048 ) (1024 0 -464 ) (1024 32 -464 ) (1024 32 -2048 ) 
4 0 17 (1024 32 -464 ) (1024 128 -464 ) (1024 128 -2048 ) (1024 32 -2048 ) 
4 0 14 (1024 0 -464 ) (1024 0 -460 ) (1024 128 -460 ) (1024 128 -464 ) 
4 0 8 (1024 0 -460 ) (1024 0 256 ) (1024 128 256 ) (1024 128 -460 ) 
4 0 7 (1024 0 256 ) (1024 0 384 ) (1024 128 384 ) (1024 128 256 ) 
4 0 6 (1024 0 384 ) (1024 0 736 ) (1024 128 736 ) (1024 128 384 ) 
4 0 4 (1024 256 -384 ) (1024 256 -3040 ) (1024 128 -3040 ) (1024 128 -384 ) 
4 0 2 (1024 128 736 ) (1024 256 736 ) (1024 256 -384 ) (1024 128 -384 ) 
4 0 1 (1024 256 736 ) (1024 928 736 ) (1024 928 -3040 ) (1024 256 -3040 ) 
4 1 69 (0 256 736 ) (0 928 736 ) (0 928 -3040 ) (0 256 -3040 ) 
4 1 5 (0 256 -3040 ) (256 256 -3040 ) (256 256 -2048 ) (0 256 -2048 ) 
4 1 4 (256 256 -3040 ) (1024 256 -3040 ) (1024 256 -384 ) (256 256 -384 ) 
4 1 3 (512 256 736 ) (0 256 736 ) (0 256 256 ) (512 256 256 ) 
4 1 2 (1024 256 -384 ) (1024 256 736 ) (512 256 736 ) (512 256 -384 ) 
4 2 9 (512 128 -256 ) (512 128 -384 ) (640 128 -384 ) (640 128 -256 ) 
4 2 8 (1024 128 -384 ) (1024 128 256 ) (640 128 256 ) (640 128 -384 ) 
4 2 7 (1024 128 256 ) (1024 128 384 ) (512 128 384 ) (512 128 256 ) 
4 2 6 (1024 128 384 ) (1024 128 736 ) (512 128 736 ) (512 128 384 ) 
4 2 4 (1024 128 -384 ) (512 128 -384 ) (512 256 -384 ) (1024 256 -384 ) 
4 2 3 (512 256 736 ) (512 256 256 ) (512 128 256 ) (512 128 736 ) 
4 3 70 (0 128 256 ) (0 128 736 ) (0 256 736 ) (0 256 256 ) 
4 3 6 (512 128 736 ) (0 128 736 ) (0 128 384 ) (512 128 384 ) 
4 4 31 (1024 128 -3040 ) (1024 128 -2048 ) (256 128 -2048 ) (256 128 -3040 ) 
4 4 17 (1024 128 -2048 ) (1024 128 -464 ) (384 128 -464 ) (384 128 -2048 ) 
4 4 14 (1024 128 -464 ) (1024 128 -460 ) (384 128 -460 ) (384 128 -464 ) 
4 4 12 (512 128 -384 ) (384 128 -384 ) (384 128 -460 ) (512 128 -460 ) 
4 4 9 (640 128 -384 ) (512 128 -384 ) (512 128 -460 ) (640 128 -460 ) 
4 4 8 (1024 128 -460 ) (1024 128 -384 ) (640 128 -384 ) (640 128 -460 ) 
4 4 5 (256 256 -2048 ) (256 256 -3040 ) (256 128 -3040 ) (256 128 -2048 ) 
4 5 71 (0 128 -3040 ) (0 128 -2048 ) (0 256 -2048 ) (0 256 -3040 ) 
4 5 32 (0 128 -2176 ) (0 128 -3040 ) (256 128 -3040 ) (256 128 -2176 ) 
4 6 73 (0 0 384 ) (0 0 736 ) (0 128 736 ) (0 128 384 ) 
4 6 34 (1024 0 384 ) (1024 0 736 ) (0 0 736 ) (0 0 384 ) 
4 6 7 (512 128 384 ) (1024 128 384 ) (1024 0 384 ) (512 0 384 ) 
4 7 35 (1024 0 256 ) (1024 0 384 ) (512 0 384 ) (512 0 256 ) 
4 7 8 (1024 0 256 ) (640 0 256 ) (640 128 256 ) (1024 128 256 ) 
4 8 36 (1024 0 -460 ) (1024 0 256 ) (640 0 256 ) (640 0 -460 ) 
4 8 14 (640 128 -460 ) (1024 128 -460 ) (1024 0 -460 ) (640 0 -460 ) 
4 8 9 (640 128 -460 ) (640 0 -460 ) (640 0 -256 ) (640 128 -256 ) 
4 9 37 (512 0 -256 ) (512 0 -460 ) (640 0 -460 ) (640 0 -256 ) 
4 9 14 (512 128 -460 ) (640 128 -460 ) (640 0 -460 ) (512 0 -460 ) 
4 9 12 (512 128 -460 ) (512 0 -460 ) (512 0 -384 ) (512 128 -384 ) 
4 10 38 (512 0 256 ) (256 0 256 ) (256 0 -256 ) (512 0 -256 ) 
4 10 11 (256 0 -256 ) (256 0 256 ) (256 128 256 ) (256 128 -256 ) 
4 11 75 (0 0 0 ) (0 0 256 ) (0 128 256 ) (0 128 0 ) 
4 11 39 (256 0 256 ) (0 0 256 ) (0 0 -384 ) (256 0 -384 ) 
4 11 13 (0 0 -384 ) (0 128 -384 ) (256 128 -384 ) (256 0 -384 ) 
4 12 40 (384 0 -460 ) (512 0 -460 ) (512 0 -384 ) (384 0 -384 ) 
4 12 14 (384 128 -460 ) (512 128 -460 ) (512 0 -460 ) (384 0 -460 ) 
4 13 41 (0 0 -384 ) (0 0 -460 ) (256 0 -460 ) (256 0 -384 ) 
4 13 16 (0 128 -460 ) (8 128 -460 ) (8 36 -460 ) (0 36 -460 ) 
4 13 15 (8 128 -460 ) (256 128 -460 ) (256 0 -460 ) (8 0 -460 ) 
4 14 42 (1024 0 -464 ) (1024 0 -460 ) (384 0 -460 ) (384 0 -464 ) 
4 14 22 (1024 0 -464 ) (384 0 -464 ) (384 32 -464 ) (1024 32 -464 ) 
4 14 17 (384 32 -464 ) (384 128 -464 ) (1024 128 -464 ) (1024 32 -464 ) 
4 15 43 (256 0 -460 ) (8 0 -460 ) (8 0 -464 ) (256 0 -464 ) 
4 15 26 (74.666672 0 -464 ) (8 0 -464 ) (8 32 -464 ) (74.666679 32 -464 ) 
4 15 24 (256 0 -464 ) (74.666672 0 -464 ) (74.666679 32 -464 ) (256 32 -464 ) 
4 15 19 (8 32 -464 ) (8 36 -464 ) (256 36 -464 ) (256 32 -464 ) 
4 15 18 (8 36 -464 ) (8 128 -464 ) (256 128 -464 ) (256 36 -464 ) 
4 15 16 (8 128 -464 ) (8 36 -464 ) (8 36 -460 ) (8 128 -460 ) 
4 16 20 (0 36 -464 ) (0 128 -464 ) (4 128 -464 ) (4 36 -464 ) 
4 16 18 (4 128 -464 ) (8 128 -464 ) (8 36 -464 ) (4 36 -464 ) 
4 17 31 (384 128 -2048 ) (1024 128 -2048 ) (1024 32 -2048 ) (384 32 -2048 ) 
4 17 22 (384 32 -2048 ) (1024 32 -2048 ) (1024 32 -464 ) (384 32 -464 ) 
4 18 20 (4 128 -2048 ) (4 36 -2048 ) (4 36 -464 ) (4 128 -464 ) 
5 18 19 (4 36 -472 ) (4 36 -2048 ) (256 36 -2048 ) (256 36 -464 ) (8 36 -464 ) 
3 19 29 (46 32 -538 ) (44 32 -532 ) (38 32 -530 ) 
3 19 28 (48 32 -544 ) (51.200005 32 -534.399963 ) (44 32 -532 ) 
3 19 27 (4 32 -518.666626 ) (4 32 -528 ) (32 32 -528 ) 
5 19 26 (74.666687 32 -464 ) (8 32 -464 ) (4 32 -472 ) (4 32 -518.666626 ) (51.200005 32 -534.399963 ) 
3 19 25 (38 32 -558 ) (44 32 -556 ) (46 32 -550 ) 
4 19 24 (256 32 -485.333344 ) (256 32 -464 ) (74.666687 32 -464 ) (44 32 -556 ) 
3 19 23 (256 32 -560 ) (256 32 -485.333344 ) (32 32 -560 ) 
4 19 30 (4 32 -2048 ) (256 32 -2048 ) (256 32 -560 ) (4 32 -560 ) 
4 19 21 (4 36 -2048 ) (4 32 -2048 ) (4 32 -528 ) (4 36 -528 ) 
4 20 21 (0 36 -2048 ) (4 36 -2048 ) (4 36 -528 ) (0 36 -528 ) 
4 21 30 (0 32 -2048 ) (4 32 -2048 ) (4 32 -560 ) (0 32 -560 ) 
4 22 45 (1024 0 -2048 ) (1024 0 -464 ) (384 0 -464 ) (384 0 -2048 ) 
4 22 31 (1024 32 -2048 ) (1024 0 -2048 ) (384 0 -2048 ) (384 32 -2048 ) 
3 23 46 (32 0 -560 ) (256 0 -560 ) (256 0 -485.333344 ) 
4 23 25 (38 0 -558 ) (44 0 -556 ) (44 32 -556 ) (38 32 -558 ) 
4 23 24 (44 0 -556 ) (256 0 -485.332672 ) (256 32 -485.332672 ) (44 32 -556 ) 
4 23 30 (32 32 -560 ) (256 32 -560 ) (256 0 -560 ) (32 0 -560 ) 
4 24 47 (256 0 -464 ) (74.666672 0 -464 ) (44 0 -556 ) (256 0 -485.333344 ) 
4 24 28 (48 0 -544 ) (51.200012 0 -534.399963 ) (51.200012 32 -534.399963 ) (48 32 -544 ) 
4 24 26 (51.200012 0 -534.399963 ) (74.666672 0 -464 ) (74.666672 32 -464 ) (51.200012 32 -534.399963 ) 
4 24 25 (44 32 -556 ) (44 0 -556 ) (46 0 -550 ) (46 32 -550 ) 
3 25 48 (38 0 -558 ) (44 0 -556 ) (46 0 -550 ) 
4 26 80 (0 0 -517.333313 ) (0 0 -464 ) (0 32 -464 ) (0 32 -517.333313 ) 
4 26 49 (74.666672 0 -464 ) (0 0 -464 ) (0 0 -517.333313 ) (51.200012 0 -534.399963 ) 
4 26 29 (37.998127 32 -529.998047 ) (44 32 -531.998535 ) (44 0 -531.998535 ) (37.998127 0 -529.998047 ) 
4 26 28 (44 32 -531.998535 ) (51.199802 32 -534.398621 ) (51.199802 0 -534.398621 ) (44 0 -531.998535 ) 
4 26 27 (0 0 -517.332031 ) (0 32 -517.332031 ) (32.003929 32 -528 ) (32.003929 0 -528 ) 
4 27 80 (0 0 -528 ) (0 0 -517.333313 ) (0 32 -517.333313 ) (0 32 -528 ) 
3 27 50 (0 0 -517.333313 ) (0 0 -528 ) (32 0 -528 ) 
3 28 51 (48 0 -544 ) (51.200012 0 -534.399963 ) (44 0 -532 ) 
4 28 29 (46.001659 0 -538.001648 ) (44.001709 0 -532.002197 ) (44.001709 32 -532.002197 ) (46.001659 32 -538.001648 ) 
3 29 52 (46 0 -538 ) (44 0 -532 ) (38 0 -530 ) 
4 30 53 (0 0 -560 ) (0 0 -2048 ) (256 0 -2048 ) (256 0 -560 ) 
4 31 59 (1024 0 -3040 ) (1024 0 -2048 ) (256 0 -2048 ) (256 0 -3040 ) 
4 31 32 (256 128 -3040 ) (256 0 -3040 ) (256 0 -2176 ) (256 128 -2176 ) 
4 32 83 (0 0 -3040 ) (0 0 -2176 ) (0 128 -2176 ) (0 128 -3040 ) 
4 32 60 (0 0 -2176 ) (0 0 -3040 ) (256 0 -3040 ) (256 0 -2176 ) 
4 33 67 (1376 -1024 736 ) (1024 -1024 736 ) (1024 -1024 -3040 ) (1376 -1024 -3040 ) 
4 33 66 (1024 -128 -3040 ) (1024 -1024 -3040 ) (1024 -1024 -2048 ) (1024 -128 -2048 ) 
4 33 64 (1024 -1024 -2048 ) (1024 -1024 -384 ) (1024 -128 -384 ) (1024 -128 -2048 ) 
4 33 62 (1024 -1024 -384 ) (1024 -1024 256 ) (1024 -128 256 ) (1024 -128 -384 ) 
4 33 61 (1024 -1024 256 ) (1024 -1024 736 ) (1024 -128 736 ) (1024 -128 256 ) 
4 33 59 (1024 0 -2048 ) (1024 0 -3040 ) (1024 -128 -3040 ) (1024 -128 -2048 ) 
4 33 54 (1024 -32 -2048 ) (1024 -128 -2048 ) (1024 -128 -464 ) (1024 -32 -464 ) 
4 33 45 (1024 0 -464 ) (1024 0 -2048 ) (1024 -32 -2048 ) (1024 -32 -464 ) 
4 33 42 (1024 0 -460 ) (1024 0 -464 ) (1024 -128 -464 ) (1024 -128 -460 ) 
4 33 36 (1024 0 256 ) (1024 0 -460 ) (1024 -128 -460 ) (1024 -128 256 ) 
4 33 35 (1024 0 384 ) (1024 0 256 ) (1024 -128 256 ) (1024 -128 384 ) 
4 33 34 (1024 0 736 ) (1024 0 384 ) (1024 -128 384 ) (1024 -128 736 ) 
4 34 85 (0 -128 384 ) (0 -128 736 ) (0 0 736 ) (0 0 384 ) 
4 34 61 (1024 -128 384 ) (1024 -128 736 ) (0 -128 736 ) (0 -128 384 ) 
4 34 35 (1024 -128 384 ) (512 -128 384 ) (512 0 384 ) (1024 0 384 ) 
4 35 61 (1024 -128 256 ) (1024 -128 384 ) (512 -128 384 ) (512 -128 256 ) 
4 35 36 (1024 -128 256 ) (640 -128 256 ) (640 0 256 ) (1024 0 256 ) 
4 36 64 (1024 -128 -460 ) (1024 -128 -384 ) (640 -128 -384 ) (640 -128 -460 ) 
4 36 62 (1024 -128 -384 ) (1024 -128 256 ) (640 -128 256 ) (640 -128 -384 ) 
4 36 42 (1024 -128 -460 ) (640 -128 -460 ) (640 0 -460 ) (1024 0 -460 ) 
4 36 37 (640 0 -460 ) (640 -128 -460 ) (640 -128 -256 ) (640 0 -256 ) 
4 37 64 (512 -128 -384 ) (512 -128 -460 ) (640 -128 -460 ) (640 -128 -384 ) 
4 37 62 (512 -128 -256 ) (512 -128 -384 ) (640 -128 -384 ) (640 -128 -256 ) 
4 37 42 (640 -128 -460 ) (512 -128 -460 ) (512 0 -460 ) (640 0 -460 ) 
4 37 40 (512 0 -460 ) (512 -128 -460 ) (512 -128 -384 ) (512 0 -384 ) 
4 38 39 (256 -128 -256 ) (256 -128 256 ) (256 0 256 ) (256 0 -256 ) 
4 39 87 (0 -128 0 ) (0 -128 256 ) (0 0 256 ) (0 0 0 ) 
4 39 41 (0 0 -384 ) (256 0 -384 ) (256 -128 -384 ) (0 -128 -384 ) 
4 40 64 (384 -128 -460 ) (512 -128 -460 ) (512 -128 -384 ) (384 -128 -384 ) 
4 40 42 (512 -128 -460 ) (384 -128 -460 ) (384 0 -460 ) (512 0 -460 ) 
4 41 44 (8 -128 -460 ) (0 -128 -460 ) (0 -36 -460 ) (8 -36 -460 ) 
4 41 43 (256 -128 -460 ) (8 -128 -460 ) (8 0 -460 ) (256 0 -460 ) 
4 42 64 (1024 -128 -464 ) (1024 -128 -460 ) (384 -128 -460 ) (384 -128 -464 ) 
4 42 54 (1024 -128 -464 ) (384 -128 -464 ) (384 -32 -464 ) (1024 -32 -464 ) 
4 42 45 (384 -32 -464 ) (384 0 -464 ) (1024 0 -464 ) (1024 -32 -464 ) 
4 43 55 (8 -36 -464 ) (8 -32 -464 ) (256 -32 -464 ) (256 -36 -464 ) 
4 43 56 (256 -128 -464 ) (8 -128 -464 ) (8 -36 -464 ) (256 -36 -464 ) 
4 43 49 (8 -32 -464 ) (8 0 -464 ) (74.666679 0 -464 ) (74.666672 -32 -464 ) 
4 43 47 (74.666679 0 -464 ) (256 0 -464 ) (256 -32 -464 ) (74.666672 -32 -464 ) 
4 43 44 (8 -36 -464 ) (8 -128 -464 ) (8 -128 -460 ) (8 -36 -460 ) 
4 44 58 (4 -128 -464 ) (0 -128 -464 ) (0 -36 -464 ) (4 -36 -464 ) 
4 44 56 (8 -128 -464 ) (4 -128 -464 ) (4 -36 -464 ) (8 -36 -464 ) 
4 45 59 (384 0 -2048 ) (1024 0 -2048 ) (1024 -32 -2048 ) (384 -32 -2048 ) 
4 45 54 (384 -32 -2048 ) (1024 -32 -2048 ) (1024 -32 -464 ) (384 -32 -464 ) 
3 46 55 (256 -32 -560 ) (256 -32 -485.333344 ) (32 -32 -560 ) 
4 46 48 (38 -32 -558 ) (44 -32 -556 ) (44 0 -556 ) (38 0 -558 ) 
4 46 47 (44 -32 -556 ) (256 -32 -485.332703 ) (256 0 -485.332703 ) (44 0 -556 ) 
4 46 53 (32 0 -560 ) (256 0 -560 ) (256 -32 -560 ) (32 -32 -560 ) 
4 47 55 (256 -32 -485.333344 ) (256 -32 -464 ) (74.666672 -32 -464 ) (44 -32 -556 ) 
4 47 51 (48 -32 -544 ) (51.200012 -32 -534.399963 ) (51.200012 0 -534.399963 ) (48 0 -544 ) 
4 47 49 (51.200012 -32 -534.399963 ) (74.666672 -32 -464 ) (74.666672 0 -464 ) (51.200012 0 -534.399963 ) 
4 47 48 (44 0 -556 ) (44 -32 -556 ) (46 -32 -550 ) (46 0 -550 ) 
3 48 55 (38 -32 -558 ) (44 -32 -556 ) (46 -32 -550 ) 
4 49 91 (0 -32 -464 ) (0 0 -464 ) (0 0 -517.333313 ) (0 -32 -517.333313 ) 
5 49 55 (74.666672 -32 -464 ) (8 -32 -464 ) (4 -32 -472 ) (4 -32 -518.666626 ) (51.200012 -32 -534.399963 ) 
4 49 52 (44 -32 -531.998535 ) (37.998127 -32 -529.998047 ) (37.998127 0 -529.998047 ) (44 0 -531.998535 ) 
4 49 51 (51.199802 0 -534.398621 ) (51.199802 -32 -534.398621 ) (44 -32 -531.998535 ) (44 0 -531.998535 ) 
4 49 50 (32.003929 -32 -528 ) (0 -32 -517.332031 ) (0 0 -517.332031 ) (32.003929 0 -528 ) 
4 50 91 (0 0 -517.333313 ) (0 0 -528 ) (0 -32 -528 ) (0 -32 -517.333313 ) 
3 50 55 (4 -32 -528 ) (32 -32 -528 ) (4 -32 -518.666626 ) 
3 51 55 (48 -32 -544 ) (51.200012 -32 -534.399963 ) (44 -32 -532 ) 
4 51 52 (46.001637 -32 -538.001587 ) (44.001709 -32 -532.002197 ) (44.001709 0 -532.002197 ) (46.001637 0 -538.001587 ) 
3 52 55 (46 -32 -538 ) (44 -32 -532 ) (38 -32 -530 ) 
4 53 57 (0 -32 -2048 ) (4 -32 -2048 ) (4 -32 -560 ) (0 -32 -560 ) 
4 53 55 (4 -32 -2048 ) (256 -32 -2048 ) (256 -32 -560 ) (4 -32 -560 ) 
4 54 64 (1024 -128 -2048 ) (1024 -128 -464 ) (384 -128 -464 ) (384 -128 -2048 ) 
4 54 59 (1024 -128 -2048 ) (384 -128 -2048 ) (384 -32 -2048 ) (1024 -32 -2048 ) 
4 55 57 (4 -32 -528 ) (4 -32 -2048 ) (4 -36 -2048 ) (4 -36 -528 ) 
5 55 56 (4 -36 -472 ) (4 -36 -2048 ) (256 -36 -2048 ) (256 -36 -464 ) (8 -36 -464 ) 
4 56 58 (4 -36 -2048 ) (4 -128 -2048 ) (4 -128 -464 ) (4 -36 -464 ) 
4 57 58 (0 -36 -2048 ) (4 -36 -2048 ) (4 -36 -528 ) (0 -36 -528 ) 
4 59 66 (1024 -128 -3040 ) (1024 -128 -2048 ) (256 -128 -2048 ) (256 -128 -3040 ) 
4 59 60 (256 0 -3040 ) (256 -128 -3040 ) (256 -128 -2176 ) (256 0 -2176 ) 
4 60 95 (0 -128 -3040 ) (0 -128 -2176 ) (0 0 -2176 ) (0 0 -3040 ) 
4 60 66 (0 -128 -2176 ) (0 -128 -3040 ) (256 -128 -3040 ) (256 -128 -2176 ) 
4 61 96 (0 -1024 256 ) (0 -1024 736 ) (0 -128 736 ) (0 -128 256 ) 
4 61 68 (0 -1024 736 ) (0 -1024 256 ) (1024 -1024 256 ) (1024 -1024 736 ) 
4 61 63 (0 -1024 256 ) (0 -256 256 ) (512 -256 256 ) (512 -1024 256 ) 
4 61 62 (512 -128 256 ) (1024 -128 256 ) (1024 -1024 256 ) (512 -1024 256 ) 
4 62 68 (512 -1024 -384 ) (1024 -1024 -384 ) (1024 -1024 256 ) (512 -1024 256 ) 
4 62 64 (1024 -1024 -384 ) (512 -1024 -384 ) (512 -128 -384 ) (1024 -128 -384 ) 
4 62 63 (512 -256 -384 ) (512 -1024 -384 ) (512 -1024 256 ) (512 -256 256 ) 
4 63 98 (0 -1024 -384 ) (0 -1024 256 ) (0 -256 256 ) (0 -256 -384 ) 
4 63 68 (0 -1024 256 ) (0 -1024 -384 ) (512 -1024 -384 ) (512 -1024 256 ) 
4 63 65 (256 -1024 -384 ) (0 -1024 -384 ) (0 -256 -384 ) (256 -256 -384 ) 
4 63 64 (512 -1024 -384 ) (256 -1024 -384 ) (256 -256 -384 ) (512 -256 -384 ) 
4 64 68 (256 -1024 -2048 ) (1024 -1024 -2048 ) (1024 -1024 -384 ) (256 -1024 -384 ) 
4 64 66 (256 -128 -2048 ) (1024 -128 -2048 ) (1024 -1024 -2048 ) (256 -1024 -2048 ) 
4 64 65 (256 -256 -2048 ) (256 -1024 -2048 ) (256 -1024 -384 ) (256 -256 -384 ) 
4 65 98 (0 -1024 -2048 ) (0 -1024 -384 ) (0 -256 -384 ) (0 -256 -2048 ) 
4 65 68 (0 -1024 -384 ) (0 -1024 -2048 ) (256 -1024 -2048 ) (256 -1024 -384 ) 
4 65 66 (0 -1024 -2048 ) (0 -256 -2048 ) (256 -256 -2048 ) (256 -1024 -2048 ) 
4 66 97 (0 -256 -2048 ) (0 -128 -2048 ) (0 -128 -3040 ) (0 -256 -3040 ) 
4 66 98 (0 -1024 -3040 ) (0 -1024 -2048 ) (0 -256 -2048 ) (0 -256 -3040 ) 
4 66 68 (0 -1024 -2048 ) (0 -1024 -3040 ) (1024 -1024 -3040 ) (1024 -1024 -2048 ) 
4 67 68 (1024 -1024 736 ) (1024 -1024 -3040 ) (1024 -1120 -3040 ) (1024 -1120 736 ) 
4 68 101 (0 -1120 736 ) (0 -1024 736 ) (0 -1024 -3040 ) (0 -1120 -3040 ) 
4 69 70 (-512 256 736 ) (-512 256 256 ) (0 256 256 ) (0 256 736 ) 
4 69 71 (-512 256 -384 ) (-512 256 -3040 ) (0 256 -3040 ) (0 256 -384 ) 
4 69 72 (-512 928 736 ) (-512 928 -3040 ) (-512 256 -3040 ) (-512 256 736 ) 
4 70 73 (0 128 384 ) (0 128 736 ) (-512 128 736 ) (-512 128 384 ) 
4 70 72 (-512 128 256 ) (-512 128 736 ) (-512 256 736 ) (-512 256 256 ) 
4 71 83 (-512 128 -3040 ) (0 128 -3040 ) (0 128 -2048 ) (-512 128 -2048 ) 
4 71 82 (-128 128 -560 ) (-512 128 -560 ) (-512 128 -2048 ) (-128 128 -2048 ) 
4 71 79 (-128 128 -464 ) (-512 128 -464 ) (-512 128 -560 ) (-128 128 -560 ) 
4 71 78 (-128 128 -384 ) (-512 128 -384 ) (-512 128 -464 ) (-128 128 -464 ) 
4 71 72 (-512 256 -3040 ) (-512 128 -3040 ) (-512 128 -384 ) (-512 256 -384 ) 
4 72 84 (-1024 128 -3040 ) (-1024 128 736 ) (-1024 928 736 ) (-1024 928 -3040 ) 
4 72 83 (-1024 128 -2048 ) (-1024 128 -3040 ) (-512 128 -3040 ) (-512 128 -2048 ) 
4 72 82 (-1024 128 -560 ) (-1024 128 -2048 ) (-512 128 -2048 ) (-512 128 -560 ) 
4 72 79 (-1024 128 -464 ) (-1024 128 -560 ) (-512 128 -560 ) (-512 128 -464 ) 
4 72 78 (-1024 128 -384 ) (-1024 128 -464 ) (-512 128 -464 ) (-512 128 -384 ) 
4 72 76 (-640 128 -384 ) (-512 128 -384 ) (-512 128 0 ) (-640 128 0 ) 
4 72 77 (-1024 128 256 ) (-1024 128 -384 ) (-640 128 -384 ) (-640 128 256 ) 
4 72 74 (-1024 128 384 ) (-1024 128 256 ) (-512 128 256 ) (-512 128 384 ) 
4 72 73 (-1024 128 736 ) (-1024 128 384 ) (-512 128 384 ) (-512 128 736 ) 
4 73 85 (0 0 384 ) (0 0 736 ) (-1024 0 736 ) (-1024 0 384 ) 
4 73 84 (-1024 0 384 ) (-1024 0 736 ) (-1024 128 736 ) (-1024 128 384 ) 
4 73 74 (-1024 0 384 ) (-1024 128 384 ) (-512 128 384 ) (-512 0 384 ) 
4 74 86 (-512 0 384 ) (-1024 0 384 ) (-1024 0 256 ) (-512 0 256 ) 
4 74 84 (-1024 0 256 ) (-1024 0 384 ) (-1024 128 384 ) (-1024 128 256 ) 
4 74 77 (-640 0 256 ) (-1024 0 256 ) (-1024 128 256 ) (-640 128 256 ) 
4 75 87 (0 0 0 ) (0 0 256 ) (-512 0 256 ) (-512 0 0 ) 
4 76 88 (-640 0 0 ) (-640 0 -384 ) (-512 0 -384 ) (-512 0 0 ) 
4 76 78 (-640 128 -384 ) (-512 128 -384 ) (-512 0 -384 ) (-640 0 -384 ) 
4 76 77 (-640 128 -384 ) (-640 0 -384 ) (-640 0 0 ) (-640 128 0 ) 
4 77 89 (-640 0 256 ) (-1024 0 256 ) (-1024 0 -384 ) (-640 0 -384 ) 
4 77 84 (-1024 0 -384 ) (-1024 0 256 ) (-1024 128 256 ) (-1024 128 -384 ) 
4 77 78 (-1024 0 -384 ) (-1024 128 -384 ) (-640 128 -384 ) (-640 0 -384 ) 
4 78 90 (-128 0 -384 ) (-1024 0 -384 ) (-1024 0 -464 ) (-128 0 -464 ) 
4 78 84 (-1024 0 -464 ) (-1024 0 -384 ) (-1024 128 -384 ) (-1024 128 -464 ) 
4 78 80 (-128 0 -464 ) (-512 0 -464 ) (-512 32 -464 ) (-128 32 -464 ) 
4 78 81 (-512 0 -464 ) (-1024 0 -464 ) (-1024 32 -464 ) (-512 32 -464 ) 
4 78 79 (-1024 32 -464 ) (-1024 128 -464 ) (-128 128 -464 ) (-128 32 -464 ) 
4 79 84 (-1024 32 -464 ) (-1024 128 -464 ) (-1024 128 -560 ) (-1024 32 -560 ) 
4 79 82 (-1024 32 -560 ) (-1024 128 -560 ) (-128 128 -560 ) (-128 32 -560 ) 
4 79 80 (-128 32 -528 ) (-128 32 -464 ) (-512 32 -464 ) (-512 32 -528 ) 
4 79 81 (-1024 32 -560 ) (-512 32 -560 ) (-512 32 -464 ) (-1024 32 -464 ) 
4 80 91 (0 0 -528 ) (0 0 -464 ) (-512 0 -464 ) (-512 0 -528 ) 
4 80 81 (-512 32 -464 ) (-512 32 -528 ) (-512 0 -528 ) (-512 0 -464 ) 
4 81 92 (-512 0 -464 ) (-1024 0 -464 ) (-1024 0 -560 ) (-512 0 -560 ) 
4 81 84 (-1024 0 -560 ) (-1024 0 -464 ) (-1024 32 -464 ) (-1024 32 -560 ) 
4 81 82 (-1024 0 -560 ) (-1024 32 -560 ) (-512 32 -560 ) (-512 0 -560 ) 
4 82 94 (-128 0 -560 ) (-1024 0 -560 ) (-1024 0 -2048 ) (-128 0 -2048 ) 
4 82 84 (-1024 0 -2048 ) (-1024 0 -560 ) (-1024 128 -560 ) (-1024 128 -2048 ) 
4 82 83 (-128 0 -2048 ) (-1024 0 -2048 ) (-1024 128 -2048 ) (-128 128 -2048 ) 
4 83 95 (0 0 -3040 ) (0 0 -2048 ) (-1024 0 -2048 ) (-1024 0 -3040 ) 
4 83 84 (-1024 0 -3040 ) (-1024 0 -2048 ) (-1024 128 -2048 ) (-1024 128 -3040 ) 
4 84 100 (-1024 0 -3040 ) (-1024 0 736 ) (-1248 0 736 ) (-1248 0 -3040 ) 
4 85 100 (-1024 -128 384 ) (-1024 -128 736 ) (-1024 0 736 ) (-1024 0 384 ) 
4 85 96 (0 -128 384 ) (0 -128 736 ) (-1024 -128 736 ) (-1024 -128 384 ) 
4 85 86 (-512 -128 384 ) (-1024 -128 384 ) (-1024 0 384 ) (-512 0 384 ) 
4 86 100 (-1024 -128 256 ) (-1024 -128 384 ) (-1024 0 384 ) (-1024 0 256 ) 
4 86 96 (-512 -128 384 ) (-1024 -128 384 ) (-1024 -128 256 ) (-512 -128 256 ) 
4 86 89 (-640 -128 256 ) (-1024 -128 256 ) (-1024 0 256 ) (-640 0 256 ) 
4 88 99 (-640 -128 0 ) (-640 -128 -384 ) (-512 -128 -384 ) (-512 -128 0 ) 
4 88 90 (-512 -128 -384 ) (-640 -128 -384 ) (-640 0 -384 ) (-512 0 -384 ) 
4 88 89 (-640 0 -384 ) (-640 -128 -384 ) (-640 -128 0 ) (-640 0 0 ) 
4 89 100 (-1024 -128 -384 ) (-1024 -128 256 ) (-1024 0 256 ) (-1024 0 -384 ) 
4 89 99 (-640 -128 256 ) (-1024 -128 256 ) (-1024 -128 -384 ) (-640 -128 -384 ) 
4 89 90 (-640 -128 -384 ) (-1024 -128 -384 ) (-1024 0 -384 ) (-640 0 -384 ) 
4 90 100 (-1024 -128 -464 ) (-1024 -128 -384 ) (-1024 0 -384 ) (-1024 0 -464 ) 
4 90 97 (-128 -128 -384 ) (-512 -128 -384 ) (-512 -128 -464 ) (-128 -128 -464 ) 
4 90 99 (-512 -128 -384 ) (-1024 -128 -384 ) (-1024 -128 -464 ) (-512 -128 -464 ) 
4 90 93 (-128 -128 -464 ) (-1024 -128 -464 ) (-1024 -32 -464 ) (-128 -32 -464 ) 
4 90 91 (-512 0 -464 ) (-128 0 -464 ) (-128 -32 -464 ) (-512 -32 -464 ) 
4 90 92 (-1024 -32 -464 ) (-1024 0 -464 ) (-512 0 -464 ) (-512 -32 -464 ) 
4 91 93 (-128 -32 -464 ) (-512 -32 -464 ) (-512 -32 -528 ) (-128 -32 -528 ) 
4 91 92 (-512 -32 -528 ) (-512 -32 -464 ) (-512 0 -464 ) (-512 0 -528 ) 
4 92 100 (-1024 -32 -464 ) (-1024 0 -464 ) (-1024 0 -560 ) (-1024 -32 -560 ) 
4 92 94 (-1024 -32 -560 ) (-1024 0 -560 ) (-512 0 -560 ) (-512 -32 -560 ) 
4 92 93 (-1024 -32 -560 ) (-512 -32 -560 ) (-512 -32 -464 ) (-1024 -32 -464 ) 
4 93 100 (-1024 -128 -560 ) (-1024 -128 -464 ) (-1024 -32 -464 ) (-1024 -32 -560 ) 
4 93 97 (-128 -128 -464 ) (-512 -128 -464 ) (-512 -128 -560 ) (-128 -128 -560 ) 
4 93 99 (-512 -128 -464 ) (-1024 -128 -464 ) (-1024 -128 -560 ) (-512 -128 -560 ) 
4 93 94 (-128 -128 -560 ) (-1024 -128 -560 ) (-1024 -32 -560 ) (-128 -32 -560 ) 
4 94 100 (-1024 -128 -2048 ) (-1024 -128 -560 ) (-1024 0 -560 ) (-1024 0 -2048 ) 
4 94 97 (-128 -128 -560 ) (-512 -128 -560 ) (-512 -128 -2048 ) (-128 -128 -2048 ) 
4 94 99 (-512 -128 -560 ) (-1024 -128 -560 ) (-1024 -128 -2048 ) (-512 -128 -2048 ) 
4 94 95 (-128 -128 -2048 ) (-1024 -128 -2048 ) (-1024 0 -2048 ) (-128 0 -2048 ) 
4 95 100 (-1024 -128 -3040 ) (-1024 -128 -2048 ) (-1024 0 -2048 ) (-1024 0 -3040 ) 
4 95 97 (0 -128 -3040 ) (0 -128 -2048 ) (-512 -128 -2048 ) (-512 -128 -3040 ) 
4 95 99 (-512 -128 -2048 ) (-1024 -128 -2048 ) (-1024 -128 -3040 ) (-512 -128 -3040 ) 
4 96 101 (0 -1024 256 ) (0 -1024 736 ) (-1024 -1024 736 ) (-1024 -1024 256 ) 
4 96 100 (-1024 -1024 256 ) (-1024 -1024 736 ) (-1024 -128 736 ) (-1024 -128 256 ) 
4 96 98 (0 -1024 256 ) (-512 -1024 256 ) (-512 -256 256 ) (0 -256 256 ) 
4 96 99 (-512 -1024 256 ) (-1024 -1024 256 ) (-1024 -128 256 ) (-512 -128 256 ) 
4 97 98 (-512 -256 -384 ) (-512 -256 -3040 ) (0 -256 -3040 ) (0 -256 -384 ) 
4 97 99 (-512 -128 -3040 ) (-512 -256 -3040 ) (-512 -256 -384 ) (-512 -128 -384 ) 
4 98 101 (0 -1024 -3040 ) (0 -1024 256 ) (-512 -1024 256 ) (-512 -1024 -3040 ) 
4 98 99 (-512 -256 -3040 ) (-512 -1024 -3040 ) (-512 -1024 256 ) (-512 -256 256 ) 
4 99 101 (-512 -1024 256 ) (-1024 -1024 256 ) (-1024 -1024 -3040 ) (-512 -1024 -3040 ) 
4 99 100 (-1024 -1024 -3040 ) (-1024 -1024 256 ) (-1024 -128 256 ) (-1024 -128 -3040 ) 
4 100 102 (-1024 -1024 -3040 ) (-1024 -1024 736 ) (-1248 -1024 736 ) (-1248 -1024 -3040 ) 
4 101 102 (-1024 -1024 736 ) (-1024 -1024 -3040 ) (-1024 -1120 -3040 ) (-1024 -1120 736 ) 
