PRT1
14
32
4 0 9 (1024 0 128 ) (1024 0 768 ) (888 0 768 ) (888 0 128 ) 
4 0 6 (1024 624 128 ) (1024 0 128 ) (896 0 128 ) (896 624 128 ) 
4 0 5 (888 1024 128 ) (1024 1024 128 ) (1024 624 128 ) (888 624 128 ) 
4 0 2 (888 224 232 ) (888 224 768 ) (888 544 768 ) (888 544 232 ) 
4 0 1 (888 1024 128 ) (888 544 128 ) (888 544 768 ) (888 1024 768 ) 
4 0 3 (888 224 128 ) (888 0 128 ) (888 0 768 ) (888 224 768 ) 
4 1 5 (832 1024 128 ) (888 1024 128 ) (888 624 128 ) (832 624 128 ) 
4 1 2 (832 544 768 ) (832 544 232 ) (888 544 232 ) (888 544 768 ) 
4 1 4 (832 1024 128 ) (832 544 128 ) (832 544 768 ) (832 1024 768 ) 
4 2 4 (832 224 232 ) (832 224 768 ) (832 544 768 ) (832 544 232 ) 
4 2 3 (832 224 768 ) (832 224 232 ) (888 224 232 ) (888 224 768 ) 
4 3 9 (888 0 768 ) (832 0 768 ) (832 0 128 ) (888 0 128 ) 
4 3 4 (832 224 128 ) (832 0 128 ) (832 0 768 ) (832 224 768 ) 
4 4 9 (832 0 768 ) (0 0 768 ) (0 0 128 ) (832 0 128 ) 
4 4 8 (0 0 128 ) (0 0 768 ) (0 1024 768 ) (0 1024 128 ) 
4 4 7 (0 0 128 ) (0 624 128 ) (640 624 128 ) (640 0 128 ) 
4 4 5 (0 624 128 ) (0 1024 128 ) (832 1024 128 ) (832 624 128 ) 
4 5 8 (0 624 128 ) (0 1024 128 ) (0 1024 64 ) (0 624 64 ) 
4 5 7 (0 624 64 ) (384 624 64 ) (640 624 128 ) (0 624 128 ) 
4 5 6 (896 624 64 ) (1024 624 64 ) (1024 624 128 ) (896 624 128 ) 
4 6 10 (1024 0 64 ) (1024 0 128 ) (896 0 128 ) (896 0 64 ) 
4 7 11 (640 0 128 ) (0 0 128 ) (0 0 64 ) (384 0 64 ) 
4 7 8 (0 0 64 ) (0 0 128 ) (0 624 128 ) (0 624 64 ) 
4 8 13 (0 0 64 ) (0 0 768 ) (-1024 0 768 ) (-1024 0 64 ) 
4 9 13 (0 0 768 ) (0 0 128 ) (0 -1024 128 ) (0 -1024 768 ) 
4 9 11 (0 0 128 ) (640 0 128 ) (640 -256 128 ) (0 -256 128 ) 
4 9 10 (896 0 128 ) (1024 0 128 ) (1024 -256 128 ) (896 -256 128 ) 
4 9 12 (1024 -256 128 ) (1024 -1024 128 ) (0 -1024 128 ) (0 -256 128 ) 
4 10 12 (896 -256 64 ) (1024 -256 64 ) (1024 -256 128 ) (896 -256 128 ) 
4 11 13 (0 0 128 ) (0 0 64 ) (0 -256 64 ) (0 -256 128 ) 
4 11 12 (0 -256 64 ) (384 -256 64 ) (640 -256 128 ) (0 -256 128 ) 
4 12 13 (0 -256 64 ) (0 -1024 64 ) (0 -1024 128 ) (0 -256 128 ) 
