


materialPath: C:\Program Files (x86)\Steam\steamapps\sourcemods\GigaBuilder\materials
Loading C:\Program Files (x86)\Steam\steamapps\sourcemods\GigaBuilder\mapsrc\personal\ian\gb_sandbox.vmf
Map revision 3
Could not locate GameData file 
Patching WVT material: maps/gb_sandbox/nature/blendgrassdirt01_wvt_patch
fixing up env_cubemap materials on brush sides...
0...1...2...3...4...5...6...7...8...9...100...1...2...3...4...5...6...7...8...9...10Processing areas...done (0)
Building Faces...done (0)
FixTjuncs...
PruneNodes...
WriteBSP...
done (0)
writing C:\Program Files (x86)\Steam\steamapps\sourcemods\GigaBuilder\mapsrc\personal\ian\gb_sandbox.prt...Building visibility clusters...
done (0)
Finding displacement neighbors...
Finding lightmap sample positions...
Displacement Alpha : 0...1...2...3...4...5...6...7...8...9...10
Building Physics collision data...
done (0) (2691 bytes)
Placing detail props : 0...1...2...3...4...5...6...7...8...9...10
Compacting texture/material tables...
Reduced 15 texinfos to 5
Reduced 3 texdatas to 2 (92 bytes to 68)
Writing C:\Program Files (x86)\Steam\steamapps\sourcemods\GigaBuilder\mapsrc\personal\ian\gb_sandbox.bsp
0 seconds elapsed



16 threads
reading c:\program files (x86)\steam\steamapps\sourcemods\gigabuilder\mapsrc\personal\ian\gb_sandbox.bsp
reading c:\program files (x86)\steam\steamapps\sourcemods\gigabuilder\mapsrc\personal\ian\gb_sandbox.prt
  10 portalclusters
  16 numportals
0...1...2...3...4...5...6...7...8...9...100...1...2...3...4...5...6...7...8...9...10Optimized: 0 visible clusters (0.00%)
Total clusters visible: 100
Average clusters visible: 10
Building PAS...
Average clusters audible: 10
visdatasize:124  compressed from 160
writing c:\program files (x86)\steam\steamapps\sourcemods\gigabuilder\mapsrc\personal\ian\gb_sandbox.bsp
0 seconds elapsed



[Reading texlights from 'lights.rad']
[48 texlights parsed from 'lights.rad']

Loading c:\program files (x86)\steam\steamapps\sourcemods\gigabuilder\mapsrc\personal\ian\gb_sandbox.bsp
54 faces
99533 square feet [14332851.00 square inches]
0 Displacements
0 Square Feet [0.00 Square Inches]
54 patches before subdivision
3186 patches after subdivision
2 direct lights
0...1...2...3...4...5...6...7...8...9...100...1...2...3...4...5...6...7...8...9...10transfers 39144, max 164
transfer lists:   0.3 megs
0...1...2...3...4...5...6...7...8...9...10	Bounce #1 added RGB(474, 473, 179)
0...1...2...3...4...5...6...7...8...9...10	Bounce #2 added RGB(8, 8, 1)
0...1...2...3...4...5...6...7...8...9...10	Bounce #3 added RGB(0, 0, 0)
Build Patch/Sample Hash Table(s).....Done<0.0006 sec>
0...1...2...3...4...5...6...7...8...9...10FinalLightFace Done
0 of 0 (0% of) surface lights went in leaf ambient cubes.
0...1...2...3...4...5...6...7...8...9...10Writing leaf ambient...done
Ready to Finish

Object names       Objects/Maxobjs  Memory / Maxmem  Fullness 
------------       ---------------  ---------------  -------- 
models                   1/4096           48/196608   ( 0.0%) 
brushes                  7/32768          84/393216   ( 0.0%) 
brushsides              43/65536         344/524288   ( 0.1%) 
planes                  52/65536        1040/1310720  ( 0.1%) 
vertexes                71/65536         852/786432   ( 0.1%) 
nodes                   31/65536         992/2097152  ( 0.0%) 
texinfos                 5/12288         360/884736   ( 0.0%) 
texdata                  2/2048           64/65536    ( 0.1%) 
dispinfos                0/0               0/0        ( 0.0%) 
disp_verts               0/0               0/0        ( 0.0%) 
disp_tris                0/0               0/0        ( 0.0%) 
disp_lmsamples           0/0               0/0        ( 0.0%) 
faces                   54/65536        3024/3670016  ( 0.1%) 
hdr faces               54/65536        3024/3670016  ( 0.1%) 
origfaces               11/65536         616/3670016  ( 0.0%) 
leaves                  33/65536        1056/2097152  ( 0.1%) 
leaffaces               64/65536         128/131072   ( 0.1%) 
leafbrushes             18/65536          36/131072   ( 0.0%) 
areas                    2/1024           16/8192     ( 0.2%) 
surfedges              288/512000       1152/2048000  ( 0.1%) 
edges                  147/256000        588/1024000  ( 0.1%) 
LDR worldlights          0/16384           0/1441792  ( 0.0%) 
HDR worldlights          2/16384         176/1441792  ( 0.0%) 
leafwaterdata            0/32768           0/393216   ( 0.0%) 
waterstrips              2/131072         20/1310720  ( 0.0%) 
waterverts               0/131072          0/1572864  ( 0.0%) 
waterindices            24/131072         48/262144   ( 0.0%) 
cubemapsamples           0/1024            0/16384    ( 0.0%) 
overlays                 0/1024            0/360448   ( 0.0%) 
LDR lightdata         [variable]           0/0        ( 0.0%) 
HDR lightdata         [variable]       75568/0        ( 0.0%) 
visdata               [variable]         124/16777216 ( 0.0%) 
entdata               [variable]         895/393216   ( 0.2%) 
LDR ambient table       33/65536         132/262144   ( 0.1%) 
HDR ambient table       33/65536         132/262144   ( 0.1%) 
LDR leaf ambient        33/65536         924/1835008  ( 0.1%) 
HDR leaf ambient       136/65536        3808/1835008  ( 0.2%) 
occluders                0/0               0/0        ( 0.0%) 
occluder polygons        0/0               0/0        ( 0.0%) 
occluder vert ind        0/0               0/0        ( 0.0%) 
detail props          [variable]           1/12       ( 8.3%) 
static props          [variable]           1/12       ( 8.3%) 
pakfile               [variable]       87083/0        ( 0.0%) 
physics               [variable]        2691/4194304  ( 0.1%) 
physics terrain       [variable]           2/1048576  ( 0.0%) 

Level flags = 2

Total triangle count: 136
Writing c:\program files (x86)\steam\steamapps\sourcemods\gigabuilder\mapsrc\personal\ian\gb_sandbox.bsp
0 seconds elapsed



materialPath: C:\Program Files (x86)\Steam\steamapps\sourcemods\GigaBuilder\materials
Loading C:\Program Files (x86)\Steam\steamapps\sourcemods\GigaBuilder\mapsrc\personal\ian\gb_sandbox.vmf
Map revision 3
Could not locate GameData file 
Patching WVT material: maps/gb_sandbox/nature/blendgrassdirt01_wvt_patch
fixing up env_cubemap materials on brush sides...
0...1...2...3...4...5...6...7...8...9...100...1...2...3...4...5...6...7...8...9...10Processing areas...done (0)
Building Faces...done (0)
FixTjuncs...
PruneNodes...
WriteBSP...
done (0)
writing C:\Program Files (x86)\Steam\steamapps\sourcemods\GigaBuilder\mapsrc\personal\ian\gb_sandbox.prt...Building visibility clusters...
done (0)
Finding displacement neighbors...
Finding lightmap sample positions...
Displacement Alpha : 0...1...2...3...4...5...6...7...8...9...10
Building Physics collision data...
done (0) (2691 bytes)
Placing detail props : 0...1...2...3...4...5...6...7...8...9...10
Compacting texture/material tables...
Reduced 15 texinfos to 5
Reduced 3 texdatas to 2 (92 bytes to 68)
Writing C:\Program Files (x86)\Steam\steamapps\sourcemods\GigaBuilder\mapsrc\personal\ian\gb_sandbox.bsp
0 seconds elapsed



16 threads
reading c:\program files (x86)\steam\steamapps\sourcemods\gigabuilder\mapsrc\personal\ian\gb_sandbox.bsp
reading c:\program files (x86)\steam\steamapps\sourcemods\gigabuilder\mapsrc\personal\ian\gb_sandbox.prt
  10 portalclusters
  16 numportals
0...1...2...3...4...5...6...7...8...9...100...1...2...3...4...5...6...7...8...9...10Optimized: 0 visible clusters (0.00%)
Total clusters visible: 100
Average clusters visible: 10
Building PAS...
Average clusters audible: 10
visdatasize:124  compressed from 160
writing c:\program files (x86)\steam\steamapps\sourcemods\gigabuilder\mapsrc\personal\ian\gb_sandbox.bsp
0 seconds elapsed



[Reading texlights from 'lights.rad']
[48 texlights parsed from 'lights.rad']

Loading c:\program files (x86)\steam\steamapps\sourcemods\gigabuilder\mapsrc\personal\ian\gb_sandbox.bsp
54 faces
99533 square feet [14332851.00 square inches]
0 Displacements
0 Square Feet [0.00 Square Inches]
54 patches before subdivision
3186 patches after subdivision
2 direct lights
0...1...2...3...4...5...6...7...8...9...100...1...2...3...4...5...6...7...8...9...10transfers 39144, max 164
transfer lists:   0.3 megs
0...1...2...3...4...5...6...7...8...9...10	Bounce #1 added RGB(474, 473, 179)
0...1...2...3...4...5...6...7...8...9...10	Bounce #2 added RGB(8, 8, 1)
0...1...2...3...4...5...6...7...8...9...10	Bounce #3 added RGB(0, 0, 0)
Build Patch/Sample Hash Table(s).....Done<0.0006 sec>
0...1...2...3...4...5...6...7...8...9...10FinalLightFace Done
0 of 0 (0% of) surface lights went in leaf ambient cubes.
0...1...2...3...4...5...6...7...8...9...10Writing leaf ambient...done
Ready to Finish

Object names       Objects/Maxobjs  Memory / Maxmem  Fullness 
------------       ---------------  ---------------  -------- 
models                   1/4096           48/196608   ( 0.0%) 
brushes                  7/32768          84/393216   ( 0.0%) 
brushsides              43/65536         344/524288   ( 0.1%) 
planes                  52/65536        1040/1310720  ( 0.1%) 
vertexes                71/65536         852/786432   ( 0.1%) 
nodes                   31/65536         992/2097152  ( 0.0%) 
texinfos                 5/12288         360/884736   ( 0.0%) 
texdata                  2/2048           64/65536    ( 0.1%) 
dispinfos                0/0               0/0        ( 0.0%) 
disp_verts               0/0               0/0        ( 0.0%) 
disp_tris                0/0               0/0        ( 0.0%) 
disp_lmsamples           0/0               0/0        ( 0.0%) 
faces                   54/65536        3024/3670016  ( 0.1%) 
hdr faces               54/65536        3024/3670016  ( 0.1%) 
origfaces               11/65536         616/3670016  ( 0.0%) 
leaves                  33/65536        1056/2097152  ( 0.1%) 
leaffaces               64/65536         128/131072   ( 0.1%) 
leafbrushes             18/65536          36/131072   ( 0.0%) 
areas                    2/1024           16/8192     ( 0.2%) 
surfedges              288/512000       1152/2048000  ( 0.1%) 
edges                  147/256000        588/1024000  ( 0.1%) 
LDR worldlights          0/16384           0/1441792  ( 0.0%) 
HDR worldlights          2/16384         176/1441792  ( 0.0%) 
leafwaterdata            0/32768           0/393216   ( 0.0%) 
waterstrips              2/131072         20/1310720  ( 0.0%) 
waterverts               0/131072          0/1572864  ( 0.0%) 
waterindices            24/131072         48/262144   ( 0.0%) 
cubemapsamples           0/1024            0/16384    ( 0.0%) 
overlays                 0/1024            0/360448   ( 0.0%) 
LDR lightdata         [variable]           0/0        ( 0.0%) 
HDR lightdata         [variable]       75568/0        ( 0.0%) 
visdata               [variable]         124/16777216 ( 0.0%) 
entdata               [variable]         895/393216   ( 0.2%) 
LDR ambient table       33/65536         132/262144   ( 0.1%) 
HDR ambient table       33/65536         132/262144   ( 0.1%) 
LDR leaf ambient        33/65536         924/1835008  ( 0.1%) 
HDR leaf ambient       136/65536        3808/1835008  ( 0.2%) 
occluders                0/0               0/0        ( 0.0%) 
occluder polygons        0/0               0/0        ( 0.0%) 
occluder vert ind        0/0               0/0        ( 0.0%) 
detail props          [variable]           1/12       ( 8.3%) 
static props          [variable]           1/12       ( 8.3%) 
pakfile               [variable]       87083/0        ( 0.0%) 
physics               [variable]        2691/4194304  ( 0.1%) 
physics terrain       [variable]           2/1048576  ( 0.0%) 

Level flags = 2

Total triangle count: 136
Writing c:\program files (x86)\steam\steamapps\sourcemods\gigabuilder\mapsrc\personal\ian\gb_sandbox.bsp
0 seconds elapsed



materialPath: C:\Program Files (x86)\Steam\steamapps\sourcemods\GigaBuilder\materials
Loading C:\Program Files (x86)\Steam\steamapps\sourcemods\GigaBuilder\mapsrc\personal\ian\gb_sandbox.vmf
Map revision 4
Could not locate GameData file 
Patching WVT material: maps/gb_sandbox/nature/blendgrassdirt01_wvt_patch
fixing up env_cubemap materials on brush sides...
0...1...2...3...4...5...6...7...8...9...100...1...2...3...4...5...6...7...8...9...10Processing areas...done (0)
Building Faces...done (0)
FixTjuncs...
PruneNodes...
WriteBSP...
done (0)
writing C:\Program Files (x86)\Steam\steamapps\sourcemods\GigaBuilder\mapsrc\personal\ian\gb_sandbox.prt...Building visibility clusters...
done (0)
Finding displacement neighbors...
Finding lightmap sample positions...
Displacement Alpha : 0...1...2...3...4...5...6...7...8...9...10
Building Physics collision data...
done (0) (2691 bytes)
Placing detail props : 0...1...2...3...4...5...6...7...8...9...10
Compacting texture/material tables...
Reduced 15 texinfos to 5
Reduced 3 texdatas to 2 (92 bytes to 68)
Writing C:\Program Files (x86)\Steam\steamapps\sourcemods\GigaBuilder\mapsrc\personal\ian\gb_sandbox.bsp
0 seconds elapsed



16 threads
reading c:\program files (x86)\steam\steamapps\sourcemods\gigabuilder\mapsrc\personal\ian\gb_sandbox.bsp
reading c:\program files (x86)\steam\steamapps\sourcemods\gigabuilder\mapsrc\personal\ian\gb_sandbox.prt
  10 portalclusters
  16 numportals
0...1...2...3...4...5...6...7...8...9...100...1...2...3...4...5...6...7...8...9...10Optimized: 0 visible clusters (0.00%)
Total clusters visible: 100
Average clusters visible: 10
Building PAS...
Average clusters audible: 10
visdatasize:124  compressed from 160
writing c:\program files (x86)\steam\steamapps\sourcemods\gigabuilder\mapsrc\personal\ian\gb_sandbox.bsp
0 seconds elapsed



[Reading texlights from 'lights.rad']
[48 texlights parsed from 'lights.rad']

Loading c:\program files (x86)\steam\steamapps\sourcemods\gigabuilder\mapsrc\personal\ian\gb_sandbox.bsp
54 faces
99533 square feet [14332851.00 square inches]
0 Displacements
0 Square Feet [0.00 Square Inches]
54 patches before subdivision
3186 patches after subdivision
2 direct lights
0...1...2...3...4...5...6...7...8...9...100...1...2...3...4...5...6...7...8...9...10transfers 39144, max 164
transfer lists:   0.3 megs
0...1...2...3...4...5...6...7...8...9...10	Bounce #1 added RGB(474, 473, 179)
0...1...2...3...4...5...6...7...8...9...10	Bounce #2 added RGB(8, 8, 1)
0...1...2...3...4...5...6...7...8...9...10	Bounce #3 added RGB(0, 0, 0)
Build Patch/Sample Hash Table(s).....Done<0.0006 sec>
0...1...2...3...4...5...6...7...8...9...10FinalLightFace Done
0 of 0 (0% of) surface lights went in leaf ambient cubes.
0...1...2...3...4...5...6...7...8...9...10Writing leaf ambient...done
Ready to Finish

Object names       Objects/Maxobjs  Memory / Maxmem  Fullness 
------------       ---------------  ---------------  -------- 
models                   1/4096           48/196608   ( 0.0%) 
brushes                  7/32768          84/393216   ( 0.0%) 
brushsides              43/65536         344/524288   ( 0.1%) 
planes                  52/65536        1040/1310720  ( 0.1%) 
vertexes                71/65536         852/786432   ( 0.1%) 
nodes                   31/65536         992/2097152  ( 0.0%) 
texinfos                 5/12288         360/884736   ( 0.0%) 
texdata                  2/2048           64/65536    ( 0.1%) 
dispinfos                0/0               0/0        ( 0.0%) 
disp_verts               0/0               0/0        ( 0.0%) 
disp_tris                0/0               0/0        ( 0.0%) 
disp_lmsamples           0/0               0/0        ( 0.0%) 
faces                   54/65536        3024/3670016  ( 0.1%) 
hdr faces               54/65536        3024/3670016  ( 0.1%) 
origfaces               11/65536         616/3670016  ( 0.0%) 
leaves                  33/65536        1056/2097152  ( 0.1%) 
leaffaces               64/65536         128/131072   ( 0.1%) 
leafbrushes             18/65536          36/131072   ( 0.0%) 
areas                    2/1024           16/8192     ( 0.2%) 
surfedges              288/512000       1152/2048000  ( 0.1%) 
edges                  147/256000        588/1024000  ( 0.1%) 
LDR worldlights          0/16384           0/1441792  ( 0.0%) 
HDR worldlights          2/16384         176/1441792  ( 0.0%) 
leafwaterdata            0/32768           0/393216   ( 0.0%) 
waterstrips              2/131072         20/1310720  ( 0.0%) 
waterverts               0/131072          0/1572864  ( 0.0%) 
waterindices            24/131072         48/262144   ( 0.0%) 
cubemapsamples           0/1024            0/16384    ( 0.0%) 
overlays                 0/1024            0/360448   ( 0.0%) 
LDR lightdata         [variable]           0/0        ( 0.0%) 
HDR lightdata         [variable]       75568/0        ( 0.0%) 
visdata               [variable]         124/16777216 ( 0.0%) 
entdata               [variable]        1058/393216   ( 0.3%) 
LDR ambient table       33/65536         132/262144   ( 0.1%) 
HDR ambient table       33/65536         132/262144   ( 0.1%) 
LDR leaf ambient        33/65536         924/1835008  ( 0.1%) 
HDR leaf ambient       136/65536        3808/1835008  ( 0.2%) 
occluders                0/0               0/0        ( 0.0%) 
occluder polygons        0/0               0/0        ( 0.0%) 
occluder vert ind        0/0               0/0        ( 0.0%) 
detail props          [variable]           1/12       ( 8.3%) 
static props          [variable]           1/12       ( 8.3%) 
pakfile               [variable]       87083/0        ( 0.0%) 
physics               [variable]        2691/4194304  ( 0.1%) 
physics terrain       [variable]           2/1048576  ( 0.0%) 

Level flags = 2

Total triangle count: 136
Writing c:\program files (x86)\steam\steamapps\sourcemods\gigabuilder\mapsrc\personal\ian\gb_sandbox.bsp
0 seconds elapsed



materialPath: C:\Program Files (x86)\Steam\steamapps\sourcemods\GigaBuilder\materials
Loading C:\Program Files (x86)\Steam\steamapps\sourcemods\GigaBuilder\mapsrc\personal\ian\gb_sandbox.vmf
Map revision 5
Could not locate GameData file 
Patching WVT material: maps/gb_sandbox/nature/blendgrassdirt01_wvt_patch
fixing up env_cubemap materials on brush sides...
0...1...2...3...4...5...6...7...8...9...100...1...2...3...4...5...6...7...8...9...10Processing areas...done (0)
Building Faces...done (0)
FixTjuncs...
PruneNodes...
WriteBSP...
done (0)
writing C:\Program Files (x86)\Steam\steamapps\sourcemods\GigaBuilder\mapsrc\personal\ian\gb_sandbox.prt...Building visibility clusters...
done (0)
Finding displacement neighbors...
Finding lightmap sample positions...
Displacement Alpha : 0...1...2...3...4...5...6...7...8...9...10
Building Physics collision data...
done (0) (2691 bytes)
Placing detail props : 0...1...2...3...4...5...6...7...8...9...10
Compacting texture/material tables...
Reduced 15 texinfos to 5
Reduced 3 texdatas to 2 (92 bytes to 68)
Writing C:\Program Files (x86)\Steam\steamapps\sourcemods\GigaBuilder\mapsrc\personal\ian\gb_sandbox.bsp
0 seconds elapsed



16 threads
reading c:\program files (x86)\steam\steamapps\sourcemods\gigabuilder\mapsrc\personal\ian\gb_sandbox.bsp
reading c:\program files (x86)\steam\steamapps\sourcemods\gigabuilder\mapsrc\personal\ian\gb_sandbox.prt
  10 portalclusters
  16 numportals
0...1...2...3...4...5...6...7...8...9...100...1...2...3...4...5...6...7...8...9...10Optimized: 0 visible clusters (0.00%)
Total clusters visible: 100
Average clusters visible: 10
Building PAS...
Average clusters audible: 10
visdatasize:124  compressed from 160
writing c:\program files (x86)\steam\steamapps\sourcemods\gigabuilder\mapsrc\personal\ian\gb_sandbox.bsp
0 seconds elapsed



[Reading texlights from 'lights.rad']
[48 texlights parsed from 'lights.rad']

Loading c:\program files (x86)\steam\steamapps\sourcemods\gigabuilder\mapsrc\personal\ian\gb_sandbox.bsp
54 faces
99533 square feet [14332851.00 square inches]
0 Displacements
0 Square Feet [0.00 Square Inches]
54 patches before subdivision
3186 patches after subdivision
2 direct lights
0...1...2...3...4...5...6...7...8...9...100...1...2...3...4...5...6...7...8...9...10transfers 39144, max 164
transfer lists:   0.3 megs
0...1...2...3...4...5...6...7...8...9...10	Bounce #1 added RGB(474, 473, 179)
0...1...2...3...4...5...6...7...8...9...10	Bounce #2 added RGB(8, 8, 1)
0...1...2...3...4...5...6...7...8...9...10	Bounce #3 added RGB(0, 0, 0)
Build Patch/Sample Hash Table(s).....Done<0.0006 sec>
0...1...2...3...4...5...6...7...8...9...10FinalLightFace Done
0 of 0 (0% of) surface lights went in leaf ambient cubes.
0...1...2...3...4...5...6...7...8...9...10Writing leaf ambient...done
Ready to Finish

Object names       Objects/Maxobjs  Memory / Maxmem  Fullness 
------------       ---------------  ---------------  -------- 
models                   1/4096           48/196608   ( 0.0%) 
brushes                  7/32768          84/393216   ( 0.0%) 
brushsides              43/65536         344/524288   ( 0.1%) 
planes                  52/65536        1040/1310720  ( 0.1%) 
vertexes                71/65536         852/786432   ( 0.1%) 
nodes                   31/65536         992/2097152  ( 0.0%) 
texinfos                 5/12288         360/884736   ( 0.0%) 
texdata                  2/2048           64/65536    ( 0.1%) 
dispinfos                0/0               0/0        ( 0.0%) 
disp_verts               0/0               0/0        ( 0.0%) 
disp_tris                0/0               0/0        ( 0.0%) 
disp_lmsamples           0/0               0/0        ( 0.0%) 
faces                   54/65536        3024/3670016  ( 0.1%) 
hdr faces               54/65536        3024/3670016  ( 0.1%) 
origfaces               11/65536         616/3670016  ( 0.0%) 
leaves                  33/65536        1056/2097152  ( 0.1%) 
leaffaces               64/65536         128/131072   ( 0.1%) 
leafbrushes             18/65536          36/131072   ( 0.0%) 
areas                    2/1024           16/8192     ( 0.2%) 
surfedges              288/512000       1152/2048000  ( 0.1%) 
edges                  147/256000        588/1024000  ( 0.1%) 
LDR worldlights          0/16384           0/1441792  ( 0.0%) 
HDR worldlights          2/16384         176/1441792  ( 0.0%) 
leafwaterdata            0/32768           0/393216   ( 0.0%) 
waterstrips              2/131072         20/1310720  ( 0.0%) 
waterverts               0/131072          0/1572864  ( 0.0%) 
waterindices            24/131072         48/262144   ( 0.0%) 
cubemapsamples           0/1024            0/16384    ( 0.0%) 
overlays                 0/1024            0/360448   ( 0.0%) 
LDR lightdata         [variable]           0/0        ( 0.0%) 
HDR lightdata         [variable]       75568/0        ( 0.0%) 
visdata               [variable]         124/16777216 ( 0.0%) 
entdata               [variable]        1227/393216   ( 0.3%) 
LDR ambient table       33/65536         132/262144   ( 0.1%) 
HDR ambient table       33/65536         132/262144   ( 0.1%) 
LDR leaf ambient        33/65536         924/1835008  ( 0.1%) 
HDR leaf ambient       136/65536        3808/1835008  ( 0.2%) 
occluders                0/0               0/0        ( 0.0%) 
occluder polygons        0/0               0/0        ( 0.0%) 
occluder vert ind        0/0               0/0        ( 0.0%) 
detail props          [variable]           1/12       ( 8.3%) 
static props          [variable]           1/12       ( 8.3%) 
pakfile               [variable]       87083/0        ( 0.0%) 
physics               [variable]        2691/4194304  ( 0.1%) 
physics terrain       [variable]           2/1048576  ( 0.0%) 

Level flags = 2

Total triangle count: 136
Writing c:\program files (x86)\steam\steamapps\sourcemods\gigabuilder\mapsrc\personal\ian\gb_sandbox.bsp
0 seconds elapsed



materialPath: C:\Program Files (x86)\Steam\steamapps\sourcemods\GigaBuilder\materials
Loading C:\Program Files (x86)\Steam\steamapps\sourcemods\GigaBuilder\mapsrc\personal\ian\gb_sandbox.vmf
Map revision 6
Could not locate GameData file 
Patching WVT material: maps/gb_sandbox/nature/blendgrassdirt01_wvt_patch
fixing up env_cubemap materials on brush sides...
0...1...2...3...4...5...6...7...8...9...100...1...2...3...4...5...6...7...8...9...10Processing areas...done (0)
Building Faces...done (0)
FixTjuncs...
PruneNodes...
WriteBSP...
done (0)
writing C:\Program Files (x86)\Steam\steamapps\sourcemods\GigaBuilder\mapsrc\personal\ian\gb_sandbox.prt...Building visibility clusters...
done (0)
Finding displacement neighbors...
Finding lightmap sample positions...
Displacement Alpha : 0...1...2...3...4...5...6...7...8...9...10
Building Physics collision data...
done (0) (3030 bytes)
Placing detail props : 0...1...2...3...4...5...6...7...8...9...10
Compacting texture/material tables...
Reduced 20 texinfos to 7
Reduced 4 texdatas to 3 (111 bytes to 87)
Writing C:\Program Files (x86)\Steam\steamapps\sourcemods\GigaBuilder\mapsrc\personal\ian\gb_sandbox.bsp
0 seconds elapsed



16 threads
reading c:\program files (x86)\steam\steamapps\sourcemods\gigabuilder\mapsrc\personal\ian\gb_sandbox.bsp
reading c:\program files (x86)\steam\steamapps\sourcemods\gigabuilder\mapsrc\personal\ian\gb_sandbox.prt
  10 portalclusters
  20 numportals
0...1...2...3...4...5...6...7...8...9...100...1...2...3...4...5...6...7...8...9...10Optimized: 0 visible clusters (0.00%)
Total clusters visible: 92
Average clusters visible: 9
Building PAS...
Average clusters audible: 10
visdatasize:124  compressed from 160
writing c:\program files (x86)\steam\steamapps\sourcemods\gigabuilder\mapsrc\personal\ian\gb_sandbox.bsp
0 seconds elapsed



[Reading texlights from 'lights.rad']
[48 texlights parsed from 'lights.rad']

Loading c:\program files (x86)\steam\steamapps\sourcemods\gigabuilder\mapsrc\personal\ian\gb_sandbox.bsp
56 faces
98964 square feet [14250931.00 square inches]
0 Displacements
0 Square Feet [0.00 Square Inches]
56 patches before subdivision
3136 patches after subdivision
2 direct lights
0...1...2...3...4...5...6...7...8...9...100...1...2...3...4...5...6...7...8...9...10transfers 32222, max 150
transfer lists:   0.2 megs
0...1...2...3...4...5...6...7...8...9...10	Bounce #1 added RGB(267, 237, 108)
0...1...2...3...4...5...6...7...8...9...10	Bounce #2 added RGB(6, 4, 1)
0...1...2...3...4...5...6...7...8...9...10	Bounce #3 added RGB(0, 0, 0)
Build Patch/Sample Hash Table(s).....Done<0.0007 sec>
0...1...2...3...4...5...6...7...8...9...10FinalLightFace Done
0 of 0 (0% of) surface lights went in leaf ambient cubes.
0...1...2...3...4...5...6...7...8...9...10Writing leaf ambient...done
Ready to Finish

Object names       Objects/Maxobjs  Memory / Maxmem  Fullness 
------------       ---------------  ---------------  -------- 
models                   1/4096           48/196608   ( 0.0%) 
brushes                  8/32768          96/393216   ( 0.0%) 
brushsides              49/65536         392/524288   ( 0.1%) 
planes                  54/65536        1080/1310720  ( 0.1%) 
vertexes                80/65536         960/786432   ( 0.1%) 
nodes                   31/65536         992/2097152  ( 0.0%) 
texinfos                 7/12288         504/884736   ( 0.1%) 
texdata                  3/2048           96/65536    ( 0.1%) 
dispinfos                0/0               0/0        ( 0.0%) 
disp_verts               0/0               0/0        ( 0.0%) 
disp_tris                0/0               0/0        ( 0.0%) 
disp_lmsamples           0/0               0/0        ( 0.0%) 
faces                   56/65536        3136/3670016  ( 0.1%) 
hdr faces               56/65536        3136/3670016  ( 0.1%) 
origfaces               13/65536         728/3670016  ( 0.0%) 
leaves                  33/65536        1056/2097152  ( 0.1%) 
leaffaces               62/65536         124/131072   ( 0.1%) 
leafbrushes             20/65536          40/131072   ( 0.0%) 
areas                    2/1024           16/8192     ( 0.2%) 
surfedges              306/512000       1224/2048000  ( 0.1%) 
edges                  158/256000        632/1024000  ( 0.1%) 
LDR worldlights          0/16384           0/1441792  ( 0.0%) 
HDR worldlights          2/16384         176/1441792  ( 0.0%) 
leafwaterdata            0/32768           0/393216   ( 0.0%) 
waterstrips              0/131072          0/1310720  ( 0.0%) 
waterverts               0/131072          0/1572864  ( 0.0%) 
waterindices             0/131072          0/262144   ( 0.0%) 
cubemapsamples           0/1024            0/16384    ( 0.0%) 
overlays                 0/1024            0/360448   ( 0.0%) 
LDR lightdata         [variable]           0/0        ( 0.0%) 
HDR lightdata         [variable]       74368/0        ( 0.0%) 
visdata               [variable]         124/16777216 ( 0.0%) 
entdata               [variable]        5536/393216   ( 1.4%) 
LDR ambient table       33/65536         132/262144   ( 0.1%) 
HDR ambient table       33/65536         132/262144   ( 0.1%) 
LDR leaf ambient        33/65536         924/1835008  ( 0.1%) 
HDR leaf ambient       136/65536        3808/1835008  ( 0.2%) 
occluders                0/0               0/0        ( 0.0%) 
occluder polygons        0/0               0/0        ( 0.0%) 
occluder vert ind        0/0               0/0        ( 0.0%) 
detail props          [variable]           1/12       ( 8.3%) 
static props          [variable]           1/12       ( 8.3%) 
pakfile               [variable]       87083/0        ( 0.0%) 
physics               [variable]        3030/4194304  ( 0.1%) 
physics terrain       [variable]           2/1048576  ( 0.0%) 

Level flags = 2

Total triangle count: 142
Writing c:\program files (x86)\steam\steamapps\sourcemods\gigabuilder\mapsrc\personal\ian\gb_sandbox.bsp
0 seconds elapsed



materialPath: C:\Program Files (x86)\Steam\steamapps\sourcemods\GigaBuilder\materials
Loading C:\Program Files (x86)\Steam\steamapps\sourcemods\GigaBuilder\mapsrc\personal\ian\gb_sandbox.vmf
Map revision 7
Could not locate GameData file 
Patching WVT material: maps/gb_sandbox/nature/blendgrassdirt01_wvt_patch
fixing up env_cubemap materials on brush sides...
0...1...2...3...4...5...6...7...8...9...100...1...2...3...4...5...6...7...8...9...10Processing areas...done (0)
Building Faces...done (0)
FixTjuncs...
PruneNodes...
WriteBSP...
done (0)
writing C:\Program Files (x86)\Steam\steamapps\sourcemods\GigaBuilder\mapsrc\personal\ian\gb_sandbox.prt...Building visibility clusters...
done (0)
Finding displacement neighbors...
Finding lightmap sample positions...
Displacement Alpha : 0...1...2...3...4...5...6...7...8...9...10
Building Physics collision data...
done (0) (3030 bytes)
Placing detail props : 0...1...2...3...4...5...6...7...8...9...10
Compacting texture/material tables...
Reduced 20 texinfos to 7
Reduced 4 texdatas to 3 (111 bytes to 87)
Writing C:\Program Files (x86)\Steam\steamapps\sourcemods\GigaBuilder\mapsrc\personal\ian\gb_sandbox.bsp
0 seconds elapsed



16 threads
reading c:\program files (x86)\steam\steamapps\sourcemods\gigabuilder\mapsrc\personal\ian\gb_sandbox.bsp
reading c:\program files (x86)\steam\steamapps\sourcemods\gigabuilder\mapsrc\personal\ian\gb_sandbox.prt
  10 portalclusters
  20 numportals
0...1...2...3...4...5...6...7...8...9...100...1...2...3...4...5...6...7...8...9...10Optimized: 0 visible clusters (0.00%)
Total clusters visible: 92
Average clusters visible: 9
Building PAS...
Average clusters audible: 10
visdatasize:124  compressed from 160
writing c:\program files (x86)\steam\steamapps\sourcemods\gigabuilder\mapsrc\personal\ian\gb_sandbox.bsp
0 seconds elapsed



[Reading texlights from 'lights.rad']
[48 texlights parsed from 'lights.rad']

Loading c:\program files (x86)\steam\steamapps\sourcemods\gigabuilder\mapsrc\personal\ian\gb_sandbox.bsp
56 faces
98964 square feet [14250931.00 square inches]
0 Displacements
0 Square Feet [0.00 Square Inches]
56 patches before subdivision
3136 patches after subdivision
2 direct lights
0...1...2...3...4...5...6...7...8...9...100...1...2...3...4...5...6...7...8...9...10transfers 32222, max 150
transfer lists:   0.2 megs
0...1...2...3...4...5...6...7...8...9...10	Bounce #1 added RGB(267, 237, 108)
0...1...2...3...4...5...6...7...8...9...10	Bounce #2 added RGB(6, 4, 1)
0...1...2...3...4...5...6...7...8...9...10	Bounce #3 added RGB(0, 0, 0)
Build Patch/Sample Hash Table(s).....Done<0.0006 sec>
0...1...2...3...4...5...6...7...8...9...10FinalLightFace Done
0 of 0 (0% of) surface lights went in leaf ambient cubes.
0...1...2...3...4...5...6...7...8...9...10Writing leaf ambient...done
Ready to Finish

Object names       Objects/Maxobjs  Memory / Maxmem  Fullness 
------------       ---------------  ---------------  -------- 
models                   1/4096           48/196608   ( 0.0%) 
brushes                  8/32768          96/393216   ( 0.0%) 
brushsides              49/65536         392/524288   ( 0.1%) 
planes                  54/65536        1080/1310720  ( 0.1%) 
vertexes                80/65536         960/786432   ( 0.1%) 
nodes                   31/65536         992/2097152  ( 0.0%) 
texinfos                 7/12288         504/884736   ( 0.1%) 
texdata                  3/2048           96/65536    ( 0.1%) 
dispinfos                0/0               0/0        ( 0.0%) 
disp_verts               0/0               0/0        ( 0.0%) 
disp_tris                0/0               0/0        ( 0.0%) 
disp_lmsamples           0/0               0/0        ( 0.0%) 
faces                   56/65536        3136/3670016  ( 0.1%) 
hdr faces               56/65536        3136/3670016  ( 0.1%) 
origfaces               13/65536         728/3670016  ( 0.0%) 
leaves                  33/65536        1056/2097152  ( 0.1%) 
leaffaces               62/65536         124/131072   ( 0.1%) 
leafbrushes             20/65536          40/131072   ( 0.0%) 
areas                    2/1024           16/8192     ( 0.2%) 
surfedges              306/512000       1224/2048000  ( 0.1%) 
edges                  158/256000        632/1024000  ( 0.1%) 
LDR worldlights          0/16384           0/1441792  ( 0.0%) 
HDR worldlights          2/16384         176/1441792  ( 0.0%) 
leafwaterdata            0/32768           0/393216   ( 0.0%) 
waterstrips              0/131072          0/1310720  ( 0.0%) 
waterverts               0/131072          0/1572864  ( 0.0%) 
waterindices             0/131072          0/262144   ( 0.0%) 
cubemapsamples           0/1024            0/16384    ( 0.0%) 
overlays                 0/1024            0/360448   ( 0.0%) 
LDR lightdata         [variable]           0/0        ( 0.0%) 
HDR lightdata         [variable]       74368/0        ( 0.0%) 
visdata               [variable]         124/16777216 ( 0.0%) 
entdata               [variable]        6069/393216   ( 1.5%) 
LDR ambient table       33/65536         132/262144   ( 0.1%) 
HDR ambient table       33/65536         132/262144   ( 0.1%) 
LDR leaf ambient        33/65536         924/1835008  ( 0.1%) 
HDR leaf ambient       136/65536        3808/1835008  ( 0.2%) 
occluders                0/0               0/0        ( 0.0%) 
occluder polygons        0/0               0/0        ( 0.0%) 
occluder vert ind        0/0               0/0        ( 0.0%) 
detail props          [variable]           1/12       ( 8.3%) 
static props          [variable]           1/12       ( 8.3%) 
pakfile               [variable]       87083/0        ( 0.0%) 
physics               [variable]        3030/4194304  ( 0.1%) 
physics terrain       [variable]           2/1048576  ( 0.0%) 

Level flags = 2

Total triangle count: 142
Writing c:\program files (x86)\steam\steamapps\sourcemods\gigabuilder\mapsrc\personal\ian\gb_sandbox.bsp
0 seconds elapsed



materialPath: C:\Program Files (x86)\Steam\steamapps\sourcemods\GigaBuilder\materials
Loading C:\Program Files (x86)\Steam\steamapps\sourcemods\GigaBuilder\mapsrc\personal\ian\gb_sandbox.vmf
Map revision 8
Could not locate GameData file 
Patching WVT material: maps/gb_sandbox/nature/blendgrassdirt01_wvt_patch
fixing up env_cubemap materials on brush sides...
0...1...2...3...4...5...6...7...8...9...100...1...2...3...4...5...6...7...8...9...10Processing areas...done (0)
Building Faces...done (0)
FixTjuncs...
PruneNodes...
WriteBSP...
done (0)
writing C:\Program Files (x86)\Steam\steamapps\sourcemods\GigaBuilder\mapsrc\personal\ian\gb_sandbox.prt...Building visibility clusters...
done (0)
Finding displacement neighbors...
Finding lightmap sample positions...
Displacement Alpha : 0...1...2...3...4...5...6...7...8...9...10
Building Physics collision data...
done (0) (3030 bytes)
Placing detail props : 0...1...2...3...4...5...6...7...8...9...10
Compacting texture/material tables...
Reduced 20 texinfos to 7
Reduced 4 texdatas to 3 (111 bytes to 87)
Writing C:\Program Files (x86)\Steam\steamapps\sourcemods\GigaBuilder\mapsrc\personal\ian\gb_sandbox.bsp
0 seconds elapsed



16 threads
reading c:\program files (x86)\steam\steamapps\sourcemods\gigabuilder\mapsrc\personal\ian\gb_sandbox.bsp
reading c:\program files (x86)\steam\steamapps\sourcemods\gigabuilder\mapsrc\personal\ian\gb_sandbox.prt
  10 portalclusters
  20 numportals
0...1...2...3...4...5...6...7...8...9...100...1...2...3...4...5...6...7...8...9...10Optimized: 0 visible clusters (0.00%)
Total clusters visible: 92
Average clusters visible: 9
Building PAS...
Average clusters audible: 10
visdatasize:124  compressed from 160
writing c:\program files (x86)\steam\steamapps\sourcemods\gigabuilder\mapsrc\personal\ian\gb_sandbox.bsp
0 seconds elapsed



[Reading texlights from 'lights.rad']
[48 texlights parsed from 'lights.rad']

Loading c:\program files (x86)\steam\steamapps\sourcemods\gigabuilder\mapsrc\personal\ian\gb_sandbox.bsp
56 faces
98964 square feet [14250931.00 square inches]
0 Displacements
0 Square Feet [0.00 Square Inches]
56 patches before subdivision
3136 patches after subdivision
2 direct lights
0...1...2...3...4...5...6...7...8...9...100...1...2...3...4...5...6...7...8...9...10transfers 32222, max 150
transfer lists:   0.2 megs
0...1...2...3...4...5...6...7...8...9...10	Bounce #1 added RGB(267, 237, 108)
0...1...2...3...4...5...6...7...8...9...10	Bounce #2 added RGB(6, 4, 1)
0...1...2...3...4...5...6...7...8...9...10	Bounce #3 added RGB(0, 0, 0)
Build Patch/Sample Hash Table(s).....Done<0.0007 sec>
0...1...2...3...4...5...6...7...8...9...10FinalLightFace Done
0 of 0 (0% of) surface lights went in leaf ambient cubes.
0...1...2...3...4...5...6...7...8...9...10Writing leaf ambient...done
Ready to Finish

Object names       Objects/Maxobjs  Memory / Maxmem  Fullness 
------------       ---------------  ---------------  -------- 
models                   1/4096           48/196608   ( 0.0%) 
brushes                  8/32768          96/393216   ( 0.0%) 
brushsides              49/65536         392/524288   ( 0.1%) 
planes                  54/65536        1080/1310720  ( 0.1%) 
vertexes                80/65536         960/786432   ( 0.1%) 
nodes                   31/65536         992/2097152  ( 0.0%) 
texinfos                 7/12288         504/884736   ( 0.1%) 
texdata                  3/2048           96/65536    ( 0.1%) 
dispinfos                0/0               0/0        ( 0.0%) 
disp_verts               0/0               0/0        ( 0.0%) 
disp_tris                0/0               0/0        ( 0.0%) 
disp_lmsamples           0/0               0/0        ( 0.0%) 
faces                   56/65536        3136/3670016  ( 0.1%) 
hdr faces               56/65536        3136/3670016  ( 0.1%) 
origfaces               13/65536         728/3670016  ( 0.0%) 
leaves                  33/65536        1056/2097152  ( 0.1%) 
leaffaces               62/65536         124/131072   ( 0.1%) 
leafbrushes             20/65536          40/131072   ( 0.0%) 
areas                    2/1024           16/8192     ( 0.2%) 
surfedges              306/512000       1224/2048000  ( 0.1%) 
edges                  158/256000        632/1024000  ( 0.1%) 
LDR worldlights          0/16384           0/1441792  ( 0.0%) 
HDR worldlights          2/16384         176/1441792  ( 0.0%) 
leafwaterdata            0/32768           0/393216   ( 0.0%) 
waterstrips              0/131072          0/1310720  ( 0.0%) 
waterverts               0/131072          0/1572864  ( 0.0%) 
waterindices             0/131072          0/262144   ( 0.0%) 
cubemapsamples           0/1024            0/16384    ( 0.0%) 
overlays                 0/1024            0/360448   ( 0.0%) 
LDR lightdata         [variable]           0/0        ( 0.0%) 
HDR lightdata         [variable]       74368/0        ( 0.0%) 
visdata               [variable]         124/16777216 ( 0.0%) 
entdata               [variable]        5956/393216   ( 1.5%) 
LDR ambient table       33/65536         132/262144   ( 0.1%) 
HDR ambient table       33/65536         132/262144   ( 0.1%) 
LDR leaf ambient        33/65536         924/1835008  ( 0.1%) 
HDR leaf ambient       136/65536        3808/1835008  ( 0.2%) 
occluders                0/0               0/0        ( 0.0%) 
occluder polygons        0/0               0/0        ( 0.0%) 
occluder vert ind        0/0               0/0        ( 0.0%) 
detail props          [variable]           1/12       ( 8.3%) 
static props          [variable]           1/12       ( 8.3%) 
pakfile               [variable]       87083/0        ( 0.0%) 
physics               [variable]        3030/4194304  ( 0.1%) 
physics terrain       [variable]           2/1048576  ( 0.0%) 

Level flags = 2

Total triangle count: 142
Writing c:\program files (x86)\steam\steamapps\sourcemods\gigabuilder\mapsrc\personal\ian\gb_sandbox.bsp
0 seconds elapsed



materialPath: C:\Program Files (x86)\Steam\steamapps\sourcemods\GigaBuilder\materials
Loading C:\Program Files (x86)\Steam\steamapps\sourcemods\GigaBuilder\mapsrc\personal\ian\gb_sandbox.vmf
Map revision 9
Could not locate GameData file 
Patching WVT material: maps/gb_sandbox/nature/blendgrassdirt01_wvt_patch
fixing up env_cubemap materials on brush sides...
0...1...2...3...4...5...6...7...8...9...100...1...2...3...4...5...6...7...8...9...10Processing areas...done (0)
Building Faces...done (0)
FixTjuncs...
PruneNodes...
WriteBSP...
done (0)
writing C:\Program Files (x86)\Steam\steamapps\sourcemods\GigaBuilder\mapsrc\personal\ian\gb_sandbox.prt...Building visibility clusters...
done (0)
Finding displacement neighbors...
Finding lightmap sample positions...
Displacement Alpha : 0...1...2...3...4...5...6...7...8...9...10
Building Physics collision data...
done (0) (3030 bytes)
Placing detail props : 0...1...2...3...4...5...6...7...8...9...10
Compacting texture/material tables...
Reduced 20 texinfos to 7
Reduced 4 texdatas to 3 (111 bytes to 87)
Writing C:\Program Files (x86)\Steam\steamapps\sourcemods\GigaBuilder\mapsrc\personal\ian\gb_sandbox.bsp
0 seconds elapsed



16 threads
reading c:\program files (x86)\steam\steamapps\sourcemods\gigabuilder\mapsrc\personal\ian\gb_sandbox.bsp
reading c:\program files (x86)\steam\steamapps\sourcemods\gigabuilder\mapsrc\personal\ian\gb_sandbox.prt
  10 portalclusters
  20 numportals
0...1...2...3...4...5...6...7...8...9...100...1...2...3...4...5...6...7...8...9...10Optimized: 0 visible clusters (0.00%)
Total clusters visible: 92
Average clusters visible: 9
Building PAS...
Average clusters audible: 10
visdatasize:124  compressed from 160
writing c:\program files (x86)\steam\steamapps\sourcemods\gigabuilder\mapsrc\personal\ian\gb_sandbox.bsp
0 seconds elapsed



[Reading texlights from 'lights.rad']
[48 texlights parsed from 'lights.rad']

Loading c:\program files (x86)\steam\steamapps\sourcemods\gigabuilder\mapsrc\personal\ian\gb_sandbox.bsp
56 faces
98964 square feet [14250931.00 square inches]
0 Displacements
0 Square Feet [0.00 Square Inches]
56 patches before subdivision
3136 patches after subdivision
2 direct lights
0...1...2...3...4...5...6...7...8...9...100...1...2...3...4...5...6...7...8...9...10transfers 32222, max 150
transfer lists:   0.2 megs
0...1...2...3...4...5...6...7...8...9...10	Bounce #1 added RGB(267, 237, 108)
0...1...2...3...4...5...6...7...8...9...10	Bounce #2 added RGB(6, 4, 1)
0...1...2...3...4...5...6...7...8...9...10	Bounce #3 added RGB(0, 0, 0)
Build Patch/Sample Hash Table(s).....Done<0.0006 sec>
0...1...2...3...4...5...6...7...8...9...10FinalLightFace Done
0 of 0 (0% of) surface lights went in leaf ambient cubes.
0...1...2...3...4...5...6...7...8...9...10Writing leaf ambient...done
Ready to Finish

Object names       Objects/Maxobjs  Memory / Maxmem  Fullness 
------------       ---------------  ---------------  -------- 
models                   1/4096           48/196608   ( 0.0%) 
brushes                  8/32768          96/393216   ( 0.0%) 
brushsides              49/65536         392/524288   ( 0.1%) 
planes                  54/65536        1080/1310720  ( 0.1%) 
vertexes                80/65536         960/786432   ( 0.1%) 
nodes                   31/65536         992/2097152  ( 0.0%) 
texinfos                 7/12288         504/884736   ( 0.1%) 
texdata                  3/2048           96/65536    ( 0.1%) 
dispinfos                0/0               0/0        ( 0.0%) 
disp_verts               0/0               0/0        ( 0.0%) 
disp_tris                0/0               0/0        ( 0.0%) 
disp_lmsamples           0/0               0/0        ( 0.0%) 
faces                   56/65536        3136/3670016  ( 0.1%) 
hdr faces               56/65536        3136/3670016  ( 0.1%) 
origfaces               13/65536         728/3670016  ( 0.0%) 
leaves                  33/65536        1056/2097152  ( 0.1%) 
leaffaces               62/65536         124/131072   ( 0.1%) 
leafbrushes             20/65536          40/131072   ( 0.0%) 
areas                    2/1024           16/8192     ( 0.2%) 
surfedges              306/512000       1224/2048000  ( 0.1%) 
edges                  158/256000        632/1024000  ( 0.1%) 
LDR worldlights          0/16384           0/1441792  ( 0.0%) 
HDR worldlights          2/16384         176/1441792  ( 0.0%) 
leafwaterdata            0/32768           0/393216   ( 0.0%) 
waterstrips              0/131072          0/1310720  ( 0.0%) 
waterverts               0/131072          0/1572864  ( 0.0%) 
waterindices             0/131072          0/262144   ( 0.0%) 
cubemapsamples           0/1024            0/16384    ( 0.0%) 
overlays                 0/1024            0/360448   ( 0.0%) 
LDR lightdata         [variable]           0/0        ( 0.0%) 
HDR lightdata         [variable]       74368/0        ( 0.0%) 
visdata               [variable]         124/16777216 ( 0.0%) 
entdata               [variable]        5928/393216   ( 1.5%) 
LDR ambient table       33/65536         132/262144   ( 0.1%) 
HDR ambient table       33/65536         132/262144   ( 0.1%) 
LDR leaf ambient        33/65536         924/1835008  ( 0.1%) 
HDR leaf ambient       136/65536        3808/1835008  ( 0.2%) 
occluders                0/0               0/0        ( 0.0%) 
occluder polygons        0/0               0/0        ( 0.0%) 
occluder vert ind        0/0               0/0        ( 0.0%) 
detail props          [variable]           1/12       ( 8.3%) 
static props          [variable]           1/12       ( 8.3%) 
pakfile               [variable]       87083/0        ( 0.0%) 
physics               [variable]        3030/4194304  ( 0.1%) 
physics terrain       [variable]           2/1048576  ( 0.0%) 

Level flags = 2

Total triangle count: 142
Writing c:\program files (x86)\steam\steamapps\sourcemods\gigabuilder\mapsrc\personal\ian\gb_sandbox.bsp
0 seconds elapsed



materialPath: C:\Program Files (x86)\Steam\steamapps\sourcemods\GigaBuilder\materials
Loading C:\Program Files (x86)\Steam\steamapps\sourcemods\GigaBuilder\mapsrc\personal\ian\gb_sandbox.vmf
Map revision 10
Could not locate GameData file 
Patching WVT material: maps/gb_sandbox/nature/blendgrassdirt01_wvt_patch
fixing up env_cubemap materials on brush sides...
0...1...2...3...4...5...6...7...8...9...100...1...2...3...4...5...6...7...8...9...10Processing areas...done (0)
Building Faces...done (0)
FixTjuncs...
PruneNodes...
WriteBSP...
done (0)
writing C:\Program Files (x86)\Steam\steamapps\sourcemods\GigaBuilder\mapsrc\personal\ian\gb_sandbox.prt...Building visibility clusters...
done (0)
Finding displacement neighbors...
Finding lightmap sample positions...
Displacement Alpha : 0...1...2...3...4...5...6...7...8...9...10
Building Physics collision data...
done (0) (3030 bytes)
Placing detail props : 0...1...2...3...4...5...6...7...8...9...10
Compacting texture/material tables...
Reduced 20 texinfos to 7
Reduced 4 texdatas to 3 (111 bytes to 87)
Writing C:\Program Files (x86)\Steam\steamapps\sourcemods\GigaBuilder\mapsrc\personal\ian\gb_sandbox.bsp
0 seconds elapsed



16 threads
reading c:\program files (x86)\steam\steamapps\sourcemods\gigabuilder\mapsrc\personal\ian\gb_sandbox.bsp
reading c:\program files (x86)\steam\steamapps\sourcemods\gigabuilder\mapsrc\personal\ian\gb_sandbox.prt
  10 portalclusters
  20 numportals
0...1...2...3...4...5...6...7...8...9...100...1...2...3...4...5...6...7...8...9...10Optimized: 0 visible clusters (0.00%)
Total clusters visible: 92
Average clusters visible: 9
Building PAS...
Average clusters audible: 10
visdatasize:124  compressed from 160
writing c:\program files (x86)\steam\steamapps\sourcemods\gigabuilder\mapsrc\personal\ian\gb_sandbox.bsp
0 seconds elapsed



[Reading texlights from 'lights.rad']
[48 texlights parsed from 'lights.rad']

Loading c:\program files (x86)\steam\steamapps\sourcemods\gigabuilder\mapsrc\personal\ian\gb_sandbox.bsp
56 faces
98964 square feet [14250931.00 square inches]
0 Displacements
0 Square Feet [0.00 Square Inches]
56 patches before subdivision
3136 patches after subdivision
2 direct lights
0...1...2...3...4...5...6...7...8...9...100...1...2...3...4...5...6...7...8...9...10transfers 32222, max 150
transfer lists:   0.2 megs
0...1...2...3...4...5...6...7...8...9...10	Bounce #1 added RGB(267, 237, 108)
0...1...2...3...4...5...6...7...8...9...10	Bounce #2 added RGB(6, 4, 1)
0...1...2...3...4...5...6...7...8...9...10	Bounce #3 added RGB(0, 0, 0)
Build Patch/Sample Hash Table(s).....Done<0.0006 sec>
0...1...2...3...4...5...6...7...8...9...10FinalLightFace Done
0 of 0 (0% of) surface lights went in leaf ambient cubes.
0...1...2...3...4...5...6...7...8...9...10Writing leaf ambient...done
Ready to Finish

Object names       Objects/Maxobjs  Memory / Maxmem  Fullness 
------------       ---------------  ---------------  -------- 
models                   1/4096           48/196608   ( 0.0%) 
brushes                  8/32768          96/393216   ( 0.0%) 
brushsides              49/65536         392/524288   ( 0.1%) 
planes                  54/65536        1080/1310720  ( 0.1%) 
vertexes                80/65536         960/786432   ( 0.1%) 
nodes                   31/65536         992/2097152  ( 0.0%) 
texinfos                 7/12288         504/884736   ( 0.1%) 
texdata                  3/2048           96/65536    ( 0.1%) 
dispinfos                0/0               0/0        ( 0.0%) 
disp_verts               0/0               0/0        ( 0.0%) 
disp_tris                0/0               0/0        ( 0.0%) 
disp_lmsamples           0/0               0/0        ( 0.0%) 
faces                   56/65536        3136/3670016  ( 0.1%) 
hdr faces               56/65536        3136/3670016  ( 0.1%) 
origfaces               13/65536         728/3670016  ( 0.0%) 
leaves                  33/65536        1056/2097152  ( 0.1%) 
leaffaces               62/65536         124/131072   ( 0.1%) 
leafbrushes             20/65536          40/131072   ( 0.0%) 
areas                    2/1024           16/8192     ( 0.2%) 
surfedges              306/512000       1224/2048000  ( 0.1%) 
edges                  158/256000        632/1024000  ( 0.1%) 
LDR worldlights          0/16384           0/1441792  ( 0.0%) 
HDR worldlights          2/16384         176/1441792  ( 0.0%) 
leafwaterdata            0/32768           0/393216   ( 0.0%) 
waterstrips              0/131072          0/1310720  ( 0.0%) 
waterverts               0/131072          0/1572864  ( 0.0%) 
waterindices             0/131072          0/262144   ( 0.0%) 
cubemapsamples           0/1024            0/16384    ( 0.0%) 
overlays                 0/1024            0/360448   ( 0.0%) 
LDR lightdata         [variable]           0/0        ( 0.0%) 
HDR lightdata         [variable]       74368/0        ( 0.0%) 
visdata               [variable]         124/16777216 ( 0.0%) 
entdata               [variable]        6096/393216   ( 1.6%) 
LDR ambient table       33/65536         132/262144   ( 0.1%) 
HDR ambient table       33/65536         132/262144   ( 0.1%) 
LDR leaf ambient        33/65536         924/1835008  ( 0.1%) 
HDR leaf ambient       136/65536        3808/1835008  ( 0.2%) 
occluders                0/0               0/0        ( 0.0%) 
occluder polygons        0/0               0/0        ( 0.0%) 
occluder vert ind        0/0               0/0        ( 0.0%) 
detail props          [variable]           1/12       ( 8.3%) 
static props          [variable]           1/12       ( 8.3%) 
pakfile               [variable]       87083/0        ( 0.0%) 
physics               [variable]        3030/4194304  ( 0.1%) 
physics terrain       [variable]           2/1048576  ( 0.0%) 

Level flags = 2

Total triangle count: 142
Writing c:\program files (x86)\steam\steamapps\sourcemods\gigabuilder\mapsrc\personal\ian\gb_sandbox.bsp
0 seconds elapsed



materialPath: C:\Program Files (x86)\Steam\steamapps\sourcemods\GigaBuilder\materials
Loading C:\Program Files (x86)\Steam\steamapps\sourcemods\GigaBuilder\mapsrc\personal\ian\gb_sandbox.vmf
Map revision 11
Could not locate GameData file 
Patching WVT material: maps/gb_sandbox/nature/blendgrassdirt01_wvt_patch
fixing up env_cubemap materials on brush sides...
0...1...2...3...4...5...6...7...8...9...100...1...2...3...4...5...6...7...8...9...10Processing areas...done (0)
Building Faces...done (0)
FixTjuncs...
PruneNodes...
WriteBSP...
done (0)
writing C:\Program Files (x86)\Steam\steamapps\sourcemods\GigaBuilder\mapsrc\personal\ian\gb_sandbox.prt...Building visibility clusters...
done (0)
Finding displacement neighbors...
Finding lightmap sample positions...
Displacement Alpha : 0...1...2...3...4...5...6...7...8...9...10
Building Physics collision data...
done (0) (3030 bytes)
Placing detail props : 0...1...2...3...4...5...6...7...8...9...10
Compacting texture/material tables...
Reduced 20 texinfos to 7
Reduced 4 texdatas to 3 (111 bytes to 87)
Writing C:\Program Files (x86)\Steam\steamapps\sourcemods\GigaBuilder\mapsrc\personal\ian\gb_sandbox.bsp
0 seconds elapsed



16 threads
reading c:\program files (x86)\steam\steamapps\sourcemods\gigabuilder\mapsrc\personal\ian\gb_sandbox.bsp
reading c:\program files (x86)\steam\steamapps\sourcemods\gigabuilder\mapsrc\personal\ian\gb_sandbox.prt
  10 portalclusters
  20 numportals
0...1...2...3...4...5...6...7...8...9...100...1...2...3...4...5...6...7...8...9...10Optimized: 0 visible clusters (0.00%)
Total clusters visible: 92
Average clusters visible: 9
Building PAS...
Average clusters audible: 10
visdatasize:124  compressed from 160
writing c:\program files (x86)\steam\steamapps\sourcemods\gigabuilder\mapsrc\personal\ian\gb_sandbox.bsp
0 seconds elapsed



[Reading texlights from 'lights.rad']
[48 texlights parsed from 'lights.rad']

Loading c:\program files (x86)\steam\steamapps\sourcemods\gigabuilder\mapsrc\personal\ian\gb_sandbox.bsp
56 faces
98964 square feet [14250931.00 square inches]
0 Displacements
0 Square Feet [0.00 Square Inches]
56 patches before subdivision
3136 patches after subdivision
2 direct lights
0...1...2...3...4...5...6...7...8...9...100...1...2...3...4...5...6...7...8...9...10transfers 32222, max 150
transfer lists:   0.2 megs
0...1...2...3...4...5...6...7...8...9...10	Bounce #1 added RGB(267, 237, 108)
0...1...2...3...4...5...6...7...8...9...10	Bounce #2 added RGB(6, 4, 1)
0...1...2...3...4...5...6...7...8...9...10	Bounce #3 added RGB(0, 0, 0)
Build Patch/Sample Hash Table(s).....Done<0.0006 sec>
0...1...2...3...4...5...6...7...8...9...10FinalLightFace Done
0 of 0 (0% of) surface lights went in leaf ambient cubes.
0...1...2...3...4...5...6...7...8...9...10Writing leaf ambient...done
Ready to Finish

Object names       Objects/Maxobjs  Memory / Maxmem  Fullness 
------------       ---------------  ---------------  -------- 
models                   1/4096           48/196608   ( 0.0%) 
brushes                  8/32768          96/393216   ( 0.0%) 
brushsides              49/65536         392/524288   ( 0.1%) 
planes                  54/65536        1080/1310720  ( 0.1%) 
vertexes                80/65536         960/786432   ( 0.1%) 
nodes                   31/65536         992/2097152  ( 0.0%) 
texinfos                 7/12288         504/884736   ( 0.1%) 
texdata                  3/2048           96/65536    ( 0.1%) 
dispinfos                0/0               0/0        ( 0.0%) 
disp_verts               0/0               0/0        ( 0.0%) 
disp_tris                0/0               0/0        ( 0.0%) 
disp_lmsamples           0/0               0/0        ( 0.0%) 
faces                   56/65536        3136/3670016  ( 0.1%) 
hdr faces               56/65536        3136/3670016  ( 0.1%) 
origfaces               13/65536         728/3670016  ( 0.0%) 
leaves                  33/65536        1056/2097152  ( 0.1%) 
leaffaces               62/65536         124/131072   ( 0.1%) 
leafbrushes             20/65536          40/131072   ( 0.0%) 
areas                    2/1024           16/8192     ( 0.2%) 
surfedges              306/512000       1224/2048000  ( 0.1%) 
edges                  158/256000        632/1024000  ( 0.1%) 
LDR worldlights          0/16384           0/1441792  ( 0.0%) 
HDR worldlights          2/16384         176/1441792  ( 0.0%) 
leafwaterdata            0/32768           0/393216   ( 0.0%) 
waterstrips              0/131072          0/1310720  ( 0.0%) 
waterverts               0/131072          0/1572864  ( 0.0%) 
waterindices             0/131072          0/262144   ( 0.0%) 
cubemapsamples           0/1024            0/16384    ( 0.0%) 
overlays                 0/1024            0/360448   ( 0.0%) 
LDR lightdata         [variable]           0/0        ( 0.0%) 
HDR lightdata         [variable]       74368/0        ( 0.0%) 
visdata               [variable]         124/16777216 ( 0.0%) 
entdata               [variable]        6365/393216   ( 1.6%) 
LDR ambient table       33/65536         132/262144   ( 0.1%) 
HDR ambient table       33/65536         132/262144   ( 0.1%) 
LDR leaf ambient        33/65536         924/1835008  ( 0.1%) 
HDR leaf ambient       136/65536        3808/1835008  ( 0.2%) 
occluders                0/0               0/0        ( 0.0%) 
occluder polygons        0/0               0/0        ( 0.0%) 
occluder vert ind        0/0               0/0        ( 0.0%) 
detail props          [variable]           1/12       ( 8.3%) 
static props          [variable]           1/12       ( 8.3%) 
pakfile               [variable]       87083/0        ( 0.0%) 
physics               [variable]        3030/4194304  ( 0.1%) 
physics terrain       [variable]           2/1048576  ( 0.0%) 

Level flags = 2

Total triangle count: 142
Writing c:\program files (x86)\steam\steamapps\sourcemods\gigabuilder\mapsrc\personal\ian\gb_sandbox.bsp
0 seconds elapsed



materialPath: C:\Program Files (x86)\Steam\steamapps\sourcemods\GigaBuilder\materials
Loading C:\Program Files (x86)\Steam\steamapps\sourcemods\GigaBuilder\mapsrc\personal\ian\gb_sandbox.vmf
Map revision 12
Could not locate GameData file 
Patching WVT material: maps/gb_sandbox/nature/blendgrassdirt01_wvt_patch
fixing up env_cubemap materials on brush sides...
0...1...2...3...4...5...6...7...8...9...100...1...2...3...4...5...6...7...8...9...10Processing areas...done (0)
Building Faces...done (0)
FixTjuncs...
PruneNodes...
WriteBSP...
done (0)
writing C:\Program Files (x86)\Steam\steamapps\sourcemods\GigaBuilder\mapsrc\personal\ian\gb_sandbox.prt...Building visibility clusters...
done (0)
Finding displacement neighbors...
Finding lightmap sample positions...
Displacement Alpha : 0...1...2...3...4...5...6...7...8...9...10
Building Physics collision data...
done (0) (3030 bytes)
Placing detail props : 0...1...2...3...4...5...6...7...8...9...10
Compacting texture/material tables...
Reduced 20 texinfos to 7
Reduced 4 texdatas to 3 (111 bytes to 87)
Writing C:\Program Files (x86)\Steam\steamapps\sourcemods\GigaBuilder\mapsrc\personal\ian\gb_sandbox.bsp
0 seconds elapsed



16 threads
reading c:\program files (x86)\steam\steamapps\sourcemods\gigabuilder\mapsrc\personal\ian\gb_sandbox.bsp
reading c:\program files (x86)\steam\steamapps\sourcemods\gigabuilder\mapsrc\personal\ian\gb_sandbox.prt
  10 portalclusters
  20 numportals
0...1...2...3...4...5...6...7...8...9...100...1...2...3...4...5...6...7...8...9...10Optimized: 0 visible clusters (0.00%)
Total clusters visible: 92
Average clusters visible: 9
Building PAS...
Average clusters audible: 10
visdatasize:124  compressed from 160
writing c:\program files (x86)\steam\steamapps\sourcemods\gigabuilder\mapsrc\personal\ian\gb_sandbox.bsp
0 seconds elapsed



[Reading texlights from 'lights.rad']
[48 texlights parsed from 'lights.rad']

Loading c:\program files (x86)\steam\steamapps\sourcemods\gigabuilder\mapsrc\personal\ian\gb_sandbox.bsp
56 faces
98964 square feet [14250931.00 square inches]
0 Displacements
0 Square Feet [0.00 Square Inches]
56 patches before subdivision
3136 patches after subdivision
2 direct lights
0...1...2...3...4...5...6...7...8...9...100...1...2...3...4...5...6...7...8...9...10transfers 32222, max 150
transfer lists:   0.2 megs
0...1...2...3...4...5...6...7...8...9...10	Bounce #1 added RGB(267, 237, 108)
0...1...2...3...4...5...6...7...8...9...10	Bounce #2 added RGB(6, 4, 1)
0...1...2...3...4...5...6...7...8...9...10	Bounce #3 added RGB(0, 0, 0)
Build Patch/Sample Hash Table(s).....Done<0.0006 sec>
0...1...2...3...4...5...6...7...8...9...10FinalLightFace Done
0 of 0 (0% of) surface lights went in leaf ambient cubes.
0...1...2...3...4...5...6...7...8...9...10Writing leaf ambient...done
Ready to Finish

Object names       Objects/Maxobjs  Memory / Maxmem  Fullness 
------------       ---------------  ---------------  -------- 
models                   1/4096           48/196608   ( 0.0%) 
brushes                  8/32768          96/393216   ( 0.0%) 
brushsides              49/65536         392/524288   ( 0.1%) 
planes                  54/65536        1080/1310720  ( 0.1%) 
vertexes                80/65536         960/786432   ( 0.1%) 
nodes                   31/65536         992/2097152  ( 0.0%) 
texinfos                 7/12288         504/884736   ( 0.1%) 
texdata                  3/2048           96/65536    ( 0.1%) 
dispinfos                0/0               0/0        ( 0.0%) 
disp_verts               0/0               0/0        ( 0.0%) 
disp_tris                0/0               0/0        ( 0.0%) 
disp_lmsamples           0/0               0/0        ( 0.0%) 
faces                   56/65536        3136/3670016  ( 0.1%) 
hdr faces               56/65536        3136/3670016  ( 0.1%) 
origfaces               13/65536         728/3670016  ( 0.0%) 
leaves                  33/65536        1056/2097152  ( 0.1%) 
leaffaces               62/65536         124/131072   ( 0.1%) 
leafbrushes             20/65536          40/131072   ( 0.0%) 
areas                    2/1024           16/8192     ( 0.2%) 
surfedges              306/512000       1224/2048000  ( 0.1%) 
edges                  158/256000        632/1024000  ( 0.1%) 
LDR worldlights          0/16384           0/1441792  ( 0.0%) 
HDR worldlights          2/16384         176/1441792  ( 0.0%) 
leafwaterdata            0/32768           0/393216   ( 0.0%) 
waterstrips              0/131072          0/1310720  ( 0.0%) 
waterverts               0/131072          0/1572864  ( 0.0%) 
waterindices             0/131072          0/262144   ( 0.0%) 
cubemapsamples           0/1024            0/16384    ( 0.0%) 
overlays                 0/1024            0/360448   ( 0.0%) 
LDR lightdata         [variable]           0/0        ( 0.0%) 
HDR lightdata         [variable]       74368/0        ( 0.0%) 
visdata               [variable]         124/16777216 ( 0.0%) 
entdata               [variable]        6361/393216   ( 1.6%) 
LDR ambient table       33/65536         132/262144   ( 0.1%) 
HDR ambient table       33/65536         132/262144   ( 0.1%) 
LDR leaf ambient        33/65536         924/1835008  ( 0.1%) 
HDR leaf ambient       136/65536        3808/1835008  ( 0.2%) 
occluders                0/0               0/0        ( 0.0%) 
occluder polygons        0/0               0/0        ( 0.0%) 
occluder vert ind        0/0               0/0        ( 0.0%) 
detail props          [variable]           1/12       ( 8.3%) 
static props          [variable]           1/12       ( 8.3%) 
pakfile               [variable]       87083/0        ( 0.0%) 
physics               [variable]        3030/4194304  ( 0.1%) 
physics terrain       [variable]           2/1048576  ( 0.0%) 

Level flags = 2

Total triangle count: 142
Writing c:\program files (x86)\steam\steamapps\sourcemods\gigabuilder\mapsrc\personal\ian\gb_sandbox.bsp
0 seconds elapsed



materialPath: C:\Program Files (x86)\Steam\steamapps\sourcemods\GigaBuilder\materials
Loading C:\Program Files (x86)\Steam\steamapps\sourcemods\GigaBuilder\mapsrc\personal\ian\gb_sandbox.vmf
Map revision 13
Could not locate GameData file 
Patching WVT material: maps/gb_sandbox/nature/blendgrassdirt01_wvt_patch
fixing up env_cubemap materials on brush sides...
0...1...2...3...4...5...6...7...8...9...100...1...2...3...4...5...6...7...8...9...10Processing areas...done (0)
Building Faces...done (0)
FixTjuncs...
PruneNodes...
WriteBSP...
done (0)
writing C:\Program Files (x86)\Steam\steamapps\sourcemods\GigaBuilder\mapsrc\personal\ian\gb_sandbox.prt...Building visibility clusters...
done (0)
Finding displacement neighbors...
Finding lightmap sample positions...
Displacement Alpha : 0...1...2...3...4...5...6...7...8...9...10
Building Physics collision data...
done (0) (3030 bytes)
Placing detail props : 0...1...2...3...4...5...6...7...8...9...10
Compacting texture/material tables...
Reduced 20 texinfos to 7
Reduced 4 texdatas to 3 (111 bytes to 87)
Writing C:\Program Files (x86)\Steam\steamapps\sourcemods\GigaBuilder\mapsrc\personal\ian\gb_sandbox.bsp
0 seconds elapsed



16 threads
reading c:\program files (x86)\steam\steamapps\sourcemods\gigabuilder\mapsrc\personal\ian\gb_sandbox.bsp
reading c:\program files (x86)\steam\steamapps\sourcemods\gigabuilder\mapsrc\personal\ian\gb_sandbox.prt
  10 portalclusters
  20 numportals
0...1...2...3...4...5...6...7...8...9...100...1...2...3...4...5...6...7...8...9...10Optimized: 0 visible clusters (0.00%)
Total clusters visible: 92
Average clusters visible: 9
Building PAS...
Average clusters audible: 10
visdatasize:124  compressed from 160
writing c:\program files (x86)\steam\steamapps\sourcemods\gigabuilder\mapsrc\personal\ian\gb_sandbox.bsp
0 seconds elapsed



[Reading texlights from 'lights.rad']
[48 texlights parsed from 'lights.rad']

Loading c:\program files (x86)\steam\steamapps\sourcemods\gigabuilder\mapsrc\personal\ian\gb_sandbox.bsp
56 faces
98964 square feet [14250931.00 square inches]
0 Displacements
0 Square Feet [0.00 Square Inches]
56 patches before subdivision
3136 patches after subdivision
2 direct lights
0...1...2...3...4...5...6...7...8...9...100...1...2...3...4...5...6...7...8...9...10transfers 32222, max 150
transfer lists:   0.2 megs
0...1...2...3...4...5...6...7...8...9...10	Bounce #1 added RGB(267, 237, 108)
0...1...2...3...4...5...6...7...8...9...10	Bounce #2 added RGB(6, 4, 1)
0...1...2...3...4...5...6...7...8...9...10	Bounce #3 added RGB(0, 0, 0)
Build Patch/Sample Hash Table(s).....Done<0.0006 sec>
0...1...2...3...4...5...6...7...8...9...10FinalLightFace Done
0 of 0 (0% of) surface lights went in leaf ambient cubes.
0...1...2...3...4...5...6...7...8...9...10Writing leaf ambient...done
Ready to Finish

Object names       Objects/Maxobjs  Memory / Maxmem  Fullness 
------------       ---------------  ---------------  -------- 
models                   1/4096           48/196608   ( 0.0%) 
brushes                  8/32768          96/393216   ( 0.0%) 
brushsides              49/65536         392/524288   ( 0.1%) 
planes                  54/65536        1080/1310720  ( 0.1%) 
vertexes                80/65536         960/786432   ( 0.1%) 
nodes                   31/65536         992/2097152  ( 0.0%) 
texinfos                 7/12288         504/884736   ( 0.1%) 
texdata                  3/2048           96/65536    ( 0.1%) 
dispinfos                0/0               0/0        ( 0.0%) 
disp_verts               0/0               0/0        ( 0.0%) 
disp_tris                0/0               0/0        ( 0.0%) 
disp_lmsamples           0/0               0/0        ( 0.0%) 
faces                   56/65536        3136/3670016  ( 0.1%) 
hdr faces               56/65536        3136/3670016  ( 0.1%) 
origfaces               13/65536         728/3670016  ( 0.0%) 
leaves                  33/65536        1056/2097152  ( 0.1%) 
leaffaces               62/65536         124/131072   ( 0.1%) 
leafbrushes             20/65536          40/131072   ( 0.0%) 
areas                    2/1024           16/8192     ( 0.2%) 
surfedges              306/512000       1224/2048000  ( 0.1%) 
edges                  158/256000        632/1024000  ( 0.1%) 
LDR worldlights          0/16384           0/1441792  ( 0.0%) 
HDR worldlights          2/16384         176/1441792  ( 0.0%) 
leafwaterdata            0/32768           0/393216   ( 0.0%) 
waterstrips              0/131072          0/1310720  ( 0.0%) 
waterverts               0/131072          0/1572864  ( 0.0%) 
waterindices             0/131072          0/262144   ( 0.0%) 
cubemapsamples           0/1024            0/16384    ( 0.0%) 
overlays                 0/1024            0/360448   ( 0.0%) 
LDR lightdata         [variable]           0/0        ( 0.0%) 
HDR lightdata         [variable]       74368/0        ( 0.0%) 
visdata               [variable]         124/16777216 ( 0.0%) 
entdata               [variable]        6964/393216   ( 1.8%) 
LDR ambient table       33/65536         132/262144   ( 0.1%) 
HDR ambient table       33/65536         132/262144   ( 0.1%) 
LDR leaf ambient        33/65536         924/1835008  ( 0.1%) 
HDR leaf ambient       136/65536        3808/1835008  ( 0.2%) 
occluders                0/0               0/0        ( 0.0%) 
occluder polygons        0/0               0/0        ( 0.0%) 
occluder vert ind        0/0               0/0        ( 0.0%) 
detail props          [variable]           1/12       ( 8.3%) 
static props          [variable]           1/12       ( 8.3%) 
pakfile               [variable]       87083/0        ( 0.0%) 
physics               [variable]        3030/4194304  ( 0.1%) 
physics terrain       [variable]           2/1048576  ( 0.0%) 

Level flags = 2

Total triangle count: 142
Writing c:\program files (x86)\steam\steamapps\sourcemods\gigabuilder\mapsrc\personal\ian\gb_sandbox.bsp
0 seconds elapsed



materialPath: C:\Program Files (x86)\Steam\steamapps\sourcemods\GigaBuilder\materials
Loading C:\Program Files (x86)\Steam\steamapps\sourcemods\GigaBuilder\mapsrc\personal\ian\gb_sandbox.vmf
Map revision 15
Could not locate GameData file 
Patching WVT material: maps/gb_sandbox/nature/blendgrassdirt01_wvt_patch
fixing up env_cubemap materials on brush sides...
0...1...2...3...4...5...6...7...8...9...100...1...2...3...4...5...6...7...8...9...10Processing areas...done (0)
Building Faces...done (0)
FixTjuncs...
PruneNodes...
WriteBSP...
done (0)
writing C:\Program Files (x86)\Steam\steamapps\sourcemods\GigaBuilder\mapsrc\personal\ian\gb_sandbox.prt...Building visibility clusters...
done (0)
Finding displacement neighbors...
Finding lightmap sample positions...
Displacement Alpha : 0...1...2...3...4...5...6...7...8...9...10
Building Physics collision data...
done (0) (3981 bytes)
Placing detail props : 0...1...2...3...4...5...6...7...8...9...10
Compacting texture/material tables...
Reduced 29 texinfos to 13
Reduced 5 texdatas to 4 (132 bytes to 108)
Writing C:\Program Files (x86)\Steam\steamapps\sourcemods\GigaBuilder\mapsrc\personal\ian\gb_sandbox.bsp
0 seconds elapsed



16 threads
reading c:\program files (x86)\steam\steamapps\sourcemods\gigabuilder\mapsrc\personal\ian\gb_sandbox.bsp
reading c:\program files (x86)\steam\steamapps\sourcemods\gigabuilder\mapsrc\personal\ian\gb_sandbox.prt
  14 portalclusters
  32 numportals
0...1...2...3...4...5...6...7...8...9...100...1...2...3...4...5...6...7...8...9...10Optimized: 0 visible clusters (0.00%)
Total clusters visible: 188
Average clusters visible: 13
Building PAS...
Average clusters audible: 14
visdatasize:172  compressed from 224
writing c:\program files (x86)\steam\steamapps\sourcemods\gigabuilder\mapsrc\personal\ian\gb_sandbox.bsp
0 seconds elapsed



[Reading texlights from 'lights.rad']
[48 texlights parsed from 'lights.rad']

Loading c:\program files (x86)\steam\steamapps\sourcemods\gigabuilder\mapsrc\personal\ian\gb_sandbox.bsp
73 faces
99637 square feet [14347797.00 square inches]
0 Displacements
0 Square Feet [0.00 Square Inches]
73 patches before subdivision
3263 patches after subdivision
2 direct lights
0...1...2...3...4...5...6...7...8...9...100...1...2...3...4...5...6...7...8...9...10transfers 43700, max 157
transfer lists:   0.3 megs
0...1...2...3...4...5...6...7...8...9...10	Bounce #1 added RGB(416, 347, 173)
0...1...2...3...4...5...6...7...8...9...10	Bounce #2 added RGB(12, 7, 2)
0...1...2...3...4...5...6...7...8...9...10	Bounce #3 added RGB(0, 0, 0)
Build Patch/Sample Hash Table(s).....Done<0.0006 sec>
0...1...2...3...4...5...6...7...8...9...10FinalLightFace Done
0 of 0 (0% of) surface lights went in leaf ambient cubes.
0...1...2...3...4...5...6...7...8...9...10Writing leaf ambient...done
Ready to Finish

Object names       Objects/Maxobjs  Memory / Maxmem  Fullness 
------------       ---------------  ---------------  -------- 
models                   2/4096           96/196608   ( 0.0%) 
brushes                 10/32768         120/393216   ( 0.0%) 
brushsides              61/65536         488/524288   ( 0.1%) 
planes                  94/65536        1880/1310720  ( 0.1%) 
vertexes               107/65536        1284/786432   ( 0.2%) 
nodes                   42/65536        1344/2097152  ( 0.1%) 
texinfos                13/12288         936/884736   ( 0.1%) 
texdata                  4/2048          128/65536    ( 0.2%) 
dispinfos                0/0               0/0        ( 0.0%) 
disp_verts               0/0               0/0        ( 0.0%) 
disp_tris                0/0               0/0        ( 0.0%) 
disp_lmsamples           0/0               0/0        ( 0.0%) 
faces                   73/65536        4088/3670016  ( 0.1%) 
hdr faces               73/65536        4088/3670016  ( 0.1%) 
origfaces               24/65536        1344/3670016  ( 0.0%) 
leaves                  45/65536        1440/2097152  ( 0.1%) 
leaffaces               85/65536         170/131072   ( 0.1%) 
leafbrushes             22/65536          44/131072   ( 0.0%) 
areas                    2/1024           16/8192     ( 0.2%) 
surfedges              434/512000       1736/2048000  ( 0.1%) 
edges                  224/256000        896/1024000  ( 0.1%) 
LDR worldlights          0/16384           0/1441792  ( 0.0%) 
HDR worldlights          2/16384         176/1441792  ( 0.0%) 
leafwaterdata            0/32768           0/393216   ( 0.0%) 
waterstrips              3/131072         30/1310720  ( 0.0%) 
waterverts               0/131072          0/1572864  ( 0.0%) 
waterindices            39/131072         78/262144   ( 0.0%) 
cubemapsamples           0/1024            0/16384    ( 0.0%) 
overlays                 0/1024            0/360448   ( 0.0%) 
LDR lightdata         [variable]           0/0        ( 0.0%) 
HDR lightdata         [variable]       77164/0        ( 0.0%) 
visdata               [variable]         172/16777216 ( 0.0%) 
entdata               [variable]        9130/393216   ( 2.3%) 
LDR ambient table       45/65536         180/262144   ( 0.1%) 
HDR ambient table       45/65536         180/262144   ( 0.1%) 
LDR leaf ambient        45/65536        1260/1835008  ( 0.1%) 
HDR leaf ambient       153/65536        4284/1835008  ( 0.2%) 
occluders                0/0               0/0        ( 0.0%) 
occluder polygons        0/0               0/0        ( 0.0%) 
occluder vert ind        0/0               0/0        ( 0.0%) 
detail props          [variable]           1/12       ( 8.3%) 
static props          [variable]           1/12       ( 8.3%) 
pakfile               [variable]       87083/0        ( 0.0%) 
physics               [variable]        3981/4194304  ( 0.1%) 
physics terrain       [variable]           2/1048576  ( 0.0%) 

Level flags = 2

Total triangle count: 192
Writing c:\program files (x86)\steam\steamapps\sourcemods\gigabuilder\mapsrc\personal\ian\gb_sandbox.bsp
0 seconds elapsed



materialPath: C:\Program Files (x86)\Steam\steamapps\sourcemods\GigaBuilder\materials
Loading C:\Program Files (x86)\Steam\steamapps\sourcemods\GigaBuilder\mapsrc\personal\ian\gb_sandbox.vmf
Map revision 16
Could not locate GameData file 
Patching WVT material: maps/gb_sandbox/nature/blendgrassdirt01_wvt_patch
fixing up env_cubemap materials on brush sides...
0...1...2...3...4...5...6...7...8...9...100...1...2...3...4...5...6...7...8...9...10Processing areas...done (0)
Building Faces...done (0)
FixTjuncs...
PruneNodes...
WriteBSP...
done (0)
writing C:\Program Files (x86)\Steam\steamapps\sourcemods\GigaBuilder\mapsrc\personal\ian\gb_sandbox.prt...Building visibility clusters...
done (0)
Finding displacement neighbors...
Finding lightmap sample positions...
Displacement Alpha : 0...1...2...3...4...5...6...7...8...9...10
Building Physics collision data...
done (0) (3981 bytes)
Placing detail props : 0...1...2...3...4...5...6...7...8...9...10
Compacting texture/material tables...
Reduced 29 texinfos to 13
Reduced 5 texdatas to 4 (132 bytes to 108)
Writing C:\Program Files (x86)\Steam\steamapps\sourcemods\GigaBuilder\mapsrc\personal\ian\gb_sandbox.bsp
0 seconds elapsed



16 threads
reading c:\program files (x86)\steam\steamapps\sourcemods\gigabuilder\mapsrc\personal\ian\gb_sandbox.bsp
reading c:\program files (x86)\steam\steamapps\sourcemods\gigabuilder\mapsrc\personal\ian\gb_sandbox.prt
  14 portalclusters
  32 numportals
0...1...2...3...4...5...6...7...8...9...100...1...2...3...4...5...6...7...8...9...10Optimized: 0 visible clusters (0.00%)
Total clusters visible: 188
Average clusters visible: 13
Building PAS...
Average clusters audible: 14
visdatasize:172  compressed from 224
writing c:\program files (x86)\steam\steamapps\sourcemods\gigabuilder\mapsrc\personal\ian\gb_sandbox.bsp
0 seconds elapsed



[Reading texlights from 'lights.rad']
[48 texlights parsed from 'lights.rad']

Loading c:\program files (x86)\steam\steamapps\sourcemods\gigabuilder\mapsrc\personal\ian\gb_sandbox.bsp
73 faces
99637 square feet [14347797.00 square inches]
0 Displacements
0 Square Feet [0.00 Square Inches]
73 patches before subdivision
3263 patches after subdivision
2 direct lights
0...1...2...3...4...5...6...7...8...9...100...1...2...3...4...5...6...7...8...9...10transfers 43700, max 157
transfer lists:   0.3 megs
0...1...2...3...4...5...6...7...8...9...10	Bounce #1 added RGB(416, 347, 173)
0...1...2...3...4...5...6...7...8...9...10	Bounce #2 added RGB(12, 7, 2)
0...1...2...3...4...5...6...7...8...9...10	Bounce #3 added RGB(0, 0, 0)
Build Patch/Sample Hash Table(s).....Done<0.0006 sec>
0...1...2...3...4...5...6...7...8...9...10FinalLightFace Done
0 of 0 (0% of) surface lights went in leaf ambient cubes.
0...1...2...3...4...5...6...7...8...9...10Writing leaf ambient...done
Ready to Finish

Object names       Objects/Maxobjs  Memory / Maxmem  Fullness 
------------       ---------------  ---------------  -------- 
models                   2/4096           96/196608   ( 0.0%) 
brushes                 10/32768         120/393216   ( 0.0%) 
brushsides              61/65536         488/524288   ( 0.1%) 
planes                  94/65536        1880/1310720  ( 0.1%) 
vertexes               107/65536        1284/786432   ( 0.2%) 
nodes                   42/65536        1344/2097152  ( 0.1%) 
texinfos                13/12288         936/884736   ( 0.1%) 
texdata                  4/2048          128/65536    ( 0.2%) 
dispinfos                0/0               0/0        ( 0.0%) 
disp_verts               0/0               0/0        ( 0.0%) 
disp_tris                0/0               0/0        ( 0.0%) 
disp_lmsamples           0/0               0/0        ( 0.0%) 
faces                   73/65536        4088/3670016  ( 0.1%) 
hdr faces               73/65536        4088/3670016  ( 0.1%) 
origfaces               24/65536        1344/3670016  ( 0.0%) 
leaves                  45/65536        1440/2097152  ( 0.1%) 
leaffaces               85/65536         170/131072   ( 0.1%) 
leafbrushes             22/65536          44/131072   ( 0.0%) 
areas                    2/1024           16/8192     ( 0.2%) 
surfedges              434/512000       1736/2048000  ( 0.1%) 
edges                  224/256000        896/1024000  ( 0.1%) 
LDR worldlights          0/16384           0/1441792  ( 0.0%) 
HDR worldlights          2/16384         176/1441792  ( 0.0%) 
leafwaterdata            0/32768           0/393216   ( 0.0%) 
waterstrips              3/131072         30/1310720  ( 0.0%) 
waterverts               0/131072          0/1572864  ( 0.0%) 
waterindices            39/131072         78/262144   ( 0.0%) 
cubemapsamples           0/1024            0/16384    ( 0.0%) 
overlays                 0/1024            0/360448   ( 0.0%) 
LDR lightdata         [variable]           0/0        ( 0.0%) 
HDR lightdata         [variable]       77164/0        ( 0.0%) 
visdata               [variable]         172/16777216 ( 0.0%) 
entdata               [variable]        8808/393216   ( 2.2%) 
LDR ambient table       45/65536         180/262144   ( 0.1%) 
HDR ambient table       45/65536         180/262144   ( 0.1%) 
LDR leaf ambient        45/65536        1260/1835008  ( 0.1%) 
HDR leaf ambient       153/65536        4284/1835008  ( 0.2%) 
occluders                0/0               0/0        ( 0.0%) 
occluder polygons        0/0               0/0        ( 0.0%) 
occluder vert ind        0/0               0/0        ( 0.0%) 
detail props          [variable]           1/12       ( 8.3%) 
static props          [variable]           1/12       ( 8.3%) 
pakfile               [variable]       87083/0        ( 0.0%) 
physics               [variable]        3981/4194304  ( 0.1%) 
physics terrain       [variable]           2/1048576  ( 0.0%) 

Level flags = 2

Total triangle count: 192
Writing c:\program files (x86)\steam\steamapps\sourcemods\gigabuilder\mapsrc\personal\ian\gb_sandbox.bsp
0 seconds elapsed



materialPath: C:\Program Files (x86)\Steam\steamapps\sourcemods\GigaBuilder\materials
Loading C:\Program Files (x86)\Steam\steamapps\sourcemods\GigaBuilder\mapsrc\personal\ian\gb_sandbox.vmf
Map revision 17
Could not locate GameData file 
Patching WVT material: maps/gb_sandbox/nature/blendgrassdirt01_wvt_patch
fixing up env_cubemap materials on brush sides...
0...1...2...3...4...5...6...7...8...9...100...1...2...3...4...5...6...7...8...9...10Processing areas...done (0)
Building Faces...done (0)
FixTjuncs...
PruneNodes...
WriteBSP...
done (0)
writing C:\Program Files (x86)\Steam\steamapps\sourcemods\GigaBuilder\mapsrc\personal\ian\gb_sandbox.prt...Building visibility clusters...
done (0)
Finding displacement neighbors...
Finding lightmap sample positions...
Displacement Alpha : 0...1...2...3...4...5...6...7...8...9...10
Building Physics collision data...
done (0) (3981 bytes)
Placing detail props : 0...1...2...3...4...5...6...7...8...9...10
Compacting texture/material tables...
Reduced 29 texinfos to 13
Reduced 5 texdatas to 4 (132 bytes to 108)
Writing C:\Program Files (x86)\Steam\steamapps\sourcemods\GigaBuilder\mapsrc\personal\ian\gb_sandbox.bsp
0 seconds elapsed



16 threads
reading c:\program files (x86)\steam\steamapps\sourcemods\gigabuilder\mapsrc\personal\ian\gb_sandbox.bsp
reading c:\program files (x86)\steam\steamapps\sourcemods\gigabuilder\mapsrc\personal\ian\gb_sandbox.prt
  14 portalclusters
  32 numportals
0...1...2...3...4...5...6...7...8...9...100...1...2...3...4...5...6...7...8...9...10Optimized: 0 visible clusters (0.00%)
Total clusters visible: 188
Average clusters visible: 13
Building PAS...
Average clusters audible: 14
visdatasize:172  compressed from 224
writing c:\program files (x86)\steam\steamapps\sourcemods\gigabuilder\mapsrc\personal\ian\gb_sandbox.bsp
0 seconds elapsed



[Reading texlights from 'lights.rad']
[48 texlights parsed from 'lights.rad']

Loading c:\program files (x86)\steam\steamapps\sourcemods\gigabuilder\mapsrc\personal\ian\gb_sandbox.bsp
73 faces
99637 square feet [14347797.00 square inches]
0 Displacements
0 Square Feet [0.00 Square Inches]
73 patches before subdivision
3263 patches after subdivision
2 direct lights
0...1...2...3...4...5...6...7...8...9...100...1...2...3...4...5...6...7...8...9...10transfers 43700, max 157
transfer lists:   0.3 megs
0...1...2...3...4...5...6...7...8...9...10	Bounce #1 added RGB(416, 347, 173)
0...1...2...3...4...5...6...7...8...9...10	Bounce #2 added RGB(12, 7, 2)
0...1...2...3...4...5...6...7...8...9...10	Bounce #3 added RGB(0, 0, 0)
Build Patch/Sample Hash Table(s).....Done<0.0006 sec>
0...1...2...3...4...5...6...7...8...9...10FinalLightFace Done
0 of 0 (0% of) surface lights went in leaf ambient cubes.
0...1...2...3...4...5...6...7...8...9...10Writing leaf ambient...done
Ready to Finish

Object names       Objects/Maxobjs  Memory / Maxmem  Fullness 
------------       ---------------  ---------------  -------- 
models                   2/4096           96/196608   ( 0.0%) 
brushes                 10/32768         120/393216   ( 0.0%) 
brushsides              61/65536         488/524288   ( 0.1%) 
planes                  94/65536        1880/1310720  ( 0.1%) 
vertexes               107/65536        1284/786432   ( 0.2%) 
nodes                   42/65536        1344/2097152  ( 0.1%) 
texinfos                13/12288         936/884736   ( 0.1%) 
texdata                  4/2048          128/65536    ( 0.2%) 
dispinfos                0/0               0/0        ( 0.0%) 
disp_verts               0/0               0/0        ( 0.0%) 
disp_tris                0/0               0/0        ( 0.0%) 
disp_lmsamples           0/0               0/0        ( 0.0%) 
faces                   73/65536        4088/3670016  ( 0.1%) 
hdr faces               73/65536        4088/3670016  ( 0.1%) 
origfaces               24/65536        1344/3670016  ( 0.0%) 
leaves                  45/65536        1440/2097152  ( 0.1%) 
leaffaces               85/65536         170/131072   ( 0.1%) 
leafbrushes             22/65536          44/131072   ( 0.0%) 
areas                    2/1024           16/8192     ( 0.2%) 
surfedges              434/512000       1736/2048000  ( 0.1%) 
edges                  224/256000        896/1024000  ( 0.1%) 
LDR worldlights          0/16384           0/1441792  ( 0.0%) 
HDR worldlights          2/16384         176/1441792  ( 0.0%) 
leafwaterdata            0/32768           0/393216   ( 0.0%) 
waterstrips              3/131072         30/1310720  ( 0.0%) 
waterverts               0/131072          0/1572864  ( 0.0%) 
waterindices            39/131072         78/262144   ( 0.0%) 
cubemapsamples           0/1024            0/16384    ( 0.0%) 
overlays                 0/1024            0/360448   ( 0.0%) 
LDR lightdata         [variable]           0/0        ( 0.0%) 
HDR lightdata         [variable]       77164/0        ( 0.0%) 
visdata               [variable]         172/16777216 ( 0.0%) 
entdata               [variable]        8944/393216   ( 2.3%) 
LDR ambient table       45/65536         180/262144   ( 0.1%) 
HDR ambient table       45/65536         180/262144   ( 0.1%) 
LDR leaf ambient        45/65536        1260/1835008  ( 0.1%) 
HDR leaf ambient       153/65536        4284/1835008  ( 0.2%) 
occluders                0/0               0/0        ( 0.0%) 
occluder polygons        0/0               0/0        ( 0.0%) 
occluder vert ind        0/0               0/0        ( 0.0%) 
detail props          [variable]           1/12       ( 8.3%) 
static props          [variable]           1/12       ( 8.3%) 
pakfile               [variable]       87083/0        ( 0.0%) 
physics               [variable]        3981/4194304  ( 0.1%) 
physics terrain       [variable]           2/1048576  ( 0.0%) 

Level flags = 2

Total triangle count: 192
Writing c:\program files (x86)\steam\steamapps\sourcemods\gigabuilder\mapsrc\personal\ian\gb_sandbox.bsp
0 seconds elapsed
