PRT1
40
99
4 1 19 (0 256 0 ) (0 192 0 ) (0 192 256 ) (0 256 256 ) 
4 1 18 (0 192 0 ) (0 256 0 ) (512 256 0 ) (512 192 0 ) 
4 1 3 (192 192 128 ) (192 192 256 ) (0 192 256 ) (0 192 128 ) 
4 1 2 (192 192 0 ) (512 192 0 ) (512 192 256 ) (192 192 256 ) 
4 2 18 (192 192 0 ) (512 192 0 ) (512 128 0 ) (192 128 0 ) 
4 2 4 (192 128 0 ) (512 128 0 ) (512 128 256 ) (192 128 256 ) 
4 2 3 (192 192 256 ) (192 192 128 ) (192 128 128 ) (192 128 256 ) 
4 3 20 (0 128 128 ) (0 128 256 ) (0 192 256 ) (0 192 128 ) 
4 3 4 (192 128 128 ) (192 128 256 ) (0 128 256 ) (0 128 128 ) 
4 4 23 (0 128 0 ) (0 40 0 ) (0 40 256 ) (0 128 256 ) 
4 4 18 (0 40 0 ) (0 128 0 ) (512 128 0 ) (512 40 0 ) 
4 4 17 (0 40 40 ) (0 40 0 ) (168 40 0 ) (168 40 40 ) 
4 4 14 (172 40 40 ) (188 40 40 ) (188 40 256 ) (172 40 256 ) 
4 4 13 (188 40 40 ) (256 40 40 ) (256 40 256 ) (188 40 256 ) 
4 4 16 (0 40 256 ) (0 40 40 ) (172 40 40 ) (172 40 256 ) 
4 4 12 (260 40 36 ) (260 40 256 ) (256 40 256 ) (256 40 36 ) 
4 4 11 (264 40 32 ) (264 40 256 ) (260 40 256 ) (260 40 32 ) 
4 4 10 (268 40 28 ) (268 40 256 ) (264 40 256 ) (264 40 28 ) 
4 4 9 (272 40 24 ) (272 40 256 ) (268 40 256 ) (268 40 24 ) 
4 4 8 (276 40 20 ) (276 40 256 ) (272 40 256 ) (272 40 20 ) 
4 4 7 (280 40 16 ) (280 40 256 ) (276 40 256 ) (276 40 16 ) 
4 4 6 (284 40 12 ) (284 40 256 ) (280 40 256 ) (280 40 12 ) 
4 4 5 (284 40 0 ) (512 40 0 ) (512 40 256 ) (284 40 256 ) 
4 5 24 (512 0 256 ) (284 0 256 ) (284 0 0 ) (512 0 0 ) 
4 5 18 (512 0 0 ) (284 0 0 ) (284 40 0 ) (512 40 0 ) 
4 5 6 (284 0 256 ) (284 40 256 ) (284 40 12 ) (284 0 12 ) 
4 6 25 (284 0 256 ) (280 0 256 ) (280 0 12 ) (284 0 12 ) 
4 6 7 (280 0 256 ) (280 40 256 ) (280 40 16 ) (280 0 16 ) 
4 7 26 (280 0 256 ) (276 0 256 ) (276 0 16 ) (280 0 16 ) 
4 7 8 (276 0 256 ) (276 40 256 ) (276 40 20 ) (276 0 20 ) 
4 8 27 (276 0 256 ) (272 0 256 ) (272 0 20 ) (276 0 20 ) 
4 8 9 (272 0 256 ) (272 40 256 ) (272 40 24 ) (272 0 24 ) 
4 9 28 (272 0 256 ) (268 0 256 ) (268 0 24 ) (272 0 24 ) 
4 9 10 (268 0 256 ) (268 40 256 ) (268 40 28 ) (268 0 28 ) 
4 10 29 (268 0 256 ) (264 0 256 ) (264 0 28 ) (268 0 28 ) 
4 10 11 (264 0 256 ) (264 40 256 ) (264 40 32 ) (264 0 32 ) 
4 11 30 (264 0 256 ) (260 0 256 ) (260 0 32 ) (264 0 32 ) 
4 11 12 (260 0 256 ) (260 40 256 ) (260 40 36 ) (260 0 36 ) 
4 12 31 (260 0 256 ) (256 0 256 ) (256 0 36 ) (260 0 36 ) 
4 12 13 (256 0 256 ) (256 40 256 ) (256 40 40 ) (256 0 40 ) 
4 13 32 (256 0 256 ) (188 0 256 ) (188 0 40 ) (256 0 40 ) 
4 13 15 (188 0 56 ) (188 0 256 ) (188 32 256 ) (188 32 56 ) 
4 13 14 (188 40 40 ) (188 32 40 ) (188 32 256 ) (188 40 256 ) 
4 14 15 (172 32 256 ) (172 32 56 ) (188 32 56 ) (188 32 256 ) 
4 14 16 (172 40 40 ) (172 32 40 ) (172 32 256 ) (172 40 256 ) 
4 15 33 (188 0 256 ) (172 0 256 ) (172 0 56 ) (188 0 56 ) 
4 15 16 (172 0 56 ) (172 0 256 ) (172 32 256 ) (172 32 56 ) 
4 16 35 (172 0 256 ) (0 0 256 ) (0 0 40 ) (172 0 40 ) 
4 16 23 (0 0 40 ) (0 0 256 ) (0 40 256 ) (0 40 40 ) 
4 16 17 (0 0 40 ) (0 40 40 ) (168 40 40 ) (168 0 40 ) 
4 17 36 (0 0 40 ) (0 0 0 ) (168 0 0 ) (168 0 40 ) 
4 17 23 (0 0 0 ) (0 0 40 ) (0 40 40 ) (0 40 0 ) 
4 17 18 (168 0 0 ) (0 0 0 ) (0 40 0 ) (168 40 0 ) 
4 18 38 (512 0 0 ) (0 0 0 ) (0 0 -256 ) (512 0 -256 ) 
4 18 23 (0 0 -256 ) (0 0 0 ) (0 128 0 ) (0 128 -256 ) 
4 18 21 (0 128 0 ) (0 192 0 ) (0 192 -256 ) (0 128 -256 ) 
4 18 19 (0 192 0 ) (0 256 0 ) (0 256 -256 ) (0 192 -256 ) 
4 19 22 (-512 192 -256 ) (-192 192 -256 ) (-192 192 256 ) (-512 192 256 ) 
4 19 21 (-192 192 -256 ) (0 192 -256 ) (0 192 0 ) (-192 192 0 ) 
4 19 20 (0 192 128 ) (0 192 256 ) (-192 192 256 ) (-192 192 128 ) 
4 20 23 (0 128 128 ) (0 128 256 ) (-192 128 256 ) (-192 128 128 ) 
4 20 22 (-192 192 256 ) (-192 192 128 ) (-192 128 128 ) (-192 128 256 ) 
4 21 23 (-192 128 -256 ) (0 128 -256 ) (0 128 0 ) (-192 128 0 ) 
4 21 22 (-192 192 0 ) (-192 192 -256 ) (-192 128 -256 ) (-192 128 0 ) 
4 22 23 (-512 128 -256 ) (-192 128 -256 ) (-192 128 256 ) (-512 128 256 ) 
4 23 39 (0 0 -256 ) (0 0 256 ) (-512 0 256 ) (-512 0 -256 ) 
4 24 38 (284 0 0 ) (512 0 0 ) (512 -40 0 ) (284 -40 0 ) 
4 24 37 (284 -40 0 ) (512 -40 0 ) (512 -40 256 ) (284 -40 256 ) 
4 24 25 (284 -40 12 ) (284 -40 256 ) (284 0 256 ) (284 0 12 ) 
4 25 37 (284 -40 12 ) (284 -40 256 ) (280 -40 256 ) (280 -40 12 ) 
4 25 26 (280 -40 16 ) (280 -40 256 ) (280 0 256 ) (280 0 16 ) 
4 26 37 (280 -40 16 ) (280 -40 256 ) (276 -40 256 ) (276 -40 16 ) 
4 26 27 (276 -40 20 ) (276 -40 256 ) (276 0 256 ) (276 0 20 ) 
4 27 37 (276 -40 20 ) (276 -40 256 ) (272 -40 256 ) (272 -40 20 ) 
4 27 28 (272 -40 24 ) (272 -40 256 ) (272 0 256 ) (272 0 24 ) 
4 28 37 (272 -40 24 ) (272 -40 256 ) (268 -40 256 ) (268 -40 24 ) 
4 28 29 (268 -40 28 ) (268 -40 256 ) (268 0 256 ) (268 0 28 ) 
4 29 37 (268 -40 28 ) (268 -40 256 ) (264 -40 256 ) (264 -40 28 ) 
4 29 30 (264 -40 32 ) (264 -40 256 ) (264 0 256 ) (264 0 32 ) 
4 30 37 (264 -40 32 ) (264 -40 256 ) (260 -40 256 ) (260 -40 32 ) 
4 30 31 (260 -40 36 ) (260 -40 256 ) (260 0 256 ) (260 0 36 ) 
4 31 37 (260 -40 36 ) (260 -40 256 ) (256 -40 256 ) (256 -40 36 ) 
4 31 32 (256 -40 40 ) (256 -40 256 ) (256 0 256 ) (256 0 40 ) 
4 32 37 (256 -40 40 ) (256 -40 256 ) (188 -40 256 ) (188 -40 40 ) 
4 32 33 (188 -32 56 ) (188 -32 256 ) (188 0 256 ) (188 0 56 ) 
4 32 34 (188 -32 40 ) (188 -40 40 ) (188 -40 256 ) (188 -32 256 ) 
4 33 34 (172 -32 256 ) (172 -32 56 ) (188 -32 56 ) (188 -32 256 ) 
4 33 35 (172 -32 56 ) (172 -32 256 ) (172 0 256 ) (172 0 56 ) 
4 34 37 (188 -40 256 ) (172 -40 256 ) (172 -40 40 ) (188 -40 40 ) 
4 34 35 (172 -32 40 ) (172 -40 40 ) (172 -40 256 ) (172 -32 256 ) 
4 35 39 (0 0 256 ) (0 0 40 ) (0 -40 40 ) (0 -40 256 ) 
4 35 37 (172 -40 256 ) (0 -40 256 ) (0 -40 40 ) (172 -40 40 ) 
4 35 36 (0 0 40 ) (168 0 40 ) (168 -40 40 ) (0 -40 40 ) 
4 36 39 (0 0 40 ) (0 0 0 ) (0 -40 0 ) (0 -40 40 ) 
4 36 38 (0 -40 0 ) (0 0 0 ) (168 0 0 ) (168 -40 0 ) 
4 36 37 (0 -40 0 ) (168 -40 0 ) (168 -40 40 ) (0 -40 40 ) 
4 37 39 (0 -40 0 ) (0 -256 0 ) (0 -256 256 ) (0 -40 256 ) 
4 37 38 (0 -256 0 ) (0 -40 0 ) (512 -40 0 ) (512 -256 0 ) 
4 38 39 (0 0 0 ) (0 0 -256 ) (0 -256 -256 ) (0 -256 0 ) 
