PRT1
16
32
4 0 8 (992 0 992 ) (0 0 992 ) (0 0 0 ) (992 0 0 ) 
4 0 4 (0 0 0 ) (0 0 992 ) (0 992 992 ) (0 992 0 ) 
4 0 2 (448 448 0 ) (992 448 0 ) (992 0 0 ) (448 0 0 ) 
4 0 1 (0 448 0 ) (0 992 0 ) (992 992 0 ) (992 448 0 ) 
4 1 5 (0 448 0 ) (0 992 0 ) (0 992 -256 ) (0 448 -256 ) 
4 1 3 (0 448 -256 ) (0 992 -256 ) (992 992 -256 ) (992 448 -256 ) 
4 1 2 (448 448 -256 ) (992 448 -256 ) (992 448 0 ) (448 448 0 ) 
4 2 9 (992 0 0 ) (448 0 0 ) (448 0 -256 ) (992 0 -256 ) 
4 2 3 (992 0 -256 ) (448 0 -256 ) (448 448 -256 ) (992 448 -256 ) 
4 3 11 (992 0 -256 ) (0 0 -256 ) (0 0 -992 ) (992 0 -992 ) 
4 3 7 (0 0 -992 ) (0 0 -256 ) (0 992 -256 ) (0 992 -992 ) 
4 4 12 (0 0 0 ) (0 0 992 ) (-992 0 992 ) (-992 0 0 ) 
4 4 6 (-448 0 0 ) (-992 0 0 ) (-992 992 0 ) (-448 992 0 ) 
4 4 5 (0 992 0 ) (0 448 0 ) (-448 448 0 ) (-448 992 0 ) 
4 5 7 (-448 448 -256 ) (-448 992 -256 ) (0 992 -256 ) (0 448 -256 ) 
4 5 6 (-448 992 -256 ) (-448 448 -256 ) (-448 448 0 ) (-448 992 0 ) 
4 6 13 (-448 0 0 ) (-992 0 0 ) (-992 0 -256 ) (-448 0 -256 ) 
4 6 7 (-448 0 -256 ) (-992 0 -256 ) (-992 992 -256 ) (-448 992 -256 ) 
4 7 15 (0 0 -992 ) (0 0 -256 ) (-992 0 -256 ) (-992 0 -992 ) 
4 8 12 (0 0 992 ) (0 0 0 ) (0 -992 0 ) (0 -992 992 ) 
4 8 10 (0 -992 0 ) (0 -448 0 ) (448 -448 0 ) (448 -992 0 ) 
4 8 9 (448 0 0 ) (992 0 0 ) (992 -992 0 ) (448 -992 0 ) 
4 9 11 (448 0 -256 ) (992 0 -256 ) (992 -992 -256 ) (448 -992 -256 ) 
4 9 10 (448 -448 -256 ) (448 -992 -256 ) (448 -992 0 ) (448 -448 0 ) 
4 10 14 (0 -448 -256 ) (0 -992 -256 ) (0 -992 0 ) (0 -448 0 ) 
4 10 11 (0 -992 -256 ) (0 -448 -256 ) (448 -448 -256 ) (448 -992 -256 ) 
4 11 15 (0 0 -256 ) (0 0 -992 ) (0 -992 -992 ) (0 -992 -256 ) 
4 12 14 (0 -448 0 ) (0 -992 0 ) (-992 -992 0 ) (-992 -448 0 ) 
4 12 13 (-992 0 0 ) (-448 0 0 ) (-448 -448 0 ) (-992 -448 0 ) 
4 13 15 (-992 0 -256 ) (-448 0 -256 ) (-448 -448 -256 ) (-992 -448 -256 ) 
4 13 14 (-992 -448 -256 ) (-448 -448 -256 ) (-448 -448 0 ) (-992 -448 0 ) 
4 14 15 (-992 -992 -256 ) (-992 -448 -256 ) (0 -448 -256 ) (0 -992 -256 ) 
