


materialPath: D:\Steam\steamapps\sourcemods\GigaBuilder\materials
Loading D:\Steam\steamapps\sourcemods\GigaBuilder\mapsrc\gb_christmas.vmf
Could not locate GameData file 
fixing up env_cubemap materials on brush sides...
0...1...2...3...4...5...6...7...8...9...100...1...2...3...4...5...6...7...8...9...10Processing areas...done (0)
Building Faces...done (0)
FixTjuncs...
PruneNodes...
WriteBSP...
done (0)
writing D:\Steam\steamapps\sourcemods\GigaBuilder\mapsrc\gb_christmas.prt...Building visibility clusters...
done (0)
Finding displacement neighbors...
Finding lightmap sample positions...
Displacement Alpha : 0...1...2...3...4...5...6...7...8...9...10
Building Physics collision data...
done (0) (16257 bytes)
Placing detail props : 0...1...2...3...4...5...6...7...8...9...10
Compacting texture/material tables...
Reduced 7 texinfos to 3
Reduced 3 texdatas to 3 (50 bytes to 50)
Writing D:\Steam\steamapps\sourcemods\GigaBuilder\mapsrc\gb_christmas.bsp
0 seconds elapsed



8 threads
reading d:\steam\steamapps\sourcemods\gigabuilder\mapsrc\gb_christmas.bsp
reading d:\steam\steamapps\sourcemods\gigabuilder\mapsrc\gb_christmas.prt
  16 portalclusters
  32 numportals
0...1...2...3...4...5...6...7...8...9...100...1...2...3...4...5...6...7...8...9...10Optimized: 0 visible clusters (0.00%)
Total clusters visible: 248
Average clusters visible: 15
Building PAS...
Average clusters audible: 16
visdatasize:196  compressed from 256
writing d:\steam\steamapps\sourcemods\gigabuilder\mapsrc\gb_christmas.bsp
0 seconds elapsed



[Reading texlights from 'lights.rad']
[48 texlights parsed from 'lights.rad']

Loading d:\steam\steamapps\sourcemods\gigabuilder\mapsrc\gb_christmas.bsp
40 faces
168106 square feet [24207360.00 square inches]
0 Displacements
0 Square Feet [0.00 Square Inches]
40 patches before subdivision
496 patches after subdivision
12 direct lights
0...1...2...3...4...5...6...7...8...9...100...1...2...3...4...5...6...7...8...9...10transfers 112, max 10
transfer lists:   0.0 megs
0...1...2...3...4...5...6...7...8...9...10	Bounce #1 added RGB(0, 0, 0)
Build Patch/Sample Hash Table(s).....Done<0.0001 sec>
0...1...2...3...4...5...6...7...8...9...10FinalLightFace Done
0 of 0 (0% of) surface lights went in leaf ambient cubes.
0...1...2...3...4...5...6...7...8...9...10Writing leaf ambient...done
Ready to Finish

Object names       Objects/Maxobjs  Memory / Maxmem  Fullness 
------------       ---------------  ---------------  -------- 
models                   1/1024           48/49152    ( 0.1%) 
brushes                 47/8192          564/98304    ( 0.6%) 
brushsides             410/65536        3280/524288   ( 0.6%) 
planes                 216/65536        4320/1310720  ( 0.3%) 
vertexes               111/65536        1332/786432   ( 0.2%) 
nodes                   61/65536        1952/2097152  ( 0.1%) 
texinfos                 3/12288         216/884736   ( 0.0%) 
texdata                  3/2048           96/65536    ( 0.1%) 
dispinfos                0/0               0/0        ( 0.0%) 
disp_verts               0/0               0/0        ( 0.0%) 
disp_tris                0/0               0/0        ( 0.0%) 
disp_lmsamples           0/0               0/0        ( 0.0%) 
faces                   40/65536        2240/3670016  ( 0.1%) 
hdr faces                0/65536           0/3670016  ( 0.0%) 
origfaces                7/65536         392/3670016  ( 0.0%) 
leaves                  63/65536        2016/2097152  ( 0.1%) 
leaffaces               40/65536          80/131072   ( 0.1%) 
leafbrushes             80/65536         160/131072   ( 0.1%) 
areas                    2/256            16/2048     ( 0.8%) 
surfedges              216/512000        864/2048000  ( 0.0%) 
edges                  137/256000        548/1024000  ( 0.1%) 
LDR worldlights         12/65536        1056/5767168  ( 0.0%) 
HDR worldlights          0/65536           0/5767168  ( 0.0%) 
leafwaterdata            0/32768           0/393216   ( 0.0%) 
waterstrips              1/32768          10/327680   ( 0.0%) 
waterverts               0/65536           0/786432   ( 0.0%) 
waterindices            21/65536          42/131072   ( 0.0%) 
cubemapsamples           0/1024            0/16384    ( 0.0%) 
overlays                 0/8192            0/2883584  ( 0.0%) 
LDR lightdata         [variable]       13472/0        ( 0.0%) 
HDR lightdata         [variable]           0/0        ( 0.0%) 
visdata               [variable]         196/16777216 ( 0.0%) 
entdata               [variable]        3845/393216   ( 1.0%) 
LDR ambient table       63/65536         252/262144   ( 0.1%) 
HDR ambient table       63/65536         252/262144   ( 0.1%) 
LDR leaf ambient       255/65536        7140/1835008  ( 0.4%) 
HDR leaf ambient        63/65536        1764/1835008  ( 0.1%) 
occluders                0/0               0/0        ( 0.0%) 
occluder polygons        0/0               0/0        ( 0.0%) 
occluder vert ind        0/0               0/0        ( 0.0%) 
detail props          [variable]           1/12       ( 8.3%) 
static props          [variable]           1/212      ( 0.5%) 
pakfile               [variable]          54/0        ( 0.0%) 
physics               [variable]       16257/4194304  ( 0.4%) 
physics terrain       [variable]           2/1048576  ( 0.0%) 

Level flags = 0

Total triangle count: 96
Writing d:\steam\steamapps\sourcemods\gigabuilder\mapsrc\gb_christmas.bsp
0 seconds elapsed



[Reading texlights from 'lights.rad']
[48 texlights parsed from 'lights.rad']

Loading d:\steam\steamapps\sourcemods\gigabuilder\mapsrc\gb_christmas.bsp
40 faces
168106 square feet [24207360.00 square inches]
0 Displacements
0 Square Feet [0.00 Square Inches]
40 patches before subdivision
496 patches after subdivision
12 direct lights
0...1...2...3...4...5...6...7...8...9...100...1...2...3...4...5...6...7...8...9...10transfers 112, max 10
transfer lists:   0.0 megs
0...1...2...3...4...5...6...7...8...9...10	Bounce #1 added RGB(0, 0, 0)
Build Patch/Sample Hash Table(s).....Done<0.0001 sec>
0...1...2...3...4...5...6...7...8...9...10FinalLightFace Done
0 of 0 (0% of) surface lights went in leaf ambient cubes.
0...1...2...3...4...5...6...7...8...9...10Writing leaf ambient...done
Ready to Finish

Object names       Objects/Maxobjs  Memory / Maxmem  Fullness 
------------       ---------------  ---------------  -------- 
models                   1/1024           48/49152    ( 0.1%) 
brushes                 47/8192          564/98304    ( 0.6%) 
brushsides             410/65536        3280/524288   ( 0.6%) 
planes                 216/65536        4320/1310720  ( 0.3%) 
vertexes               111/65536        1332/786432   ( 0.2%) 
nodes                   61/65536        1952/2097152  ( 0.1%) 
texinfos                 3/12288         216/884736   ( 0.0%) 
texdata                  3/2048           96/65536    ( 0.1%) 
dispinfos                0/0               0/0        ( 0.0%) 
disp_verts               0/0               0/0        ( 0.0%) 
disp_tris                0/0               0/0        ( 0.0%) 
disp_lmsamples           0/0               0/0        ( 0.0%) 
faces                   40/65536        2240/3670016  ( 0.1%) 
hdr faces               40/65536        2240/3670016  ( 0.1%) 
origfaces                7/65536         392/3670016  ( 0.0%) 
leaves                  63/65536        2016/2097152  ( 0.1%) 
leaffaces               40/65536          80/131072   ( 0.1%) 
leafbrushes             80/65536         160/131072   ( 0.1%) 
areas                    2/256            16/2048     ( 0.8%) 
surfedges              216/512000        864/2048000  ( 0.0%) 
edges                  137/256000        548/1024000  ( 0.1%) 
LDR worldlights         12/65536        1056/5767168  ( 0.0%) 
HDR worldlights         12/65536        1056/5767168  ( 0.0%) 
leafwaterdata            0/32768           0/393216   ( 0.0%) 
waterstrips              1/32768          10/327680   ( 0.0%) 
waterverts               0/65536           0/786432   ( 0.0%) 
waterindices            21/65536          42/131072   ( 0.0%) 
cubemapsamples           0/1024            0/16384    ( 0.0%) 
overlays                 0/8192            0/2883584  ( 0.0%) 
LDR lightdata         [variable]       13472/0        ( 0.0%) 
HDR lightdata         [variable]       13472/0        ( 0.0%) 
visdata               [variable]         196/16777216 ( 0.0%) 
entdata               [variable]        3845/393216   ( 1.0%) 
LDR ambient table       63/65536         252/262144   ( 0.1%) 
HDR ambient table       63/65536         252/262144   ( 0.1%) 
LDR leaf ambient       255/65536        7140/1835008  ( 0.4%) 
HDR leaf ambient       255/65536        7140/1835008  ( 0.4%) 
occluders                0/0               0/0        ( 0.0%) 
occluder polygons        0/0               0/0        ( 0.0%) 
occluder vert ind        0/0               0/0        ( 0.0%) 
detail props          [variable]           1/12       ( 8.3%) 
static props          [variable]           1/212      ( 0.5%) 
pakfile               [variable]          54/0        ( 0.0%) 
physics               [variable]       16257/4194304  ( 0.4%) 
physics terrain       [variable]           2/1048576  ( 0.0%) 

Level flags = 0

Total triangle count: 96
Writing d:\steam\steamapps\sourcemods\gigabuilder\mapsrc\gb_christmas.bsp
0 seconds elapsed
