


materialPath: D:\Steam\steamapps\sourcemods\GigaBuilder\materials
Loading D:\Steam\steamapps\sourcemods\GigaBuilder\mapsrc\gb_elf.vmf
Could not locate GameData file 
fixing up env_cubemap materials on brush sides...
0...1...2...3...4...5...6...7...8...9...100...1...2...3...4...5...6...7...8...9...10Processing areas...done (0)
Building Faces...done (0)
FixTjuncs...
PruneNodes...
WriteBSP...
done (0)
writing D:\Steam\steamapps\sourcemods\GigaBuilder\mapsrc\gb_elf.prt...Building visibility clusters...
done (0)
Finding displacement neighbors...
Finding lightmap sample positions...
Displacement Alpha : 0...1...2...3...4...5...6...7...8...9...10
Building Physics collision data...
done (0) (59427 bytes)
Placing detail props : 0...1...2...3...4...5...6...7...8...9...10
Compacting texture/material tables...
Reduced 15 texinfos to 8
Reduced 4 texdatas to 4 (71 bytes to 71)
Writing D:\Steam\steamapps\sourcemods\GigaBuilder\mapsrc\gb_elf.bsp
0 seconds elapsed



8 threads
reading d:\steam\steamapps\sourcemods\gigabuilder\mapsrc\gb_elf.bsp
reading d:\steam\steamapps\sourcemods\gigabuilder\mapsrc\gb_elf.prt
 294 portalclusters
 581 numportals
0...1...2...3...4...5...6...7...8...9...100...1...2...3...4...5...6...7...8...9...


materialPath: D:\Steam\steamapps\sourcemods\GigaBuilder\materials
Loading D:\Steam\steamapps\sourcemods\GigaBuilder\mapsrc\gb_elf.vmf
Could not locate GameData file 
fixing up env_cubemap materials on brush sides...
0...1...2...3...4...5...6...7...8...9...100...1...2...3...4...5...6...7...8...9...10Processing areas...done (0)
Building Faces...done (0)
FixTjuncs...
PruneNodes...
WriteBSP...
done (0)
writing D:\Steam\steamapps\sourcemods\GigaBuilder\mapsrc\gb_elf.prt...Building visibility clusters...
done (0)
Finding displacement neighbors...
Finding lightmap sample positions...
Displacement Alpha : 0...1...2...3...4...5...6...7...8...9...10
Building Physics collision data...
done (0) (59427 bytes)
Placing detail props : 0...1...2...3...4...5...6...7...8...9...10
Compacting texture/material tables...
Reduced 15 texinfos to 8
Reduced 4 texdatas to 4 (71 bytes to 71)
Writing D:\Steam\steamapps\sourcemods\GigaBuilder\mapsrc\gb_elf.bsp
0 seconds elapsed



8 threads
reading d:\steam\steamapps\sourcemods\gigabuilder\mapsrc\gb_elf.bsp
reading d:\steam\steamapps\sourcemods\gigabuilder\mapsrc\gb_elf.prt
 294 portalclusters
 581 numportals
0...1...2...3...4...5...6...7...8...9...100...1...2...3...4...5...6...7...8...9...


materialPath: D:\Steam\steamapps\sourcemods\GigaBuilder\materials
Loading D:\Steam\steamapps\sourcemods\GigaBuilder\mapsrc\gb_elf.vmf
Could not locate GameData file 
fixing up env_cubemap materials on brush sides...
0...1...2...3...4...5...6...7...8...9...100...1...2...3...4...5...6...7...8...9...10Processing areas...done (0)
Building Faces...done (0)
FixTjuncs...
PruneNodes...
WriteBSP...
done (0)
writing D:\Steam\steamapps\sourcemods\GigaBuilder\mapsrc\gb_elf.prt...Building visibility clusters...
done (0)
Finding displacement neighbors...
Finding lightmap sample positions...
Displacement Alpha : 0...1...2...3...4...5...6...7...8...9...10
Building Physics collision data...
done (0) (59787 bytes)
Placing detail props : 0...1...2...3...4...5...6...7...8...9...10
Compacting texture/material tables...
Reduced 18 texinfos to 10
Reduced 5 texdatas to 5 (93 bytes to 93)
Writing D:\Steam\steamapps\sourcemods\GigaBuilder\mapsrc\gb_elf.bsp
0 seconds elapsed



8 threads
reading d:\steam\steamapps\sourcemods\gigabuilder\mapsrc\gb_elf.bsp
reading d:\steam\steamapps\sourcemods\gigabuilder\mapsrc\gb_elf.prt
 295 portalclusters
 576 numportals
0...1...2...3...4...5...6...7...8...9...100...1...2...3...4...5...6...7...8...9...