PRT1
295
576
4 0 146 (1024 0 768 ) (1024 0 1536 ) (0 0 1536 ) (0 0 768 ) 
3 0 36 (352 416 -896 ) (288 416 -896 ) (320 448 -1024 ) 
3 0 35 (416 416 -896 ) (352 416 -896 ) (384 448 -1024 ) 
3 0 34 (32 416 -896 ) (0 416 -896 ) (0 448 -1024 ) 
3 0 33 (288 416 -896 ) (224 416 -896 ) (256 448 -1024 ) 
3 0 32 (96 416 -896 ) (32 416 -896 ) (64 448 -1024 ) 
3 0 31 (224 416 -896 ) (160 416 -896 ) (192 448 -1024 ) 
3 0 30 (160 416 -896 ) (96 416 -896 ) (128 448 -1024 ) 
3 0 29 (1024 448 -1024 ) (1024 416 -896 ) (992 416 -896 ) 
3 0 28 (928 416 -896 ) (864 416 -896 ) (896 448 -1024 ) 
3 0 27 (992 416 -896 ) (928 416 -896 ) (960 448 -1024 ) 
3 0 26 (864 416 -896 ) (800 416 -896 ) (832 448 -1024 ) 
3 0 25 (544 416 -896 ) (480 416 -896 ) (512 448 -1024 ) 
3 0 24 (480 416 -896 ) (416 416 -896 ) (448 448 -1024 ) 
3 0 23 (608 416 -896 ) (544 416 -896 ) (576 448 -1024 ) 
3 0 22 (672 416 -896 ) (608 416 -896 ) (640 448 -1024 ) 
3 0 21 (800 416 -896 ) (736 416 -896 ) (768 448 -1024 ) 
3 0 20 (736 416 -896 ) (672 416 -896 ) (704 448 -1024 ) 
4 0 19 (1024 416 -896 ) (1024 0 768 ) (0 0 768 ) (0 416 -896 ) 
3 0 18 (320 448 -1023.998047 ) (288 480 -896 ) (352 480 -896 ) 
3 0 17 (384 448 -1023.998047 ) (352 480 -896 ) (416 480 -896 ) 
3 0 16 (0 448 -1023.998047 ) (0 480 -896 ) (32 480 -896 ) 
3 0 15 (256 448 -1023.998047 ) (224 480 -896 ) (288 480 -896 ) 
3 0 14 (64 448 -1023.998047 ) (32 480 -896 ) (96 480 -896 ) 
3 0 13 (192 448 -1023.998047 ) (160 480 -896 ) (224 480 -896 ) 
3 0 12 (128 448 -1023.998047 ) (96 480 -896 ) (160 480 -896 ) 
3 0 11 (1024 448 -1023.998047 ) (992 480 -896 ) (1024 480 -896 ) 
3 0 10 (896 448 -1023.998047 ) (864 480 -896 ) (928 480 -896 ) 
3 0 9 (960 448 -1023.998047 ) (928 480 -896 ) (992 480 -896 ) 
3 0 8 (832 448 -1023.998047 ) (800 480 -896 ) (864 480 -896 ) 
3 0 7 (512 448 -1023.998047 ) (480 480 -896 ) (544 480 -896 ) 
3 0 6 (448 448 -1023.998047 ) (416 480 -896 ) (480 480 -896 ) 
3 0 5 (576 448 -1023.998047 ) (544 480 -896 ) (608 480 -896 ) 
3 0 4 (640 448 -1023.998047 ) (608 480 -896 ) (672 480 -896 ) 
3 0 3 (768 448 -1023.998047 ) (736 480 -896 ) (800 480 -896 ) 
3 0 2 (704 448 -1023.998047 ) (672 480 -896 ) (736 480 -896 ) 
4 0 1 (0 480 -896 ) (0 512 -768.001953 ) (1024 512 -768.001953 ) (1024 480 -896 ) 
3 1 18 (320 512 -1024 ) (352 480 -896 ) (288 480 -896 ) 
3 1 17 (384 512 -1024 ) (416 480 -896 ) (352 480 -896 ) 
3 1 16 (0 512 -1024 ) (32 480 -896 ) (0 480 -896 ) 
3 1 15 (256 512 -1024 ) (288 480 -896 ) (224 480 -896 ) 
3 1 14 (64 512 -1024 ) (96 480 -896 ) (32 480 -896 ) 
3 1 13 (192 512 -1024 ) (224 480 -896 ) (160 480 -896 ) 
3 1 12 (128 512 -1024 ) (160 480 -896 ) (96 480 -896 ) 
3 1 11 (1024 512 -1024 ) (1024 480 -896 ) (992 480 -896 ) 
3 1 10 (896 512 -1024 ) (928 480 -896 ) (864 480 -896 ) 
3 1 9 (960 512 -1024 ) (992 480 -896 ) (928 480 -896 ) 
3 1 8 (832 512 -1024 ) (864 480 -896 ) (800 480 -896 ) 
3 1 7 (512 512 -1024 ) (544 480 -896 ) (480 480 -896 ) 
3 1 6 (448 512 -1024 ) (480 480 -896 ) (416 480 -896 ) 
3 1 5 (576 512 -1024 ) (608 480 -896 ) (544 480 -896 ) 
3 1 4 (640 512 -1024 ) (672 480 -896 ) (608 480 -896 ) 
3 1 3 (768 512 -1024 ) (800 480 -896 ) (736 480 -896 ) 
3 1 2 (704 512 -1024 ) (736 480 -896 ) (672 480 -896 ) 
4 19 147 (1024 0 512 ) (1024 0 768 ) (0 0 768 ) (0 0 512 ) 
3 19 54 (672 352 -896 ) (608 352 -896 ) (640 384 -1024 ) 
3 19 53 (736 352 -896 ) (672 352 -896 ) (704 384 -1024 ) 
3 19 52 (1024 384 -1024 ) (1024 352 -896 ) (992 352 -896 ) 
3 19 51 (800 352 -896 ) (736 352 -896 ) (768 384 -1024 ) 
3 19 50 (928 352 -896 ) (864 352 -896 ) (896 384 -1024 ) 
3 19 49 (864 352 -896 ) (800 352 -896 ) (832 384 -1024 ) 
3 19 48 (992 352 -896 ) (928 352 -896 ) (960 384 -1024 ) 
3 19 47 (608 352 -896 ) (544 352 -896 ) (576 384 -1024 ) 
3 19 46 (544 352 -896 ) (480 352 -896 ) (512 384 -1024 ) 
3 19 45 (480 352 -896 ) (416 352 -896 ) (448 384 -1024 ) 
3 19 44 (416 352 -896 ) (352 352 -896 ) (384 384 -1024 ) 
3 19 43 (352 352 -896 ) (288 352 -896 ) (320 384 -1024 ) 
3 19 42 (288 352 -896 ) (224 352 -896 ) (256 384 -1024 ) 
3 19 41 (32 352 -896 ) (0 352 -896 ) (0 384 -1024 ) 
3 19 40 (224 352 -896 ) (160 352 -896 ) (192 384 -1024 ) 
3 19 39 (160 352 -896 ) (96 352 -896 ) (128 384 -1024 ) 
3 19 38 (96 352 -896 ) (32 352 -896 ) (64 384 -1024 ) 
4 19 37 (1024 352 -896 ) (1024 0 512 ) (0 0 512 ) (0 352 -896 ) 
3 19 36 (320 384 -1024.001953 ) (288 416 -895.998047 ) (352 416 -895.998047 ) 
3 19 35 (384 384 -1024.001953 ) (352 416 -895.998047 ) (416 416 -895.998047 ) 
3 19 34 (0 384 -1024.001953 ) (0 416 -895.998047 ) (32 416 -895.998047 ) 
3 19 33 (256 384 -1024.001953 ) (224 416 -895.998047 ) (288 416 -895.998047 ) 
3 19 32 (64 384 -1024.001953 ) (32 416 -895.998047 ) (96 416 -895.998047 ) 
3 19 31 (192 384 -1024.001953 ) (160 416 -895.998047 ) (224 416 -895.998047 ) 
3 19 30 (128 384 -1024.001953 ) (96 416 -895.998047 ) (160 416 -895.998047 ) 
3 19 29 (1024 384 -1024.001953 ) (992 416 -895.998047 ) (1024 416 -895.998047 ) 
3 19 28 (896 384 -1024.001953 ) (864 416 -895.998047 ) (928 416 -895.998047 ) 
3 19 27 (960 384 -1024.001953 ) (928 416 -895.998047 ) (992 416 -895.998047 ) 
3 19 26 (832 384 -1024.001953 ) (800 416 -895.998047 ) (864 416 -895.998047 ) 
3 19 25 (512 384 -1024.001953 ) (480 416 -895.998047 ) (544 416 -895.998047 ) 
3 19 24 (448 384 -1024.001953 ) (416 416 -895.998047 ) (480 416 -895.998047 ) 
3 19 23 (576 384 -1024.001953 ) (544 416 -895.998047 ) (608 416 -895.998047 ) 
3 19 22 (640 384 -1024.001953 ) (608 416 -895.998047 ) (672 416 -895.998047 ) 
3 19 21 (768 384 -1024.001953 ) (736 416 -895.998047 ) (800 416 -895.998047 ) 
3 19 20 (704 384 -1024.001953 ) (672 416 -895.998047 ) (736 416 -895.998047 ) 
4 37 183 (1024 0 256 ) (1024 0 512 ) (0 0 512 ) (0 0 256 ) 
3 37 90 (320 320 -1024 ) (352 288 -896 ) (288 288 -896 ) 
3 37 89 (384 320 -1024 ) (416 288 -896 ) (352 288 -896 ) 
3 37 88 (0 288 -896 ) (0 320 -1024 ) (32 288 -896 ) 
3 37 87 (256 320 -1024 ) (288 288 -896 ) (224 288 -896 ) 
3 37 86 (64 320 -1024 ) (96 288 -896 ) (32 288 -896 ) 
3 37 85 (192 320 -1024 ) (224 288 -896 ) (160 288 -896 ) 
3 37 84 (128 320 -1024 ) (160 288 -896 ) (96 288 -896 ) 
3 37 83 (1024 320 -1024 ) (1024 288 -896 ) (992 288 -896 ) 
3 37 82 (896 320 -1024 ) (928 288 -896 ) (864 288 -896 ) 
3 37 81 (960 320 -1024 ) (992 288 -896 ) (928 288 -896 ) 
3 37 80 (832 320 -1024 ) (864 288 -896 ) (800 288 -896 ) 
3 37 79 (512 320 -1024 ) (544 288 -896 ) (480 288 -896 ) 
3 37 78 (448 320 -1024 ) (480 288 -896 ) (416 288 -896 ) 
3 37 77 (576 320 -1024 ) (608 288 -896 ) (544 288 -896 ) 
3 37 76 (640 320 -1024 ) (672 288 -896 ) (608 288 -896 ) 
3 37 75 (768 320 -1024 ) (800 288 -896 ) (736 288 -896 ) 
3 37 74 (704 320 -1024 ) (736 288 -896 ) (672 288 -896 ) 
4 37 56 (0 256 -768 ) (0 288 -896 ) (1024 288 -896 ) (1024 256 -768 ) 
4 37 55 (0 0 255.997803 ) (0 256 -768 ) (1024 256 -768 ) (1024 0 256 ) 
3 37 54 (640 320 -1024.001953 ) (608 352 -896 ) (672 352 -896 ) 
3 37 53 (704 320 -1024.001953 ) (672 352 -896 ) (736 352 -896 ) 
3 37 52 (1024 320 -1024.001953 ) (992 352 -896 ) (1024 352 -896 ) 
3 37 51 (768 320 -1024.001953 ) (736 352 -896 ) (800 352 -896 ) 
3 37 50 (896 320 -1024.001953 ) (864 352 -896 ) (928 352 -896 ) 
3 37 49 (832 320 -1024.001953 ) (800 352 -896 ) (864 352 -896 ) 
3 37 48 (960 320 -1024.001953 ) (928 352 -896 ) (992 352 -896 ) 
3 37 47 (576 320 -1024.001953 ) (544 352 -896 ) (608 352 -896 ) 
3 37 46 (512 320 -1024.001953 ) (480 352 -896 ) (544 352 -896 ) 
3 37 45 (448 320 -1024.001953 ) (416 352 -896 ) (480 352 -896 ) 
3 37 44 (384 320 -1024.001953 ) (352 352 -896 ) (416 352 -896 ) 
3 37 43 (320 320 -1024.001953 ) (288 352 -896 ) (352 352 -896 ) 
3 37 42 (256 320 -1024.001953 ) (224 352 -896 ) (288 352 -896 ) 
3 37 41 (0 320 -1024.001953 ) (0 352 -896 ) (32 352 -896 ) 
3 37 40 (192 320 -1024.001953 ) (160 352 -896 ) (224 352 -896 ) 
3 37 39 (128 320 -1024.001953 ) (96 352 -896 ) (160 352 -896 ) 
3 37 38 (64 320 -1024.001953 ) (32 352 -896 ) (96 352 -896 ) 
4 55 202 (1024 0 -256 ) (1024 0 0 ) (0 0 0 ) (0 0 -256 ) 
4 55 201 (1024 0 0 ) (1024 0 256 ) (0 0 256 ) (0 0 0 ) 
3 55 126 (352 160 -895.998169 ) (288 160 -895.998169 ) (320 192 -1023.998230 ) 
3 55 125 (416 160 -895.998169 ) (352 160 -895.998169 ) (384 192 -1023.998230 ) 
3 55 124 (32 160 -895.998169 ) (0 160 -895.998169 ) (0 192 -1023.998230 ) 
3 55 123 (288 160 -895.998169 ) (224 160 -895.998169 ) (256 192 -1023.998230 ) 
3 55 122 (96 160 -895.998169 ) (32 160 -895.998169 ) (64 192 -1023.998230 ) 
3 55 121 (224 160 -895.998169 ) (160 160 -895.998169 ) (192 192 -1023.998230 ) 
3 55 120 (160 160 -895.998169 ) (96 160 -895.998169 ) (128 192 -1023.998230 ) 
3 55 119 (1024 192 -1023.998169 ) (1024 160 -895.998108 ) (992 160 -895.998108 ) 
3 55 118 (928 160 -895.998108 ) (864 160 -895.998108 ) (896 192 -1023.998169 ) 
3 55 117 (992 160 -895.998108 ) (928 160 -895.998108 ) (960 192 -1023.998169 ) 
3 55 116 (864 160 -895.998108 ) (800 160 -895.998108 ) (832 192 -1023.998169 ) 
3 55 115 (544 160 -895.998169 ) (480 160 -895.998169 ) (512 192 -1023.998230 ) 
3 55 114 (480 160 -895.998169 ) (416 160 -895.998169 ) (448 192 -1023.998230 ) 
3 55 113 (608 160 -895.998169 ) (544 160 -895.998169 ) (576 192 -1023.998230 ) 
3 55 112 (672 160 -895.998169 ) (608 160 -895.998169 ) (640 192 -1023.998230 ) 
3 55 111 (800 160 -895.998108 ) (736 160 -895.998108 ) (768 192 -1023.998169 ) 
3 55 110 (736 160 -895.998108 ) (672 160 -895.998169 ) (704 192 -1023.998230 ) 
4 55 92 (1024 160 -895.998108 ) (1024 128 -767.998108 ) (0 128 -767.998108 ) (0 160 -895.998169 ) 
4 55 91 (1024 128 -767.998108 ) (1024 0 -255.995911 ) (0 0 -255.995850 ) (0 128 -767.998108 ) 
3 55 73 (320 192 -1024 ) (288 224 -896 ) (352 224 -896 ) 
3 55 72 (384 192 -1024 ) (352 224 -896 ) (416 224 -896 ) 
3 55 71 (0 192 -1024 ) (0 224 -896 ) (32 224 -896 ) 
3 55 70 (256 192 -1024 ) (224 224 -896 ) (288 224 -896 ) 
3 55 69 (64 192 -1024 ) (32 224 -896 ) (96 224 -896 ) 
3 55 68 (192 192 -1024 ) (160 224 -896 ) (224 224 -896 ) 
3 55 67 (128 192 -1024 ) (96 224 -896 ) (160 224 -896 ) 
3 55 66 (1024 192 -1024 ) (992 224 -896 ) (1024 224 -896 ) 
3 55 65 (896 192 -1024 ) (864 224 -896 ) (928 224 -896 ) 
3 55 64 (960 192 -1024 ) (928 224 -896 ) (992 224 -896 ) 
3 55 63 (832 192 -1024 ) (800 224 -896 ) (864 224 -896 ) 
3 55 62 (512 192 -1024 ) (480 224 -896 ) (544 224 -896 ) 
3 55 61 (448 192 -1024 ) (416 224 -896 ) (480 224 -896 ) 
3 55 60 (576 192 -1024 ) (544 224 -896 ) (608 224 -896 ) 
3 55 59 (640 192 -1024 ) (608 224 -896 ) (672 224 -896 ) 
3 55 58 (768 192 -1024 ) (736 224 -896 ) (800 224 -896 ) 
3 55 57 (704 192 -1024 ) (672 224 -896 ) (736 224 -896 ) 
4 55 56 (0 224 -896 ) (0 256 -767.998047 ) (1024 256 -767.998047 ) (1024 224 -896 ) 
5 56 90 (288.001465 288 -895.994141 ) (351.998566 288 -895.994141 ) (352 288 -896 ) (320 256 -1023.998047 ) (288 288 -896 ) 
4 56 89 (351.998566 288 -895.994141 ) (415.998535 288 -895.994141 ) (416 288 -896 ) (384 256 -1023.998047 ) 
4 56 88 (0 256 -1023.998047 ) (0 288 -895.994141 ) (31.998537 288 -895.994141 ) (32 288 -896 ) 
4 56 87 (224.001465 288 -895.994141 ) (288.001465 288 -895.994141 ) (256 256 -1023.998047 ) (224 288 -896 ) 
4 56 86 (31.998537 288 -895.994141 ) (95.998543 288 -895.994141 ) (96 288 -896 ) (64 256 -1023.998047 ) 
4 56 85 (160.001465 288 -895.994141 ) (224.001465 288 -895.994141 ) (192 256 -1023.998047 ) (160 288 -896 ) 
3 56 84 (95.998543 288 -895.994141 ) (160.001465 288 -895.994141 ) (128 256 -1023.998047 ) 
4 56 83 (992.001526 288 -895.994141 ) (1024 288 -895.994141 ) (1024 256 -1023.998047 ) (992 288 -896 ) 
5 56 82 (864.001526 288 -895.994141 ) (927.998596 288 -895.994141 ) (928 288 -896 ) (896 256 -1023.998047 ) (864 288 -896 ) 
3 56 81 (927.998596 288 -895.994141 ) (992.001526 288 -895.994141 ) (960 256 -1023.998047 ) 
4 56 80 (800.001465 288 -895.994141 ) (864.001526 288 -895.994141 ) (832 256 -1023.998047 ) (800 288 -896 ) 
5 56 79 (480.001495 288 -895.994141 ) (543.998596 288 -895.994141 ) (544 288 -896 ) (512 256 -1023.998047 ) (480 288 -896 ) 
3 56 78 (415.998535 288 -895.994141 ) (480.001495 288 -895.994141 ) (448 256 -1023.998047 ) 
4 56 77 (543.998596 288 -895.994141 ) (607.998596 288 -895.994141 ) (608 288 -896 ) (576 256 -1023.998047 ) 
4 56 76 (607.998596 288 -895.994141 ) (671.998596 288 -895.994141 ) (672 288 -896 ) (640 256 -1023.998047 ) 
4 56 75 (736.001465 288 -895.994141 ) (800.001465 288 -895.994141 ) (768 256 -1023.998047 ) (736 288 -896 ) 
3 56 74 (671.998596 288 -895.994141 ) (736.001465 288 -895.994141 ) (704 256 -1023.998047 ) 
3 56 73 (320 256 -1024.001953 ) (352 224 -895.998047 ) (288 224 -895.998047 ) 
3 56 72 (384 256 -1024.001953 ) (416 224 -895.998047 ) (352 224 -895.998047 ) 
3 56 71 (0 256 -1024.001953 ) (32 224 -895.998047 ) (0 224 -895.998047 ) 
3 56 70 (256 256 -1024.001953 ) (288 224 -895.998047 ) (224 224 -895.998047 ) 
3 56 69 (64 256 -1024.001953 ) (96 224 -895.998047 ) (32 224 -895.998047 ) 
3 56 68 (192 256 -1024.001953 ) (224 224 -895.998047 ) (160 224 -895.998047 ) 
3 56 67 (128 256 -1024.001953 ) (160 224 -895.998047 ) (96 224 -895.998047 ) 
3 56 66 (1024 256 -1024.001953 ) (1024 224 -895.998047 ) (992 224 -895.998047 ) 
3 56 65 (896 256 -1024.001953 ) (928 224 -895.998047 ) (864 224 -895.998047 ) 
3 56 64 (960 256 -1024.001953 ) (992 224 -895.998047 ) (928 224 -895.998047 ) 
3 56 63 (832 256 -1024.001953 ) (864 224 -895.998047 ) (800 224 -895.998047 ) 
3 56 62 (512 256 -1024.001953 ) (544 224 -895.998047 ) (480 224 -895.998047 ) 
3 56 61 (448 256 -1024.001953 ) (480 224 -895.998047 ) (416 224 -895.998047 ) 
3 56 60 (576 256 -1024.001953 ) (608 224 -895.998047 ) (544 224 -895.998047 ) 
3 56 59 (640 256 -1024.001953 ) (672 224 -895.998047 ) (608 224 -895.998047 ) 
3 56 58 (768 256 -1024.001953 ) (800 224 -895.998047 ) (736 224 -895.998047 ) 
3 56 57 (704 256 -1024.001953 ) (736 224 -895.998047 ) (672 224 -895.998047 ) 
4 91 238 (1024 0 -768 ) (1024 0 -512 ) (0 0 -512 ) (0 0 -768 ) 
4 91 237 (1024 0 -512 ) (1024 0 -256 ) (0 0 -256 ) (0 0 -512 ) 
3 91 144 (320 64 -1023.998352 ) (352 32 -895.998535 ) (288 32 -895.998413 ) 
3 91 143 (384 64 -1023.998474 ) (416 32 -895.998657 ) (352 32 -895.998535 ) 
4 91 142 (0 32 -895.997864 ) (0 64 -1023.997681 ) (32 32.001038 -896 ) (32 32 -895.997925 ) 
3 91 141 (256 64 -1023.998230 ) (288 32 -895.998413 ) (224 32 -895.998291 ) 
4 91 140 (64 64 -1023.997803 ) (64 64 -1023.997803 ) (96 32 -895.998047 ) (32 32 -895.997925 ) 
3 91 139 (192 64 -1023.998108 ) (224 32 -895.998291 ) (160 32 -895.998169 ) 
4 91 138 (128 64 -1023.997925 ) (128 64 -1023.997925 ) (160 32 -895.998169 ) (96 32 -895.998047 ) 
3 91 137 (1024 64 -1024 ) (1024 32 -896 ) (992 32 -896 ) 
3 91 136 (896 64 -1024 ) (928 32 -896 ) (864 32 -896 ) 
3 91 135 (960 64 -1024 ) (992 32 -896 ) (928 32 -896 ) 
3 91 134 (832 64 -1024 ) (864 32 -896 ) (800 32 -896 ) 
3 91 133 (512 64 -1023.998718 ) (544 32 -895.998901 ) (480 32 -895.998779 ) 
3 91 132 (448 64 -1023.998596 ) (480 32 -895.998779 ) (416 32 -895.998657 ) 
3 91 131 (576 64 -1023.998840 ) (608 32 -896 ) (544 32 -895.998901 ) 
3 91 130 (640 64 -1023.998962 ) (672 32 -896 ) (608 32 -896 ) 
3 91 129 (768 64 -1024 ) (800 32 -896 ) (736 32 -896 ) 
3 91 128 (704 64 -1024 ) (736 32 -896 ) (672 32 -896 ) 
4 91 127 (0 0 -767.996094 ) (0 32 -895.997864 ) (1024 32 -896 ) (1024 0 -768 ) 
3 91 109 (320 64 -1023.998047 ) (288 96 -896 ) (352 96 -896 ) 
3 91 108 (384 64 -1023.998047 ) (352 96 -896 ) (416 96 -896 ) 
3 91 107 (0 64 -1023.998047 ) (0 96 -896 ) (32 96 -896 ) 
3 91 106 (256 64 -1023.998047 ) (224 96 -896 ) (288 96 -896 ) 
3 91 105 (64 64 -1023.998047 ) (32 96 -896 ) (96 96 -896 ) 
3 91 104 (192 64 -1023.998047 ) (160 96 -896 ) (224 96 -896 ) 
3 91 103 (128 64 -1023.998047 ) (96 96 -896 ) (160 96 -896 ) 
3 91 102 (1024 64 -1023.998047 ) (992 96 -896 ) (1024 96 -896 ) 
3 91 101 (896 64 -1023.998047 ) (864 96 -896 ) (928 96 -896 ) 
3 91 100 (960 64 -1023.998047 ) (928 96 -896 ) (992 96 -896 ) 
3 91 99 (832 64 -1023.998047 ) (800 96 -896 ) (864 96 -896 ) 
3 91 98 (512 64 -1023.998047 ) (480 96 -896 ) (544 96 -896 ) 
3 91 97 (448 64 -1023.998047 ) (416 96 -896 ) (480 96 -896 ) 
3 91 96 (576 64 -1023.998047 ) (544 96 -896 ) (608 96 -896 ) 
3 91 95 (640 64 -1023.998047 ) (608 96 -896 ) (672 96 -896 ) 
3 91 94 (768 64 -1023.998047 ) (736 96 -896 ) (800 96 -896 ) 
3 91 93 (704 64 -1023.998047 ) (672 96 -896 ) (736 96 -896 ) 
4 91 92 (0 96 -896 ) (0 128 -768 ) (1024 128 -768 ) (1024 96 -896 ) 
3 92 126 (288 160 -896 ) (352 160 -896 ) (320 128 -1024 ) 
3 92 125 (352 160 -896 ) (416 160 -896 ) (384 128 -1024 ) 
3 92 124 (0 128 -1024 ) (0 160 -896 ) (32 160 -896 ) 
3 92 123 (224 160 -896 ) (288 160 -896 ) (256 128 -1024 ) 
3 92 122 (32 160 -896 ) (96 160 -896 ) (64 128 -1024 ) 
3 92 121 (160 160 -896 ) (224 160 -896 ) (192 128 -1024 ) 
3 92 120 (96 160 -896 ) (160 160 -896 ) (128 128 -1024 ) 
3 92 119 (992 160 -896 ) (1024 160 -896 ) (1024 128 -1024 ) 
3 92 118 (864 160 -896 ) (928 160 -896 ) (896 128 -1024 ) 
3 92 117 (928 160 -896 ) (992 160 -896 ) (960 128 -1024 ) 
3 92 116 (800 160 -896 ) (864 160 -896 ) (832 128 -1024 ) 
3 92 115 (480 160 -896 ) (544 160 -896 ) (512 128 -1024 ) 
3 92 114 (416 160 -896 ) (480 160 -896 ) (448 128 -1024 ) 
3 92 113 (544 160 -896 ) (608 160 -896 ) (576 128 -1024 ) 
3 92 112 (608 160 -896 ) (672 160 -896 ) (640 128 -1024 ) 
3 92 111 (736 160 -896 ) (800 160 -896 ) (768 128 -1024 ) 
3 92 110 (672 160 -896 ) (736 160 -896 ) (704 128 -1024 ) 
3 92 109 (320 128 -1024 ) (352 96 -896.001953 ) (288 96 -896.001953 ) 
3 92 108 (384 128 -1024 ) (416 96 -896.001953 ) (352 96 -896.001953 ) 
3 92 107 (0 128 -1024 ) (32 96 -896.001953 ) (0 96 -896.001953 ) 
3 92 106 (256 128 -1024 ) (288 96 -896.001953 ) (224 96 -896.001953 ) 
3 92 105 (64 128 -1024 ) (96 96 -896.001953 ) (32 96 -896.001953 ) 
3 92 104 (192 128 -1024 ) (224 96 -896.001953 ) (160 96 -896.001953 ) 
3 92 103 (128 128 -1024 ) (160 96 -896.001953 ) (96 96 -896.001953 ) 
3 92 102 (1024 128 -1024 ) (1024 96 -896.001953 ) (992 96 -896.001953 ) 
3 92 101 (896 128 -1024 ) (928 96 -896.001953 ) (864 96 -896.001953 ) 
3 92 100 (960 128 -1024 ) (992 96 -896.001953 ) (928 96 -896.001953 ) 
3 92 99 (832 128 -1024 ) (864 96 -896.001953 ) (800 96 -896.001953 ) 
3 92 98 (512 128 -1024 ) (544 96 -896.001953 ) (480 96 -896.001953 ) 
3 92 97 (448 128 -1024 ) (480 96 -896.001953 ) (416 96 -896.001953 ) 
3 92 96 (576 128 -1024 ) (608 96 -896.001953 ) (544 96 -896.001953 ) 
3 92 95 (640 128 -1024 ) (672 96 -896.001953 ) (608 96 -896.001953 ) 
3 92 94 (768 128 -1024 ) (800 96 -896.001953 ) (736 96 -896.001953 ) 
3 92 93 (704 128 -1024 ) (736 96 -896.001953 ) (672 96 -896.001953 ) 
4 127 273 (1024 0 -1024 ) (1024 0 -768 ) (0 0 -768 ) (0 0 -1024 ) 
3 127 144 (320 0 -1024 ) (288 32 -896.001953 ) (352 32 -896.001953 ) 
3 127 143 (384 0 -1024 ) (352 32 -896.001953 ) (416 32 -896.001953 ) 
3 127 142 (0 0 -1024 ) (0 32 -896.001953 ) (32 32 -896.001953 ) 
3 127 141 (256 0 -1024 ) (224 32 -896.001953 ) (288 32 -896.001953 ) 
3 127 140 (64 0 -1024 ) (32 32 -896.001953 ) (96 32 -896.001953 ) 
3 127 139 (192 0 -1024 ) (160 32 -896.001953 ) (224 32 -896.001953 ) 
3 127 138 (128 0 -1024 ) (96 32 -896.001953 ) (160 32 -896.001953 ) 
3 127 137 (1024 0 -1024 ) (992 32 -896.001953 ) (1024 32 -896.001953 ) 
3 127 136 (896 0 -1024 ) (864 32 -896.001953 ) (928 32 -896.001953 ) 
3 127 135 (960 0 -1024 ) (928 32 -896.001953 ) (992 32 -896.001953 ) 
3 127 134 (832 0 -1024 ) (800 32 -896.001953 ) (864 32 -896.001953 ) 
3 127 133 (512 0 -1024 ) (480 32 -896.001953 ) (544 32 -896.001953 ) 
3 127 132 (448 0 -1024 ) (416 32 -896.001953 ) (480 32 -896.001953 ) 
3 127 131 (576 0 -1024 ) (544 32 -896.001953 ) (608 32 -896.001953 ) 
3 127 130 (640 0 -1024 ) (608 32 -896.001953 ) (672 32 -896.001953 ) 
3 127 129 (768 0 -1024 ) (736 32 -896.001953 ) (800 32 -896.001953 ) 
3 127 128 (704 0 -1024 ) (672 32 -896.001953 ) (736 32 -896.001953 ) 
4 145 292 (-8 0 1536 ) (-1024 0 1536 ) (-1024 0 0 ) (-8 0 0 ) 
4 146 291 (0 -504 0 ) (0 -512 0 ) (0 -512 1536 ) (0 -504 1536 ) 
3 146 182 (32 -480 -896 ) (0 -480 -896 ) (0 -448 -1024 ) 
3 146 181 (160 -480 -896 ) (96 -480 -896 ) (128 -448 -1024 ) 
3 146 180 (96 -480 -896 ) (32 -480 -896 ) (64 -448 -1024 ) 
3 146 179 (416 -480 -896 ) (352 -480 -896 ) (384 -448 -1024 ) 
3 146 178 (352 -480 -896 ) (288 -480 -896 ) (320 -448 -1024 ) 
3 146 177 (288 -480 -896 ) (224 -480 -896 ) (256 -448 -1024 ) 
3 146 176 (224 -480 -896 ) (160 -480 -896 ) (192 -448 -1024 ) 
3 146 175 (672 -480 -896 ) (608 -480 -896 ) (640 -448 -1024 ) 
3 146 174 (608 -480 -896 ) (544 -480 -896 ) (576 -448 -1024 ) 
3 146 173 (544 -480 -896 ) (480 -480 -896 ) (512 -448 -1024 ) 
3 146 172 (480 -480 -896 ) (416 -480 -896 ) (448 -448 -1024 ) 
3 146 171 (736 -480 -896 ) (672 -480 -896 ) (704 -448 -1024 ) 
3 146 170 (800 -480 -896 ) (736 -480 -896 ) (768 -448 -1024 ) 
3 146 169 (1024 -448 -1024 ) (1024 -480 -896 ) (992 -480 -896 ) 
3 146 168 (928 -480 -896 ) (864 -480 -896 ) (896 -448 -1024 ) 
3 146 167 (864 -480 -896 ) (800 -480 -896 ) (832 -448 -1024 ) 
3 146 166 (992 -480 -896 ) (928 -480 -896 ) (960 -448 -1024 ) 
4 146 165 (1024 -480 -896 ) (1024 -512 -768.001953 ) (0 -512 -768.001953 ) (0 -480 -896 ) 
4 146 164 (320 -448 -1023.996094 ) (320 -448 -1023.996094 ) (288 -416 -896 ) (352 -416 -896 ) 
4 146 163 (384 -448 -1023.996094 ) (384 -448 -1023.996094 ) (352 -416 -896 ) (416 -416 -896 ) 
3 146 162 (0 -448 -1023.996094 ) (0 -416 -896 ) (32 -416 -896 ) 
4 146 161 (256 -448 -1023.996094 ) (256 -448 -1023.996094 ) (224 -416 -896 ) (288 -416 -896 ) 
4 146 160 (64 -448 -1023.996094 ) (64 -448 -1023.996094 ) (32 -416 -896 ) (96 -416 -896 ) 
4 146 159 (192 -448 -1023.996094 ) (192 -448 -1023.996094 ) (160 -416 -896 ) (224 -416 -896 ) 
4 146 158 (128 -448 -1023.996094 ) (128 -448 -1023.996094 ) (96 -416 -896 ) (160 -416 -896 ) 
3 146 157 (1024 -416 -896 ) (1024 -448 -1023.996094 ) (992 -416 -896 ) 
4 146 156 (896.001099 -448 -1023.996094 ) (896 -448 -1023.996094 ) (864 -416 -896 ) (928 -416 -896 ) 
4 146 155 (960.001038 -448 -1023.996094 ) (960 -448 -1023.996094 ) (928 -416 -896 ) (992 -416 -896 ) 
4 146 154 (832.001099 -448 -1023.996094 ) (832 -448 -1023.996094 ) (800 -416 -896 ) (864 -416 -896 ) 
4 146 153 (512 -448 -1023.996094 ) (512 -448 -1023.996094 ) (480 -416 -896 ) (544 -416 -896 ) 
4 146 152 (448 -448 -1023.996094 ) (448 -448 -1023.996094 ) (416 -416 -896 ) (480 -416 -896 ) 
4 146 151 (576 -448 -1023.996094 ) (576 -448 -1023.996094 ) (544 -416 -896 ) (608 -416 -896 ) 
4 146 150 (640 -448 -1023.996094 ) (640 -448 -1023.996094 ) (608 -416 -896 ) (672 -416 -896 ) 
4 146 149 (768 -448 -1023.996094 ) (768 -448 -1023.996094 ) (736 -416 -896 ) (800 -416 -896 ) 
4 146 148 (704 -448 -1023.996094 ) (704 -448 -1023.996094 ) (672 -416 -896 ) (736 -416 -896 ) 
4 146 147 (1024 0 768 ) (1024 -416 -896 ) (0 -416 -896 ) (0 0 768 ) 
3 147 200 (288 -352 -896 ) (352 -352 -896 ) (320 -384 -1024 ) 
3 147 199 (352 -352 -896 ) (416 -352 -896 ) (384 -384 -1024 ) 
3 147 198 (0 -384 -1024 ) (0 -352 -896 ) (32 -352 -896 ) 
3 147 197 (224 -352 -896 ) (288 -352 -896 ) (256 -384 -1024 ) 
3 147 196 (32 -352 -896 ) (96 -352 -896 ) (64 -384 -1024 ) 
3 147 195 (160 -352 -896 ) (224 -352 -896 ) (192 -384 -1024 ) 
3 147 194 (96 -352 -896 ) (160 -352 -896 ) (128 -384 -1024 ) 
3 147 193 (992 -352 -896 ) (1024 -352 -896 ) (1024 -384 -1024 ) 
3 147 192 (864 -352 -896 ) (928 -352 -896 ) (896 -384 -1024 ) 
3 147 191 (928 -352 -896 ) (992 -352 -896 ) (960 -384 -1024 ) 
3 147 190 (800 -352 -896 ) (864 -352 -896 ) (832 -384 -1024 ) 
3 147 189 (480 -352 -896 ) (544 -352 -896 ) (512 -384 -1024 ) 
3 147 188 (416 -352 -896 ) (480 -352 -896 ) (448 -384 -1024 ) 
3 147 187 (544 -352 -896 ) (608 -352 -896 ) (576 -384 -1024 ) 
3 147 186 (608 -352 -896 ) (672 -352 -896 ) (640 -384 -1024 ) 
3 147 185 (736 -352 -896 ) (800 -352 -896 ) (768 -384 -1024 ) 
3 147 184 (672 -352 -896 ) (736 -352 -896 ) (704 -384 -1024 ) 
4 147 183 (0 -352 -896 ) (0 0 512 ) (1024 0 512 ) (1024 -352 -896 ) 
3 147 164 (320 -384 -1024.001953 ) (352 -416 -895.998047 ) (288 -416 -895.998047 ) 
3 147 163 (384 -384 -1024.001953 ) (416 -416 -895.998047 ) (352 -416 -895.998047 ) 
3 147 162 (0 -384 -1024.001953 ) (32 -416 -895.998047 ) (0 -416 -895.998047 ) 
3 147 161 (256 -384 -1024.001953 ) (288 -416 -895.998047 ) (224 -416 -895.998047 ) 
3 147 160 (64 -384 -1024.001953 ) (96 -416 -895.998047 ) (32 -416 -895.998047 ) 
3 147 159 (192 -384 -1024.001953 ) (224 -416 -895.998047 ) (160 -416 -895.998047 ) 
3 147 158 (128 -384 -1024.001953 ) (160 -416 -895.998047 ) (96 -416 -895.998047 ) 
3 147 157 (1024 -384 -1024.001953 ) (1024 -416 -895.998047 ) (992 -416 -895.998047 ) 
3 147 156 (896 -384 -1024.001953 ) (928 -416 -895.998047 ) (864 -416 -895.998047 ) 
3 147 155 (960 -384 -1024.001953 ) (992 -416 -895.998047 ) (928 -416 -895.998047 ) 
3 147 154 (832 -384 -1024.001953 ) (864 -416 -895.998047 ) (800 -416 -895.998047 ) 
3 147 153 (512 -384 -1024.001953 ) (544 -416 -895.998047 ) (480 -416 -895.998047 ) 
3 147 152 (448 -384 -1024.001953 ) (480 -416 -895.998047 ) (416 -416 -895.998047 ) 
3 147 151 (576 -384 -1024.001953 ) (608 -416 -895.998047 ) (544 -416 -895.998047 ) 
3 147 150 (640 -384 -1024.001953 ) (672 -416 -895.998047 ) (608 -416 -895.998047 ) 
3 147 149 (768 -384 -1024.001953 ) (800 -416 -895.998047 ) (736 -416 -895.998047 ) 
3 147 148 (704 -384 -1024.001953 ) (736 -416 -895.998047 ) (672 -416 -895.998047 ) 
3 165 182 (0 -512 -1024 ) (0 -480 -896 ) (32 -480 -896 ) 
3 165 181 (128 -512 -1024 ) (96 -480 -896 ) (160 -480 -896 ) 
3 165 180 (64 -512 -1024 ) (32 -480 -896 ) (96 -480 -896 ) 
3 165 179 (384 -512 -1024 ) (352 -480 -896 ) (416 -480 -896 ) 
3 165 178 (320 -512 -1024 ) (288 -480 -896 ) (352 -480 -896 ) 
3 165 177 (256 -512 -1024 ) (224 -480 -896 ) (288 -480 -896 ) 
3 165 176 (192 -512 -1024 ) (160 -480 -896 ) (224 -480 -896 ) 
3 165 175 (640 -512 -1024 ) (608 -480 -896 ) (672 -480 -896 ) 
3 165 174 (576 -512 -1024 ) (544 -480 -896 ) (608 -480 -896 ) 
3 165 173 (512 -512 -1024 ) (480 -480 -896 ) (544 -480 -896 ) 
3 165 172 (448 -512 -1024 ) (416 -480 -896 ) (480 -480 -896 ) 
3 165 171 (704 -512 -1024 ) (672 -480 -896 ) (736 -480 -896 ) 
3 165 170 (768 -512 -1024 ) (736 -480 -896 ) (800 -480 -896 ) 
3 165 169 (1024 -512 -1024 ) (992 -480 -896 ) (1024 -480 -896 ) 
3 165 168 (896 -512 -1024 ) (864 -480 -896 ) (928 -480 -896 ) 
3 165 167 (832 -512 -1024 ) (800 -480 -896 ) (864 -480 -896 ) 
3 165 166 (960 -512 -1024 ) (928 -480 -896 ) (992 -480 -896 ) 
3 183 236 (640 -320 -1024 ) (608 -288 -896 ) (672 -288 -896 ) 
3 183 235 (704 -320 -1024 ) (672 -288 -896 ) (736 -288 -896 ) 
3 183 234 (1024 -288 -896 ) (1024 -320 -1024 ) (992 -288 -896 ) 
3 183 233 (768 -320 -1024 ) (736 -288 -896 ) (800 -288 -896 ) 
3 183 232 (896 -320 -1024 ) (864 -288 -896 ) (928 -288 -896 ) 
3 183 231 (832 -320 -1024 ) (800 -288 -896 ) (864 -288 -896 ) 
3 183 230 (960 -320 -1024 ) (928 -288 -896 ) (992 -288 -896 ) 
3 183 229 (576 -320 -1024 ) (544 -288 -896 ) (608 -288 -896 ) 
3 183 228 (512 -320 -1024 ) (480 -288 -896 ) (544 -288 -896 ) 
3 183 227 (448 -320 -1024 ) (416 -288 -896 ) (480 -288 -896 ) 
3 183 226 (384 -320 -1024 ) (352 -288 -896 ) (416 -288 -896 ) 
3 183 225 (320 -320 -1024 ) (288 -288 -896 ) (352 -288 -896 ) 
3 183 224 (256 -320 -1024 ) (224 -288 -896 ) (288 -288 -896 ) 
3 183 223 (0 -320 -1024 ) (0 -288 -896 ) (32 -288 -896 ) 
3 183 222 (192 -320 -1024 ) (160 -288 -896 ) (224 -288 -896 ) 
3 183 221 (128 -320 -1024 ) (96 -288 -896 ) (160 -288 -896 ) 
3 183 220 (64 -320 -1024 ) (32 -288 -896 ) (96 -288 -896 ) 
4 183 201 (1024 0 256 ) (1024 -288 -896 ) (0 -288 -896 ) (0 0 256.003906 ) 
3 183 200 (320 -320 -1024.001953 ) (352 -352 -896 ) (288 -352 -896 ) 
3 183 199 (384 -320 -1024.001953 ) (416 -352 -896 ) (352 -352 -896 ) 
3 183 198 (0 -320 -1024.001953 ) (32 -352 -896 ) (0 -352 -896 ) 
3 183 197 (256 -320 -1024.001953 ) (288 -352 -896 ) (224 -352 -896 ) 
3 183 196 (64 -320 -1024.001953 ) (96 -352 -896 ) (32 -352 -896 ) 
3 183 195 (192 -320 -1024.001953 ) (224 -352 -896 ) (160 -352 -896 ) 
3 183 194 (128 -320 -1024.001953 ) (160 -352 -896 ) (96 -352 -896 ) 
3 183 193 (1024 -320 -1024.001953 ) (1024 -352 -896 ) (992 -352 -896 ) 
3 183 192 (896 -320 -1024.001953 ) (928 -352 -896 ) (864 -352 -896 ) 
3 183 191 (960 -320 -1024.001953 ) (992 -352 -896 ) (928 -352 -896 ) 
3 183 190 (832 -320 -1024.001953 ) (864 -352 -896 ) (800 -352 -896 ) 
3 183 189 (512 -320 -1024.001953 ) (544 -352 -896 ) (480 -352 -896 ) 
3 183 188 (448 -320 -1024.001953 ) (480 -352 -896 ) (416 -352 -896 ) 
3 183 187 (576 -320 -1024.001953 ) (608 -352 -896 ) (544 -352 -896 ) 
3 183 186 (640 -320 -1024.001953 ) (672 -352 -896 ) (608 -352 -896 ) 
3 183 185 (768 -320 -1024.001953 ) (800 -352 -896 ) (736 -352 -896 ) 
3 183 184 (704 -320 -1024.001953 ) (736 -352 -896 ) (672 -352 -896 ) 
5 201 236 (671.998596 -288 -895.994141 ) (608.001465 -288 -895.994141 ) (608 -288 -896 ) (640 -256 -1023.998047 ) (672 -288 -896 ) 
4 201 235 (735.998535 -288 -895.994141 ) (671.998596 -288 -895.994141 ) (704 -256 -1023.998047 ) (736 -288 -896 ) 
4 201 234 (1024 -256 -1023.998047 ) (1024 -288 -895.994141 ) (992.001526 -288 -895.994141 ) (992 -288 -896 ) 
4 201 233 (799.998596 -288 -895.994141 ) (735.998535 -288 -895.994141 ) (768 -256 -1023.998047 ) (800 -288 -896 ) 
5 201 232 (927.998596 -288 -895.994141 ) (864.001526 -288 -895.994141 ) (864 -288 -896 ) (896 -256 -1023.998047 ) (928 -288 -896 ) 
3 201 231 (864.001526 -288 -895.994141 ) (799.998596 -288 -895.994141 ) (832 -256 -1023.998047 ) 
3 201 230 (992.001526 -288 -895.994141 ) (927.998596 -288 -895.994141 ) (960 -256 -1023.998047 ) 
4 201 229 (608.001465 -288 -895.994141 ) (544.001465 -288 -895.994141 ) (544 -288 -896 ) (576 -256 -1023.998047 ) 
4 201 228 (544.001465 -288 -895.994141 ) (480.001495 -288 -895.994141 ) (480 -288 -896 ) (512 -256 -1023.998047 ) 
4 201 227 (480.001495 -288 -895.994141 ) (416.001526 -288 -895.994141 ) (416 -287.998993 -896 ) (448 -256 -1023.998047 ) 
4 201 226 (416.001526 -288 -895.994141 ) (352.001465 -288 -895.994141 ) (352 -288 -896 ) (384 -256 -1023.998047 ) 
4 201 225 (352.001465 -288 -895.994141 ) (288.001465 -288 -895.994141 ) (288 -288 -896 ) (320 -256 -1023.998047 ) 
4 201 224 (288.001465 -288 -895.994141 ) (224.001495 -288 -895.994141 ) (224 -288 -896 ) (256 -256 -1023.998047 ) 
4 201 223 (31.998535 -288 -895.994141 ) (0 -288 -895.994141 ) (0 -256 -1023.998047 ) (32 -288 -896 ) 
4 201 222 (224.001495 -288 -895.994141 ) (160.001465 -288 -895.994141 ) (160 -288 -896 ) (192 -256 -1023.998047 ) 
4 201 221 (160.001465 -288 -895.994141 ) (96.001472 -288 -895.994141 ) (96 -288 -896 ) (128 -256 -1023.998047 ) 
3 201 220 (96.001472 -288 -895.994141 ) (31.998535 -288 -895.994141 ) (64 -256 -1023.998047 ) 
3 201 219 (640 -256 -1024 ) (608 -224 -896 ) (672 -224 -896 ) 
3 201 218 (704 -256 -1024 ) (672 -224 -896 ) (736 -224 -896 ) 
3 201 217 (1024 -224 -896 ) (1024 -256 -1024 ) (992 -224 -896 ) 
3 201 216 (768 -256 -1024 ) (736 -224 -896 ) (800 -224 -896 ) 
3 201 215 (896 -256 -1024 ) (864 -224 -896 ) (928 -224 -896 ) 
3 201 214 (832 -256 -1024 ) (800 -224 -896 ) (864 -224 -896 ) 
3 201 213 (960 -256 -1024 ) (928 -224 -896 ) (992 -224 -896 ) 
3 201 212 (576 -256 -1024 ) (544 -224 -896 ) (608 -224 -896 ) 
3 201 211 (512 -256 -1024 ) (480 -224 -896 ) (544 -224 -896 ) 
3 201 210 (448 -256 -1024 ) (416 -224 -896 ) (480 -224 -896 ) 
3 201 209 (384 -256 -1024 ) (352 -224 -896 ) (416 -224 -896 ) 
3 201 208 (320 -256 -1024 ) (288 -224 -896 ) (352 -224 -896 ) 
3 201 207 (256 -256 -1024 ) (224 -224 -896 ) (288 -224 -896 ) 
3 201 206 (0 -256 -1024 ) (0 -224 -896 ) (32 -224 -896 ) 
3 201 205 (192 -256 -1024 ) (160 -224 -896 ) (224 -224 -896 ) 
3 201 204 (128 -256 -1024 ) (96 -224 -896 ) (160 -224 -896 ) 
3 201 203 (64 -256 -1024 ) (32 -224 -896 ) (96 -224 -896 ) 
4 201 202 (1024 0 0 ) (1024 -224 -896 ) (0 -224 -896 ) (0 0 0 ) 
3 202 272 (608 -160 -895.998901 ) (672 -160 -895.998901 ) (640 -192 -1023.998901 ) 
3 202 271 (672 -160 -895.998901 ) (736 -160 -895.998901 ) (704 -192 -1023.998901 ) 
3 202 270 (992 -160 -895.998901 ) (1024 -160 -895.998901 ) (1024 -192 -1023.998901 ) 
3 202 269 (736 -160 -895.998901 ) (800 -160 -895.998901 ) (768 -192 -1023.998901 ) 
3 202 268 (864 -160 -895.998901 ) (928 -160 -895.998901 ) (896 -192 -1023.998901 ) 
3 202 267 (800 -160 -895.998901 ) (864 -160 -895.998901 ) (832 -192 -1023.998901 ) 
3 202 266 (928 -160 -895.998901 ) (992 -160 -895.998901 ) (960 -192 -1023.998901 ) 
3 202 265 (544 -160 -895.998901 ) (608 -160 -895.998901 ) (576 -192 -1023.998901 ) 
3 202 264 (480 -160 -895.998901 ) (544 -160 -895.998901 ) (512 -192 -1023.998901 ) 
3 202 263 (416 -160 -895.998901 ) (480 -160 -895.998901 ) (448 -192 -1023.998901 ) 
3 202 262 (352 -160 -895.998901 ) (416 -160 -895.998901 ) (384 -192 -1023.998901 ) 
3 202 261 (288 -160 -895.998901 ) (352 -160 -895.998901 ) (320 -192 -1023.998901 ) 
3 202 260 (224 -160 -895.998901 ) (288 -160 -895.998901 ) (256 -192 -1023.998901 ) 
3 202 259 (0 -192 -1023.998962 ) (0 -160 -895.998962 ) (32 -160 -895.998962 ) 
3 202 258 (160 -160 -895.998901 ) (224 -160 -895.998901 ) (192 -192 -1023.998901 ) 
3 202 257 (96 -160 -895.998901 ) (160 -160 -895.998901 ) (128 -192 -1023.998901 ) 
3 202 256 (32 -160 -895.998962 ) (96 -160 -895.998901 ) (64 -192 -1023.998962 ) 
4 202 237 (0 -160 -895.998962 ) (0 0 -255.997742 ) (1024 0 -255.997711 ) (1024 -160 -895.998901 ) 
3 202 219 (640 -192 -1024 ) (672 -224 -896 ) (608 -224 -896 ) 
3 202 218 (704 -192 -1024 ) (736 -224 -896 ) (672 -224 -896 ) 
3 202 217 (1024 -192 -1024 ) (1024 -224 -896 ) (992 -224 -896 ) 
3 202 216 (768 -192 -1024 ) (800 -224 -896 ) (736 -224 -896 ) 
3 202 215 (896 -192 -1024 ) (928 -224 -896 ) (864 -224 -896 ) 
3 202 214 (832 -192 -1024 ) (864 -224 -896 ) (800 -224 -896 ) 
3 202 213 (960 -192 -1024 ) (992 -224 -896 ) (928 -224 -896 ) 
3 202 212 (576 -192 -1024 ) (608 -224 -896 ) (544 -224 -896 ) 
3 202 211 (512 -192 -1024 ) (544 -224 -896 ) (480 -224 -896 ) 
3 202 210 (448 -192 -1024 ) (480 -224 -896 ) (416 -224 -896 ) 
3 202 209 (384 -192 -1024 ) (416 -224 -896 ) (352 -224 -896 ) 
3 202 208 (320 -192 -1024 ) (352 -224 -896 ) (288 -224 -896 ) 
3 202 207 (256 -192 -1024 ) (288 -224 -896 ) (224 -224 -896 ) 
3 202 206 (0 -192 -1024 ) (32 -224 -896 ) (0 -224 -896 ) 
3 202 205 (192 -192 -1024 ) (224 -224 -896 ) (160 -224 -896 ) 
3 202 204 (128 -192 -1024 ) (160 -224 -896 ) (96 -224 -896 ) 
3 202 203 (64 -192 -1024 ) (96 -224 -896 ) (32 -224 -896 ) 
3 237 272 (672 -160 -896 ) (608 -160 -896 ) (640 -128 -1024 ) 
3 237 271 (736 -160 -896 ) (672 -160 -896 ) (704 -128 -1024 ) 
3 237 270 (1024 -128 -1024 ) (1024 -160 -896 ) (992 -160 -896 ) 
3 237 269 (800 -160 -896 ) (736 -160 -896 ) (768 -128 -1024 ) 
3 237 268 (928 -160 -896 ) (864 -160 -896 ) (896 -128 -1024 ) 
3 237 267 (864 -160 -896 ) (800 -160 -896 ) (832 -128 -1024 ) 
3 237 266 (992 -160 -896 ) (928 -160 -896 ) (960 -128 -1024 ) 
3 237 265 (608 -160 -896 ) (544 -160 -896 ) (576 -128 -1024 ) 
3 237 264 (544 -160 -896 ) (480 -160 -896 ) (512 -128 -1024 ) 
3 237 263 (480 -160 -896 ) (416 -160 -896 ) (448 -128 -1024 ) 
3 237 262 (416 -160 -896 ) (352 -160 -896 ) (384 -128 -1024 ) 
3 237 261 (352 -160 -896 ) (288 -160 -896 ) (320 -128 -1024 ) 
3 237 260 (288 -160 -896 ) (224 -160 -896 ) (256 -128 -1024 ) 
3 237 259 (32 -160 -896 ) (0 -160 -896 ) (0 -128 -1024 ) 
3 237 258 (224 -160 -896 ) (160 -160 -896 ) (192 -128 -1024 ) 
3 237 257 (160 -160 -896 ) (96 -160 -896 ) (128 -128 -1024 ) 
3 237 256 (96 -160 -896 ) (32 -160 -896 ) (64 -128 -1024 ) 
3 237 255 (640 -128 -1024.001953 ) (608 -96 -896 ) (672 -96 -896 ) 
3 237 254 (704 -128 -1024.001953 ) (672 -96 -896 ) (736 -96 -896 ) 
3 237 253 (1024 -96 -896 ) (1024 -128 -1024.001953 ) (992 -96 -896 ) 
3 237 252 (768 -128 -1024.001953 ) (736 -96 -896 ) (800 -96 -896 ) 
3 237 251 (896 -128 -1024.001953 ) (864 -96 -896 ) (928 -96 -896 ) 
3 237 250 (832 -128 -1024.001953 ) (800 -96 -896 ) (864 -96 -896 ) 
3 237 249 (960 -128 -1024.001953 ) (928 -96 -896 ) (992 -96 -896 ) 
3 237 248 (576 -128 -1024.001953 ) (544 -96 -896 ) (608 -96 -896 ) 
3 237 247 (512 -128 -1024.001953 ) (480 -96 -896 ) (544 -96 -896 ) 
3 237 246 (448 -128 -1024.001953 ) (416 -96 -896 ) (480 -96 -896 ) 
3 237 245 (384 -128 -1024.001953 ) (352 -96 -896 ) (416 -96 -896 ) 
3 237 244 (320 -128 -1024.001953 ) (288 -96 -896 ) (352 -96 -896 ) 
3 237 243 (256 -128 -1024.001953 ) (224 -96 -896 ) (288 -96 -896 ) 
3 237 242 (0 -128 -1024.001953 ) (0 -96 -896 ) (32 -96 -896 ) 
3 237 241 (192 -128 -1024.001953 ) (160 -96 -896 ) (224 -96 -896 ) 
3 237 240 (128 -128 -1024.001953 ) (96 -96 -896 ) (160 -96 -896 ) 
3 237 239 (64 -128 -1024.001953 ) (32 -96 -896 ) (96 -96 -896 ) 
4 237 238 (1024 0 -511.996094 ) (1024 -96 -896 ) (0 -96 -896 ) (0 0 -512 ) 
3 238 290 (640 -64 -1024 ) (608 -32 -896 ) (672 -32 -896 ) 
3 238 289 (704 -64 -1024 ) (672 -32 -896 ) (736 -32 -896 ) 
3 238 288 (1024 -32 -896 ) (1024 -64 -1024 ) (992 -32 -896 ) 
3 238 287 (768 -64 -1024 ) (736 -32 -896 ) (800 -32 -896 ) 
3 238 286 (896 -64 -1024 ) (864 -32 -896 ) (928 -32 -896 ) 
3 238 285 (832 -64 -1024 ) (800 -32 -896 ) (864 -32 -896 ) 
3 238 284 (960 -64 -1024 ) (928 -32 -896 ) (992 -32 -896 ) 
3 238 283 (576 -64 -1024 ) (544 -32 -896 ) (608 -32 -896 ) 
3 238 282 (512 -64 -1024 ) (480 -32 -896 ) (544 -32 -896 ) 
3 238 281 (448 -64 -1024 ) (416 -32 -896 ) (480 -32 -896 ) 
3 238 280 (384 -64 -1024 ) (352 -32 -896 ) (416 -32 -896 ) 
3 238 279 (320 -64 -1024 ) (288 -32 -896 ) (352 -32 -896 ) 
3 238 278 (256 -64 -1024 ) (224 -32 -896 ) (288 -32 -896 ) 
3 238 277 (0 -64 -1024 ) (0 -32 -896 ) (32 -32 -896 ) 
3 238 276 (192 -64 -1024 ) (160 -32 -896 ) (224 -32 -896 ) 
3 238 275 (128 -64 -1024 ) (96 -32 -896 ) (160 -32 -896 ) 
3 238 274 (64 -64 -1024 ) (32 -32 -896 ) (96 -32 -896 ) 
4 238 273 (1024 0 -768 ) (1024 -32 -896 ) (0 -32 -896 ) (0 0 -768 ) 
5 238 255 (640 -64 -1024.001953 ) (672 -96 -896 ) (672 -96 -895.996094 ) (608 -96 -895.996094 ) (608 -96 -896 ) 
4 238 254 (704 -64 -1024.001953 ) (736 -96 -896 ) (736 -96 -895.996094 ) (672 -96 -895.996094 ) 
4 238 253 (1024 -64 -1024.001953 ) (1024 -96 -895.996094 ) (992.001038 -96 -895.996094 ) (992 -96 -896 ) 
4 238 252 (768 -64 -1024.001953 ) (800 -96 -896 ) (800 -96 -895.996094 ) (736 -96 -895.996094 ) 
5 238 251 (896 -64 -1024.001953 ) (928 -96 -896 ) (928 -96 -895.996094 ) (864.001099 -96 -895.996094 ) (864 -96 -896 ) 
3 238 250 (832 -64 -1024.001953 ) (864.001099 -96 -895.996094 ) (800 -96 -895.996094 ) 
3 238 249 (960 -64 -1024.001953 ) (992.001038 -96 -895.996094 ) (928 -96 -895.996094 ) 
4 238 248 (576 -64 -1024.001953 ) (608 -96 -895.996094 ) (544 -96 -895.996094 ) (544 -96 -896 ) 
4 238 247 (512 -64 -1024.001953 ) (544 -96 -895.996094 ) (480 -96 -895.996094 ) (480 -96 -896 ) 
4 238 246 (448 -64 -1024.001953 ) (480 -96 -895.996094 ) (416 -96 -895.996094 ) (416 -96 -896 ) 
4 238 245 (384 -64 -1024.001953 ) (416 -96 -895.996094 ) (352 -96 -895.996094 ) (352 -96 -896 ) 
4 238 244 (320 -64 -1024.001953 ) (352 -96 -895.996094 ) (288 -96 -895.996094 ) (288 -96 -896 ) 
4 238 243 (256 -64 -1024.001953 ) (288 -96 -895.996094 ) (224 -96 -895.996094 ) (224 -96 -896 ) 
4 238 242 (0 -64 -1024.001953 ) (32 -96 -896 ) (32 -96 -895.996094 ) (0 -96 -895.996094 ) 
4 238 241 (192 -64 -1024.001953 ) (224 -96 -895.996094 ) (160 -96 -895.996094 ) (160 -96 -896 ) 
4 238 240 (128 -64 -1024.001953 ) (160 -96 -895.996094 ) (96 -96 -895.996094 ) (96 -96 -896 ) 
3 238 239 (64 -64 -1024.001953 ) (96 -96 -895.996094 ) (32 -96 -895.996094 ) 
3 273 290 (640 0 -1024 ) (672 -32 -896.001953 ) (608 -32 -896.001953 ) 
3 273 289 (704 0 -1024 ) (736 -32 -896.001953 ) (672 -32 -896.001953 ) 
3 273 288 (1024 0 -1024 ) (1024 -32 -896.001953 ) (992 -32 -896.001953 ) 
3 273 287 (768 0 -1024 ) (800 -32 -896.001953 ) (736 -32 -896.001953 ) 
3 273 286 (896 0 -1024 ) (928 -32 -896.001953 ) (864 -32 -896.001953 ) 
3 273 285 (832 0 -1024 ) (864 -32 -896.001953 ) (800 -32 -896.001953 ) 
3 273 284 (960 0 -1024 ) (992 -32 -896.001953 ) (928 -32 -896.001953 ) 
3 273 283 (576 0 -1024 ) (608 -32 -896.001953 ) (544 -32 -896.001953 ) 
3 273 282 (512 0 -1024 ) (544 -32 -896.001953 ) (480 -32 -896.001953 ) 
3 273 281 (448 0 -1024 ) (480 -32 -896.001953 ) (416 -32 -896.001953 ) 
3 273 280 (384 0 -1024 ) (416 -32 -896.001953 ) (352 -32 -896.001953 ) 
3 273 279 (320 0 -1024 ) (352 -32 -896.001953 ) (288 -32 -896.001953 ) 
3 273 278 (256 0 -1024 ) (288 -32 -896.001953 ) (224 -32 -896.001953 ) 
3 273 277 (0 0 -1024 ) (32 -32 -896.001953 ) (0 -32 -896.001953 ) 
3 273 276 (192 0 -1024 ) (224 -32 -896.001953 ) (160 -32 -896.001953 ) 
3 273 275 (128 0 -1024 ) (160 -32 -896.001953 ) (96 -32 -896.001953 ) 
3 273 274 (64 0 -1024 ) (96 -32 -896.001953 ) (32 -32 -896.001953 ) 
4 291 293 (0 -512 512 ) (0 -512 1536 ) (-8 -512 1536 ) (-8 -512 512 ) 
4 291 292 (-8 -504 0 ) (-8 -512 0 ) (-8 -512 1536 ) (-8 -504 1536 ) 
4 292 293 (-8 -512 1536 ) (-1024 -512 1536 ) (-1024 -512 512 ) (-8 -512 512 ) 
4 293 294 (0 -1024 512 ) (0 -1024 1536 ) (-1024 -1024 1536 ) (-1024 -1024 512 ) 
