PRT1
353
1003
4 0 37 (2528 0 1504 ) (2080 0 1504 ) (2080 0 -480 ) (2528 0 -480 ) 
4 0 2 (2080 0 1024 ) (2080 0 1504 ) (2080 864 1504 ) (2080 864 1024 ) 
4 0 3 (2080 864 -480 ) (2080 0 -480 ) (2080 0 192 ) (2080 864 192 ) 
4 0 1 (2080 992 1504 ) (2080 992 -480 ) (2080 864 -480 ) (2080 864 1504 ) 
4 1 15 (2048 896 -480 ) (2048 864 -480 ) (2048 864 192 ) (2048 896 192 ) 
4 1 14 (2048 992 256 ) (2048 992 -480 ) (2048 896 -480 ) (2048 896 256 ) 
4 1 10 (2048 992 510 ) (2048 992 256 ) (2048 896 256 ) (2048 896 510 ) 
4 1 5 (2048 864 1504 ) (2048 896 1504 ) (2048 896 1024 ) (2048 864 1024 ) 
4 1 4 (2048 896 1504 ) (2048 992 1504 ) (2048 992 510 ) (2048 896 510 ) 
4 1 2 (2080 864 1024 ) (2080 864 1504 ) (2048 864 1504 ) (2048 864 1024 ) 
4 1 3 (2048 864 -480 ) (2080 864 -480 ) (2080 864 192 ) (2048 864 192 ) 
4 2 38 (2080 0 1504 ) (2048 0 1504 ) (2048 0 1024 ) (2080 0 1024 ) 
4 2 21 (2048 0 1056 ) (2048 0 1504 ) (2048 96 1504 ) (2048 96 1056 ) 
4 2 6 (2048 96 1504 ) (2048 864 1504 ) (2048 864 1056 ) (2048 96 1056 ) 
4 3 39 (2048 0 192 ) (2048 0 -480 ) (2080 0 -480 ) (2080 0 192 ) 
4 3 36 (2048 0 -480 ) (2048 0 192 ) (2048 96 192 ) (2048 96 -480 ) 
4 3 17 (2048 96 192 ) (2048 848 192 ) (2048 848 -480 ) (2048 96 -480 ) 
4 3 16 (2048 848 192 ) (2048 864 192 ) (2048 864 -480 ) (2048 848 -480 ) 
4 4 72 (1024 896 1504 ) (1024 992 1504 ) (1024 992 510 ) (1024 896 510 ) 
4 4 10 (1024 896 510 ) (1024 992 510 ) (2048 992 510 ) (2048 896 510 ) 
4 4 5 (2048 896 1024 ) (2048 896 1504 ) (1024 896 1504 ) (1024 896 1024 ) 
4 5 73 (1024 864 1504 ) (1024 896 1504 ) (1024 896 1024 ) (1024 864 1024 ) 
4 5 6 (2048 864 1056 ) (2048 864 1504 ) (1024 864 1504 ) (1024 864 1056 ) 
4 6 74 (1024 96 1056 ) (1024 96 1504 ) (1024 864 1504 ) (1024 864 1056 ) 
4 6 21 (2048 96 1056 ) (2048 96 1504 ) (1024 96 1504 ) (1024 96 1056 ) 
4 7 75 (1024 96 518 ) (1024 96 1024 ) (1024 864 1024 ) (1024 864 518 ) 
4 7 22 (2048 96 518 ) (2048 96 1024 ) (1024 96 1024 ) (1024 96 518 ) 
4 7 9 (2048 96 518 ) (1542 96 518 ) (1542 104 518 ) (2048 104 518 ) 
4 7 8 (1024 104 518 ) (1024 864 518 ) (2048 864 518 ) (2048 104 518 ) 
4 8 76 (1024 104 518 ) (1024 864 518 ) (1024 864 510 ) (1024 104 510 ) 
4 8 11 (1024 104 510 ) (1024 864 510 ) (2048 864 510 ) (2048 104 510 ) 
4 8 9 (1542 104 510 ) (2048 104 510 ) (2048 104 518 ) (1542 104 518 ) 
4 9 23 (2048 96 510 ) (2048 96 518 ) (1542 96 518 ) (1542 96 510 ) 
4 9 12 (2048 96 510 ) (1542 96 510 ) (1542 100 510 ) (2048 100 510 ) 
4 9 11 (1542 100 510 ) (1542 104 510 ) (2048 104 510 ) (2048 100 510 ) 
4 10 78 (1024 896 510 ) (1024 992 510 ) (1024 992 256 ) (1024 896 256 ) 
4 10 14 (1024 896 256 ) (1024 992 256 ) (2048 992 256 ) (2048 896 256 ) 
4 11 79 (1024 100 510 ) (1024 864 510 ) (1024 864 256 ) (1024 100 256 ) 
4 11 18 (1340.020020 864 256 ) (1344 864 256 ) (1344 112 256 ) (1340.020020 112 256 ) 
4 11 16 (1344 864 256 ) (2048 864 256 ) (2048 848 256 ) (1344 848 256 ) 
4 11 13 (1532 100 256 ) (2048 100 256 ) (2048 100 384 ) (1532 100 384 ) 
4 11 12 (2048 100 384 ) (2048 100 510 ) (1538 100 510 ) (1538 100 384 ) 
4 12 24 (2048 96 384 ) (2048 96 510 ) (1538 96 510 ) (1538 96 384 ) 
4 12 13 (2048 96 384 ) (1538 96 384 ) (1538 100 384 ) (2048 100 384 ) 
4 13 33 (2048 96 256 ) (2048 96 384 ) (1536 96 384 ) (1536 96 256 ) 
4 14 137 (1024 992 -64 ) (1024 992 -480 ) (1024 896 -480 ) (1024 896 -64 ) 
4 14 133 (1024 992 0 ) (1024 992 -64 ) (1024 896 -64 ) (1024 896 0 ) 
4 14 114 (1024 992 128 ) (1024 992 0 ) (1024 896 0 ) (1024 896 128 ) 
4 14 94 (1024 992 192 ) (1024 992 128 ) (1024 896 128 ) (1024 896 192 ) 
4 14 89 (1024 896 256 ) (1024 992 256 ) (1024 992 192 ) (1024 896 192 ) 
4 14 15 (1024 896 -480 ) (2048 896 -480 ) (2048 896 192 ) (1024 896 192 ) 
4 15 137 (1024 896 -64 ) (1024 896 -480 ) (1024 864 -480 ) (1024 864 -64 ) 
4 15 133 (1024 896 0 ) (1024 896 -64 ) (1024 864 -64 ) (1024 864 0 ) 
4 15 114 (1024 896 128 ) (1024 896 0 ) (1024 864 0 ) (1024 864 128 ) 
4 15 94 (1024 896 192 ) (1024 896 128 ) (1024 864 128 ) (1024 864 192 ) 
4 15 19 (1024 864 -480 ) (1340.020020 864 -480 ) (1340.020020 864 192 ) (1024 864 192 ) 
4 15 18 (1340.020020 864 -480 ) (1344 864 -480 ) (1344 864 192 ) (1340.020020 864 192 ) 
4 15 16 (1344 864 -480 ) (2048 864 -480 ) (2048 864 192 ) (1344 864 192 ) 
4 16 18 (1344 864 256 ) (1344 864 -480 ) (1344 848 -480 ) (1344 848 256 ) 
4 16 17 (1344 848 192 ) (1344 848 -480 ) (2048 848 -480 ) (2048 848 192 ) 
4 17 36 (2048 96 -480 ) (2048 96 192 ) (1344 96 192 ) (1344 96 -480 ) 
4 17 20 (1344 112 -480 ) (1344 96 -480 ) (1344 96 0 ) (1344 112 0 ) 
4 17 18 (1344 848 -480 ) (1344 112 -480 ) (1344 112 192 ) (1344 848 192 ) 
4 18 20 (1340.020020 112 -480 ) (1344 112 -480 ) (1344 112 0 ) (1340.020020 112 0 ) 
4 18 19 (1340.020020 864 192 ) (1340.020020 864 -480 ) (1340.020020 112 -480 ) (1340.020020 112 192 ) 
4 19 137 (1024 864 -64 ) (1024 864 -480 ) (1024 112 -480 ) (1024 112 -64 ) 
4 19 135 (1024 384 -64 ) (1024 112 -64 ) (1024 112 0 ) (1024 384 0 ) 
4 19 133 (1024 864 0 ) (1024 864 -64 ) (1024 384 -64 ) (1024 384 0 ) 
4 19 126 (1024 512 0 ) (1024 112 0 ) (1024 112 128 ) (1024 512 128 ) 
3 19 123 (1024 576 128 ) (1024 576 64 ) (1024 544 96 ) 
3 19 121 (1024 564 116 ) (1024 544 96 ) (1024 524 116 ) 
4 19 120 (1024 512 128 ) (1024 576 128 ) (1024 564 116 ) (1024 524 116 ) 
4 19 117 (1024 576 0 ) (1024 512 0 ) (1024 512 128 ) (1024 576 64 ) 
4 19 114 (1024 864 128 ) (1024 864 0 ) (1024 576 0 ) (1024 576 128 ) 
4 19 94 (1024 864 192 ) (1024 864 128 ) (1024 112 128 ) (1024 112 192 ) 
4 19 20 (1024 112 -480 ) (1340.020020 112 -480 ) (1340.020020 112 0 ) (1024 112 0 ) 
4 20 137 (1024 96 -480 ) (1024 96 -64 ) (1024 112 -64 ) (1024 112 -480 ) 
4 20 135 (1024 96 -64 ) (1024 96 0 ) (1024 112 0 ) (1024 112 -64 ) 
4 20 36 (1024 96 0 ) (1024 96 -480 ) (1344 96 -480 ) (1344 96 0 ) 
4 21 74 (1024 0 1056 ) (1024 0 1504 ) (1024 96 1504 ) (1024 96 1056 ) 
4 21 41 (1024 0 1504 ) (1024 0 1056 ) (2048 0 1056 ) (2048 0 1504 ) 
4 22 75 (1024 0 518 ) (1024 0 1024 ) (1024 96 1024 ) (1024 96 518 ) 
4 22 42 (1024 0 1024 ) (1024 0 518 ) (2048 0 518 ) (2048 0 1024 ) 
4 22 23 (1542 96 518 ) (2048 96 518 ) (2048 0 518 ) (1542 0 518 ) 
4 23 43 (1542 0 510 ) (2048 0 510 ) (2048 0 518 ) (1542 0 518 ) 
4 23 26 (2048 0 510 ) (1542 0 510 ) (1542 50 510 ) (2048 50 510 ) 
4 23 24 (1542 50 510 ) (1542 96 510 ) (2048 96 510 ) (2048 50 510 ) 
4 24 33 (1538 96 384 ) (2048 96 384 ) (2048 50 384 ) (1538 50 384 ) 
4 24 30 (1540 50 384 ) (2048 50 384 ) (2048 50 492 ) (1540 50 492 ) 
4 24 28 (2048 50 492 ) (2048 50 494 ) (1540 50 494 ) (1540 50 492 ) 
4 24 26 (2048 50 494 ) (2048 50 510 ) (1538 50 510 ) (1538 50 494 ) 
4 25 80 (1024 50 510 ) (1024 96 510 ) (1024 96 384 ) (1024 50 384 ) 
4 25 34 (1024 50 384 ) (1024 96 384 ) (1344 96 384 ) (1344 50 384 ) 
4 25 32 (1024 50 384 ) (1532 50 384 ) (1532 50 492 ) (1024 50 492 ) 
4 25 29 (1532 50 494 ) (1024 50 494 ) (1024 50 492 ) (1532 50 492 ) 
4 25 27 (1534 50 494 ) (1534 50 510 ) (1024 50 510 ) (1024 50 494 ) 
4 26 44 (1538 0 494 ) (2048 0 494 ) (2048 0 510 ) (1538 0 510 ) 
4 26 28 (2048 0 494 ) (1540 0 494 ) (1540 50 494 ) (2048 50 494 ) 
4 27 80 (1024 0 494 ) (1024 0 510 ) (1024 50 510 ) (1024 50 494 ) 
4 27 45 (1024 0 510 ) (1024 0 494 ) (1534 0 494 ) (1534 0 510 ) 
4 27 29 (1532 0 494 ) (1024 0 494 ) (1024 50 494 ) (1532 50 494 ) 
4 28 46 (1540 0 492 ) (2048 0 492 ) (2048 0 494 ) (1540 0 494 ) 
4 28 30 (1540 50 492 ) (2048 50 492 ) (2048 0 492 ) (1540 0 492 ) 
4 29 80 (1024 0 492 ) (1024 0 494 ) (1024 50 494 ) (1024 50 492 ) 
4 29 47 (1024 0 494 ) (1024 0 492 ) (1532 0 492 ) (1532 0 494 ) 
4 29 32 (1024 0 492 ) (1024 50 492 ) (1532 50 492 ) (1532 0 492 ) 
4 30 48 (1540 0 384 ) (2048 0 384 ) (2048 0 492 ) (1540 0 492 ) 
4 30 33 (1540 50 384 ) (2048 50 384 ) (2048 0 384 ) (1540 0 384 ) 
4 30 31 (1540 0 492 ) (1540 48 492 ) (1540 48 384 ) (1540 0 384 ) 
4 31 49 (1532 0 384 ) (1540 0 384 ) (1540 0 492 ) (1532 0 492 ) 
4 31 33 (1540 48 384 ) (1540 0 384 ) (1536 0 384 ) (1536 48 384 ) 
4 31 32 (1532 0 492 ) (1532 48 492 ) (1532 48 384 ) (1532 0 384 ) 
4 32 80 (1024 0 384 ) (1024 0 492 ) (1024 50 492 ) (1024 50 384 ) 
4 32 50 (1024 0 492 ) (1024 0 384 ) (1532 0 384 ) (1532 0 492 ) 
4 32 34 (1024 0 384 ) (1024 50 384 ) (1344 50 384 ) (1344 0 384 ) 
4 33 53 (1536 0 256 ) (2048 0 256 ) (2048 0 384 ) (1536 0 384 ) 
4 34 81 (1024 0 256 ) (1024 0 384 ) (1024 96 384 ) (1024 96 256 ) 
4 34 54 (1024 0 384 ) (1024 0 256 ) (1344 0 256 ) (1344 0 384 ) 
4 34 35 (1344 0 256 ) (1024 0 256 ) (1024 96 256 ) (1344 96 256 ) 
4 35 90 (1024 0 192 ) (1024 0 256 ) (1024 96 256 ) (1024 96 192 ) 
4 35 55 (1024 0 256 ) (1024 0 192 ) (1536 0 192 ) (1536 0 256 ) 
4 35 36 (1024 0 192 ) (1024 96 192 ) (1536 96 192 ) (1536 0 192 ) 
4 36 137 (1024 0 -480 ) (1024 0 -64 ) (1024 96 -64 ) (1024 96 -480 ) 
4 36 136 (1024 0 -64 ) (1024 0 0 ) (1024 96 0 ) (1024 96 -64 ) 
4 36 127 (1024 56 128 ) (1024 96 128 ) (1024 96 0 ) (1024 56 0 ) 
4 36 132 (1024 0 0 ) (1024 0 128 ) (1024 56 128 ) (1024 56 0 ) 
4 36 107 (1024 0 128 ) (1024 0 192 ) (1024 56 192 ) (1024 56 128 ) 
4 36 95 (1024 56 192 ) (1024 96 192 ) (1024 96 128 ) (1024 56 128 ) 
4 36 56 (1024 0 192 ) (1024 0 -480 ) (2048 0 -480 ) (2048 0 192 ) 
4 37 38 (2080 -864 1024 ) (2080 -864 1504 ) (2080 0 1504 ) (2080 0 1024 ) 
4 37 39 (2080 0 -480 ) (2080 -864 -480 ) (2080 -864 192 ) (2080 0 192 ) 
4 37 40 (2080 -864 -480 ) (2080 -992 -480 ) (2080 -992 1504 ) (2080 -864 1504 ) 
4 38 57 (2048 -864 1056 ) (2048 -864 1504 ) (2048 -96 1504 ) (2048 -96 1056 ) 
4 38 41 (2048 0 1504 ) (2048 0 1056 ) (2048 -96 1056 ) (2048 -96 1504 ) 
4 38 40 (2080 -864 1024 ) (2080 -864 1504 ) (2048 -864 1504 ) (2048 -864 1024 ) 
4 39 71 (2048 -112 -480 ) (2048 -864 -480 ) (2048 -864 192 ) (2048 -112 192 ) 
4 39 69 (2048 -96 -480 ) (2048 -112 -480 ) (2048 -112 192 ) (2048 -96 192 ) 
4 39 56 (2048 0 192 ) (2048 0 -480 ) (2048 -96 -480 ) (2048 -96 192 ) 
4 39 40 (2048 -864 -480 ) (2080 -864 -480 ) (2080 -864 192 ) (2048 -864 192 ) 
4 40 71 (2048 -864 -480 ) (2048 -992 -480 ) (2048 -992 192 ) (2048 -864 192 ) 
4 40 68 (2048 -992 192 ) (2048 -992 510 ) (2048 -896 510 ) (2048 -896 192 ) 
4 40 61 (2048 -896 1504 ) (2048 -864 1504 ) (2048 -864 1024 ) (2048 -896 1024 ) 
4 40 62 (2048 -992 510 ) (2048 -992 1504 ) (2048 -896 1504 ) (2048 -896 510 ) 
4 41 215 (1024 -96 1056 ) (1024 -96 1504 ) (1024 0 1504 ) (1024 0 1056 ) 
4 41 57 (1024 -96 1504 ) (1024 -96 1056 ) (2048 -96 1056 ) (2048 -96 1504 ) 
4 42 216 (1024 -96 518 ) (1024 -96 1024 ) (1024 0 1024 ) (1024 0 518 ) 
4 42 58 (1024 -96 1024 ) (1024 -96 518 ) (2048 -96 518 ) (2048 -96 1024 ) 
4 42 43 (2048 -96 518 ) (1542 -96 518 ) (1542 0 518 ) (2048 0 518 ) 
4 43 59 (1542 -96 510 ) (2048 -96 510 ) (2048 -96 518 ) (1542 -96 518 ) 
4 43 51 (2048 -96 510 ) (1542 -96 510 ) (1542 -50 510 ) (2048 -50 510 ) 
4 43 44 (1542 -50 510 ) (1542 0 510 ) (2048 0 510 ) (2048 -50 510 ) 
4 44 51 (2048 -50 494 ) (2048 -50 510 ) (1538 -50 510 ) (1538 -50 494 ) 
4 44 46 (2048 -50 494 ) (1540 -50 494 ) (1540 0 494 ) (2048 0 494 ) 
4 45 221 (1024 -50 510 ) (1024 0 510 ) (1024 0 494 ) (1024 -50 494 ) 
4 45 52 (1534 -50 510 ) (1024 -50 510 ) (1024 -50 494 ) (1534 -50 494 ) 
4 45 47 (1532 -50 494 ) (1024 -50 494 ) (1024 0 494 ) (1532 0 494 ) 
4 46 51 (2048 -50 492 ) (2048 -50 494 ) (1540 -50 494 ) (1540 -50 492 ) 
4 46 48 (2048 -50 492 ) (1540 -50 492 ) (1540 0 492 ) (2048 0 492 ) 
4 47 221 (1024 0 494 ) (1024 0 492 ) (1024 -50 492 ) (1024 -50 494 ) 
4 47 52 (1532 -50 494 ) (1024 -50 494 ) (1024 -50 492 ) (1532 -50 492 ) 
4 47 50 (1532 -50 492 ) (1024 -50 492 ) (1024 0 492 ) (1532 0 492 ) 
4 48 53 (1540 0 384 ) (2048 0 384 ) (2048 -50 384 ) (1540 -50 384 ) 
4 48 51 (1540 -50 384 ) (2048 -50 384 ) (2048 -50 492 ) (1540 -50 492 ) 
4 48 49 (1540 0 384 ) (1540 -48 384 ) (1540 -48 492 ) (1540 0 492 ) 
4 49 53 (1536 0 384 ) (1540 0 384 ) (1540 -48 384 ) (1536 -48 384 ) 
4 49 50 (1532 0 384 ) (1532 -48 384 ) (1532 -48 492 ) (1532 0 492 ) 
4 50 221 (1024 0 492 ) (1024 0 384 ) (1024 -50 384 ) (1024 -50 492 ) 
4 50 54 (1024 -50 384 ) (1024 0 384 ) (1344 0 384 ) (1344 -50 384 ) 
4 50 52 (1024 -50 384 ) (1532 -50 384 ) (1532 -50 492 ) (1024 -50 492 ) 
4 51 63 (1538 -96 384 ) (2048 -96 384 ) (2048 -96 510 ) (1538 -96 510 ) 
4 51 53 (2048 -96 384 ) (1538 -96 384 ) (1538 -50 384 ) (2048 -50 384 ) 
4 52 221 (1024 -96 384 ) (1024 -96 510 ) (1024 -50 510 ) (1024 -50 384 ) 
4 52 54 (1344 -96 384 ) (1024 -96 384 ) (1024 -50 384 ) (1344 -50 384 ) 
4 53 64 (1536 -96 256 ) (1538 -96 256 ) (1538 -96 384 ) (1536 -96 384 ) 
4 53 63 (1538 -96 256 ) (2048 -96 256 ) (2048 -96 384 ) (1538 -96 384 ) 
4 54 221 (1024 -96 256 ) (1024 -96 384 ) (1024 0 384 ) (1024 0 256 ) 
4 54 55 (1344 -96 256 ) (1024 -96 256 ) (1024 0 256 ) (1344 0 256 ) 
4 55 231 (1024 -96 192 ) (1024 -96 256 ) (1024 0 256 ) (1024 0 192 ) 
4 55 56 (1536 -96 192 ) (1024 -96 192 ) (1024 0 192 ) (1536 0 192 ) 
4 56 282 (1024 -96 -480 ) (1024 -96 -64 ) (1024 0 -64 ) (1024 0 -480 ) 
4 56 276 (1024 -96 -64 ) (1024 -96 0 ) (1024 0 0 ) (1024 0 -64 ) 
4 56 259 (1024 -96 0 ) (1024 -96 128 ) (1024 -56 128 ) (1024 -56 0 ) 
4 56 258 (1024 -56 128 ) (1024 0 128 ) (1024 0 0 ) (1024 -56 0 ) 
4 56 246 (1024 -96 128 ) (1024 -96 192 ) (1024 -56 192 ) (1024 -56 128 ) 
4 56 239 (1024 -56 192 ) (1024 0 192 ) (1024 0 128 ) (1024 -56 128 ) 
4 56 70 (1024 -96 0 ) (1024 -96 -480 ) (1344 -96 -480 ) (1344 -96 0 ) 
4 56 69 (1344 -96 -480 ) (2048 -96 -480 ) (2048 -96 192 ) (1344 -96 192 ) 
4 57 215 (1024 -864 1504 ) (1024 -96 1504 ) (1024 -96 1056 ) (1024 -864 1056 ) 
4 57 61 (2048 -864 1056 ) (2048 -864 1504 ) (1024 -864 1504 ) (1024 -864 1056 ) 
4 58 216 (1024 -96 1024 ) (1024 -96 518 ) (1024 -864 518 ) (1024 -864 1024 ) 
4 58 59 (1542 -96 518 ) (2048 -96 518 ) (2048 -104 518 ) (1542 -104 518 ) 
4 58 60 (2048 -864 518 ) (1024 -864 518 ) (1024 -104 518 ) (2048 -104 518 ) 
4 59 63 (1542 -96 510 ) (2048 -96 510 ) (2048 -104 510 ) (1542 -104 510 ) 
4 59 60 (1542 -104 510 ) (2048 -104 510 ) (2048 -104 518 ) (1542 -104 518 ) 
4 60 218 (1024 -104 510 ) (1024 -864 510 ) (1024 -864 518 ) (1024 -104 518 ) 
4 60 67 (2048 -848 510 ) (2048 -864 510 ) (1024 -864 510 ) (1024 -848 510 ) 
4 60 66 (1534 -848 510 ) (1024 -848 510 ) (1024 -104 510 ) (1534 -104 510 ) 
4 60 65 (1538 -848 510 ) (1534 -848 510 ) (1534 -104 510 ) (1538 -104 510 ) 
4 60 63 (2048 -104 510 ) (2048 -848 510 ) (1538 -848 510 ) (1538 -104 510 ) 
4 61 219 (1024 -896 1504 ) (1024 -864 1504 ) (1024 -864 1024 ) (1024 -896 1024 ) 
4 61 62 (2048 -896 1024 ) (2048 -896 1504 ) (1024 -896 1504 ) (1024 -896 1024 ) 
4 62 220 (1024 -992 1504 ) (1024 -896 1504 ) (1024 -896 510 ) (1024 -992 510 ) 
4 62 68 (2048 -896 510 ) (2048 -992 510 ) (1024 -992 510 ) (1024 -896 510 ) 
4 63 67 (2048 -848 256 ) (2048 -848 510 ) (1538 -848 510 ) (1538 -848 256 ) 
4 63 64 (1538 -96 256 ) (1538 -100 256 ) (1538 -100 384 ) (1538 -96 384 ) 
4 63 65 (1538 -100 256 ) (1538 -848 256 ) (1538 -848 510 ) (1538 -100 510 ) 
4 64 65 (1534 -100 384 ) (1534 -100 256 ) (1538 -100 256 ) (1538 -100 384 ) 
4 65 67 (1538 -848 510 ) (1534 -848 510 ) (1534 -848 256 ) (1538 -848 256 ) 
4 65 66 (1534 -100 256 ) (1534 -848 256 ) (1534 -848 510 ) (1534 -100 510 ) 
4 66 229 (1024 -848 510 ) (1024 -100 510 ) (1024 -100 256 ) (1024 -848 256 ) 
4 66 67 (1534 -848 510 ) (1024 -848 510 ) (1024 -848 256 ) (1534 -848 256 ) 
4 67 236 (1024 -848 256 ) (1024 -848 192 ) (1024 -864 192 ) (1024 -864 256 ) 
4 67 229 (1024 -864 510 ) (1024 -848 510 ) (1024 -848 256 ) (1024 -864 256 ) 
4 67 71 (1024 -864 192 ) (1024 -848 192 ) (2048 -848 192 ) (2048 -864 192 ) 
4 68 238 (1024 -896 256 ) (1024 -896 192 ) (1024 -992 192 ) (1024 -992 256 ) 
4 68 230 (1024 -992 510 ) (1024 -896 510 ) (1024 -896 256 ) (1024 -992 256 ) 
4 68 71 (1024 -992 192 ) (1024 -896 192 ) (2048 -896 192 ) (2048 -992 192 ) 
4 69 71 (1344 -112 -480 ) (2048 -112 -480 ) (2048 -112 192 ) (1344 -112 192 ) 
4 69 70 (1344 -96 -480 ) (1344 -112 -480 ) (1344 -112 0 ) (1344 -96 0 ) 
4 70 282 (1024 -96 -64 ) (1024 -96 -480 ) (1024 -112 -480 ) (1024 -112 -64 ) 
4 70 277 (1024 -96 0 ) (1024 -96 -64 ) (1024 -112 -64 ) (1024 -112 0 ) 
4 70 71 (1024 -112 -480 ) (1344 -112 -480 ) (1344 -112 0 ) (1024 -112 0 ) 
4 71 282 (1024 -112 -64 ) (1024 -112 -480 ) (1024 -992 -480 ) (1024 -992 -64 ) 
4 71 277 (1024 -112 0 ) (1024 -112 -64 ) (1024 -992 -64 ) (1024 -992 0 ) 
4 71 275 (1024 -576 0 ) (1024 -992 0 ) (1024 -992 128 ) (1024 -576 128 ) 
4 71 271 (1024 -512 0 ) (1024 -576 0 ) (1024 -576 128 ) (1024 -512 64 ) 
3 71 269 (1024 -524 116 ) (1024 -544 96 ) (1024 -564 116 ) 
4 71 268 (1024 -576 128 ) (1024 -512 128 ) (1024 -524 116 ) (1024 -564 116 ) 
3 71 265 (1024 -512 128 ) (1024 -512 64 ) (1024 -544 96 ) 
4 71 260 (1024 -112 128 ) (1024 -112 0 ) (1024 -512 0 ) (1024 -512 128 ) 
4 71 247 (1024 -992 192 ) (1024 -112 192 ) (1024 -112 128 ) (1024 -992 128 ) 
4 72 138 (0 992 510 ) (0 896 510 ) (0 896 1504 ) (0 992 1504 ) 
4 72 78 (0 896 510 ) (0 992 510 ) (1024 992 510 ) (1024 896 510 ) 
4 72 73 (1024 896 1024 ) (1024 896 1504 ) (0 896 1504 ) (0 896 1024 ) 
4 73 139 (0 864 1024 ) (0 864 1504 ) (0 896 1504 ) (0 896 1024 ) 
4 73 74 (1024 864 1056 ) (1024 864 1504 ) (0 864 1504 ) (0 864 1056 ) 
4 74 215 (1024 0 1056 ) (1024 0 1504 ) (0 0 1504 ) (0 0 1056 ) 
4 74 158 (0 0 1056 ) (0 0 1504 ) (0 512 1504 ) (0 512 1056 ) 
4 74 140 (0 512 1504 ) (0 864 1504 ) (0 864 1056 ) (0 512 1056 ) 
4 75 216 (1024 0 518 ) (1024 0 1024 ) (0 0 1024 ) (0 0 518 ) 
4 75 159 (0 0 518 ) (0 0 1024 ) (0 512 1024 ) (0 512 518 ) 
4 75 141 (0 512 1024 ) (0 864 1024 ) (0 864 518 ) (0 512 518 ) 
4 75 77 (0 0 518 ) (0 104 518 ) (764 104 518 ) (764 0 518 ) 
4 75 76 (0 104 518 ) (0 864 518 ) (1024 864 518 ) (1024 104 518 ) 
4 76 159 (0 512 510 ) (0 104 510 ) (0 104 518 ) (0 512 518 ) 
4 76 141 (0 864 510 ) (0 512 510 ) (0 512 518 ) (0 864 518 ) 
4 76 79 (0 104 510 ) (0 864 510 ) (1024 864 510 ) (1024 104 510 ) 
4 76 77 (0 104 510 ) (764 104 510 ) (764 104 518 ) (0 104 518 ) 
4 77 217 (764 0 518 ) (0 0 518 ) (0 0 510 ) (764 0 510 ) 
4 77 159 (0 104 510 ) (0 0 510 ) (0 0 518 ) (0 104 518 ) 
4 77 85 (764 0 510 ) (640 0 510 ) (640 96 510 ) (764 96 510 ) 
4 77 84 (640 96 510 ) (640 100 510 ) (764 100 510 ) (764 96 510 ) 
4 77 86 (640 0 510 ) (0 0 510 ) (0 100 510 ) (640 100 510 ) 
4 77 79 (0 100 510 ) (0 104 510 ) (764 104 510 ) (764 100 510 ) 
4 78 138 (0 992 256 ) (0 896 256 ) (0 896 510 ) (0 992 510 ) 
4 78 89 (0 896 256 ) (0 992 256 ) (1024 992 256 ) (1024 896 256 ) 
4 79 159 (0 512 256 ) (0 100 256 ) (0 100 510 ) (0 512 510 ) 
4 79 141 (0 864 256 ) (0 512 256 ) (0 512 510 ) (0 864 510 ) 
5 79 91 (0 100 256 ) (0 192 256 ) (160 192 256 ) (192 160 256 ) (192 100 256 ) 
4 79 87 (576 100 256 ) (768 100 256 ) (768 100 264 ) (576 100 264 ) 
4 79 88 (0 100 256 ) (576 100 256 ) (576 100 264 ) (0 100 264 ) 
4 79 84 (764 100 510 ) (640 100 510 ) (640 100 264 ) (764 100 264 ) 
4 79 83 (768 100 264 ) (768 100 510 ) (764 100 510 ) (764 100 264 ) 
4 79 86 (640 100 510 ) (0 100 510 ) (0 100 264 ) (640 100 264 ) 
4 79 82 (768 100 256 ) (772 100 256 ) (772 100 384 ) (768 100 384 ) 
4 80 221 (1024 0 384 ) (1024 0 510 ) (772 0 510 ) (772 0 384 ) 
4 80 81 (772 0 384 ) (772 96 384 ) (1024 96 384 ) (1024 0 384 ) 
4 81 221 (1024 0 256 ) (1024 0 384 ) (772 0 384 ) (772 0 256 ) 
4 81 90 (1024 96 256 ) (1024 0 256 ) (772 0 256 ) (772 96 256 ) 
4 82 87 (768 100 264 ) (768 100 256 ) (768 96 256 ) (768 96 264 ) 
4 82 83 (768 100 384 ) (768 100 264 ) (768 96 264 ) (768 96 384 ) 
4 83 223 (768 0 510 ) (764 0 510 ) (764 0 264 ) (768 0 264 ) 
4 83 87 (764 100 264 ) (768 100 264 ) (768 96 264 ) (764 96 264 ) 
4 83 85 (764 0 320 ) (764 0 510 ) (764 96 510 ) (764 96 320 ) 
4 83 84 (764 100 510 ) (764 100 264 ) (764 96 264 ) (764 96 510 ) 
4 84 87 (640 100 264 ) (764 100 264 ) (764 96 264 ) (640 96 264 ) 
4 84 85 (640 96 510 ) (640 96 320 ) (764 96 320 ) (764 96 510 ) 
4 84 86 (640 100 510 ) (640 100 264 ) (640 96 264 ) (640 96 510 ) 
4 85 224 (764 0 510 ) (640 0 510 ) (640 0 320 ) (764 0 320 ) 
4 85 86 (640 0 320 ) (640 0 510 ) (640 96 510 ) (640 96 320 ) 
4 86 226 (640 0 510 ) (0 0 510 ) (0 0 264 ) (640 0 264 ) 
4 86 159 (0 0 264 ) (0 0 510 ) (0 100 510 ) (0 100 264 ) 
4 86 87 (576 100 264 ) (640 100 264 ) (640 96 264 ) (576 96 264 ) 
4 86 88 (0 100 264 ) (576 100 264 ) (576 0 264 ) (0 0 264 ) 
4 87 88 (576 96 264 ) (576 100 264 ) (576 100 256 ) (576 96 256 ) 
4 88 228 (0 0 264 ) (0 0 256 ) (576 0 256 ) (576 0 264 ) 
4 88 159 (0 100 256 ) (0 0 256 ) (0 0 264 ) (0 100 264 ) 
4 88 91 (0 0 256 ) (0 100 256 ) (192 100 256 ) (192 0 256 ) 
4 89 138 (0 992 192 ) (0 896 192 ) (0 896 256 ) (0 992 256 ) 
4 89 100 (0 896 192 ) (0 992 192 ) (384 992 192 ) (384 896 192 ) 
4 89 99 (384 992 192 ) (512 992 192 ) (512 896 192 ) (384 896 192 ) 
4 89 97 (512 992 192 ) (576 992 192 ) (576 896 192 ) (512 896 192 ) 
4 89 94 (576 992 192 ) (1024 992 192 ) (1024 896 192 ) (576 896 192 ) 
4 90 231 (1024 0 192 ) (1024 0 256 ) (576 0 256 ) (576 0 192 ) 
4 90 107 (1024 0 192 ) (576 0 192 ) (576 56 192 ) (1024 56 192 ) 
4 90 95 (576 56 192 ) (576 96 192 ) (1024 96 192 ) (1024 56 192 ) 
4 91 233 (192 0 256 ) (0 0 256 ) (0 0 240 ) (192 0 240 ) 
4 91 162 (0 0 240 ) (0 0 256 ) (0 192 256 ) (0 192 240 ) 
5 91 92 (0 192 240 ) (159.992188 192 240 ) (192 159.992188 240 ) (192 0 240 ) (0 0 240 ) 
4 92 234 (0 0 240 ) (0 0 208 ) (192 0 208 ) (192 0 240 ) 
4 92 163 (0 0 208 ) (0 0 240 ) (0 192 240 ) (0 192 208 ) 
5 92 93 (0 0 208 ) (0 192 208 ) (159.992188 192 208 ) (192 159.992188 208 ) (192 0 208 ) 
4 93 235 (0 0 208 ) (0 0 192 ) (192 0 192 ) (192 0 208 ) 
4 93 164 (0 192 192 ) (0 0 192 ) (0 0 208 ) (0 192 208 ) 
4 93 113 (192 0 192 ) (0 0 192 ) (0 56 192 ) (192 56 192 ) 
5 93 106 (0 56 192 ) (0 192 192 ) (160 192 192 ) (192 160 192 ) (192 56 192 ) 
4 94 126 (1024 512 128 ) (1024 112 128 ) (576 112 128 ) (576 512 128 ) 
4 94 120 (1024 576 128 ) (1024 512 128 ) (576 512 128 ) (576 576 128 ) 
4 94 114 (1024 992 128 ) (1024 576 128 ) (576 576 128 ) (576 992 128 ) 
4 94 97 (576 992 128 ) (576 384 128 ) (576 384 192 ) (576 992 192 ) 
4 95 127 (1024 96 128 ) (1024 56 128 ) (576 56 128 ) (576 96 128 ) 
4 95 107 (576 56 128 ) (1024 56 128 ) (1024 56 192 ) (576 56 192 ) 
4 95 98 (576 64 128 ) (576 56 128 ) (576 56 136 ) (576 64 136 ) 
3 96 129 (520 56 128 ) (512 56 128 ) (512 64 128 ) 
3 96 108 (512 56 128 ) (520 56 128 ) (512 56 136 ) 
4 96 106 (512 64 128 ) (512 56 128 ) (512 56 136 ) (512 64 136 ) 
4 97 128 (576 512 128 ) (576 384 128 ) (512 384 128 ) (512 512 128 ) 
4 97 120 (576 576 128 ) (576 512 128 ) (512 512 128 ) (512 576 128 ) 
4 97 114 (576 992 128 ) (576 576 128 ) (512 576 128 ) (512 992 128 ) 
4 97 101 (512 576 128 ) (512 512 128 ) (512 512 192 ) (512 576 192 ) 
4 97 99 (512 992 128 ) (512 576 128 ) (512 576 192 ) (512 992 192 ) 
3 98 130 (576 64 128 ) (576 56 128 ) (568 56 128 ) 
3 98 109 (568 56 128 ) (576 56 128 ) (576 56 136 ) 
4 99 114 (384 992 128 ) (512 992 128 ) (512 576 128 ) (384 576 128 ) 
4 99 101 (384 576 128 ) (512 576 128 ) (512 576 192 ) (384 576 192 ) 
4 99 100 (384 992 192 ) (384 992 128 ) (384 592 128 ) (384 592 192 ) 
4 100 145 (0 992 128 ) (0 592 128 ) (0 592 192 ) (0 992 192 ) 
4 100 115 (0 592 128 ) (0 992 128 ) (384 992 128 ) (384 592 128 ) 
4 101 120 (384 576 128 ) (512 576 128 ) (512 512 128 ) (384 512 128 ) 
4 102 166 (0 512 128 ) (0 336 128 ) (0 336 192 ) (0 512 192 ) 
5 102 131 (0 336 128 ) (0 512 128 ) (384 512 128 ) (512 384 128 ) (512 336 128 ) 
4 102 104 (288 336 192 ) (32 336 192 ) (32 336 190 ) (288 336 190 ) 
4 102 103 (512 336 190 ) (512 336 192 ) (352 336 192 ) (352 336 190 ) 
4 102 105 (0 336 128 ) (512 336 128 ) (512 336 190 ) (0 336 190 ) 
4 103 106 (512 304 190 ) (512 304 192 ) (352 304 192 ) (352 304 190 ) 
4 103 105 (512 304 190 ) (352 304 190 ) (352 336 190 ) (512 336 190 ) 
4 104 106 (288 304 192 ) (32 304 192 ) (32 304 190 ) (288 304 190 ) 
4 104 105 (288 304 190 ) (32 304 190 ) (32 336 190 ) (288 336 190 ) 
4 105 169 (0 336 128 ) (0 304 128 ) (0 304 190 ) (0 336 190 ) 
4 105 131 (0 304 128 ) (0 336 128 ) (512 336 128 ) (512 304 128 ) 
4 105 106 (0 304 128 ) (512 304 128 ) (512 304 190 ) (0 304 190 ) 
4 106 170 (0 304 128 ) (0 56 128 ) (0 56 192 ) (0 304 192 ) 
4 106 131 (0 56 128 ) (0 304 128 ) (512 304 128 ) (512 56 128 ) 
4 106 111 (288 56 128 ) (352 56 128 ) (352 56 192 ) (288 56 192 ) 
4 106 110 (352 56 128 ) (512 56 128 ) (512 56 192 ) (352 56 192 ) 
4 106 113 (0 56 128 ) (288 56 128 ) (288 56 192 ) (0 56 192 ) 
4 107 239 (1024 0 128 ) (1024 0 192 ) (576 0 192 ) (576 0 128 ) 
4 107 132 (1024 0 128 ) (576 0 128 ) (576 56 128 ) (1024 56 128 ) 
4 107 109 (576 56 136 ) (576 56 128 ) (576 0 128 ) (576 0 136 ) 
3 108 241 (512 0 136 ) (512 0 128 ) (520 0 128 ) 
4 108 132 (520 0 128 ) (512 0 128 ) (512 56 128 ) (520 56 128 ) 
4 108 110 (512 56 136 ) (512 56 128 ) (512 0 128 ) (512 0 136 ) 
3 109 240 (568 0 128 ) (576 0 128 ) (576 0 136 ) 
4 109 132 (576 0 128 ) (568 0 128 ) (568 56 128 ) (576 56 128 ) 
4 110 242 (512 0 192 ) (352 0 192 ) (352 0 128 ) (512 0 128 ) 
4 110 132 (512 0 128 ) (352 0 128 ) (352 56 128 ) (512 56 128 ) 
4 110 112 (352 16 128 ) (352 0 128 ) (352 0 190 ) (352 16 190 ) 
4 110 111 (352 56 192 ) (352 56 128 ) (352 16 128 ) (352 16 192 ) 
4 111 132 (288 16 128 ) (288 56 128 ) (352 56 128 ) (352 16 128 ) 
4 111 112 (288 16 190 ) (288 16 128 ) (352 16 128 ) (352 16 190 ) 
4 111 113 (288 56 192 ) (288 56 128 ) (288 16 128 ) (288 16 192 ) 
4 112 243 (288 0 190 ) (288 0 128 ) (352 0 128 ) (352 0 190 ) 
4 112 132 (352 0 128 ) (288 0 128 ) (288 16 128 ) (352 16 128 ) 
4 112 113 (288 16 128 ) (288 0 128 ) (288 0 190 ) (288 16 190 ) 
4 113 245 (288 0 192 ) (0 0 192 ) (0 0 128 ) (288 0 128 ) 
4 113 170 (0 56 128 ) (0 0 128 ) (0 0 192 ) (0 56 192 ) 
4 113 132 (288 0 128 ) (0 0 128 ) (0 56 128 ) (288 56 128 ) 
4 114 133 (384 992 0 ) (1024 992 0 ) (1024 576 0 ) (384 576 0 ) 
4 114 123 (1024 576 64 ) (1024 576 128 ) (384 576 128 ) (384 576 64 ) 
4 114 117 (384 576 0 ) (1024 576 0 ) (1024 576 64 ) (384 576 64 ) 
4 114 115 (384 992 128 ) (384 992 0 ) (384 592 0 ) (384 592 128 ) 
4 115 145 (0 992 0 ) (0 592 0 ) (0 592 128 ) (0 992 128 ) 
4 115 134 (0 592 0 ) (0 992 0 ) (384 992 0 ) (384 592 0 ) 
4 116 131 (52 512 0 ) (64 512 0 ) (64 512 128 ) (52 512 128 ) 
4 116 119 (52 512 128 ) (52 524 116 ) (52 524 0 ) (52 512 0 ) 
4 117 133 (384 576 0 ) (1024 576 0 ) (1024 512 0 ) (384 512 0 ) 
4 117 128 (512 512 0 ) (576 512 0 ) (576 512 128 ) (512 512 128 ) 
4 117 126 (576 512 0 ) (1024 512 0 ) (1024 512 128 ) (576 512 128 ) 
4 117 123 (1024 576 64 ) (384 576 64 ) (384 544 96 ) (1024 544 96 ) 
4 117 121 (384 544 96 ) (384 524 116 ) (1024 524 116 ) (1024 544 96 ) 
4 117 120 (384 524 116 ) (384 512 128 ) (1024 512 128 ) (1024 524 116 ) 
3 118 124 (64 576 64 ) (52 576 64 ) (52 564 76 ) 
4 118 119 (52 564 76 ) (52 576 64 ) (52 576 0 ) (52 564 0 ) 
4 119 148 (0 576 0 ) (0 512 0 ) (0 512 128 ) (0 576 64 ) 
4 119 131 (0 512 0 ) (52 512 0 ) (52 512 128 ) (0 512 128 ) 
4 119 125 (52 576 64 ) (0 576 64 ) (0 544 96 ) (52 544 96 ) 
4 119 122 (0 544 96 ) (0 524 116 ) (52 524 116 ) (52 544 96 ) 
4 120 123 (384 576 128 ) (1024 576 128 ) (1024 564 116 ) (384 564 116 ) 
4 120 121 (1024 523.998047 116 ) (384 523.998047 116 ) (384 563.998047 116 ) (1024 563.998108 116 ) 
4 121 123 (1024 544 96 ) (384 544 96 ) (384 564 116 ) (1024 564 116 ) 
3 122 154 (0 564 116 ) (0 544 96 ) (0 524 116 ) 
4 122 125 (52 544 96 ) (0 544 96 ) (0 564 116 ) (52 564 116 ) 
4 124 125 (52 576 63.992188 ) (52 564 75.992172 ) (52 564 116 ) (52 576 128 ) 
3 125 155 (0 576 128 ) (0 576 64 ) (0 544 96 ) 
4 126 135 (1024 384 0 ) (1024 112 0 ) (576 112 0 ) (576 384 0 ) 
4 126 133 (576 512 0 ) (1024 512 0 ) (1024 384 0 ) (576 384 0 ) 
4 126 128 (576 512 128 ) (576 512 0 ) (576 384 0 ) (576 384 128 ) 
4 127 136 (1024 96 0 ) (1024 56 0 ) (768 56 0 ) (768 96 0 ) 
4 127 130 (576 64 0 ) (576 56 0 ) (576 56 128 ) (576 64 128 ) 
4 127 132 (576 56 0 ) (1024 56 0 ) (1024 56 128 ) (576 56 128 ) 
4 128 133 (512 512 0 ) (576 512 0 ) (576 384 0 ) (512 384 0 ) 
4 129 131 (512 64 0 ) (512 56 0 ) (512 56 128 ) (512 64 128 ) 
4 129 132 (512 56 0 ) (520 56 0 ) (520 56 128 ) (512 56 128 ) 
4 130 132 (568 56 0 ) (576 56 0 ) (576 56 128 ) (568 56 128 ) 
4 131 205 (0 510 0 ) (0 56 0 ) (0 56 68 ) (0 510 68 ) 
4 131 201 (0 510 66 ) (0 510 68 ) (0 512 68 ) (0 512 64 ) 
4 131 200 (0 512 0 ) (0 510 0 ) (0 510 66 ) (0 512 64 ) 
4 131 195 (0 56 68 ) (0 56 92 ) (0 120 92 ) (0 120 68 ) 
4 131 194 (0 120 92 ) (0 136 92 ) (0 136 68 ) (0 120 68 ) 
4 131 192 (0 136 92 ) (0 510 92 ) (0 510 68 ) (0 136 68 ) 
4 131 185 (0 510 92 ) (0 512 92 ) (0 512 68 ) (0 510 68 ) 
3 131 181 (0 510 92 ) (0 508 92 ) (0 510 94 ) 
4 131 180 (0 512 96 ) (0 512 92 ) (0 510 92 ) (0 510 94 ) 
4 131 170 (0 56 92 ) (0 56 128 ) (0 304 128 ) (0 304 92 ) 
4 131 169 (0 304 128 ) (0 336 128 ) (0 336 92 ) (0 304 92 ) 
5 131 166 (0 336 128 ) (0 512 128 ) (0 512 96 ) (0 508 92 ) (0 336 92 ) 
4 131 132 (0 56 0 ) (512 56 0 ) (512 56 128 ) (0 56 128 ) 
4 132 258 (1024 0 0 ) (1024 0 128 ) (0 0 128 ) (0 0 0 ) 
4 132 205 (0 56 0 ) (0 0 0 ) (0 0 68 ) (0 56 68 ) 
4 132 195 (0 0 68 ) (0 0 92 ) (0 56 92 ) (0 56 68 ) 
4 132 170 (0 0 92 ) (0 0 128 ) (0 56 128 ) (0 56 92 ) 
4 132 136 (768 56 0 ) (1024 56 0 ) (1024 0 0 ) (768 0 0 ) 
5 133 137 (384 992 -64 ) (1024 992 -64 ) (1024 384 -64 ) (512 384 -64 ) (384 512 -64 ) 
4 133 135 (576 384 -64 ) (1024 384 -64 ) (1024 384 0 ) (576 384 0 ) 
4 133 134 (384 992 0 ) (384 992 -64 ) (384 576 -64 ) (384 576 0 ) 
4 134 146 (0 592 -64 ) (0 576 -64 ) (0 576 0 ) (0 592 0 ) 
4 134 145 (0 992 -64 ) (0 592 -64 ) (0 592 0 ) (0 992 0 ) 
4 134 137 (0 576 -64 ) (0 992 -64 ) (384 992 -64 ) (384 576 -64 ) 
4 135 137 (576 384 -64 ) (1024 384 -64 ) (1024 96 -64 ) (576 96 -64 ) 
4 135 136 (768 96 -64 ) (1024 96 -64 ) (1024 96 0 ) (768 96 0 ) 
4 136 276 (1024 0 -64 ) (1024 0 0 ) (768 0 0 ) (768 0 -64 ) 
4 136 137 (1024 0 -64 ) (768 0 -64 ) (768 96 -64 ) (1024 96 -64 ) 
4 137 282 (1024 0 -480 ) (1024 0 -64 ) (0 0 -64 ) (0 0 -480 ) 
4 137 214 (0 512 -480 ) (0 0 -480 ) (0 0 -64 ) (0 512 -64 ) 
4 137 152 (0 576 -480 ) (0 512 -480 ) (0 512 -64 ) (0 576 -64 ) 
4 137 146 (0 592 -480 ) (0 576 -480 ) (0 576 -64 ) (0 592 -64 ) 
4 137 145 (0 992 -480 ) (0 592 -480 ) (0 592 -64 ) (0 992 -64 ) 
4 138 145 (-384 992 192 ) (0 992 192 ) (0 896 192 ) (-384 896 192 ) 
4 138 147 (-576 896 192 ) (-576 992 192 ) (-384 992 192 ) (-384 896 192 ) 
4 138 142 (-576 992 192 ) (-576 896 192 ) (-576 896 1504 ) (-576 992 1504 ) 
4 138 139 (-576 896 1504 ) (-576 896 1024 ) (0 896 1024 ) (0 896 1504 ) 
4 139 142 (-576 864 1024 ) (-576 864 1504 ) (-576 896 1504 ) (-576 896 1024 ) 
4 139 140 (-576 864 1504 ) (-576 864 1056 ) (0 864 1056 ) (0 864 1504 ) 
4 140 158 (0 512 1056 ) (0 512 1504 ) (-576 512 1504 ) (-576 512 1056 ) 
4 140 143 (-576 512 1056 ) (-576 512 1504 ) (-576 864 1504 ) (-576 864 1056 ) 
4 141 159 (0 512 256 ) (0 512 1024 ) (-576 512 1024 ) (-576 512 256 ) 
4 142 147 (-608 864 192 ) (-608 992 192 ) (-576 992 192 ) (-576 864 192 ) 
4 142 143 (-608 864 1504 ) (-608 864 1024 ) (-576 864 1024 ) (-576 864 1504 ) 
4 142 144 (-608 992 1504 ) (-608 992 192 ) (-608 864 192 ) (-608 864 1504 ) 
4 143 160 (-576 512 1504 ) (-608 512 1504 ) (-608 512 1024 ) (-576 512 1024 ) 
4 143 144 (-608 512 1024 ) (-608 512 1504 ) (-608 864 1504 ) (-608 864 1024 ) 
4 144 165 (-992 512 256 ) (-992 512 192 ) (-608 512 192 ) (-608 512 256 ) 
4 144 161 (-608 512 1504 ) (-992 512 1504 ) (-992 512 256 ) (-608 512 256 ) 
4 144 157 (-608 512 192 ) (-992 512 192 ) (-992 576 192 ) (-608 576 192 ) 
4 144 147 (-992 576 192 ) (-992 992 192 ) (-608 992 192 ) (-608 576 192 ) 
4 145 146 (-384 592 0 ) (-384 592 -480 ) (0 592 -480 ) (0 592 0 ) 
4 145 147 (-384 992 192 ) (-384 992 -480 ) (-384 592 -480 ) (-384 592 192 ) 
4 146 152 (0 576 -480 ) (0 576 -64 ) (-384 576 -64 ) (-384 576 -480 ) 
4 146 147 (-384 592 -480 ) (-384 576 -480 ) (-384 576 0 ) (-384 592 0 ) 
4 147 157 (-384 576 192 ) (-992 576 192 ) (-992 576 64 ) (-384 576 64 ) 
4 147 153 (-992 576 0 ) (-992 576 -480 ) (-384 576 -480 ) (-384 576 0 ) 
4 147 151 (-992 576 64 ) (-992 576 0 ) (-384 576 0 ) (-384 576 64 ) 
4 148 201 (0 512 64 ) (0 512 68 ) (-52 512 68 ) (-52 512 64 ) 
4 148 200 (0 512 0 ) (0 512 64 ) (-52 512 64 ) (-52 512 0 ) 
4 148 185 (0 512 68 ) (0 512 92 ) (-52 512 92 ) (-52 512 68 ) 
4 148 180 (0 512 92 ) (0 512 96 ) (-52 512 96 ) (-52 512 92 ) 
4 148 166 (0 512 96 ) (0 512 128 ) (-52 512 128 ) (-52 512 96 ) 
4 148 155 (0 576 64 ) (-52 576 64 ) (-52 544 96 ) (0 544 96 ) 
4 148 154 (-52 544 96 ) (-52 524 116 ) (0 524 116 ) (0 544 96 ) 
4 148 150 (-52 564 76 ) (-52 576 64 ) (-52 576 0 ) (-52 564 0 ) 
4 148 149 (-52 512 128 ) (-52 524 116 ) (-52 524 0 ) (-52 512 0 ) 
4 149 201 (-64 512 68 ) (-64 512 64 ) (-52 512 64 ) (-52 512 68 ) 
4 149 200 (-64 512 64 ) (-64 512 0 ) (-52 512 0 ) (-52 512 64 ) 
4 149 185 (-64 512 92 ) (-64 512 68 ) (-52 512 68 ) (-52 512 92 ) 
4 149 180 (-64 512 96 ) (-64 512 92 ) (-52 512 92 ) (-52 512 96 ) 
4 149 166 (-52 512 128 ) (-64 512 128 ) (-64 512 96 ) (-52 512 96 ) 
3 150 156 (-52 576 64 ) (-64 576 64 ) (-52 564 76 ) 
4 151 211 (-992 512 68 ) (-992 512 0 ) (-592 512 0 ) (-592 512 68 ) 
4 151 209 (-576 512 0 ) (-512 512 0 ) (-512 512 68 ) (-576 512 68 ) 
4 151 199 (-992 512 92 ) (-992 512 68 ) (-592 512 68 ) (-592 512 92 ) 
4 151 197 (-576 512 68 ) (-512 512 68 ) (-512 512 92 ) (-576 512 92 ) 
4 151 184 (-592 512 128 ) (-992 512 128 ) (-992 512 92 ) (-592 512 92 ) 
4 151 182 (-512 512 128 ) (-576 512 128 ) (-576 512 92 ) (-512 512 92 ) 
4 151 157 (-384 576 64 ) (-992 576 64 ) (-992 512 128 ) (-384 512 128 ) 
4 151 153 (-384 512 0 ) (-992 512 0 ) (-992 576 0 ) (-384 576 0 ) 
4 152 214 (0 512 -480 ) (0 512 -64 ) (-384 512 -64 ) (-384 512 -480 ) 
4 152 153 (-384 576 -480 ) (-384 512 -480 ) (-384 512 -64 ) (-384 576 -64 ) 
4 153 214 (-992 512 -64 ) (-992 512 -480 ) (-384 512 -480 ) (-384 512 -64 ) 
4 153 213 (-576 512 0 ) (-992 512 0 ) (-992 512 -64 ) (-576 512 -64 ) 
4 153 212 (-384 512 0 ) (-512 512 0 ) (-512 512 -64 ) (-384 512 -64 ) 
4 154 155 (0 544 96 ) (-52 544 96 ) (-52 564 116 ) (0 564 116 ) 
4 155 156 (-52 576 63.992188 ) (-52 564 75.992172 ) (-52 564 116 ) (-52 576 128 ) 
4 157 184 (-592 512 192 ) (-992 512 192 ) (-992 512 128 ) (-592 512 128 ) 
4 157 182 (-512 512 192 ) (-576 512 192 ) (-576 512 128 ) (-512 512 128 ) 
4 158 283 (0 0 1056 ) (0 0 1504 ) (-576 0 1504 ) (-576 0 1056 ) 
4 158 160 (-576 0 1056 ) (-576 0 1504 ) (-576 512 1504 ) (-576 512 1056 ) 
4 159 284 (0 0 256 ) (0 0 1024 ) (-576 0 1024 ) (-576 0 256 ) 
5 159 162 (0 192 256 ) (0 0 256 ) (-192 0 256 ) (-192 160 256 ) (-160 192 256 ) 
4 160 287 (-576 0 1504 ) (-608 0 1504 ) (-608 0 1024 ) (-576 0 1024 ) 
4 160 161 (-608 0 1024 ) (-608 0 1504 ) (-608 512 1504 ) (-608 512 1024 ) 
4 161 289 (-608 0 1504 ) (-992 0 1504 ) (-992 0 256 ) (-608 0 256 ) 
4 161 165 (-992 512 256 ) (-608 512 256 ) (-608 0 256 ) (-992 0 256 ) 
4 162 290 (0 0 240 ) (0 0 256 ) (-192 0 256 ) (-192 0 240 ) 
5 162 163 (0 0 240 ) (-192 0 240 ) (-192 159.992188 240 ) (-159.992188 192 240 ) (0 192 240 ) 
4 163 291 (0 0 208 ) (0 0 240 ) (-192 0 240 ) (-192 0 208 ) 
5 163 164 (-192 0 208 ) (-192 159.992188 208 ) (-159.992188 192 208 ) (0 192 208 ) (0 0 208 ) 
4 164 292 (0 0 192 ) (0 0 208 ) (-192 0 208 ) (-192 0 192 ) 
5 164 170 (0 0 192 ) (-192 0 192 ) (-192 160 192 ) (-160 192 192 ) (0 192 192 ) 
4 165 295 (-608 0 256 ) (-992 0 256 ) (-992 0 192 ) (-608 0 192 ) 
4 165 184 (-608 0 192 ) (-992 0 192 ) (-992 512 192 ) (-608 512 192 ) 
4 166 193 (-510 336 92 ) (-512 336 92 ) (-512 384 92 ) (-510 386 92 ) 
5 166 192 (0 508 92 ) (0 336 92 ) (-510 336 92 ) (-510 386 92 ) (-388 508 92 ) 
4 166 181 (0 508 92 ) (-388 508 92 ) (-386 510 94 ) (0 510 94 ) 
4 166 180 (-180 512 96 ) (0 512 96 ) (0 510 94 ) (-182 510 94 ) 
4 166 179 (-212 512 96 ) (-204 512 96 ) (-202 510 94 ) (-214 510 94 ) 
4 166 178 (-244 512 96 ) (-236 512 96 ) (-234 510 94 ) (-246 510 94 ) 
4 166 177 (-386 510 94 ) (-384 512 96 ) (-268 512 96 ) (-266 510 94 ) 
4 166 167 (-288 336 190 ) (-32 336 190 ) (-32 336 192 ) (-288 336 192 ) 
4 166 168 (-512 336 192 ) (-512 336 190 ) (-352 336 190 ) (-352 336 192 ) 
4 166 169 (-512 336 190 ) (-512 336 92 ) (0 336 92 ) (0 336 190 ) 
4 167 170 (-288 304 190 ) (-32 304 190 ) (-32 304 192 ) (-288 304 192 ) 
4 167 169 (-32 304 190 ) (-288 304 190 ) (-288 336 190 ) (-32 336 190 ) 
4 168 174 (-512 304 192 ) (-512 304 190 ) (-510 304 190 ) (-510 304 192 ) 
4 168 173 (-510 304 190 ) (-352 304 190 ) (-352 304 192 ) (-510 304 192 ) 
4 168 169 (-352 304 190 ) (-512 304 190 ) (-512 336 190 ) (-352 336 190 ) 
4 169 193 (-510 304 92 ) (-512 304 92 ) (-512 336 92 ) (-510 336 92 ) 
4 169 192 (0 336 92 ) (0 304 92 ) (-510 304 92 ) (-510 336 92 ) 
4 169 175 (-512 304 96 ) (-512 304 92 ) (-510 304 92 ) (-510 304 94 ) 
4 169 174 (-512 304 190 ) (-512 304 96 ) (-510 304 94 ) (-510 304 190 ) 
4 169 171 (-352 304 92 ) (-288 304 92 ) (-288 304 190 ) (-352 304 190 ) 
4 169 170 (-288 304 92 ) (0 304 92 ) (0 304 190 ) (-288 304 190 ) 
4 169 173 (-510 304 92 ) (-352 304 92 ) (-352 304 190 ) (-510 304 190 ) 
4 170 324 (-196 0 128 ) (-288 0 128 ) (-288 0 92 ) (-196 0 92 ) 
4 170 317 (0 0 92 ) (0 0 128 ) (-196 0 128 ) (-196 0 92 ) 
4 170 296 (0 0 190 ) (0 0 192 ) (-32 0 192 ) (-32 0 190 ) 
4 170 298 (-32 0 192 ) (-288 0 192 ) (-288 0 190 ) (-32 0 190 ) 
4 170 301 (0 0 128 ) (0 0 190 ) (-288 0 190 ) (-288 0 128 ) 
4 170 195 (0 120 92 ) (0 0 92 ) (-288 0 92 ) (-288 120 92 ) 
4 170 194 (0 136 92 ) (0 120 92 ) (-288 120 92 ) (-288 136 92 ) 
4 170 192 (0 304 92 ) (0 136 92 ) (-288 136 92 ) (-288 304 92 ) 
4 170 172 (-288 16 92 ) (-288 0 92 ) (-288 0 190 ) (-288 16 190 ) 
4 170 171 (-288 304 192 ) (-288 304 92 ) (-288 16 92 ) (-288 16 192 ) 
4 171 195 (-352 16 92 ) (-352 120 92 ) (-288 120 92 ) (-288 16 92 ) 
4 171 194 (-352 120 92 ) (-352 136 92 ) (-288 136 92 ) (-288 120 92 ) 
4 171 192 (-352 136 92 ) (-352 304 92 ) (-288 304 92 ) (-288 136 92 ) 
4 171 172 (-352 16 190 ) (-352 16 92 ) (-288 16 92 ) (-288 16 190 ) 
4 171 173 (-352 304 192 ) (-352 304 92 ) (-352 16 92 ) (-352 16 192 ) 
4 172 324 (-352 0 128 ) (-352 0 92 ) (-288 0 92 ) (-288 0 128 ) 
4 172 301 (-352 0 190 ) (-352 0 128 ) (-288 0 128 ) (-288 0 190 ) 
4 172 195 (-288 0 92 ) (-352 0 92 ) (-352 16 92 ) (-288 16 92 ) 
4 172 173 (-352 16 92 ) (-352 0 92 ) (-352 0 190 ) (-352 16 190 ) 
4 173 324 (-510 0 128 ) (-510 0 92 ) (-352 0 92 ) (-352 0 128 ) 
4 173 304 (-448 0 192 ) (-510 0 192 ) (-510 0 128 ) (-448 0 128 ) 
4 173 302 (-384 0 192 ) (-448 0 192 ) (-448 0 128 ) (-384 0 128 ) 
4 173 300 (-352 0 192 ) (-384 0 192 ) (-384 0 190 ) (-352 0 190 ) 
4 173 301 (-384 0 190 ) (-384 0 128 ) (-352 0 128 ) (-352 0 190 ) 
4 173 195 (-352 0 92 ) (-510 0 92 ) (-510 120 92 ) (-352 120 92 ) 
4 173 194 (-510 120 92 ) (-510 136 92 ) (-352 136 92 ) (-352 120 92 ) 
4 173 192 (-510 136 92 ) (-510 304 92 ) (-352 304 92 ) (-352 136 92 ) 
4 173 176 (-510 118 92 ) (-510 0 92 ) (-510 0 94 ) (-510 118 94 ) 
4 173 175 (-510 304 94 ) (-510 304 92 ) (-510 138 92 ) (-510 138 94 ) 
4 173 174 (-510 304 192 ) (-510 304 94 ) (-510 0 94 ) (-510 0 192 ) 
4 174 324 (-512 0 128 ) (-512 0 96 ) (-510 0 94 ) (-510 0 128 ) 
4 174 304 (-510 0 192 ) (-512 0 192 ) (-512 0 128 ) (-510 0 128 ) 
4 174 183 (-512 0 96 ) (-512 0 144 ) (-512 64 144 ) (-512 64 96 ) 
4 174 176 (-510 118 94 ) (-510 0 94 ) (-512 0 96 ) (-512 116 96 ) 
4 174 175 (-512 304 96 ) (-510 304 94 ) (-510 138 94 ) (-512 140 96 ) 
4 175 193 (-512 140 92 ) (-512 304 92 ) (-510 304 92 ) (-510 138 92 ) 
4 176 324 (-512 0 96 ) (-512 0 92 ) (-510 0 92 ) (-510 0 94 ) 
4 176 196 (-510 0 92 ) (-512 0 92 ) (-512 116 92 ) (-510 118 92 ) 
4 176 183 (-512 64 92 ) (-512 0 92 ) (-512 0 96 ) (-512 64 96 ) 
4 177 191 (-384 512 92 ) (-268 512 92 ) (-266 510 92 ) (-386 510 92 ) 
4 177 181 (-266 510 93.998055 ) (-386 510 93.998055 ) (-386 510 92 ) (-266 510 92 ) 
4 178 189 (-244 512 92 ) (-236 512 92 ) (-234 510 92 ) (-246 510 92 ) 
4 178 181 (-234 510 93.998055 ) (-246 510 93.998055 ) (-246 510 92 ) (-234 510 92 ) 
4 179 187 (-212 512 92 ) (-204 512 92 ) (-202 510 92 ) (-214 510 92 ) 
4 179 181 (-202 510 93.998055 ) (-214 510 93.998055 ) (-214 510 92 ) (-202 510 92 ) 
4 180 185 (-180 512 92 ) (0 512 92 ) (0 510 92 ) (-182 510 92 ) 
4 180 181 (0 510 93.998047 ) (-182 510 93.998055 ) (-182 510 92 ) (0 510 92 ) 
4 181 192 (0 510 92 ) (0 508 92 ) (-388 508 92 ) (-386 510 92 ) 
4 182 197 (-576 512 92 ) (-512 512 92 ) (-512 384 92 ) (-576 384 92 ) 
4 183 332 (-576 0 128 ) (-576 0 92 ) (-512 0 92 ) (-512 0 128 ) 
4 183 313 (-576 0 144 ) (-576 0 128 ) (-512 0 128 ) (-512 0 144 ) 
4 183 198 (-512 64 92 ) (-512 0 92 ) (-576 0 92 ) (-576 64 92 ) 
4 184 335 (-992 0 128 ) (-992 0 92 ) (-592 0 92 ) (-592 0 128 ) 
4 184 316 (-592 0 192 ) (-992 0 192 ) (-992 0 128 ) (-592 0 128 ) 
4 184 199 (-992 512 92 ) (-592 512 92 ) (-592 0 92 ) (-992 0 92 ) 
4 185 201 (-180 512 68 ) (0 512 68 ) (0 510 68 ) (-182 510 68 ) 
4 185 192 (-182 510 68 ) (0 510 68 ) (0 510 92 ) (-182 510 92 ) 
4 186 192 (-200 510 68 ) (-184 510 68 ) (-184 510 92 ) (-200 510 92 ) 
4 187 202 (-212 512 68 ) (-204 512 68 ) (-202 510 68 ) (-214 510 68 ) 
4 187 192 (-214 510 68 ) (-202 510 68 ) (-202 510 92 ) (-214 510 92 ) 
4 188 192 (-232 510 68 ) (-216 510 68 ) (-216 510 92 ) (-232 510 92 ) 
4 189 203 (-244 512 68 ) (-236 512 68 ) (-234 510 68 ) (-246 510 68 ) 
4 189 192 (-246 510 68 ) (-234 510 68 ) (-234 510 92 ) (-246 510 92 ) 
4 190 192 (-264 510 68 ) (-248 510 68 ) (-248 510 92 ) (-264 510 92 ) 
4 191 204 (-384 512 68 ) (-268 512 68 ) (-266 510 68 ) (-386 510 68 ) 
4 191 192 (-386 510 68 ) (-266 510 68 ) (-266 510 92 ) (-386 510 92 ) 
5 192 205 (-510 386 68 ) (-386 510 68 ) (0 510 68 ) (0 136 68 ) (-510 136 68 ) 
4 192 194 (-510 136 68 ) (0 136 68 ) (0 136 92 ) (-510 136 92 ) 
4 192 193 (-510 385.996094 92 ) (-510 385.996094 68 ) (-510 138 68 ) (-510 138 92 ) 
4 193 207 (-512 140 68 ) (-512 384 68 ) (-510 386 68 ) (-510 138 68 ) 
4 194 205 (-510 136 68 ) (0 136 68 ) (0 120 68 ) (-510 120 68 ) 
4 194 195 (-510 120 68 ) (0 120 68 ) (0 120 92 ) (-510 120 92 ) 
4 195 324 (-196 0 92 ) (-510 0 92 ) (-510 0 68 ) (-196 0 68 ) 
4 195 317 (0 0 68 ) (0 0 92 ) (-196 0 92 ) (-196 0 68 ) 
4 195 205 (0 0 68 ) (-510 0 68 ) (-510 120 68 ) (0 120 68 ) 
4 195 196 (-510 118 68 ) (-510 0 68 ) (-510 0 92 ) (-510 118 92 ) 
4 196 324 (-510 0 92 ) (-512 0 92 ) (-512 0 68 ) (-510 0 68 ) 
4 196 208 (-510 0 68 ) (-512 0 68 ) (-512 116 68 ) (-510 118 68 ) 
4 196 198 (-512 64 68 ) (-512 0 68 ) (-512 0 92 ) (-512 64 92 ) 
4 197 209 (-576 384 68 ) (-576 512 68 ) (-512 512 68 ) (-512 384 68 ) 
4 198 332 (-512 0 92 ) (-576 0 92 ) (-576 0 68 ) (-512 0 68 ) 
4 198 210 (-512 0 68 ) (-576 0 68 ) (-576 64 68 ) (-512 64 68 ) 
4 199 335 (-592 0 92 ) (-992 0 92 ) (-992 0 68 ) (-592 0 68 ) 
4 199 211 (-592 0 68 ) (-992 0 68 ) (-992 512 68 ) (-592 512 68 ) 
4 200 205 (-386 510 0 ) (0 510 0 ) (0 510 66 ) (-386 510 66 ) 
4 200 204 (-268 512 64 ) (-384 512 64 ) (-386 510 66 ) (-266 510 66 ) 
4 200 203 (-236 512 64 ) (-244 512 64 ) (-246 510 66 ) (-234 510 66 ) 
4 200 202 (-204 512 64 ) (-212 512 64 ) (-214 510 66 ) (-202 510 66 ) 
4 200 201 (0 512 64 ) (-180 512 64 ) (-182 510 66 ) (0 510 66 ) 
4 201 205 (-182 510 66 ) (0 510 66 ) (0 510 68 ) (-182 510 68 ) 
4 202 205 (-214 510 66 ) (-202 510 66 ) (-202 510 68 ) (-214 510 68 ) 
4 203 205 (-246 510 66 ) (-234 510 66 ) (-234 510 68 ) (-246 510 68 ) 
4 204 205 (-386 510 66 ) (-266 510 66 ) (-266 510 68 ) (-386 510 68 ) 
4 205 329 (-510 0 44 ) (-510 0 0 ) (-196 0 0 ) (-196 0 44 ) 
4 205 324 (-196 0 68 ) (-510 0 68 ) (-510 0 44 ) (-196 0 44 ) 
4 205 322 (-192 0 44 ) (-196 0 44 ) (-196 0 0 ) (-192 0 0 ) 
4 205 321 (-128 0 44 ) (-192 0 44 ) (-192 0 0 ) (-128 0 0 ) 
4 205 320 (0 0 0 ) (0 0 44 ) (-128 0 44 ) (-128 0 0 ) 
4 205 319 (-124 0 48 ) (-196 0 48 ) (-196 0 44 ) (-124 0 44 ) 
4 205 318 (0 0 44 ) (0 0 48 ) (-124 0 48 ) (-124 0 44 ) 
4 205 317 (0 0 48 ) (0 0 68 ) (-196 0 68 ) (-196 0 48 ) 
4 205 208 (-510 0 66 ) (-510 0 68 ) (-510 118 68 ) (-510 118 66 ) 
4 205 207 (-510 138 68 ) (-510 386 68 ) (-510 386 66 ) (-510 138 66 ) 
4 205 206 (-510 386 0 ) (-510 0 0 ) (-510 0 66 ) (-510 386 66 ) 
4 206 329 (-512 0 44 ) (-512 0 0 ) (-510 0 0 ) (-510 0 44 ) 
4 206 324 (-512 0 64 ) (-512 0 44 ) (-510 0 44 ) (-510 0 66 ) 
4 206 210 (-512 64 0 ) (-512 0 0 ) (-512 0 64 ) (-512 64 64 ) 
4 206 208 (-510 0 66 ) (-510 118 66 ) (-512 116 64 ) (-512 0 64 ) 
4 206 207 (-510 138 66 ) (-510 386 66 ) (-512 384 64 ) (-512 140 64 ) 
4 208 324 (-510 0 68 ) (-512 0 68 ) (-512 0 64 ) (-510 0 66 ) 
4 208 210 (-512 0 64 ) (-512 0 68 ) (-512 64 68 ) (-512 64 64 ) 
4 210 332 (-512 0 68 ) (-576 0 68 ) (-576 0 0 ) (-512 0 0 ) 
4 211 335 (-592 0 68 ) (-992 0 68 ) (-992 0 0 ) (-592 0 0 ) 
4 211 213 (-992 512 0 ) (-592 512 0 ) (-592 0 0 ) (-992 0 0 ) 
3 212 214 (-512 384 -64 ) (-512 512 -64 ) (-384 512 -64 ) 
4 213 350 (-576 0 0 ) (-992 0 0 ) (-992 0 -64 ) (-576 0 -64 ) 
4 213 214 (-576 0 -64 ) (-992 0 -64 ) (-992 512 -64 ) (-576 512 -64 ) 
4 214 352 (0 0 -480 ) (0 0 -64 ) (-992 0 -64 ) (-992 0 -480 ) 
4 215 283 (0 0 1504 ) (0 0 1056 ) (0 -864 1056 ) (0 -864 1504 ) 
4 215 219 (1024 -864 1056 ) (1024 -864 1504 ) (0 -864 1504 ) (0 -864 1056 ) 
4 216 284 (0 0 1024 ) (0 0 518 ) (0 -864 518 ) (0 -864 1024 ) 
4 216 217 (0 -104 518 ) (0 0 518 ) (764 0 518 ) (764 -104 518 ) 
4 216 218 (1024 -864 518 ) (0 -864 518 ) (0 -104 518 ) (1024 -104 518 ) 
4 217 284 (0 0 518 ) (0 0 510 ) (0 -104 510 ) (0 -104 518 ) 
4 217 229 (0 -104 510 ) (0 -100 510 ) (764 -100 510 ) (764 -104 510 ) 
4 217 224 (640 0 510 ) (764 0 510 ) (764 -96 510 ) (640 -96 510 ) 
4 217 225 (764 -96 510 ) (764 -100 510 ) (640 -100 510 ) (640 -96 510 ) 
4 217 226 (0 -100 510 ) (0 0 510 ) (640 0 510 ) (640 -100 510 ) 
4 217 218 (0 -104 510 ) (764 -104 510 ) (764 -104 518 ) (0 -104 518 ) 
4 218 284 (0 -104 510 ) (0 -864 510 ) (0 -864 518 ) (0 -104 518 ) 
4 218 229 (0 -864 510 ) (0 -104 510 ) (1024 -104 510 ) (1024 -864 510 ) 
4 219 285 (0 -896 1024 ) (0 -896 1504 ) (0 -864 1504 ) (0 -864 1024 ) 
4 219 220 (1024 -896 1024 ) (1024 -896 1504 ) (0 -896 1504 ) (0 -896 1024 ) 
4 220 286 (0 -896 510 ) (0 -992 510 ) (0 -992 1504 ) (0 -896 1504 ) 
4 220 230 (0 -992 510 ) (0 -896 510 ) (1024 -896 510 ) (1024 -992 510 ) 
4 221 231 (772 0 256 ) (1024 0 256 ) (1024 -96 256 ) (772 -96 256 ) 
4 222 229 (768 -100 256 ) (772 -100 256 ) (772 -100 384 ) (768 -100 384 ) 
4 222 227 (768 -96 256 ) (768 -100 256 ) (768 -100 264 ) (768 -96 264 ) 
4 222 223 (768 -100 264 ) (768 -100 384 ) (768 -96 384 ) (768 -96 264 ) 
4 223 229 (768 -100 264 ) (768 -100 510 ) (764 -100 510 ) (764 -100 264 ) 
4 223 227 (768 -96 264 ) (768 -100 264 ) (764 -100 264 ) (764 -96 264 ) 
4 223 224 (764 -96 320 ) (764 -96 510 ) (764 0 510 ) (764 0 320 ) 
4 223 225 (764 -96 264 ) (764 -100 264 ) (764 -100 510 ) (764 -96 510 ) 
4 224 225 (640 -96 510 ) (640 -96 320 ) (764 -96 320 ) (764 -96 510 ) 
4 224 226 (640 -96 320 ) (640 -96 510 ) (640 0 510 ) (640 0 320 ) 
4 225 229 (764 -100 510 ) (640 -100 510 ) (640 -100 264 ) (764 -100 264 ) 
4 225 227 (764 -100 264 ) (640 -100 264 ) (640 -96 264 ) (764 -96 264 ) 
4 225 226 (640 -96 264 ) (640 -100 264 ) (640 -100 510 ) (640 -96 510 ) 
4 226 284 (0 0 510 ) (0 0 264 ) (0 -100 264 ) (0 -100 510 ) 
4 226 229 (640 -100 510 ) (0 -100 510 ) (0 -100 264 ) (640 -100 264 ) 
4 226 227 (640 -100 264 ) (576 -100 264 ) (576 -96 264 ) (640 -96 264 ) 
4 226 228 (576 -100 264 ) (0 -100 264 ) (0 0 264 ) (576 0 264 ) 
4 227 229 (576 -100 256 ) (768 -100 256 ) (768 -100 264 ) (576 -100 264 ) 
4 227 228 (576 -96 256 ) (576 -100 256 ) (576 -100 264 ) (576 -96 264 ) 
4 228 284 (0 0 264 ) (0 0 256 ) (0 -100 256 ) (0 -100 264 ) 
4 228 233 (0 -100 256 ) (0 0 256 ) (192 0 256 ) (192 -100 256 ) 
4 228 229 (0 -100 256 ) (576 -100 256 ) (576 -100 264 ) (0 -100 264 ) 
4 229 284 (0 -100 256 ) (0 -864 256 ) (0 -864 510 ) (0 -100 510 ) 
4 229 236 (1024 -848 256 ) (1024 -864 256 ) (643.976990 -864 256 ) (643.976990 -848 256 ) 
4 229 237 (640 -192 256 ) (643.976990 -192 256 ) (643.976990 -864 256 ) (640 -864 256 ) 
5 229 233 (0 -192 256 ) (0 -100 256 ) (192 -100 256 ) (192 -160 256 ) (160 -192 256 ) 
4 229 232 (643.976990 -192 256 ) (640 -192 256 ) (640 -112 256 ) (643.976990 -112 256 ) 
4 230 286 (0 -896 256 ) (0 -992 256 ) (0 -992 510 ) (0 -896 510 ) 
4 230 238 (0 -992 256 ) (0 -896 256 ) (1024 -896 256 ) (1024 -992 256 ) 
4 231 246 (1024 -56 192 ) (1024 -96 192 ) (576 -96 192 ) (576 -56 192 ) 
4 231 239 (576 0 192 ) (1024 0 192 ) (1024 -56 192 ) (576 -56 192 ) 
4 232 247 (643.976990 -192 192 ) (640 -192 192 ) (640 -112 192 ) (643.976990 -112 192 ) 
4 232 237 (640 -192 192 ) (643.976990 -192 192 ) (643.976990 -192 256 ) (640 -192 256 ) 
4 233 290 (0 0 256 ) (0 0 240 ) (0 -192 240 ) (0 -192 256 ) 
5 233 234 (192 -159.996094 240 ) (159.996094 -192 240 ) (0 -192 240 ) (0 0 240 ) (192 0 240 ) 
4 234 291 (0 0 240 ) (0 0 208 ) (0 -192 208 ) (0 -192 240 ) 
5 234 235 (192 -159.996094 208 ) (159.996094 -192 208 ) (0 -192 208 ) (0 0 208 ) (192 0 208 ) 
4 235 292 (0 0 208 ) (0 0 192 ) (0 -192 192 ) (0 -192 208 ) 
5 235 251 (0 -192 192 ) (0 -56 192 ) (192 -56 192 ) (192 -160 192 ) (160 -192 192 ) 
4 235 245 (0 -56 192 ) (0 0 192 ) (192 0 192 ) (192 -56 192 ) 
4 236 247 (1024 -848 192 ) (1024 -864 192 ) (643.976990 -864 192 ) (643.976990 -848 192 ) 
4 236 237 (643.976990 -848 192 ) (643.976990 -864 192 ) (643.976990 -864 256 ) (643.976990 -848 256 ) 
4 237 247 (640 -192 192 ) (643.976990 -192 192 ) (643.976990 -864 192 ) (640 -864 192 ) 
4 238 293 (0 -896 192 ) (0 -992 192 ) (0 -992 256 ) (0 -896 256 ) 
4 238 257 (0 -992 192 ) (0 -896 192 ) (512 -896 192 ) (512 -992 192 ) 
4 238 249 (512 -896 192 ) (576 -896 192 ) (576 -992 192 ) (512 -992 192 ) 
4 238 247 (576 -896 192 ) (1024 -896 192 ) (1024 -992 192 ) (576 -992 192 ) 
4 239 258 (576 0 128 ) (1024 0 128 ) (1024 -56 128 ) (576 -56 128 ) 
4 239 246 (576 -56 128 ) (1024 -56 128 ) (1024 -56 192 ) (576 -56 192 ) 
4 239 240 (576 0 128 ) (576 -56 128 ) (576 -56 136 ) (576 0 136 ) 
4 240 258 (568 0 128 ) (576 0 128 ) (576 -56 128 ) (568 -56 128 ) 
3 240 248 (568 -56 128 ) (576 -56 128 ) (576 -56 136 ) 
4 241 258 (512 0 128 ) (520 0 128 ) (520 -56 128 ) (512 -56 128 ) 
3 241 250 (512 -56 128 ) (520 -56 128 ) (512 -56 136 ) 
4 241 242 (512 0 128 ) (512 -56 128 ) (512 -56 136 ) (512 0 136 ) 
4 242 258 (352 0 128 ) (512 0 128 ) (512 -56 128 ) (352 -56 128 ) 
4 242 251 (352 -56 128 ) (512 -56 128 ) (512 -56 192 ) (352 -56 192 ) 
4 242 243 (352 0 128 ) (352 -16 128 ) (352 -16 190 ) (352 0 190 ) 
4 242 244 (352 -16 128 ) (352 -56 128 ) (352 -56 192 ) (352 -16 192 ) 
4 243 258 (288 0 128 ) (352 0 128 ) (352 -16 128 ) (288 -16 128 ) 
4 243 244 (288 -16 190 ) (288 -16 128 ) (352 -16 128 ) (352 -16 190 ) 
4 243 245 (288 0 128 ) (288 -16 128 ) (288 -16 190 ) (288 0 190 ) 
4 244 258 (352 -16 128 ) (352 -56 128 ) (288 -56 128 ) (288 -16 128 ) 
4 244 251 (288 -56 128 ) (352 -56 128 ) (352 -56 192 ) (288 -56 192 ) 
4 244 245 (288 -16 128 ) (288 -56 128 ) (288 -56 192 ) (288 -16 192 ) 
4 245 296 (0 0 192 ) (0 0 190 ) (0 -56 190 ) (0 -56 192 ) 
4 245 301 (0 0 190 ) (0 0 128 ) (0 -56 128 ) (0 -56 190 ) 
4 245 258 (0 -56 128 ) (0 0 128 ) (288 0 128 ) (288 -56 128 ) 
4 245 251 (0 -56 128 ) (288 -56 128 ) (288 -56 192 ) (0 -56 192 ) 
4 246 259 (576 -56 128 ) (1024 -56 128 ) (1024 -96 128 ) (576 -96 128 ) 
4 246 248 (576 -56 136 ) (576 -56 128 ) (576 -64 128 ) (576 -64 136 ) 
4 247 275 (1024 -576 128 ) (1024 -992 128 ) (576 -992 128 ) (576 -576 128 ) 
4 247 268 (1024 -512 128 ) (1024 -576 128 ) (576 -576 128 ) (576 -512 128 ) 
4 247 260 (1024 -112 128 ) (1024 -512 128 ) (576 -512 128 ) (576 -112 128 ) 
4 247 249 (576 -384 128 ) (576 -992 128 ) (576 -992 192 ) (576 -384 192 ) 
3 248 261 (568 -56 128 ) (576 -56 128 ) (576 -64 128 ) 
4 249 275 (576 -576 128 ) (576 -992 128 ) (512 -992 128 ) (512 -576 128 ) 
4 249 268 (576 -512 128 ) (576 -576 128 ) (512 -576 128 ) (512 -512 128 ) 
4 249 263 (576 -384 128 ) (576 -512 128 ) (512 -512 128 ) (512 -384 128 ) 
4 249 257 (512 -576 128 ) (512 -992 128 ) (512 -992 192 ) (512 -576 192 ) 
4 249 256 (512 -512 128 ) (512 -576 128 ) (512 -576 192 ) (512 -512 192 ) 
3 250 262 (512 -56 128 ) (520 -56 128 ) (512 -64 128 ) 
4 250 251 (512 -56 136 ) (512 -56 128 ) (512 -64 128 ) (512 -64 136 ) 
4 251 296 (0 -304 190 ) (0 -304 192 ) (0 -56 192 ) (0 -56 190 ) 
4 251 301 (0 -56 128 ) (0 -304 128 ) (0 -304 190 ) (0 -56 190 ) 
4 251 264 (0 -304 128 ) (0 -56 128 ) (512 -56 128 ) (512 -304 128 ) 
4 251 253 (288 -304 192 ) (32 -304 192 ) (32 -304 190 ) (288 -304 190 ) 
4 251 252 (512 -304 190 ) (512 -304 192 ) (352 -304 192 ) (352 -304 190 ) 
4 251 254 (0 -304 128 ) (512 -304 128 ) (512 -304 190 ) (0 -304 190 ) 
4 252 255 (512 -336 190 ) (512 -336 192 ) (352 -336 192 ) (352 -336 190 ) 
4 252 254 (512 -336 190 ) (352 -336 190 ) (352 -304 190 ) (512 -304 190 ) 
4 253 255 (288 -336 192 ) (32 -336 192 ) (32 -336 190 ) (288 -336 190 ) 
4 253 254 (288 -336 190 ) (32 -336 190 ) (32 -304 190 ) (288 -304 190 ) 
4 254 301 (0 -304 128 ) (0 -336 128 ) (0 -336 190 ) (0 -304 190 ) 
4 254 264 (0 -336 128 ) (0 -304 128 ) (512 -304 128 ) (512 -336 128 ) 
4 254 255 (0 -336 128 ) (512 -336 128 ) (512 -336 190 ) (0 -336 190 ) 
4 255 305 (0 -448 128 ) (0 -512 128 ) (0 -512 192 ) (0 -448 192 ) 
4 255 303 (0 -384 128 ) (0 -448 128 ) (0 -448 192 ) (0 -384 192 ) 
4 255 297 (0 -384 190 ) (0 -384 192 ) (0 -336 192 ) (0 -336 190 ) 
4 255 301 (0 -336 128 ) (0 -384 128 ) (0 -384 190 ) (0 -336 190 ) 
5 255 264 (0 -512 128 ) (0 -336 128 ) (512 -336 128 ) (512 -384 128 ) (384 -512 128 ) 
4 256 268 (384 -512 128 ) (512 -512 128 ) (512 -576 128 ) (384 -576 128 ) 
4 256 257 (384 -576 128 ) (512 -576 128 ) (512 -576 192 ) (384 -576 192 ) 
4 257 312 (0 -576 128 ) (0 -992 128 ) (0 -992 192 ) (0 -576 192 ) 
4 257 275 (0 -992 128 ) (0 -576 128 ) (512 -576 128 ) (512 -992 128 ) 
4 258 320 (0 0 44 ) (0 0 0 ) (0 -56 0 ) (0 -56 44 ) 
4 258 318 (0 0 48 ) (0 0 44 ) (0 -56 44 ) (0 -56 48 ) 
4 258 317 (0 0 128 ) (0 0 48 ) (0 -56 48 ) (0 -56 128 ) 
4 258 276 (768 0 0 ) (1024 0 0 ) (1024 -56 0 ) (768 -56 0 ) 
4 258 264 (0 -56 0 ) (512 -56 0 ) (512 -56 128 ) (0 -56 128 ) 
4 258 261 (568 -56 0 ) (576 -56 0 ) (576 -56 128 ) (568 -56 128 ) 
4 258 262 (512 -56 0 ) (520 -56 0 ) (520 -56 128 ) (512 -56 128 ) 
4 258 259 (576 -56 0 ) (1024 -56 0 ) (1024 -56 128 ) (576 -56 128 ) 
4 259 276 (768 -56 0 ) (1024 -56 0 ) (1024 -96 0 ) (768 -96 0 ) 
4 259 261 (576 -56 128 ) (576 -56 0 ) (576 -64 0 ) (576 -64 128 ) 
4 260 277 (1024 -112 0 ) (1024 -512 0 ) (576 -512 0 ) (576 -112 0 ) 
4 260 271 (576 -512 0 ) (1024 -512 0 ) (1024 -512 64 ) (576 -512 64 ) 
4 260 265 (1024 -512 64 ) (1024 -512 128 ) (576 -512 128 ) (576 -512 64 ) 
4 260 263 (576 -384 0 ) (576 -512 0 ) (576 -512 128 ) (576 -384 128 ) 
4 262 264 (512 -56 128 ) (512 -56 0 ) (512 -64 0 ) (512 -64 128 ) 
4 263 278 (576 -384 0 ) (576 -512 0 ) (512 -512 0 ) (512 -384 0 ) 
4 263 271 (512 -512 0 ) (576 -512 0 ) (576 -512 64 ) (512 -512 64 ) 
4 263 265 (576 -512 64 ) (576 -512 128 ) (512 -512 128 ) (512 -512 64 ) 
4 264 320 (0 -56 0 ) (0 -512 0 ) (0 -512 44 ) (0 -56 44 ) 
4 264 318 (0 -512 44 ) (0 -512 48 ) (0 -56 48 ) (0 -56 44 ) 
4 264 317 (0 -512 48 ) (0 -512 128 ) (0 -56 128 ) (0 -56 48 ) 
4 264 273 (52 -512 0 ) (64 -512 0 ) (64 -512 64 ) (52 -512 64 ) 
4 264 274 (0 -512 0 ) (52 -512 0 ) (52 -512 64 ) (0 -512 64 ) 
4 264 266 (64 -512 128 ) (52 -512 128 ) (52 -512 64 ) (64 -512 64 ) 
4 264 267 (52 -512 128 ) (0 -512 128 ) (0 -512 64 ) (52 -512 64 ) 
4 265 271 (384 -512 64.001961 ) (1024 -512 64.001984 ) (1024 -544 96 ) (384 -544 96 ) 
4 265 269 (384 -544.001953 95.998055 ) (1024 -544.001953 95.998077 ) (1024 -524 116 ) (384 -524 116 ) 
4 265 268 (1024 -524 116 ) (1024 -512 128 ) (384 -512 128 ) (384 -524 116 ) 
3 266 273 (52 -512 64.001953 ) (64 -512 64.001953 ) (52 -524 76.001923 ) 
4 266 267 (52 -512 64.003906 ) (52 -524 76.002411 ) (52 -524 116 ) (52 -512 128 ) 
3 267 336 (0 -512 128 ) (0 -512 64 ) (0 -544 96 ) 
4 267 274 (0 -512 64.001953 ) (52 -512 64.001953 ) (52 -544 96 ) (0 -544 96 ) 
4 267 270 (0 -544.001953 95.998047 ) (52 -544.001953 95.998047 ) (52 -524 116 ) (0 -524 116 ) 
4 268 271 (1024 -563.998047 116 ) (1024 -575.998047 128 ) (384 -575.998047 128 ) (384 -563.998047 116 ) 
4 268 269 (1024 -564 116 ) (384 -564 116 ) (384 -523.998047 116 ) (1024 -523.997986 116 ) 
4 269 271 (1024 -544 96 ) (1024 -563.998047 116 ) (384 -563.998047 116 ) (384 -544 96 ) 
3 270 340 (0 -524 116 ) (0 -544 96 ) (0 -564 116 ) 
4 270 274 (52 -563.998047 116 ) (0 -563.998047 116 ) (0 -544 96 ) (52 -544 96 ) 
4 271 280 (384 -512 0 ) (512 -512 0 ) (512 -576 0 ) (384 -576 0 ) 
4 271 278 (512 -512 0 ) (576 -512 0 ) (576 -576 0 ) (512 -576 0 ) 
4 271 277 (576 -512 0 ) (1024 -512 0 ) (1024 -576 0 ) (576 -576 0 ) 
4 271 275 (384 -576 0 ) (1024 -576 0 ) (1024 -576 127.996094 ) (384 -576 127.996094 ) 
4 272 275 (52 -576 0 ) (64 -576 0 ) (64 -576 127.996094 ) (52 -576 127.996094 ) 
4 272 274 (52 -576 0 ) (52 -576 127.996094 ) (52 -564 115.996124 ) (52 -564 0 ) 
4 273 274 (52 -524 75.996078 ) (52 -512 63.996101 ) (52 -512 0 ) (52 -524 0 ) 
4 274 342 (0 -512 0 ) (0 -576 0 ) (0 -576 128 ) (0 -512 64 ) 
4 274 275 (0 -576 0 ) (52 -576 0 ) (52 -576 127.996094 ) (0 -576 127.996094 ) 
4 275 346 (0 -576 0 ) (0 -992 0 ) (0 -992 128 ) (0 -576 128 ) 
4 275 281 (0 -992 0 ) (0 -576 0 ) (64 -576 0 ) (64 -992 0 ) 
4 275 280 (64 -576 0 ) (512 -576 0 ) (512 -992 0 ) (64 -992 0 ) 
4 275 278 (512 -576 0 ) (576 -576 0 ) (576 -992 0 ) (512 -992 0 ) 
4 275 277 (576 -576 0 ) (1024 -576 0 ) (1024 -992 0 ) (576 -992 0 ) 
4 276 282 (768 0 -64 ) (1024 0 -64 ) (1024 -96 -64 ) (768 -96 -64 ) 
4 276 277 (768 -96 -64 ) (1024 -96 -64 ) (1024 -96 0 ) (768 -96 0 ) 
4 277 282 (1024 -96 -64 ) (1024 -992 -64 ) (576 -992 -64 ) (576 -96 -64 ) 
4 277 278 (576 -368 -64 ) (576 -992 -64 ) (576 -992 0 ) (576 -368 0 ) 
4 278 282 (576 -368 -64 ) (576 -992 -64 ) (512 -992 -64 ) (512 -368 -64 ) 
4 278 280 (512 -512 -64 ) (512 -992 -64 ) (512 -992 0 ) (512 -512 0 ) 
4 278 279 (512 -384 -64 ) (512 -512 -64 ) (512 -512 0 ) (512 -384 0 ) 
3 279 282 (512 -384 -64 ) (512 -512 -64 ) (384 -512 -64 ) 
4 279 280 (384 -512 -64 ) (512 -512 -64 ) (512 -512 0 ) (384 -512 0 ) 
4 280 282 (512 -512 -64 ) (512 -992 -64 ) (64 -992 -64 ) (64 -512 -64 ) 
4 280 281 (64 -576 -64 ) (64 -992 -64 ) (64 -992 0 ) (64 -576 0 ) 
4 281 347 (0 -576 -64 ) (0 -992 -64 ) (0 -992 0 ) (0 -576 0 ) 
4 281 282 (0 -992 -64 ) (0 -576 -64 ) (64 -576 -64 ) (64 -992 -64 ) 
4 282 352 (0 0 -64 ) (0 0 -480 ) (0 -992 -480 ) (0 -992 -64 ) 
4 283 287 (-576 -864 1056 ) (-576 -864 1504 ) (-576 0 1504 ) (-576 0 1056 ) 
4 283 285 (-576 -864 1504 ) (-576 -864 1056 ) (0 -864 1056 ) (0 -864 1504 ) 
5 284 290 (-192 0 256 ) (0 0 256 ) (0 -192 256 ) (-160 -192 256 ) (-192 -160 256 ) 
4 285 288 (-576 -896 1024 ) (-576 -896 1504 ) (-576 -864 1504 ) (-576 -864 1024 ) 
4 285 286 (-576 -896 1504 ) (-576 -896 1024 ) (0 -896 1024 ) (0 -896 1504 ) 
4 286 293 (0 -896 256 ) (0 -992 256 ) (-576 -992 256 ) (-576 -896 256 ) 
4 286 288 (-576 -896 256 ) (-576 -992 256 ) (-576 -992 1504 ) (-576 -896 1504 ) 
4 287 288 (-608 -864 1504 ) (-608 -864 1024 ) (-576 -864 1024 ) (-576 -864 1504 ) 
4 287 289 (-608 -864 1024 ) (-608 -864 1504 ) (-608 0 1504 ) (-608 0 1024 ) 
4 288 294 (-576 -864 256 ) (-576 -992 256 ) (-608 -992 256 ) (-608 -864 256 ) 
4 288 289 (-608 -864 256 ) (-608 -992 256 ) (-608 -992 1504 ) (-608 -864 1504 ) 
4 289 295 (-992 0 256 ) (-608 0 256 ) (-608 -992 256 ) (-992 -992 256 ) 
5 290 291 (0 -192 240 ) (-160.003906 -192 240 ) (-192 -160 240 ) (-192 0 240 ) (0 0 240 ) 
5 291 292 (0 -192 208 ) (-160.003906 -192 208 ) (-192 -160 208 ) (-192 0 208 ) (0 0 208 ) 
4 292 296 (-32 0 192 ) (0 0 192 ) (0 -192 192 ) (-32 -192 192 ) 
5 292 298 (-192 0 192 ) (-32 0 192 ) (-32 -192 192 ) (-160 -192 192 ) (-192 -160 192 ) 
4 293 314 (-576 -992 192 ) (-576 -896 192 ) (-512 -896 192 ) (-512 -992 192 ) 
4 293 312 (-512 -896 192 ) (0 -896 192 ) (0 -992 192 ) (-512 -992 192 ) 
4 293 294 (-576 -896 192 ) (-576 -992 192 ) (-576 -992 256 ) (-576 -896 256 ) 
4 294 315 (-576 -864 192 ) (-576 -992 192 ) (-592 -992 192 ) (-592 -864 192 ) 
4 294 316 (-592 -992 192 ) (-608 -992 192 ) (-608 -864 192 ) (-592 -864 192 ) 
4 294 295 (-608 -864 192 ) (-608 -992 192 ) (-608 -992 256 ) (-608 -864 256 ) 
4 295 316 (-992 -992 192 ) (-992 0 192 ) (-608 0 192 ) (-608 -992 192 ) 
4 296 301 (-32 -304 190 ) (-32 0 190 ) (0 0 190 ) (0 -304 190 ) 
4 296 298 (-32 0 190 ) (-32 -304 190 ) (-32 -304 192 ) (-32 0 192 ) 
4 297 303 (0 -384 190 ) (0 -384 192 ) (-32 -352 192 ) (-32 -352 190 ) 
4 297 298 (-32 -336 190 ) (-32 -351.988281 190 ) (-32 -351.988281 192 ) (-32 -336 192 ) 
4 297 301 (0 -384 190 ) (-32 -352 190 ) (-32 -336 190 ) (0 -336 190 ) 
4 298 303 (-32 -352 192 ) (-128 -256 192 ) (-128 -256 190 ) (-32 -352 190 ) 
4 298 302 (-256 -128 192 ) (-288 -96 192 ) (-288 -96 190 ) (-256 -128 190 ) 
4 298 299 (-288 -16 190 ) (-288 -95.988281 190 ) (-288 -95.988281 192 ) (-288 -16 192 ) 
4 298 301 (-32 -352 190 ) (-288 -96 190 ) (-288 0 190 ) (-32 0 190 ) 
4 299 302 (-288 -96 192 ) (-352 -32 192 ) (-352 -32 190 ) (-288 -96 190 ) 
4 299 300 (-352 -16 190 ) (-352 -31.996094 190 ) (-352 -31.996094 192 ) (-352 -16 192 ) 
4 299 301 (-288 -96 190 ) (-352 -32 190 ) (-352 -16 190 ) (-288 -16 190 ) 
4 300 302 (-352 -32 192 ) (-384 0 192 ) (-384 0 190 ) (-352 -32 190 ) 
3 300 301 (-352 -32 190 ) (-384 0 190 ) (-352 0 190 ) 
3 301 325 (-196 -124 128 ) (-196 -188 128 ) (-260 -124 128 ) 
4 301 324 (-384 0 128 ) (-196 0 128 ) (-196 -124 128 ) (-260 -124 128 ) 
4 301 317 (-196 0 128 ) (0 0 128 ) (0 -384 128 ) (-196 -188 128 ) 
4 301 303 (-128 -256 128 ) (0 -384 128 ) (0 -384 190 ) (-128 -256 190 ) 
4 301 302 (-384 0 128 ) (-256 -128 128 ) (-256 -128 190 ) (-384 0 190 ) 
4 302 325 (-260 -124 128 ) (-256 -128 128 ) (-320 -128 128 ) (-324 -124 128 ) 
4 302 324 (-448 0 128 ) (-384 0 128 ) (-260 -124 128 ) (-324 -124 128 ) 
4 302 304 (-448 0 128 ) (-320 -128 128 ) (-320.003906 -128 192 ) (-448.003906 0 192 ) 
4 303 317 (-128 -256 128 ) (0 -384 128 ) (0 -448 128 ) (-128 -320 128 ) 
4 303 305 (-128 -320 128 ) (0 -448 128 ) (0 -448.003906 192 ) (-128 -320.003906 192 ) 
4 304 325 (-512 -128 128 ) (-512 -124 128 ) (-324 -124 128 ) (-320 -128 128 ) 
4 304 324 (-512 -124 128 ) (-512 0 128 ) (-448 0 128 ) (-324 -124 128 ) 
4 304 313 (-512 0 128 ) (-512 -64 128 ) (-512 -64 144 ) (-512 0 144 ) 
4 305 317 (-128 -320 128 ) (0 -448 128 ) (0 -512 128 ) (-128 -512 128 ) 
5 306 328 (-196 -256 128 ) (-196 -512 128 ) (-288 -512 128 ) (-288 -196 128 ) (-256 -196 128 ) 
4 306 327 (-252 -196 128 ) (-196 -252 128 ) (-196 -256 128 ) (-256 -196 128 ) 
4 306 325 (-288 -192 128 ) (-256 -192 128 ) (-252 -196 128 ) (-288 -196 128 ) 
4 306 317 (-196 -252 128 ) (-192 -256 128 ) (-192 -512 128 ) (-196 -512 128 ) 
4 306 308 (-288 -304 128 ) (-288 -336 128 ) (-288 -336 190 ) (-288 -304 190 ) 
4 306 307 (-288 -192 192 ) (-288 -192 128 ) (-288 -304 128 ) (-288 -304 192 ) 
4 306 309 (-288 -336 128 ) (-288 -512 128 ) (-288 -512 192 ) (-288 -336 192 ) 
4 307 328 (-288 -196 128 ) (-288 -304 128 ) (-352 -304 128 ) (-352 -196 128 ) 
4 307 325 (-352 -192 128 ) (-288 -192 128 ) (-288 -196 128 ) (-352 -196 128 ) 
4 307 310 (-352 -192 192 ) (-352 -192 128 ) (-352 -304 128 ) (-352 -304 192 ) 
4 307 308 (-352 -304 190 ) (-352 -304 128 ) (-288 -304 128 ) (-288 -304 190 ) 
4 308 328 (-288 -304 128 ) (-288 -336 128 ) (-352 -336 128 ) (-352 -304 128 ) 
4 308 310 (-352 -304 128 ) (-352 -336 128 ) (-352 -336 190 ) (-352 -304 190 ) 
4 308 309 (-352 -336 190 ) (-352 -336 128 ) (-288 -336 128 ) (-288 -336 190 ) 
4 309 328 (-288 -336 128 ) (-288 -512 128 ) (-352 -512 128 ) (-352 -336 128 ) 
4 309 310 (-352 -336 128 ) (-352 -512 128 ) (-352 -512 192 ) (-352 -336 192 ) 
5 310 328 (-512 -384 128 ) (-512 -196 128 ) (-352 -196 128 ) (-352 -512 128 ) (-384 -512 128 ) 
4 310 325 (-512 -196 128 ) (-512 -192 128 ) (-352 -192 128 ) (-352 -196 128 ) 
4 311 339 (-512 -576 128 ) (-512 -512 128 ) (-384 -512 128 ) (-384 -576 128 ) 
4 311 314 (-512 -512 128 ) (-512 -576 128 ) (-512 -576 192 ) (-512 -512 192 ) 
4 311 312 (-512 -576 192 ) (-512 -576 128 ) (-384 -576 128 ) (-384 -576 192 ) 
4 312 346 (-512 -992 128 ) (-512 -576 128 ) (0 -576 128 ) (0 -992 128 ) 
4 312 314 (-512 -576 128 ) (-512 -992 128 ) (-512 -992 192 ) (-512 -576 192 ) 
4 313 332 (-576 -64 128 ) (-576 0 128 ) (-512 0 128 ) (-512 -64 128 ) 
4 314 346 (-576 -992 128 ) (-576 -576 128 ) (-512 -576 128 ) (-512 -992 128 ) 
4 314 339 (-576 -576 128 ) (-576 -512 128 ) (-512 -512 128 ) (-512 -576 128 ) 
4 314 333 (-576 -512 128 ) (-576 -384 128 ) (-512 -384 128 ) (-512 -512 128 ) 
4 314 315 (-576 -384 128 ) (-576 -992 128 ) (-576 -992 192 ) (-576 -384 192 ) 
4 315 346 (-576 -576 128 ) (-576 -992 128 ) (-592 -992 128 ) (-592 -576 128 ) 
4 315 339 (-576 -512 128 ) (-576 -576 128 ) (-592 -576 128 ) (-592 -512 128 ) 
4 315 334 (-576 -384 128 ) (-576 -512 128 ) (-592 -512 128 ) (-592 -384 128 ) 
4 315 316 (-592 -384 128 ) (-592 -992 128 ) (-592 -992 192 ) (-592 -384 192 ) 
4 316 346 (-992 -992 128 ) (-992 -576 128 ) (-592 -576 128 ) (-592 -992 128 ) 
4 316 339 (-992 -576 128 ) (-992 -512 128 ) (-592 -512 128 ) (-592 -576 128 ) 
4 316 335 (-992 -512 128 ) (-992 0 128 ) (-592 0 128 ) (-592 -512 128 ) 
4 317 343 (-52 -512 64 ) (-64 -512 64 ) (-64 -512 48 ) (-52 -512 48 ) 
4 317 342 (0 -512 48 ) (0 -512 64 ) (-52 -512 64 ) (-52 -512 48 ) 
4 317 337 (-52 -512 128 ) (-64 -512 128 ) (-64 -512 64 ) (-52 -512 64 ) 
4 317 336 (0 -512 64 ) (0 -512 128 ) (-52 -512 128 ) (-52 -512 64 ) 
4 317 328 (-196 -512 48 ) (-196 -512 128 ) (-196 -256 128 ) (-196 -256 48 ) 
4 317 327 (-196 -256 128 ) (-196 -196 128 ) (-196 -196 48 ) (-196 -256 48 ) 
4 317 325 (-196 -196 128 ) (-196 -124 128 ) (-196 -124 48 ) (-196 -196 48 ) 
4 317 324 (-196 -124 128 ) (-196 0 128 ) (-196 0 48 ) (-196 -124 48 ) 
4 317 319 (-196 -180 48 ) (-196 0 48 ) (-124 0 48 ) (-124 -252 48 ) 
4 317 318 (0 -512 48 ) (-124 -512 48 ) (-124 0 48 ) (0 0 48 ) 
4 318 343 (-52 -512 48 ) (-64 -512 48 ) (-64 -512 44 ) (-52 -512 44 ) 
4 318 342 (0 -512 44 ) (0 -512 48 ) (-52 -512 48 ) (-52 -512 44 ) 
4 318 320 (0 -512 44 ) (-124 -512 44 ) (-124 0 44 ) (0 0 44 ) 
4 318 319 (-124 0 44 ) (-124 -252 44 ) (-124 -252 48 ) (-124 0 48 ) 
4 319 326 (-196 -180 48 ) (-196 -124 48 ) (-196 -124 44 ) (-196 -180 44 ) 
4 319 324 (-196 -124 48 ) (-196 0 48 ) (-196 0 44 ) (-196 -124 44 ) 
4 319 322 (-196 -180 44 ) (-196 0 44 ) (-192 0 44 ) (-192 -184 44 ) 
4 319 321 (-192 0 44 ) (-128 0 44 ) (-128 -248 44 ) (-192 -184 44 ) 
4 319 320 (-128 0 44 ) (-124 0 44 ) (-124 -252 44 ) (-128 -248 44 ) 
4 320 343 (-64 -512 0 ) (-52 -512 0 ) (-52 -512 44 ) (-64 -512 44 ) 
4 320 342 (-52 -512 0 ) (0 -512 0 ) (0 -512 44 ) (-52 -512 44 ) 
4 320 321 (-128 0 0 ) (-128 -256 0 ) (-128 -256 44 ) (-128 0 44 ) 
4 321 322 (-192 0 0 ) (-192 -192 0 ) (-192 -192 44 ) (-192 0 44 ) 
4 322 330 (-196 -128 0 ) (-196 -188 0 ) (-196 -188 44 ) (-196 -128 44 ) 
4 322 329 (-196 0 0 ) (-196 -128 0 ) (-196 -128 44 ) (-196 0 44 ) 
4 323 331 (-196 -252 0 ) (-196 -512 0 ) (-196 -512 44 ) (-196 -252 44 ) 
4 324 332 (-512 -64 128 ) (-512 0 128 ) (-512 0 44 ) (-512 -64 44 ) 
4 324 329 (-512 -124 44 ) (-512 0 44 ) (-196 0 44 ) (-196 -124 44 ) 
4 324 326 (-252 -124 44 ) (-196 -124 44 ) (-196 -124 48 ) (-252 -124 48 ) 
4 324 325 (-512 -124 128 ) (-512 -124 48 ) (-196 -124 48 ) (-196 -124 128 ) 
4 325 328 (-512 -196 128 ) (-512 -196 48 ) (-256 -196 48 ) (-256 -196 128 ) 
4 325 327 (-256 -196 48 ) (-196 -196 48 ) (-196 -196 128 ) (-256 -196 128 ) 
3 325 326 (-252 -124 48 ) (-196 -124 48 ) (-196 -180 48 ) 
3 326 330 (-196 -128 44 ) (-196 -180 44 ) (-248 -128 44 ) 
4 326 329 (-252 -124 44 ) (-196 -124 44 ) (-196 -128 44 ) (-248 -128 44 ) 
4 327 328 (-256.001953 -196 128 ) (-256.001953 -196 48 ) (-196 -256.001953 48 ) (-196 -256.001953 128 ) 
6 328 331 (-512 -384 44 ) (-512 -196 44 ) (-256 -196 44 ) (-196 -256 44 ) (-196 -512 44 ) (-384 -512 44 ) 
4 329 332 (-512 0 0 ) (-512 -64 0 ) (-512 -64 44 ) (-512 0 44 ) 
4 329 330 (-196 -128 0 ) (-196 -128 44 ) (-256 -128 44 ) (-256 -128 0 ) 
4 333 344 (-576 -512 0 ) (-512 -512 0 ) (-512 -512 64 ) (-576 -512 64 ) 
4 333 338 (-512 -512 64 ) (-512 -512 128 ) (-576 -512 128 ) (-576 -512 64 ) 
4 333 334 (-576 -384 0 ) (-576 -512 0 ) (-576 -512 128 ) (-576 -384 128 ) 
4 334 350 (-576 -384 0 ) (-576 -512 0 ) (-592 -512 0 ) (-592 -384 0 ) 
4 334 344 (-592 -512 0 ) (-576 -512 0 ) (-576 -512 64 ) (-592 -512 64 ) 
4 334 338 (-576 -512 64 ) (-576 -512 128 ) (-592 -512 128 ) (-592 -512 64 ) 
4 334 335 (-592 -384 0 ) (-592 -512 0 ) (-592 -512 128 ) (-592 -384 128 ) 
4 335 350 (-992 0 0 ) (-592 0 0 ) (-592 -512 0 ) (-992 -512 0 ) 
4 335 344 (-992 -512 0 ) (-592 -512 0 ) (-592 -512 64 ) (-992 -512 64 ) 
4 335 338 (-592 -512 64 ) (-592 -512 128 ) (-992 -512 128 ) (-992 -512 64 ) 
4 336 342 (-52 -512 64.001953 ) (0 -512 64.001953 ) (0 -544 96 ) (-52 -544 96 ) 
4 336 340 (-52 -544.003845 95.996155 ) (0 -544.003845 95.996155 ) (0 -524 116 ) (-52 -524 116 ) 
4 336 337 (-52 -512 64.003906 ) (-52 -524 76.002457 ) (-52 -524 116 ) (-52 -512 128 ) 
3 337 343 (-64 -512 64.001953 ) (-52 -512 64.001953 ) (-52 -524 76.001968 ) 
4 338 344 (-992 -512 64.001923 ) (-384 -512 64.001938 ) (-384 -544 96 ) (-992 -544 96 ) 
4 338 341 (-992 -524 116 ) (-992 -544.003906 95.996094 ) (-384 -544.003845 95.996132 ) (-384 -524 116 ) 
4 338 339 (-992 -512 128 ) (-992 -524 116 ) (-384 -524 116 ) (-384 -512 128 ) 
4 339 344 (-384 -575.998047 128 ) (-992 -575.998108 128 ) (-992 -563.998108 116 ) (-384 -563.998047 116 ) 
4 339 341 (-384 -563.996155 116 ) (-992 -563.996094 116 ) (-992 -523.998047 116 ) (-384 -523.998047 116 ) 
4 340 342 (0 -544 96 ) (0 -563.998047 116 ) (-52 -563.998047 116 ) (-52 -544 96 ) 
4 341 344 (-384 -563.998047 116 ) (-992 -563.998108 116 ) (-992 -544 96 ) (-384 -544 96 ) 
4 342 346 (-52 -576 0 ) (0 -576 0 ) (0 -576 127.996094 ) (-52 -576 127.996094 ) 
4 342 343 (-52 -524 75.996117 ) (-52 -512 63.996101 ) (-52 -512 0 ) (-52 -524 0 ) 
4 342 345 (-52 -576 0 ) (-52 -576 127.996094 ) (-52 -564 115.996124 ) (-52 -564 0 ) 
4 344 351 (-992 -512 0 ) (-512 -512 0 ) (-512 -576 0 ) (-992 -576 0 ) 
4 344 349 (-512 -512 0 ) (-384 -512 0 ) (-384 -576 0 ) (-512 -576 0 ) 
4 344 346 (-992 -576 0 ) (-384 -576 0 ) (-384 -576 127.996094 ) (-992 -576 127.996094 ) 
4 345 346 (-64 -576 0 ) (-52 -576 0 ) (-52 -576 127.996094 ) (-64 -576 127.996094 ) 
4 346 351 (-992 -576 0 ) (-512 -576 0 ) (-512 -992 0 ) (-992 -992 0 ) 
4 346 349 (-512 -576 0 ) (-64 -576 0 ) (-64 -992 0 ) (-512 -992 0 ) 
4 346 347 (-64 -576 0 ) (0 -576 0 ) (0 -992 0 ) (-64 -992 0 ) 
4 347 352 (-64 -992 -64 ) (-64 -576 -64 ) (0 -576 -64 ) (0 -992 -64 ) 
4 347 349 (-64 -576 -64 ) (-64 -992 -64 ) (-64 -992 0 ) (-64 -576 0 ) 
3 348 352 (-512 -512 -64 ) (-512 -384 -64 ) (-384 -512 -64 ) 
4 348 349 (-512 -512 0 ) (-512 -512 -64 ) (-384 -512 -64 ) (-384 -512 0 ) 
4 349 352 (-512 -992 -64 ) (-512 -512 -64 ) (-64 -512 -64 ) (-64 -992 -64 ) 
4 349 351 (-512 -512 -64 ) (-512 -992 -64 ) (-512 -992 0 ) (-512 -512 0 ) 
4 350 352 (-992 -512 -64 ) (-992 0 -64 ) (-576 0 -64 ) (-576 -512 -64 ) 
4 350 351 (-992 -512 0 ) (-992 -512 -64 ) (-576 -512 -64 ) (-576 -512 0 ) 
4 351 352 (-992 -992 -64 ) (-992 -512 -64 ) (-512 -512 -64 ) (-512 -992 -64 ) 
