PRT1
57
127
4 0 2 (3040 3072 3040 ) (2048 3072 3040 ) (2048 3072 -2528 ) (3040 3072 -2528 ) 
4 0 1 (2048 3072 -2528 ) (2048 3072 3040 ) (2048 4064 3040 ) (2048 4064 -2528 ) 
4 1 4 (1024 3072 -2528 ) (1024 3072 3040 ) (1024 4064 3040 ) (1024 4064 -2528 ) 
4 1 3 (2048 3072 -2528 ) (2048 3072 3040 ) (1024 3072 3040 ) (1024 3072 -2528 ) 
4 2 12 (3040 2048 3040 ) (2048 2048 3040 ) (2048 2048 -2528 ) (3040 2048 -2528 ) 
4 2 3 (2048 3072 3040 ) (2048 3072 -2528 ) (2048 2048 -2528 ) (2048 2048 3040 ) 
4 3 13 (2048 2048 -2528 ) (2048 2048 3040 ) (1024 2048 3040 ) (1024 2048 -2528 ) 
4 3 6 (1024 2048 -2528 ) (1024 2048 3040 ) (1024 3072 3040 ) (1024 3072 -2528 ) 
4 4 6 (1024 3072 -2528 ) (1024 3072 3040 ) (0 3072 3040 ) (0 3072 -2528 ) 
4 4 5 (0 4064 -2528 ) (0 3072 -2528 ) (0 3072 3040 ) (0 4064 3040 ) 
4 5 8 (-1024 3072 -2528 ) (-1024 3072 3040 ) (-1024 4064 3040 ) (-1024 4064 -2528 ) 
4 5 7 (-1024 3072 3040 ) (-1024 3072 -2528 ) (0 3072 -2528 ) (0 3072 3040 ) 
4 6 28 (0 2048 256 ) (0 2048 -2528 ) (224 2048 -2528 ) (224 2048 256 ) 
4 6 27 (192 2048 384 ) (0 2048 384 ) (0 2048 256 ) (192 2048 256 ) 
4 6 26 (224 2048 0 ) (224 2048 -2528 ) (288 2048 -2528 ) (288 2048 0 ) 
9 6 25 (239.996124 2048 375.996124 ) (232 2048 368 ) (224 2048 352 ) (224 2048 256 ) (288 2048 256 ) (288 2048 352 ) (280 2048 368 ) (272 2048 376 ) (256.001953 2048 384 ) 
4 6 24 (1024 2048 -2528 ) (1024 2048 256 ) (288 2048 256 ) (288 2048 -2528 ) 
4 6 23 (1024 2048 256 ) (1024 2048 384 ) (320 2048 384 ) (320 2048 256 ) 
4 6 21 (288 2048 3040 ) (224 2048 3040 ) (224 2048 512 ) (288 2048 512 ) 
4 6 20 (1024 2048 384 ) (1024 2048 3040 ) (288 2048 3040 ) (288 2048 384 ) 
4 6 22 (224 2048 3040 ) (0 2048 3040 ) (0 2048 384 ) (224 2048 384 ) 
4 6 7 (0 3072 3040 ) (0 3072 -2528 ) (0 2048 -2528 ) (0 2048 3040 ) 
4 7 29 (0 2048 -2528 ) (0 2048 3040 ) (-1024 2048 3040 ) (-1024 2048 -2528 ) 
4 7 9 (-1024 2048 -2528 ) (-1024 2048 3040 ) (-1024 3072 3040 ) (-1024 3072 -2528 ) 
4 8 10 (-2048 3072 -2528 ) (-2048 3072 3040 ) (-2048 4064 3040 ) (-2048 4064 -2528 ) 
4 8 9 (-1024 3072 -2528 ) (-1024 3072 3040 ) (-2048 3072 3040 ) (-2048 3072 -2528 ) 
4 9 45 (-1024 2048 -2528 ) (-1024 2048 3040 ) (-2048 2048 3040 ) (-2048 2048 -2528 ) 
4 9 11 (-2048 2048 -2528 ) (-2048 2048 3040 ) (-2048 3072 3040 ) (-2048 3072 -2528 ) 
4 10 11 (-2048 3072 -2528 ) (-2048 3072 3040 ) (-2528 3072 3040 ) (-2528 3072 -2528 ) 
4 11 47 (-2048 2048 -2528 ) (-2048 2048 3040 ) (-2528 2048 3040 ) (-2528 2048 -2528 ) 
4 12 14 (3040 1024 3040 ) (2048 1024 3040 ) (2048 1024 -2528 ) (3040 1024 -2528 ) 
4 12 13 (2048 2048 3040 ) (2048 2048 -2528 ) (2048 1024 -2528 ) (2048 1024 3040 ) 
4 13 24 (1024 2048 256 ) (1024 2048 -2528 ) (1024 1024 -2528 ) (1024 1024 256 ) 
4 13 23 (1024 2048 384 ) (1024 2048 256 ) (1024 1024 256 ) (1024 1024 384 ) 
4 13 20 (1024 2048 3040 ) (1024 2048 384 ) (1024 1024 384 ) (1024 1024 3040 ) 
4 13 15 (2048 1024 -2528 ) (2048 1024 3040 ) (1024 1024 3040 ) (1024 1024 -2528 ) 
4 14 16 (3040 0 3040 ) (2048 0 3040 ) (2048 0 -2528 ) (3040 0 -2528 ) 
4 14 15 (2048 1024 3040 ) (2048 1024 -2528 ) (2048 0 -2528 ) (2048 0 3040 ) 
4 15 40 (1024 0 -2528 ) (1024 0 384 ) (1024 704 384 ) (1024 704 -2528 ) 
4 15 39 (1024 0 384 ) (1024 0 3040 ) (1024 704 3040 ) (1024 704 384 ) 
4 15 33 (1024 1024 384 ) (1024 1024 -2528 ) (1024 704 -2528 ) (1024 704 384 ) 
4 15 31 (1024 1024 512 ) (1024 1024 384 ) (1024 704 384 ) (1024 704 512 ) 
4 15 30 (1024 704 3040 ) (1024 1024 3040 ) (1024 1024 512 ) (1024 704 512 ) 
4 15 17 (2048 0 -2528 ) (2048 0 3040 ) (1024 0 3040 ) (1024 0 -2528 ) 
4 16 18 (3040 -1024 3040 ) (2048 -1024 3040 ) (2048 -1024 -2528 ) (3040 -1024 -2528 ) 
4 16 17 (2048 0 3040 ) (2048 0 -2528 ) (2048 -1024 -2528 ) (2048 -1024 3040 ) 
4 17 49 (1024 -1024 -2528 ) (1024 -1024 3040 ) (1024 0 3040 ) (1024 0 -2528 ) 
4 17 19 (2048 -1024 -2528 ) (2048 -1024 3040 ) (1024 -1024 3040 ) (1024 -1024 -2528 ) 
4 18 19 (2048 -2016 3040 ) (2048 -1024 3040 ) (2048 -1024 -2528 ) (2048 -2016 -2528 ) 
4 19 51 (1024 -2016 3040 ) (1024 -1024 3040 ) (1024 -1024 -2528 ) (1024 -2016 -2528 ) 
4 20 31 (1024 1024 384 ) (1024 1024 512 ) (288 1024 512 ) (288 1024 384 ) 
4 20 30 (1024 1024 512 ) (1024 1024 3040 ) (288 1024 3040 ) (288 1024 512 ) 
4 20 23 (1024 1024 384 ) (320 1024 384 ) (320 2048 384 ) (1024 2048 384 ) 
4 20 21 (288 1024 512 ) (288 1024 3040 ) (288 2048 3040 ) (288 2048 512 ) 
4 21 30 (288 1024 3040 ) (224 1024 3040 ) (224 1024 512 ) (288 1024 512 ) 
4 21 22 (224 1024 512 ) (224 1024 3040 ) (224 2048 3040 ) (224 2048 512 ) 
4 22 32 (0 1024 512 ) (0 1024 384 ) (224 1024 384 ) (224 1024 512 ) 
4 22 30 (224 1024 3040 ) (0 1024 3040 ) (0 1024 512 ) (224 1024 512 ) 
4 22 29 (0 2048 3040 ) (0 2048 384 ) (0 1024 384 ) (0 1024 3040 ) 
4 22 27 (192 1024 384 ) (0 1024 384 ) (0 2048 384 ) (192 2048 384 ) 
4 23 33 (1024 1024 256 ) (1024 1024 384 ) (320 1024 384 ) (320 1024 256 ) 
4 23 24 (1024 1024 256 ) (320 1024 256 ) (320 2048 256 ) (1024 2048 256 ) 
4 24 34 (320 1024 256 ) (288 1024 256 ) (288 1024 -2528 ) (320 1024 -2528 ) 
4 24 33 (1024 1024 -2528 ) (1024 1024 256 ) (320 1024 256 ) (320 1024 -2528 ) 
4 24 26 (288 2048 0 ) (288 2048 -2528 ) (288 1024 -2528 ) (288 1024 0 ) 
9 25 35 (288 1024 256 ) (288 1024 352 ) (280 1024 368 ) (272 1024 376 ) (256.001953 1024 384 ) (239.996124 1024 375.996124 ) (232 1024 368 ) (224 1024 352 ) (224 1024 256 ) 
4 26 36 (288 1024 -2528 ) (288 1024 0 ) (224 1024 0 ) (224 1024 -2528 ) 
4 26 28 (224 2048 0 ) (224 2048 -2528 ) (224 1024 -2528 ) (224 1024 0 ) 
4 27 38 (192 1024 384 ) (0 1024 384 ) (0 1024 256 ) (192 1024 256 ) 
4 27 29 (0 2048 384 ) (0 2048 256 ) (0 1024 256 ) (0 1024 384 ) 
4 27 28 (0 2048 256 ) (192 2048 256 ) (192 1024 256 ) (0 1024 256 ) 
4 28 37 (224 1024 -2528 ) (224 1024 256 ) (192 1024 256 ) (192 1024 -2528 ) 
4 28 38 (192 1024 256 ) (0 1024 256 ) (0 1024 -2528 ) (192 1024 -2528 ) 
4 28 29 (0 2048 256 ) (0 2048 -2528 ) (0 1024 -2528 ) (0 1024 256 ) 
4 29 45 (-1024 2048 3040 ) (-1024 2048 -2528 ) (-1024 1024 -2528 ) (-1024 1024 3040 ) 
4 29 44 (0 1024 -2528 ) (0 1024 3040 ) (-1024 1024 3040 ) (-1024 1024 -2528 ) 
4 30 44 (0 1024 3040 ) (0 1024 512 ) (0 704 512 ) (0 704 3040 ) 
4 30 39 (1024 704 512 ) (1024 704 3040 ) (0 704 3040 ) (0 704 512 ) 
4 30 31 (1024 704 512 ) (288 704 512 ) (288 1024 512 ) (1024 1024 512 ) 
4 30 32 (224 704 512 ) (0 704 512 ) (0 1024 512 ) (224 1024 512 ) 
4 31 39 (1024 704 384 ) (1024 704 512 ) (288 704 512 ) (288 704 384 ) 
4 31 33 (1024 704 384 ) (320 704 384 ) (320 1024 384 ) (1024 1024 384 ) 
4 32 44 (0 1024 512 ) (0 1024 384 ) (0 704 384 ) (0 704 512 ) 
4 32 39 (224 704 512 ) (0 704 512 ) (0 704 384 ) (224 704 384 ) 
4 32 38 (192 704 384 ) (0 704 384 ) (0 1024 384 ) (192 1024 384 ) 
4 33 40 (1024 704 -2528 ) (1024 704 384 ) (320 704 384 ) (320 704 -2528 ) 
4 33 34 (320 1024 -2528 ) (320 704 -2528 ) (320 704 256 ) (320 1024 256 ) 
4 34 40 (288 704 256 ) (288 704 -2528 ) (320 704 -2528 ) (320 704 256 ) 
4 34 36 (288 704 -2528 ) (288 704 0 ) (288 1024 0 ) (288 1024 -2528 ) 
4 36 41 (288 704 -2528 ) (288 704 0 ) (224 704 0 ) (224 704 -2528 ) 
4 36 37 (224 704 -2528 ) (224 704 0 ) (224 1024 0 ) (224 1024 -2528 ) 
4 37 43 (224 704 -2528 ) (224 704 256 ) (192 704 256 ) (192 704 -2528 ) 
4 37 38 (192 1024 -2528 ) (192 704 -2528 ) (192 704 256 ) (192 1024 256 ) 
4 38 44 (0 1024 384 ) (0 1024 -2528 ) (0 704 -2528 ) (0 704 384 ) 
4 38 43 (192 704 384 ) (0 704 384 ) (0 704 -2528 ) (192 704 -2528 ) 
4 39 49 (1024 0 384 ) (1024 0 3040 ) (0 0 3040 ) (0 0 384 ) 
4 39 44 (0 0 384 ) (0 0 3040 ) (0 704 3040 ) (0 704 384 ) 
4 39 42 (288 0 384 ) (224 0 384 ) (224 696 384 ) (288 696 384 ) 
4 39 40 (1024 0 384 ) (288 0 384 ) (288 704 384 ) (1024 704 384 ) 
4 39 43 (224 0 384 ) (0 0 384 ) (0 704 384 ) (224 704 384 ) 
4 40 49 (1024 0 -2528 ) (1024 0 384 ) (288 0 384 ) (288 0 -2528 ) 
4 40 41 (288 704 -2528 ) (288 696 -2528 ) (288 696 256 ) (288 704 256 ) 
4 40 42 (288 696 -2528 ) (288 0 -2528 ) (288 0 384 ) (288 696 384 ) 
4 41 42 (224 696 256 ) (224 696 -2528 ) (288 696 -2528 ) (288 696 256 ) 
4 41 43 (224 704 -2528 ) (224 696 -2528 ) (224 696 256 ) (224 704 256 ) 
4 42 49 (288 0 384 ) (224 0 384 ) (224 0 -2528 ) (288 0 -2528 ) 
4 42 43 (224 696 -2528 ) (224 0 -2528 ) (224 0 384 ) (224 696 384 ) 
4 43 49 (224 0 384 ) (0 0 384 ) (0 0 -2528 ) (224 0 -2528 ) 
4 43 44 (0 0 -2528 ) (0 0 384 ) (0 704 384 ) (0 704 -2528 ) 
4 44 50 (0 0 -2528 ) (0 0 3040 ) (-1024 0 3040 ) (-1024 0 -2528 ) 
4 44 46 (-1024 0 -2528 ) (-1024 0 3040 ) (-1024 1024 3040 ) (-1024 1024 -2528 ) 
4 45 47 (-2048 1024 -2528 ) (-2048 1024 3040 ) (-2048 2048 3040 ) (-2048 2048 -2528 ) 
4 45 46 (-1024 1024 -2528 ) (-1024 1024 3040 ) (-2048 1024 3040 ) (-2048 1024 -2528 ) 
4 46 53 (-1024 0 -2528 ) (-1024 0 3040 ) (-2048 0 3040 ) (-2048 0 -2528 ) 
4 46 48 (-2048 0 -2528 ) (-2048 0 3040 ) (-2048 1024 3040 ) (-2048 1024 -2528 ) 
4 47 48 (-2048 1024 -2528 ) (-2048 1024 3040 ) (-2528 1024 3040 ) (-2528 1024 -2528 ) 
4 48 54 (-2048 0 -2528 ) (-2048 0 3040 ) (-2528 0 3040 ) (-2528 0 -2528 ) 
4 49 51 (1024 -1024 -2528 ) (1024 -1024 3040 ) (0 -1024 3040 ) (0 -1024 -2528 ) 
4 49 50 (0 0 3040 ) (0 0 -2528 ) (0 -1024 -2528 ) (0 -1024 3040 ) 
4 50 53 (-1024 0 3040 ) (-1024 0 -2528 ) (-1024 -1024 -2528 ) (-1024 -1024 3040 ) 
4 50 52 (0 -1024 -2528 ) (0 -1024 3040 ) (-1024 -1024 3040 ) (-1024 -1024 -2528 ) 
4 51 52 (0 -2016 3040 ) (0 -1024 3040 ) (0 -1024 -2528 ) (0 -2016 -2528 ) 
4 52 55 (-1024 -2016 3040 ) (-1024 -1024 3040 ) (-1024 -1024 -2528 ) (-1024 -2016 -2528 ) 
4 53 55 (-1024 -1024 -2528 ) (-1024 -1024 3040 ) (-2048 -1024 3040 ) (-2048 -1024 -2528 ) 
4 53 54 (-2048 0 3040 ) (-2048 0 -2528 ) (-2048 -1024 -2528 ) (-2048 -1024 3040 ) 
4 54 56 (-2048 -1024 -2528 ) (-2048 -1024 3040 ) (-2528 -1024 3040 ) (-2528 -1024 -2528 ) 
4 55 56 (-2048 -1024 3040 ) (-2048 -1024 -2528 ) (-2048 -2016 -2528 ) (-2048 -2016 3040 ) 
