


materialPath: D:\Steam\steamapps\sourcemods\GigaBuilder\materials
Loading D:\Steam\steamapps\sourcemods\GigaBuilder\mapsrc\gb_jerryworld_tutorial.vmf
ConVarRef mat_reduceparticles doesn't point to an existing ConVar
Could not locate GameData file 
fixing up env_cubemap materials on brush sides...
0...1...2...3...4...5...6...7...8...9...100...1...2...3...4...5...6...7...8...9...10Processing areas...done (0)
Building Faces...done (0)
FixTjuncs...
PruneNodes...
WriteBSP...
done (0)
writing D:\Steam\steamapps\sourcemods\GigaBuilder\mapsrc\gb_jerryworld_tutorial.prt...Building visibility clusters...
done (0)
Finding displacement neighbors...
Finding lightmap sample positions...
Displacement Alpha : 0...1...2...3...4...5...6...7...8...9...10
Building Physics collision data...
done (0) (14923 bytes)
Placing detail props : 0...1...2...3...4...5...6...7...8...9...10
Compacting texture/material tables...
Reduced 37 texinfos to 32
Reduced 10 texdatas to 10 (203 bytes to 203)
Writing D:\Steam\steamapps\sourcemods\GigaBuilder\mapsrc\gb_jerryworld_tutorial.bsp
0 seconds elapsed



8 threads
reading d:\steam\steamapps\sourcemods\gigabuilder\mapsrc\gb_jerryworld_tutorial.bsp
reading d:\steam\steamapps\sourcemods\gigabuilder\mapsrc\gb_jerryworld_tutorial.prt
  17 portalclusters
  26 numportals
0...1...2...3...4...5...6...7...8...9...100...1...2...3...4...5...6...7...8...9...10Optimized: 0 visible clusters (0.00%)
Total clusters visible: 225
Average clusters visible: 13
Building PAS...
Average clusters audible: 17
visdatasize:244  compressed from 272
writing d:\steam\steamapps\sourcemods\gigabuilder\mapsrc\gb_jerryworld_tutorial.bsp
0 seconds elapsed



[Reading texlights from 'lights.rad']
[48 texlights parsed from 'lights.rad']

Loading d:\steam\steamapps\sourcemods\gigabuilder\mapsrc\gb_jerryworld_tutorial.bsp
144 faces
14854 square feet [2139078.75 square inches]
0 Displacements
0 Square Feet [0.00 Square Inches]
144 patches before subdivision
1986 patches after subdivision
6 direct lights
0...1...2...3...4...5...6...7...8...9...100...1...2...3...4...5...6...7...8...9...10transfers 125440, max 216
transfer lists:   1.0 megs
0...1...2...3...4...5...6...7...8...9...10	Bounce #1 added RGB(8344, 8023, 6178)
0...1...2...3...4...5...6...7...8...9...10	Bounce #2 added RGB(2590, 1296, 873)
0...1...2...3...4...5...6...7...8...9...10	Bounce #3 added RGB(1106, 224, 135)
0...1...2...3...4...5...6...7...8...9...10	Bounce #4 added RGB(566, 40, 22)
0...1...2...3...4...5...6...7...8...9...10	Bounce #5 added RGB(316, 7, 4)
0...1...2...3...4...5...6...7...8...9...10	Bounce #6 added RGB(184, 1, 1)
0...1...2...3...4...5...6...7...8...9...10	Bounce #7 added RGB(109, 0, 0)
0...1...2...3...4...5...6...7...8...9...10	Bounce #8 added RGB(66, 0, 0)
0...1...2...3...4...5...6...7...8...9...10	Bounce #9 added RGB(40, 0, 0)
0...1...2...3...4...5...6...7...8...9...10	Bounce #10 added RGB(25, 0, 0)
0...1...2...3...4...5...6...7...8...9...10	Bounce #11 added RGB(15, 0, 0)
0...1...2...3...4...5...6...7...8...9...10	Bounce #12 added RGB(9, 0, 0)
0...1...2...3...4...5...6...7...8...9...10	Bounce #13 added RGB(6, 0, 0)
0...1...2...3...4...5...6...7...8...9...10	Bounce #14 added RGB(4, 0, 0)
0...1...2...3...4...5...6...7...8...9...10	Bounce #15 added RGB(2, 0, 0)
0...1...2...3...4...5...6...7...8...9...10	Bounce #16 added RGB(1, 0, 0)
0...1...2...3...4...5...6...7...8...9...10	Bounce #17 added RGB(1, 0, 0)
Build Patch/Sample Hash Table(s).....Done<0.0002 sec>
0...1...2...3...4...5...6...7...8...9...10FinalLightFace Done
0 of 0 (0% of) surface lights went in leaf ambient cubes.
0...1...2...3...4...5...6...7...8...9...10Writing leaf ambient...done
Ready to Finish

Object names       Objects/Maxobjs  Memory / Maxmem  Fullness 
------------       ---------------  ---------------  -------- 
models                   6/1024          288/49152    ( 0.6%) 
brushes                 39/8192          468/98304    ( 0.5%) 
brushsides             288/65536        2304/524288   ( 0.4%) 
planes                 208/65536        4160/1310720  ( 0.3%) 
vertexes               191/65536        2292/786432   ( 0.3%) 
nodes                  115/65536        3680/2097152  ( 0.2%) 
texinfos                32/12288        2304/884736   ( 0.3%) 
texdata                 10/2048          320/65536    ( 0.5%) 
dispinfos                0/0               0/0        ( 0.0%) 
disp_verts               0/0               0/0        ( 0.0%) 
disp_tris                0/0               0/0        ( 0.0%) 
disp_lmsamples           0/0               0/0        ( 0.0%) 
faces                  144/65536        8064/3670016  ( 0.2%) 
hdr faces                0/65536           0/3670016  ( 0.0%) 
origfaces               90/65536        5040/3670016  ( 0.1%) 
leaves                 122/65536        3904/2097152  ( 0.2%) 
leaffaces              154/65536         308/131072   ( 0.2%) 
leafbrushes             74/65536         148/131072   ( 0.1%) 
areas                    2/256            16/2048     ( 0.8%) 
surfedges              965/512000       3860/2048000  ( 0.2%) 
edges                  526/256000       2104/1024000  ( 0.2%) 
LDR worldlights          6/65536         528/5767168  ( 0.0%) 
HDR worldlights          0/65536           0/5767168  ( 0.0%) 
leafwaterdata            0/32768           0/393216   ( 0.0%) 
waterstrips              6/32768          60/327680   ( 0.0%) 
waterverts               0/65536           0/786432   ( 0.0%) 
waterindices            72/65536         144/131072   ( 0.1%) 
cubemapsamples           0/1024            0/16384    ( 0.0%) 
overlays                 0/8192            0/2883584  ( 0.0%) 
LDR lightdata         [variable]       55840/0        ( 0.0%) 
HDR lightdata         [variable]           0/0        ( 0.0%) 
visdata               [variable]         244/16777216 ( 0.0%) 
entdata               [variable]        7285/393216   ( 1.9%) 
LDR ambient table      122/65536         488/262144   ( 0.2%) 
HDR ambient table      122/65536         488/262144   ( 0.2%) 
LDR leaf ambient       537/65536       15036/1835008  ( 0.8%) 
HDR leaf ambient       122/65536        3416/1835008  ( 0.2%) 
occluders                0/0               0/0        ( 0.0%) 
occluder polygons        0/0               0/0        ( 0.0%) 
occluder vert ind        0/0               0/0        ( 0.0%) 
detail props          [variable]           1/12       ( 8.3%) 
static props          [variable]           1/206      ( 0.5%) 
pakfile               [variable]          54/0        ( 0.0%) 
physics               [variable]       14923/4194304  ( 0.4%) 
physics terrain       [variable]           2/1048576  ( 0.0%) 

Level flags = 0

Total triangle count: 334
Writing d:\steam\steamapps\sourcemods\gigabuilder\mapsrc\gb_jerryworld_tutorial.bsp
0 seconds elapsed



[Reading texlights from 'lights.rad']
[48 texlights parsed from 'lights.rad']

Loading d:\steam\steamapps\sourcemods\gigabuilder\mapsrc\gb_jerryworld_tutorial.bsp
144 faces
14854 square feet [2139078.75 square inches]
0 Displacements
0 Square Feet [0.00 Square Inches]
144 patches before subdivision
1986 patches after subdivision
6 direct lights
0...1...2...3...4...5...6...7...8...9...100...1...2...3...4...5...6...7...8...9...10transfers 125440, max 216
transfer lists:   1.0 megs
0...1...2...3...4...5...6...7...8...9...10	Bounce #1 added RGB(8344, 8023, 6178)
0...1...2...3...4...5...6...7...8...9...10	Bounce #2 added RGB(2590, 1296, 873)
0...1...2...3...4...5...6...7...8...9...10	Bounce #3 added RGB(1106, 224, 135)
0...1...2...3...4...5...6...7...8...9...10	Bounce #4 added RGB(566, 40, 22)
0...1...2...3...4...5...6...7...8...9...10	Bounce #5 added RGB(316, 7, 4)
0...1...2...3...4...5...6...7...8...9...10	Bounce #6 added RGB(184, 1, 1)
0...1...2...3...4...5...6...7...8...9...10	Bounce #7 added RGB(109, 0, 0)
0...1...2...3...4...5...6...7...8...9...10	Bounce #8 added RGB(66, 0, 0)
0...1...2...3...4...5...6...7...8...9...10	Bounce #9 added RGB(40, 0, 0)
0...1...2...3...4...5...6...7...8...9...10	Bounce #10 added RGB(25, 0, 0)
0...1...2...3...4...5...6...7...8...9...10	Bounce #11 added RGB(15, 0, 0)
0...1...2...3...4...5...6...7...8...9...10	Bounce #12 added RGB(9, 0, 0)
0...1...2...3...4...5...6...7...8...9...10	Bounce #13 added RGB(6, 0, 0)
0...1...2...3...4...5...6...7...8...9...10	Bounce #14 added RGB(4, 0, 0)
0...1...2...3...4...5...6...7...8...9...10	Bounce #15 added RGB(2, 0, 0)
0...1...2...3...4...5...6...7...8...9...10	Bounce #16 added RGB(1, 0, 0)
0...1...2...3...4...5...6...7...8...9...10	Bounce #17 added RGB(1, 0, 0)
Build Patch/Sample Hash Table(s).....Done<0.0002 sec>
0...1...2...3...4...5...6...7...8...9...10FinalLightFace Done
0 of 0 (0% of) surface lights went in leaf ambient cubes.
0...1...2...3...4...5...6...7...8...9...10Writing leaf ambient...done
Ready to Finish

Object names       Objects/Maxobjs  Memory / Maxmem  Fullness 
------------       ---------------  ---------------  -------- 
models                   6/1024          288/49152    ( 0.6%) 
brushes                 39/8192          468/98304    ( 0.5%) 
brushsides             288/65536        2304/524288   ( 0.4%) 
planes                 208/65536        4160/1310720  ( 0.3%) 
vertexes               191/65536        2292/786432   ( 0.3%) 
nodes                  115/65536        3680/2097152  ( 0.2%) 
texinfos                32/12288        2304/884736   ( 0.3%) 
texdata                 10/2048          320/65536    ( 0.5%) 
dispinfos                0/0               0/0        ( 0.0%) 
disp_verts               0/0               0/0        ( 0.0%) 
disp_tris                0/0               0/0        ( 0.0%) 
disp_lmsamples           0/0               0/0        ( 0.0%) 
faces                  144/65536        8064/3670016  ( 0.2%) 
hdr faces              144/65536        8064/3670016  ( 0.2%) 
origfaces               90/65536        5040/3670016  ( 0.1%) 
leaves                 122/65536        3904/2097152  ( 0.2%) 
leaffaces              154/65536         308/131072   ( 0.2%) 
leafbrushes             74/65536         148/131072   ( 0.1%) 
areas                    2/256            16/2048     ( 0.8%) 
surfedges              965/512000       3860/2048000  ( 0.2%) 
edges                  526/256000       2104/1024000  ( 0.2%) 
LDR worldlights          6/65536         528/5767168  ( 0.0%) 
HDR worldlights          6/65536         528/5767168  ( 0.0%) 
leafwaterdata            0/32768           0/393216   ( 0.0%) 
waterstrips              6/32768          60/327680   ( 0.0%) 
waterverts               0/65536           0/786432   ( 0.0%) 
waterindices            72/65536         144/131072   ( 0.1%) 
cubemapsamples           0/1024            0/16384    ( 0.0%) 
overlays                 0/8192            0/2883584  ( 0.0%) 
LDR lightdata         [variable]       55840/0        ( 0.0%) 
HDR lightdata         [variable]       55840/0        ( 0.0%) 
visdata               [variable]         244/16777216 ( 0.0%) 
entdata               [variable]        7285/393216   ( 1.9%) 
LDR ambient table      122/65536         488/262144   ( 0.2%) 
HDR ambient table      122/65536         488/262144   ( 0.2%) 
LDR leaf ambient       537/65536       15036/1835008  ( 0.8%) 
HDR leaf ambient       537/65536       15036/1835008  ( 0.8%) 
occluders                0/0               0/0        ( 0.0%) 
occluder polygons        0/0               0/0        ( 0.0%) 
occluder vert ind        0/0               0/0        ( 0.0%) 
detail props          [variable]           1/12       ( 8.3%) 
static props          [variable]           1/206      ( 0.5%) 
pakfile               [variable]          54/0        ( 0.0%) 
physics               [variable]       14923/4194304  ( 0.4%) 
physics terrain       [variable]           2/1048576  ( 0.0%) 

Level flags = 0

Total triangle count: 334
Writing d:\steam\steamapps\sourcemods\gigabuilder\mapsrc\gb_jerryworld_tutorial.bsp
0 seconds elapsed
