PRT1
17
26
9 0 1 (288 1024 256 ) (288 1024 352 ) (280 1024 368 ) (272 1024 376 ) (256.001984 1024 384 ) (239.996155 1024 375.996155 ) (232 1024 368 ) (224 1024 352 ) (224 1024 256 ) 
9 1 2 (288 704 256 ) (288 704 352 ) (280 704 368 ) (272 704 376 ) (256.001953 704 384 ) (239.996201 704 375.996155 ) (232 704 368 ) (224 704 352 ) (224 704 256 ) 
4 2 3 (320 320 256 ) (320 320 384 ) (192 320 384 ) (192 320 256 ) 
4 3 4 (192 320 384 ) (192 320 256 ) (192 192 256 ) (192 192 384 ) 
4 4 5 (64 320 384 ) (64 320 256 ) (64 192 256 ) (64 192 384 ) 
4 5 10 (64 0 384 ) (48 0 384 ) (48 0 256 ) (64 0 256 ) 
4 5 9 (64 192 256 ) (64 64 256 ) (48 64 256 ) (48 192 256 ) 
4 5 7 (48 48 260 ) (48 48 384 ) (48 208 384 ) (48 208 260 ) 
4 5 6 (48 320 384 ) (48 320 256 ) (48 208 256 ) (48 208 384 ) 
4 5 8 (48 48 256 ) (48 0 256 ) (48 0 384 ) (48 48 384 ) 
4 6 11 (0 208 384 ) (0 320 384 ) (0 320 256 ) (0 208 256 ) 
4 6 7 (48 208 260 ) (48 208 384 ) (0 208 384 ) (0 208 260 ) 
4 7 12 (0 48 384 ) (0 208 384 ) (0 208 260 ) (0 48 260 ) 
4 7 8 (48 48 260 ) (48 48 384 ) (0 48 384 ) (0 48 260 ) 
4 8 13 (0 0 256 ) (0 0 384 ) (0 48 384 ) (0 48 256 ) 
4 8 10 (48 0 384 ) (0 0 384 ) (0 0 256 ) (48 0 256 ) 
4 9 15 (0 64 256 ) (0 192 256 ) (0 192 0 ) (0 64 0 ) 
4 10 16 (0 -64 256 ) (0 -64 384 ) (0 0 384 ) (0 0 256 ) 
4 11 12 (-48 208 384 ) (-48 208 260 ) (0 208 260 ) (0 208 384 ) 
4 11 14 (-48 320 256 ) (-48 208 256 ) (-48 208 384 ) (-48 320 384 ) 
4 12 14 (-48 48 260 ) (-48 48 384 ) (-48 208 384 ) (-48 208 260 ) 
4 12 13 (-48 48 384 ) (-48 48 260 ) (0 48 260 ) (0 48 384 ) 
4 13 16 (0 0 256 ) (0 0 384 ) (-48 0 384 ) (-48 0 256 ) 
4 13 14 (-48 48 256 ) (-48 0 256 ) (-48 0 384 ) (-48 48 384 ) 
4 14 16 (-48 0 384 ) (-64 0 384 ) (-64 0 256 ) (-48 0 256 ) 
4 14 15 (-64 64 256 ) (-64 192 256 ) (-48 192 256 ) (-48 64 256 ) 
