PRT1
190
599
4 0 2 (2048 1024 992 ) (2048 1024 -192 ) (2984 1024 -192 ) (2984 1024 992 ) 
4 0 1 (2048 1024 -192 ) (2048 1024 992 ) (2048 2048 992 ) (2048 2048 -192 ) 
4 1 10 (1024 1024 -192 ) (1024 1024 992 ) (1024 2048 992 ) (1024 2048 -192 ) 
4 1 3 (1024 1024 992 ) (1024 1024 -192 ) (2048 1024 -192 ) (2048 1024 992 ) 
4 2 4 (2048 0 992 ) (2048 0 -192 ) (2984 0 -192 ) (2984 0 992 ) 
4 2 3 (2048 1024 992 ) (2048 1024 -192 ) (2048 0 -192 ) (2048 0 992 ) 
4 3 12 (1024 0 -192 ) (1024 0 992 ) (1024 1024 992 ) (1024 1024 -192 ) 
4 3 5 (2048 0 -192 ) (2048 0 992 ) (1024 0 992 ) (1024 0 -192 ) 
4 4 6 (2048 -1024 992 ) (2048 -1024 -192 ) (2984 -1024 -192 ) (2984 -1024 992 ) 
4 4 5 (2048 -1024 -192 ) (2048 -1024 992 ) (2048 0 992 ) (2048 0 -192 ) 
4 5 58 (1024 -1024 -192 ) (1024 -1024 992 ) (1024 0 992 ) (1024 0 -192 ) 
4 5 7 (1024 -1024 992 ) (1024 -1024 -192 ) (2048 -1024 -192 ) (2048 -1024 992 ) 
4 6 8 (2048 -2048 992 ) (2048 -2048 -192 ) (2984 -2048 -192 ) (2984 -2048 992 ) 
4 6 7 (2048 -1024 992 ) (2048 -1024 -192 ) (2048 -2048 -192 ) (2048 -2048 992 ) 
4 7 114 (1024 -2048 -192 ) (1024 -2048 992 ) (1024 -1024 992 ) (1024 -1024 -192 ) 
4 7 9 (1024 -2048 992 ) (1024 -2048 -192 ) (2048 -2048 -192 ) (2048 -2048 992 ) 
4 8 9 (2048 -2048 992 ) (2048 -2048 -192 ) (2048 -3008 -192 ) (2048 -3008 992 ) 
4 9 116 (1024 -3008 -192 ) (1024 -3008 992 ) (1024 -2048 992 ) (1024 -2048 -192 ) 
4 10 12 (1024 1024 -192 ) (1024 1024 992 ) (0 1024 992 ) (0 1024 -192 ) 
4 10 11 (0 2048 992 ) (0 2048 -192 ) (0 1024 -192 ) (0 1024 992 ) 
4 11 28 (-1024 1024 -192 ) (-1024 1024 992 ) (-1024 2048 992 ) (-1024 2048 -192 ) 
4 11 27 (-1024 1024 -40 ) (-1024 1024 -192 ) (0 1024 -192 ) (0 1024 -40 ) 
4 11 26 (-1024 1024 28 ) (-1024 1024 -40 ) (-972 1024 -40 ) (-972 1024 28 ) 
4 11 25 (-972 1024 -40 ) (0 1024 -40 ) (0 1024 28 ) (-972 1024 28 ) 
4 11 20 (-1010.830017 1024 28 ) (-988 1024 28 ) (-988 1024 168 ) (-1010.830017 1024 168 ) 
4 11 17 (-988 1024 28 ) (0 1024 28 ) (0 1024 168 ) (-988 1024 168 ) 
4 11 24 (-1024 1024 168 ) (-1024 1024 28 ) (-1010.830017 1024 28 ) (-1010.830017 1024 168 ) 
4 11 13 (-1024 1024 992 ) (-1024 1024 168 ) (0 1024 168 ) (0 1024 992 ) 
4 12 58 (1024 0 -192 ) (1024 0 992 ) (0 0 992 ) (0 0 -192 ) 
4 12 27 (0 1024 -40 ) (0 1024 -192 ) (0 0 -192 ) (0 0 -40 ) 
4 12 25 (0 1024 28 ) (0 1024 -40 ) (0 0 -40 ) (0 0 28 ) 
4 12 17 (0 1024 168 ) (0 1024 28 ) (0 0 28 ) (0 0 168 ) 
4 12 14 (0 52 168 ) (0 0 168 ) (0 0 992 ) (0 52 992 ) 
4 12 13 (0 1024 992 ) (0 1024 168 ) (0 52 168 ) (0 52 992 ) 
4 13 30 (-1024 104 168 ) (-1024 52 168 ) (-1024 52 992 ) (-1024 104 992 ) 
4 13 29 (-1024 1024 992 ) (-1024 1024 168 ) (-1024 104 168 ) (-1024 104 992 ) 
4 13 20 (-1010.830017 1024 168 ) (-988 1024 168 ) (-988 52 168 ) (-1010.830017 52 168 ) 
4 13 17 (-988 1024 168 ) (0 1024 168 ) (0 52 168 ) (-988 52 168 ) 
4 13 24 (-1024 52 168 ) (-1024 1024 168 ) (-1010.830017 1024 168 ) (-1010.830017 52 168 ) 
3 13 16 (-1015.440125 52 198.250046 ) (-1024 52 202.816772 ) (-1024 52 200.906143 ) 
3 13 15 (-980 52 168 ) (-958.739380 52 168 ) (-989.666992 52 184.500000 ) 
5 13 14 (-958.739380 52 168 ) (0 52 168 ) (0 52 992 ) (-1024 52 992 ) (-1024 52 202.816772 ) 
5 14 59 (0 0 168 ) (0 0 992 ) (-1024 0 992 ) (-1024 0 202.816772 ) (-958.739380 0 168 ) 
4 14 39 (-1024 0 202.816772 ) (-1024 0 207.610718 ) (-1024 52 207.610718 ) (-1024 52 202.816772 ) 
4 14 38 (-1024 0 207.610718 ) (-1024 0 216.389282 ) (-1024 52 216.389282 ) (-1024 52 207.610718 ) 
4 14 36 (-1024 0 216.389282 ) (-1024 0 279.651184 ) (-1024 52 279.651184 ) (-1024 52 216.389282 ) 
4 14 35 (-1024 0 279.651184 ) (-1024 0 488.784515 ) (-1024 52 488.784515 ) (-1024 52 279.651184 ) 
4 14 34 (-1024 0 488.784515 ) (-1024 0 992 ) (-1024 52 992 ) (-1024 52 488.784515 ) 
4 14 17 (-958.739380 52 168 ) (0 52 168 ) (0 0 168 ) (-958.739441 0 168 ) 
4 14 16 (-1024 52 202.814575 ) (-1015.449951 52 198.253098 ) (-1015.449951 0 198.253098 ) (-1024 0 202.814575 ) 
4 14 15 (-989.665039 52 184.496750 ) (-958.743530 52 168 ) (-958.743530 0 168 ) (-989.665039 0 184.496750 ) 
3 15 60 (-980 0 168 ) (-958.739380 0 168 ) (-989.666992 0 184.500000 ) 
4 15 17 (-980 52 168 ) (-958.739380 52 168 ) (-958.739441 0 168 ) (-980 0 168 ) 
3 16 61 (-1024 0 202.816772 ) (-1024 0 200.906143 ) (-1015.440125 0 198.250046 ) 
4 16 39 (-1024 0 200.906143 ) (-1024 0 202.816772 ) (-1024 52 202.816772 ) (-1024 52 200.906143 ) 
4 17 75 (-987.078186 0 168 ) (-988 0 168 ) (-988 0 28 ) (-987.078186 0 28 ) 
4 17 68 (-984.587036 0 168 ) (-987.078186 0 168 ) (-987.078186 0 28 ) (-984.587036 0 28 ) 
4 17 63 (0 0 28 ) (0 0 168 ) (-984.587036 0 168 ) (-984.587036 0 28 ) 
4 17 26 (-988 40 28 ) (-988 1024 28 ) (-972 1024 28 ) (-972 40 28 ) 
4 17 25 (0 0 28 ) (-972 0 28 ) (-972 1024 28 ) (0 1024 28 ) 
4 17 23 (-988 16.291981 28 ) (-988 11.708219 28 ) (-988 11.708227 168 ) (-988 16.291977 168 ) 
4 17 22 (-988 23.706451 28 ) (-988 16.291981 28 ) (-988 16.291977 168 ) (-988 23.706446 168 ) 
4 17 21 (-988 43.125427 28 ) (-988 23.706451 28 ) (-988 23.706446 168 ) (-988 43.125484 168 ) 
4 17 20 (-988 1024 28 ) (-988 43.125427 28 ) (-988 43.125484 168 ) (-988 1024 168 ) 
4 17 19 (-988 4.291809 28 ) (-988 0 28 ) (-988 0 168 ) (-988 4.291838 168 ) 
4 18 74 (-1007.711243 0 168 ) (-1010.830017 0 168 ) (-1010.830017 0 28 ) (-1007.711243 0 28 ) 
4 18 24 (-1010.830017 4.291870 28 ) (-1010.830017 0 28 ) (-1010.830017 0 168 ) (-1010.830017 4.291892 168 ) 
4 19 75 (-988 0 168 ) (-991.118042 0 168 ) (-991.118042 0 28 ) (-988 0 28 ) 
5 20 26 (-1010.830017 40 28 ) (-1010.830017 1024 28 ) (-988 1024 28 ) (-988 43.125427 28 ) (-990.271179 40 28 ) 
4 20 21 (-1006.469055 17.708466 28 ) (-988 43.124313 28 ) (-988 43.124313 168 ) (-1006.469055 17.708466 168 ) 
4 20 24 (-1010.830017 1024 28 ) (-1010.830017 11.708252 28 ) (-1010.830017 11.708247 168 ) (-1010.830017 1024 168 ) 
3 21 26 (-990.271179 40 28 ) (-988 43.125427 28 ) (-988 40 28 ) 
4 21 22 (-999.413269 20 28 ) (-988 23.706749 28 ) (-988 23.706751 168 ) (-999.413269 20 168 ) 
4 22 23 (-992.359558 17.708927 28 ) (-988 16.292511 28 ) (-988 16.292511 168 ) (-992.359558 17.708925 168 ) 
4 24 74 (-1010.830017 0 168 ) (-1011.729980 0 168 ) (-1011.729980 0 28 ) (-1010.830017 0 28 ) 
4 24 73 (-1011.729980 0 168 ) (-1024 0 168 ) (-1024 0 28 ) (-1011.729980 0 28 ) 
4 24 41 (-1024 0 28 ) (-1024 0 168 ) (-1024 40 168 ) (-1024 40 28 ) 
4 24 40 (-1024 40 168 ) (-1024 52 168 ) (-1024 52 28 ) (-1024 40 28 ) 
4 24 31 (-1024 104 32 ) (-1024 104 28 ) (-1024 52 28 ) (-1024 52 32 ) 
4 24 30 (-1024 52 168 ) (-1024 104 168 ) (-1024 104 32 ) (-1024 52 32 ) 
4 24 29 (-1024 104 168 ) (-1024 1024 168 ) (-1024 1024 28 ) (-1024 104 28 ) 
4 24 26 (-1024 40 28 ) (-1024 1024 28 ) (-1010.830017 1024 28 ) (-1010.830017 40 28 ) 
4 25 76 (0 0 -40 ) (0 0 28 ) (-972 0 28 ) (-972 0 -40 ) 
4 25 27 (-972 1024 -40 ) (0 1024 -40 ) (0 0 -40 ) (-972 0 -40 ) 
4 25 26 (-972 1024 -40 ) (-972 40 -40 ) (-972 40 28 ) (-972 1024 28 ) 
4 26 40 (-1024 40 28 ) (-1024 52 28 ) (-1024 52 -40 ) (-1024 40 -40 ) 
4 26 31 (-1024 52 28 ) (-1024 104 28 ) (-1024 104 -40 ) (-1024 52 -40 ) 
4 26 29 (-1024 104 28 ) (-1024 1024 28 ) (-1024 1024 -40 ) (-1024 104 -40 ) 
4 26 27 (-1024 40 -40 ) (-1024 1024 -40 ) (-972 1024 -40 ) (-972 40 -40 ) 
4 27 79 (0 0 -192 ) (0 0 -40 ) (-1024 0 -40 ) (-1024 0 -192 ) 
4 27 57 (-1024 0 -192 ) (-1024 0 -96 ) (-1024 1024 -96 ) (-1024 1024 -192 ) 
4 27 42 (-1024 0 -96 ) (-1024 0 -40 ) (-1024 40 -40 ) (-1024 40 -96 ) 
4 27 40 (-1024 40 -40 ) (-1024 52 -40 ) (-1024 52 -96 ) (-1024 40 -96 ) 
4 27 31 (-1024 52 -40 ) (-1024 104 -40 ) (-1024 104 -96 ) (-1024 52 -96 ) 
4 27 29 (-1024 104 -40 ) (-1024 1024 -40 ) (-1024 1024 -96 ) (-1024 104 -96 ) 
4 28 57 (-1024 1024 -192 ) (-1024 1024 -96 ) (-2048 1024 -96 ) (-2048 1024 -192 ) 
4 28 29 (-1024 1024 -96 ) (-1024 1024 992 ) (-2048 1024 992 ) (-2048 1024 -96 ) 
4 29 57 (-2048 104 -96 ) (-2048 1024 -96 ) (-1024 1024 -96 ) (-1024 104 -96 ) 
4 29 33 (-2048 104 -96 ) (-1160 104 -96 ) (-1160 104 32 ) (-2048 104 32 ) 
4 29 32 (-1040 104 28 ) (-1040 104 32 ) (-1152 104 32 ) (-1152 104 28 ) 
4 29 31 (-1032 104 -96 ) (-1024 104 -96 ) (-1024 104 32 ) (-1032 104 32 ) 
4 29 30 (-1024 104 32 ) (-1024 104 992 ) (-2048 104 992 ) (-2048 104 32 ) 
4 30 49 (-1180.590088 52 168 ) (-1203.410034 52 168 ) (-1203.410034 52 32 ) (-1180.590088 52 32 ) 
4 30 46 (-1160 52 168 ) (-1180.590088 52 168 ) (-1180.590088 52 32 ) (-1160 52 32 ) 
4 30 53 (-1203.410034 52 168 ) (-2048 52 168 ) (-2048 52 32 ) (-1203.410034 52 32 ) 
4 30 45 (-1152 52 168 ) (-1160 52 168 ) (-1160 52 32 ) (-1152 52 32 ) 
4 30 44 (-1040 52 168 ) (-1152 52 168 ) (-1152 52 32 ) (-1040 52 32 ) 
4 30 43 (-1032 52 168 ) (-1040 52 168 ) (-1040 52 32 ) (-1032 52 32 ) 
4 30 40 (-1024 52 32 ) (-1024 52 168 ) (-1032 52 168 ) (-1032 52 32 ) 
3 30 39 (-1024 52 200.906128 ) (-1024 52 207.610718 ) (-1050.889893 52 209.249985 ) 
3 30 38 (-1024 52 207.610718 ) (-1024 52 216.389282 ) (-1096 52 212 ) 
3 30 37 (-1141.109741 52 209.250031 ) (-1157.857422 52 208.229065 ) (-1176.559814 52 198.250061 ) 
3 30 36 (-1024 52 216.389282 ) (-1024 52 279.651154 ) (-1157.857422 52 208.229065 ) 
3 30 35 (-1024 52 279.651154 ) (-1024 52 488.784515 ) (-1202.329956 52 184.499939 ) 
5 30 34 (-1024 52 488.784515 ) (-1024 52 992 ) (-2048 52 992 ) (-2048 52 168 ) (-1212 52 168 ) 
4 30 33 (-1160 52 32 ) (-2048 52 32 ) (-2048 104 32 ) (-1160 104 32 ) 
4 30 32 (-1152 100 32 ) (-1152 104 32 ) (-1040 104 32 ) (-1040 100 32 ) 
4 30 31 (-1024 52 32 ) (-1032 52 32 ) (-1032 104 32 ) (-1024 104 32 ) 
4 31 57 (-1032 104 -96 ) (-1024 104 -96 ) (-1024 52 -96 ) (-1032 52 -96 ) 
4 31 40 (-1032 52 -96 ) (-1024 52 -96 ) (-1024 52 32 ) (-1032 52 32 ) 
4 33 57 (-2048 52 -96 ) (-2048 104 -96 ) (-1160 104 -96 ) (-1160 52 -96 ) 
4 33 54 (-1220 52 -96 ) (-1160 52 -96 ) (-1160 52 28 ) (-1220 52 28 ) 
4 33 56 (-2048 52 -96 ) (-1220 52 -96 ) (-1220 52 28 ) (-2048 52 28 ) 
4 33 49 (-1180.590088 52 32 ) (-1203.410034 52 32 ) (-1203.410034 52 28 ) (-1180.590088 52 28 ) 
4 33 46 (-1160 52 28 ) (-1160 52 32 ) (-1180.590088 52 32 ) (-1180.590088 52 28 ) 
4 33 53 (-1203.410034 52 32 ) (-2048 52 32 ) (-2048 52 28 ) (-1203.410034 52 28 ) 
5 34 118 (-1024 0 488.784515 ) (-1024 0 992 ) (-2048 0 992 ) (-2048 0 168 ) (-1212 0 168 ) 
4 34 53 (-1212 0 168 ) (-2048 0 168 ) (-2048 52 168 ) (-1212 52 168 ) 
4 34 35 (-1202.334229 52 184.497711 ) (-1024 52 488.789398 ) (-1024 0 488.789398 ) (-1202.334229 0 184.497711 ) 
3 35 122 (-1198.208374 0 191.532608 ) (-1202.329956 0 184.499939 ) (-1176.559814 0 198.250046 ) 
4 35 121 (-1189.555786 0 206.296661 ) (-1198.208374 0 191.532608 ) (-1176.559814 0 198.250046 ) (-1157.857422 0 208.229050 ) 
4 35 120 (-1183.101318 0 217.309875 ) (-1189.555786 0 206.296661 ) (-1157.857422 0 208.229050 ) (-1145.171997 0 214.997620 ) 
4 35 119 (-1024 0 279.651154 ) (-1024 0 488.784515 ) (-1183.101318 0 217.309875 ) (-1145.171997 0 214.997620 ) 
4 35 37 (-1176.556396 52 198.251144 ) (-1157.855835 52 208.229141 ) (-1157.855835 0 208.229126 ) (-1176.556396 0 198.251129 ) 
4 35 36 (-1157.855835 52 208.229141 ) (-1024 52 279.650360 ) (-1024 0 279.650391 ) (-1157.855835 0 208.229126 ) 
3 36 120 (-1145.171997 0 214.997620 ) (-1157.857422 0 208.229065 ) (-1096 0 212 ) 
4 36 119 (-1024 0 216.389282 ) (-1024 0 279.651154 ) (-1145.171997 0 214.997620 ) (-1096 0 212 ) 
4 36 38 (-1096 52 212 ) (-1024 52 216.389236 ) (-1024 0 216.389236 ) (-1096 0 212 ) 
4 36 37 (-1157.859375 0 208.228882 ) (-1157.859375 52 208.228882 ) (-1141.109985 52 209.249954 ) (-1141.109985 0 209.249954 ) 
3 37 121 (-1141.109741 0 209.250031 ) (-1157.857422 0 208.229065 ) (-1176.559814 0 198.250061 ) 
3 38 119 (-1024 0 207.610718 ) (-1024 0 216.389282 ) (-1096 0 212 ) 
4 38 39 (-1050.889404 52 209.249817 ) (-1024 52 207.610580 ) (-1024 0 207.610580 ) (-1050.889404 0 209.249817 ) 
3 39 123 (-1024 0 200.906128 ) (-1024 0 207.610718 ) (-1050.889893 0 209.249985 ) 
4 40 57 (-1032 40 -96 ) (-1032 52 -96 ) (-1024 52 -96 ) (-1024 40 -96 ) 
4 40 43 (-1032 40 168 ) (-1032 52 168 ) (-1032 52 32 ) (-1032 40 32 ) 
4 40 41 (-1032 40 168 ) (-1032 40 28 ) (-1024 40 28 ) (-1024 40 168 ) 
4 40 42 (-1032 40 -40 ) (-1032 40 -96 ) (-1024 40 -96 ) (-1024 40 -40 ) 
4 41 124 (-1024 0 28 ) (-1024 0 168 ) (-1032 0 168 ) (-1032 0 28 ) 
4 41 43 (-1032 0 168 ) (-1032 40 168 ) (-1032 40 32 ) (-1032 0 32 ) 
4 42 146 (-1024 0 -96 ) (-1024 0 -40 ) (-1032 0 -40 ) (-1032 0 -96 ) 
4 42 57 (-1024 0 -96 ) (-1032 0 -96 ) (-1032 40 -96 ) (-1024 40 -96 ) 
4 43 125 (-1032 0 168 ) (-1040 0 168 ) (-1040 0 32 ) (-1032 0 32 ) 
4 43 44 (-1040 0 168 ) (-1040 52 168 ) (-1040 52 32 ) (-1040 0 32 ) 
4 44 126 (-1040 0 168 ) (-1152 0 168 ) (-1152 0 32 ) (-1040 0 32 ) 
4 44 45 (-1152 0 168 ) (-1152 52 168 ) (-1152 52 32 ) (-1152 0 32 ) 
4 45 127 (-1152 0 168 ) (-1160 0 168 ) (-1160 0 32 ) (-1152 0 32 ) 
4 45 46 (-1160 0 168 ) (-1160 52 168 ) (-1160 52 32 ) (-1160 0 32 ) 
4 46 140 (-1179.695068 0 168 ) (-1180.590088 0 168 ) (-1180.590088 0 28 ) (-1179.695068 0 28 ) 
4 46 133 (-1177.170166 0 168 ) (-1179.695068 0 168 ) (-1179.695068 0 28 ) (-1177.170166 0 28 ) 
4 46 128 (-1160 0 168 ) (-1177.170166 0 168 ) (-1177.170166 0 28 ) (-1160 0 28 ) 
4 46 54 (-1180.590088 52 28 ) (-1160 52 28 ) (-1160 40 28 ) (-1180.590088 40 28 ) 
4 46 52 (-1180.590088 16.290905 28 ) (-1180.590088 11.708358 28 ) (-1180.590088 11.708357 168 ) (-1180.590088 16.290903 168 ) 
4 46 51 (-1180.590088 23.709078 28 ) (-1180.590088 16.290905 28 ) (-1180.590088 16.290903 168 ) (-1180.590088 23.709076 168 ) 
4 46 50 (-1180.590088 43.112022 28 ) (-1180.590088 23.709078 28 ) (-1180.590088 23.709076 168 ) (-1180.590088 43.112022 168 ) 
4 46 49 (-1180.590088 52 28 ) (-1180.590088 43.112022 28 ) (-1180.590088 43.112022 168 ) (-1180.590088 52 168 ) 
4 46 48 (-1180.590088 4.291725 28 ) (-1180.590088 0 28 ) (-1180.590088 0 168 ) (-1180.590088 4.291724 168 ) 
4 47 139 (-1200.291382 0 168 ) (-1203.410034 0 168 ) (-1203.410034 0 28 ) (-1200.291382 0 28 ) 
4 47 53 (-1203.410034 4.291725 28 ) (-1203.410034 0 28 ) (-1203.410034 0 168 ) (-1203.410034 4.291724 168 ) 
4 48 140 (-1180.590088 0 168 ) (-1183.708740 0 168 ) (-1183.708740 0 28 ) (-1180.590088 0 28 ) 
5 49 54 (-1203.410034 52 28 ) (-1180.590088 52 28 ) (-1180.590088 43.112022 28 ) (-1182.851440 40 28 ) (-1203.410034 40 28 ) 
4 49 50 (-1199.051147 17.707825 28 ) (-1180.590088 43.113152 28 ) (-1180.590088 43.113152 168 ) (-1199.051147 17.707827 168 ) 
4 49 53 (-1203.410034 52 28 ) (-1203.410034 11.708252 28 ) (-1203.410034 11.708252 168 ) (-1203.410034 52 168 ) 
3 50 54 (-1180.590088 43.112022 28 ) (-1180.590088 40 28 ) (-1182.851440 40 28 ) 
4 50 51 (-1192 20 28 ) (-1180.590088 23.708876 28 ) (-1180.590088 23.708878 168 ) (-1192 20 168 ) 
4 51 52 (-1184.951416 17.710171 28 ) (-1180.590088 16.292549 28 ) (-1180.590088 16.292549 168 ) (-1184.951416 17.710171 168 ) 
4 53 139 (-1203.410034 0 168 ) (-1204.304932 0 168 ) (-1204.304932 0 28 ) (-1203.410034 0 28 ) 
4 53 138 (-1204.304932 0 168 ) (-2048 0 168 ) (-2048 0 28 ) (-1204.304932 0 28 ) 
4 53 54 (-1220 52 28 ) (-1203.410034 52 28 ) (-1203.410034 40 28 ) (-1220 40 28 ) 
4 53 56 (-2048 52 28 ) (-1220 52 28 ) (-1220 0 28 ) (-2048 0 28 ) 
4 54 57 (-1220 40 -96 ) (-1220 52 -96 ) (-1160 52 -96 ) (-1160 40 -96 ) 
4 54 55 (-1220 40 -40 ) (-1220 40 -96 ) (-1160 40 -96 ) (-1160 40 -40 ) 
4 54 56 (-1220 40 28 ) (-1220 52 28 ) (-1220 52 -96 ) (-1220 40 -96 ) 
4 55 150 (-1220 0 -96 ) (-1160 0 -96 ) (-1160 0 -40 ) (-1220 0 -40 ) 
4 55 57 (-1160 0 -96 ) (-1220 0 -96 ) (-1220 40 -96 ) (-1160 40 -96 ) 
4 55 56 (-1220 40 -40 ) (-1220 40 -96 ) (-1220 0 -96 ) (-1220 0 -40 ) 
4 56 148 (-2048 0 28 ) (-2048 0 -40 ) (-1220 0 -40 ) (-1220 0 28 ) 
4 56 150 (-2048 0 -40 ) (-2048 0 -96 ) (-1220 0 -96 ) (-1220 0 -40 ) 
4 56 57 (-1220 0 -96 ) (-2048 0 -96 ) (-2048 52 -96 ) (-1220 52 -96 ) 
4 57 151 (-1024 0 -192 ) (-1024 0 -96 ) (-2048 0 -96 ) (-2048 0 -192 ) 
4 58 114 (1024 -1024 -192 ) (1024 -1024 992 ) (0 -1024 992 ) (0 -1024 -192 ) 
4 58 113 (0 -1024 -192 ) (0 -1024 992 ) (0 -728 992 ) (0 -728 -192 ) 
4 58 80 (0 -728 992 ) (0 -656 992 ) (0 -656 -192 ) (0 -728 -192 ) 
4 58 79 (0 0 -40 ) (0 0 -192 ) (0 -656 -192 ) (0 -656 -40 ) 
4 58 78 (0 -592 -40 ) (0 -656 -40 ) (0 -656 28 ) (0 -592 28 ) 
4 58 76 (0 0 28 ) (0 0 -40 ) (0 -592 -40 ) (0 -592 28 ) 
4 58 63 (0 0 168 ) (0 0 28 ) (0 -656 28 ) (0 -656 168 ) 
4 58 62 (0 -656 992 ) (0 -640 992 ) (0 -640 168 ) (0 -656 168 ) 
4 58 59 (0 -640 992 ) (0 0 992 ) (0 0 168 ) (0 -640 168 ) 
4 59 123 (-1024 0 207.610718 ) (-1024 0 202.816772 ) (-1024 -640 202.816772 ) (-1024 -640 207.610718 ) 
4 59 119 (-1024 0 488.784515 ) (-1024 0 207.610718 ) (-1024 -640 207.610718 ) (-1024 -640 488.784515 ) 
4 59 118 (-1024 0 992 ) (-1024 0 488.784515 ) (-1024 -640 488.784515 ) (-1024 -640 992 ) 
4 59 63 (-958.739380 0 168 ) (0 0 168 ) (0 -640 168 ) (-958.739441 -640 168 ) 
5 59 62 (-958.739380 -640 168 ) (0 -640 168 ) (0 -640 992 ) (-1024 -640 992 ) (-1024 -640 202.816772 ) 
4 59 61 (-1015.455933 -640 198.254944 ) (-1024 -640 202.813263 ) (-1024 0 202.813232 ) (-1015.455994 0 198.254959 ) 
4 59 60 (-958.746094 -640 168 ) (-989.664001 -640 184.494827 ) (-989.663940 0 184.494797 ) (-958.746094 0 168 ) 
4 60 63 (-980 0 168 ) (-958.739380 0 168 ) (-958.739441 -640 168 ) (-980 -640 168 ) 
3 60 62 (-980 -640 168 ) (-958.739380 -640 168 ) (-989.666992 -640 184.500000 ) 
4 61 123 (-1024 0 202.816772 ) (-1024 0 200.906143 ) (-1024 -640 200.906143 ) (-1024 -640 202.816772 ) 
3 61 62 (-1015.440125 -640 198.250046 ) (-1024 -640 202.816772 ) (-1024 -640 200.906143 ) 
4 62 141 (-1024 -640 168 ) (-1024 -656 168 ) (-1024 -656 992 ) (-1024 -640 992 ) 
4 62 111 (-1024 -656 992 ) (-1024 -656 168 ) (-1016 -656 168 ) (-1016 -656 992 ) 
4 62 109 (-1016 -656 168 ) (-1008 -656 168 ) (-1008 -656 992 ) (-1016 -656 992 ) 
4 62 107 (-1008 -656 168 ) (-1000 -656 168 ) (-1000 -656 992 ) (-1008 -656 992 ) 
4 62 105 (-1000 -656 168 ) (-992 -656 168 ) (-992 -656 992 ) (-1000 -656 992 ) 
4 62 103 (-992 -656 168 ) (-984 -656 168 ) (-984 -656 992 ) (-992 -656 992 ) 
4 62 101 (-984 -656 168 ) (-976 -656 168 ) (-976 -656 992 ) (-984 -656 992 ) 
4 62 99 (-976 -656 168 ) (-968 -656 168 ) (-968 -656 992 ) (-976 -656 992 ) 
4 62 97 (-968 -656 168 ) (-960 -656 168 ) (-960 -656 992 ) (-968 -656 992 ) 
4 62 95 (-960 -656 168 ) (-952 -656 168 ) (-952 -656 992 ) (-960 -656 992 ) 
4 62 93 (-952 -656 168 ) (-944 -656 168 ) (-944 -656 992 ) (-952 -656 992 ) 
4 62 91 (-944 -656 168 ) (-936 -656 168 ) (-936 -656 992 ) (-944 -656 992 ) 
4 62 89 (-936 -656 168 ) (-928 -656 168 ) (-928 -656 992 ) (-936 -656 992 ) 
4 62 87 (-928 -656 168 ) (-920 -656 168 ) (-920 -656 992 ) (-928 -656 992 ) 
4 62 85 (-920 -656 168 ) (-912 -656 168 ) (-912 -656 992 ) (-920 -656 992 ) 
4 62 83 (-912 -656 168 ) (-904 -656 168 ) (-904 -656 992 ) (-912 -656 992 ) 
4 62 81 (-904 -656 168 ) (-896 -656 168 ) (-896 -656 992 ) (-904 -656 992 ) 
4 62 80 (-896 -656 168 ) (0 -656 168 ) (0 -656 992 ) (-896 -656 992 ) 
4 62 64 (-984.587036 -656 168 ) (-1007.410034 -656 168 ) (-1007.410034 -640 168 ) (-984.587036 -640 168 ) 
4 62 72 (-1007.410034 -656 168 ) (-1024 -656 168 ) (-1024 -640 168 ) (-1007.410034 -640 168 ) 
4 62 63 (0 -656 168 ) (-984.587036 -656 168 ) (-984.587036 -640 168 ) (0 -640 168 ) 
4 63 103 (-984.587036 -656 28 ) (-984 -656 28 ) (-984 -656 168 ) (-984.587036 -656 168 ) 
4 63 101 (-984 -656 28 ) (-976 -656 28 ) (-976 -656 168 ) (-984 -656 168 ) 
4 63 99 (-976 -656 28 ) (-968 -656 28 ) (-968 -656 168 ) (-976 -656 168 ) 
4 63 97 (-968 -656 28 ) (-960 -656 28 ) (-960 -656 168 ) (-968 -656 168 ) 
4 63 95 (-960 -656 28 ) (-952 -656 28 ) (-952 -656 168 ) (-960 -656 168 ) 
4 63 93 (-952 -656 28 ) (-944 -656 28 ) (-944 -656 168 ) (-952 -656 168 ) 
4 63 91 (-944 -656 28 ) (-936 -656 28 ) (-936 -656 168 ) (-944 -656 168 ) 
4 63 89 (-936 -656 28 ) (-928 -656 28 ) (-928 -656 168 ) (-936 -656 168 ) 
4 63 87 (-928 -656 28 ) (-920 -656 28 ) (-920 -656 168 ) (-928 -656 168 ) 
4 63 85 (-920 -656 28 ) (-912 -656 28 ) (-912 -656 168 ) (-920 -656 168 ) 
4 63 83 (-912 -656 28 ) (-904 -656 28 ) (-904 -656 168 ) (-912 -656 168 ) 
4 63 81 (-904 -656 28 ) (-896 -656 28 ) (-896 -656 168 ) (-904 -656 168 ) 
4 63 80 (-896 -656 28 ) (0 -656 28 ) (0 -656 168 ) (-896 -656 168 ) 
4 63 78 (0 -656 28 ) (-968 -656 28 ) (-968 -592 28 ) (0 -592 28 ) 
4 63 77 (-984.587036 -592 28 ) (-984.587036 -24 28 ) (-972 -24 28 ) (-972 -592 28 ) 
4 63 76 (-972 0 28 ) (0 0 28 ) (0 -592 28 ) (-972 -592 28 ) 
4 63 71 (-984.587036 -611.708801 28 ) (-984.587036 -616.291931 28 ) (-984.587036 -616.291931 168 ) (-984.587036 -611.708801 168 ) 
4 63 70 (-984.587036 -604.289551 28 ) (-984.587036 -611.708801 28 ) (-984.587036 -611.708801 168 ) (-984.587036 -604.289551 168 ) 
4 63 69 (-984.587036 -584.884155 28 ) (-984.587036 -604.289551 28 ) (-984.587036 -604.289551 168 ) (-984.587036 -584.884216 168 ) 
4 63 68 (-984.587036 0 28 ) (-984.587036 -584.884155 28 ) (-984.587036 -584.884216 168 ) (-984.587036 0 168 ) 
4 63 67 (-984.587036 -623.708008 28 ) (-984.587036 -628.291199 28 ) (-984.587036 -628.291138 168 ) (-984.587036 -623.708008 168 ) 
4 63 64 (-984.587036 -628.291199 28 ) (-984.587036 -656 28 ) (-984.587036 -656 168 ) (-984.587036 -628.291138 168 ) 
4 64 107 (-1007.410034 -656 28 ) (-1000 -656 28 ) (-1000 -656 168 ) (-1007.410034 -656 168 ) 
4 64 105 (-1000 -656 28 ) (-992 -656 28 ) (-992 -656 168 ) (-1000 -656 168 ) 
4 64 103 (-992 -656 28 ) (-984.587036 -656 28 ) (-984.587036 -656 168 ) (-992 -656 168 ) 
4 64 67 (-984.587036 -628.292603 168 ) (-984.587036 -628.292603 28 ) (-988.948364 -629.709839 28 ) (-988.948364 -629.709839 168 ) 
4 64 65 (-995.998169 -632 28 ) (-1007.410034 -635.708984 28 ) (-1007.410034 -635.708984 168 ) (-995.998169 -632 168 ) 
4 64 72 (-1007.410034 -635.707886 28 ) (-1007.410034 -656 28 ) (-1007.410034 -656 168 ) (-1007.410034 -635.707886 168 ) 
4 65 66 (-1003.049500 -629.708618 28 ) (-1007.410034 -628.291077 28 ) (-1007.410034 -628.291077 168 ) (-1003.049500 -629.708618 168 ) 
4 65 72 (-1007.410034 -628.290527 28 ) (-1007.410034 -635.707886 28 ) (-1007.410034 -635.707886 168 ) (-1007.410034 -628.290527 168 ) 
4 66 72 (-1007.410034 -623.707764 28 ) (-1007.410034 -628.290527 28 ) (-1007.410034 -628.290527 168 ) (-1007.410034 -623.707764 168 ) 
5 68 77 (-1007.410034 -592 28 ) (-1007.410034 -24 28 ) (-984.587036 -24 28 ) (-984.587036 -584.884155 28 ) (-989.757874 -592 28 ) 
4 68 75 (-987.075867 0 28 ) (-992.366882 -1.719014 28 ) (-992.366882 -1.719013 168 ) (-987.075867 0 168 ) 
4 68 73 (-999.400391 -4.004134 28 ) (-1007.410034 -6.606401 28 ) (-1007.410034 -6.606399 168 ) (-999.400391 -4.004132 168 ) 
4 68 69 (-1003.047668 -610.291199 28 ) (-984.587036 -584.886597 28 ) (-984.587036 -584.886597 168 ) (-1003.047668 -610.291199 168 ) 
4 68 72 (-1007.410034 -6.603520 168 ) (-1007.410034 -6.603516 28 ) (-1007.410034 -616.292053 28 ) (-1007.410034 -616.292053 168 ) 
3 69 77 (-989.757874 -592 28 ) (-984.587036 -584.884155 28 ) (-984.587036 -592 28 ) 
4 69 70 (-996.001587 -608 28 ) (-984.587036 -604.288513 28 ) (-984.587036 -604.288513 168 ) (-996.001587 -608 168 ) 
4 70 71 (-988.947937 -610.290588 28 ) (-984.587036 -611.707703 28 ) (-984.587036 -611.707703 168 ) (-988.947937 -610.290588 168 ) 
4 72 142 (-1024 -640 28 ) (-1024 -656 28 ) (-1024 -656 32 ) (-1024 -640 32 ) 
4 72 141 (-1024 -656 32 ) (-1024 -656 168 ) (-1024 -640 168 ) (-1024 -640 32 ) 
4 72 124 (-1024 -11.995580 28 ) (-1024 -640 28 ) (-1024 -640 168 ) (-1024 -11.995544 168 ) 
4 72 111 (-1024 -656 168 ) (-1024 -656 28 ) (-1016 -656 28 ) (-1016 -656 168 ) 
4 72 109 (-1016 -656 28 ) (-1008 -656 28 ) (-1008 -656 168 ) (-1016 -656 168 ) 
4 72 107 (-1008 -656 28 ) (-1007.410034 -656 28 ) (-1007.410034 -656 168 ) (-1008 -656 168 ) 
4 72 77 (-1024 -592 28 ) (-1024 -24 28 ) (-1007.410034 -24 28 ) (-1007.410034 -592 28 ) 
4 72 73 (-1007.410034 -6.606401 28 ) (-1024 -11.996344 28 ) (-1024 -11.996338 168 ) (-1007.410034 -6.606399 168 ) 
4 73 124 (-1024 0 168 ) (-1024 0 28 ) (-1024 -11.995580 28 ) (-1024 -11.995544 168 ) 
4 73 74 (-1006.469849 -1.708353 28 ) (-1011.730225 0 28 ) (-1011.726562 0 168 ) (-1006.470459 -1.707469 168 ) 
4 76 79 (-972 0 -40 ) (0 0 -40 ) (0 -592 -40 ) (-972 -592 -40 ) 
4 76 78 (-968 -592 -40 ) (0 -592 -40 ) (0 -592 28 ) (-968 -592 28 ) 
4 76 77 (-972 -24 -40 ) (-972 -592 -40 ) (-972 -592 28 ) (-972 -24 28 ) 
4 77 144 (-1024 -24 -40 ) (-1024 -592 -40 ) (-1024 -592 28 ) (-1024 -24 28 ) 
4 77 79 (-1024 -592 -40 ) (-1024 -24 -40 ) (-972 -24 -40 ) (-972 -592 -40 ) 
4 78 97 (-960 -656 0 ) (-960 -656 28 ) (-968 -656 28 ) (-968 -656 0 ) 
4 78 95 (-952 -656 -4 ) (-952 -656 28 ) (-960 -656 28 ) (-960 -656 -4 ) 
4 78 93 (-944 -656 -8 ) (-944 -656 28 ) (-952 -656 28 ) (-952 -656 -8 ) 
4 78 91 (-936 -656 -12 ) (-936 -656 28 ) (-944 -656 28 ) (-944 -656 -12 ) 
4 78 89 (-928 -656 -16 ) (-928 -656 28 ) (-936 -656 28 ) (-936 -656 -16 ) 
4 78 87 (-920 -656 -20 ) (-920 -656 28 ) (-928 -656 28 ) (-928 -656 -20 ) 
4 78 85 (-912 -656 -24 ) (-912 -656 28 ) (-920 -656 28 ) (-920 -656 -24 ) 
4 78 83 (-904 -656 -28 ) (-904 -656 28 ) (-912 -656 28 ) (-912 -656 -28 ) 
4 78 81 (-896 -656 -32 ) (-896 -656 28 ) (-904 -656 28 ) (-904 -656 -32 ) 
4 78 80 (-896 -656 -40 ) (0 -656 -40 ) (0 -656 28 ) (-896 -656 28 ) 
4 78 79 (0 -656 -40 ) (-968 -656 -40 ) (-968 -592 -40 ) (0 -592 -40 ) 
4 79 151 (-1024 0 -96 ) (-1024 0 -192 ) (-1024 -656 -192 ) (-1024 -656 -96 ) 
4 79 146 (-1024 0 -40 ) (-1024 0 -96 ) (-1024 -656 -96 ) (-1024 -656 -40 ) 
4 79 112 (-1024 -656 -100 ) (-1024 -656 -192 ) (-1016 -656 -192 ) (-1016 -656 -100 ) 
4 79 110 (-1016 -656 -192 ) (-1008 -656 -192 ) (-1008 -656 -104 ) (-1016 -656 -104 ) 
4 79 108 (-1008 -656 -192 ) (-1000 -656 -192 ) (-1000 -656 -108 ) (-1008 -656 -108 ) 
4 79 106 (-1000 -656 -192 ) (-992 -656 -192 ) (-992 -656 -112 ) (-1000 -656 -112 ) 
4 79 104 (-992 -656 -192 ) (-984 -656 -192 ) (-984 -656 -116 ) (-992 -656 -116 ) 
4 79 102 (-984 -656 -192 ) (-976 -656 -192 ) (-976 -656 -120 ) (-984 -656 -120 ) 
4 79 100 (-976 -656 -192 ) (-968 -656 -192 ) (-968 -656 -124 ) (-976 -656 -124 ) 
4 79 98 (-968 -656 -192 ) (-960 -656 -192 ) (-960 -656 -128 ) (-968 -656 -128 ) 
4 79 96 (-960 -656 -192 ) (-952 -656 -192 ) (-952 -656 -132 ) (-960 -656 -132 ) 
4 79 94 (-952 -656 -192 ) (-944 -656 -192 ) (-944 -656 -136 ) (-952 -656 -136 ) 
4 79 92 (-944 -656 -192 ) (-936 -656 -192 ) (-936 -656 -140 ) (-944 -656 -140 ) 
4 79 90 (-936 -656 -192 ) (-928 -656 -192 ) (-928 -656 -144 ) (-936 -656 -144 ) 
4 79 88 (-928 -656 -192 ) (-920 -656 -192 ) (-920 -656 -148 ) (-928 -656 -148 ) 
4 79 86 (-920 -656 -192 ) (-912 -656 -192 ) (-912 -656 -152 ) (-920 -656 -152 ) 
4 79 84 (-912 -656 -192 ) (-904 -656 -192 ) (-904 -656 -156 ) (-912 -656 -156 ) 
4 79 82 (-904 -656 -192 ) (-896 -656 -192 ) (-896 -656 -160 ) (-904 -656 -160 ) 
4 79 80 (-896 -656 -192 ) (0 -656 -192 ) (0 -656 -40 ) (-896 -656 -40 ) 
4 80 113 (0 -728 -192 ) (0 -728 992 ) (-896 -728 992 ) (-896 -728 -192 ) 
4 80 81 (-896 -728 -32 ) (-896 -728 992 ) (-896 -656 992 ) (-896 -656 -32 ) 
4 80 82 (-896 -656 -192 ) (-896 -728 -192 ) (-896 -728 -160 ) (-896 -656 -160 ) 
4 81 113 (-896 -728 992 ) (-904 -728 992 ) (-904 -728 -32 ) (-896 -728 -32 ) 
4 81 83 (-904 -728 -28 ) (-904 -728 992 ) (-904 -656 992 ) (-904 -656 -28 ) 
4 82 113 (-904 -728 -160 ) (-904 -728 -192 ) (-896 -728 -192 ) (-896 -728 -160 ) 
4 82 84 (-904 -728 -192 ) (-904 -728 -160 ) (-904 -656 -160 ) (-904 -656 -192 ) 
4 83 113 (-904 -728 -28 ) (-904 -728 992 ) (-912 -728 992 ) (-912 -728 -28 ) 
4 83 85 (-912 -728 -24 ) (-912 -728 992 ) (-912 -656 992 ) (-912 -656 -24 ) 
4 84 113 (-904 -728 -192 ) (-904 -728 -156 ) (-912 -728 -156 ) (-912 -728 -192 ) 
4 84 86 (-912 -728 -192 ) (-912 -728 -156 ) (-912 -656 -156 ) (-912 -656 -192 ) 
4 85 113 (-912 -728 -24 ) (-912 -728 992 ) (-920 -728 992 ) (-920 -728 -24 ) 
4 85 87 (-920 -728 -20 ) (-920 -728 992 ) (-920 -656 992 ) (-920 -656 -20 ) 
4 86 113 (-912 -728 -192 ) (-912 -728 -152 ) (-920 -728 -152 ) (-920 -728 -192 ) 
4 86 88 (-920 -728 -192 ) (-920 -728 -152 ) (-920 -656 -152 ) (-920 -656 -192 ) 
4 87 113 (-920 -728 -20 ) (-920 -728 992 ) (-928 -728 992 ) (-928 -728 -20 ) 
4 87 89 (-928 -656 992 ) (-928 -656 -16 ) (-928 -728 -16 ) (-928 -728 992 ) 
4 88 113 (-920 -728 -192 ) (-920 -728 -148 ) (-928 -728 -148 ) (-928 -728 -192 ) 
4 88 90 (-928 -656 -148 ) (-928 -656 -192 ) (-928 -728 -192 ) (-928 -728 -148 ) 
4 89 113 (-928 -728 -16 ) (-928 -728 992 ) (-936 -728 992 ) (-936 -728 -16 ) 
4 89 91 (-936 -728 -12 ) (-936 -728 992 ) (-936 -656 992 ) (-936 -656 -12 ) 
4 90 113 (-928 -728 -192 ) (-928 -728 -144 ) (-936 -728 -144 ) (-936 -728 -192 ) 
4 90 92 (-936 -728 -192 ) (-936 -728 -144 ) (-936 -656 -144 ) (-936 -656 -192 ) 
4 91 113 (-936 -728 -12 ) (-936 -728 992 ) (-944 -728 992 ) (-944 -728 -12 ) 
4 91 93 (-944 -728 -8 ) (-944 -728 992 ) (-944 -656 992 ) (-944 -656 -8 ) 
4 92 113 (-936 -728 -192 ) (-936 -728 -140 ) (-944 -728 -140 ) (-944 -728 -192 ) 
4 92 94 (-944 -728 -192 ) (-944 -728 -140 ) (-944 -656 -140 ) (-944 -656 -192 ) 
4 93 113 (-944 -728 -8 ) (-944 -728 992 ) (-952 -728 992 ) (-952 -728 -8 ) 
4 93 95 (-952 -728 -4 ) (-952 -728 992 ) (-952 -656 992 ) (-952 -656 -4 ) 
4 94 113 (-944 -728 -192 ) (-944 -728 -136 ) (-952 -728 -136 ) (-952 -728 -192 ) 
4 94 96 (-952 -728 -192 ) (-952 -728 -136 ) (-952 -656 -136 ) (-952 -656 -192 ) 
4 95 113 (-952 -728 -4 ) (-952 -728 992 ) (-960 -728 992 ) (-960 -728 -4 ) 
4 95 97 (-960 -656 992 ) (-960 -656 0 ) (-960 -728 0 ) (-960 -728 992 ) 
4 96 113 (-952 -728 -192 ) (-952 -728 -132 ) (-960 -728 -132 ) (-960 -728 -192 ) 
4 96 98 (-960 -656 -132 ) (-960 -656 -192 ) (-960 -728 -192 ) (-960 -728 -132 ) 
4 97 113 (-960 -728 0 ) (-960 -728 992 ) (-968 -728 992 ) (-968 -728 0 ) 
4 97 99 (-968 -728 4 ) (-968 -728 992 ) (-968 -656 992 ) (-968 -656 4 ) 
4 98 113 (-960 -728 -192 ) (-960 -728 -128 ) (-968 -728 -128 ) (-968 -728 -192 ) 
4 98 100 (-968 -728 -192 ) (-968 -728 -128 ) (-968 -656 -128 ) (-968 -656 -192 ) 
4 99 113 (-968 -728 4 ) (-968 -728 992 ) (-976 -728 992 ) (-976 -728 4 ) 
4 99 101 (-976 -728 8 ) (-976 -728 992 ) (-976 -656 992 ) (-976 -656 8 ) 
4 100 113 (-968 -728 -192 ) (-968 -728 -124 ) (-976 -728 -124 ) (-976 -728 -192 ) 
4 100 102 (-976 -728 -192 ) (-976 -728 -124 ) (-976 -656 -124 ) (-976 -656 -192 ) 
4 101 113 (-976 -728 8 ) (-976 -728 992 ) (-984 -728 992 ) (-984 -728 8 ) 
4 101 103 (-984 -728 12 ) (-984 -728 992 ) (-984 -656 992 ) (-984 -656 12 ) 
4 102 113 (-976 -728 -192 ) (-976 -728 -120 ) (-984 -728 -120 ) (-984 -728 -192 ) 
4 102 104 (-984 -728 -192 ) (-984 -728 -120 ) (-984 -656 -120 ) (-984 -656 -192 ) 
4 103 113 (-984 -728 12 ) (-984 -728 992 ) (-992 -728 992 ) (-992 -728 12 ) 
4 103 105 (-992 -656 992 ) (-992 -656 16 ) (-992 -728 16 ) (-992 -728 992 ) 
4 104 113 (-984 -728 -192 ) (-984 -728 -116 ) (-992 -728 -116 ) (-992 -728 -192 ) 
4 104 106 (-992 -656 -116 ) (-992 -656 -192 ) (-992 -728 -192 ) (-992 -728 -116 ) 
4 105 113 (-992 -728 16 ) (-992 -728 992 ) (-1000 -728 992 ) (-1000 -728 16 ) 
4 105 107 (-1000 -728 20 ) (-1000 -728 992 ) (-1000 -656 992 ) (-1000 -656 20 ) 
4 106 113 (-992 -728 -192 ) (-992 -728 -112 ) (-1000 -728 -112 ) (-1000 -728 -192 ) 
4 106 108 (-1000 -728 -192 ) (-1000 -728 -112 ) (-1000 -656 -112 ) (-1000 -656 -192 ) 
4 107 113 (-1000 -728 20 ) (-1000 -728 992 ) (-1008 -728 992 ) (-1008 -728 20 ) 
4 107 109 (-1008 -728 24 ) (-1008 -728 992 ) (-1008 -656 992 ) (-1008 -656 24 ) 
4 108 113 (-1000 -728 -192 ) (-1000 -728 -108 ) (-1008 -728 -108 ) (-1008 -728 -192 ) 
4 108 110 (-1008 -728 -192 ) (-1008 -728 -108 ) (-1008 -656 -108 ) (-1008 -656 -192 ) 
4 109 113 (-1008 -728 24 ) (-1008 -728 992 ) (-1016 -728 992 ) (-1016 -728 24 ) 
4 109 111 (-1016 -728 28 ) (-1016 -728 992 ) (-1016 -656 992 ) (-1016 -656 28 ) 
4 110 113 (-1008 -728 -192 ) (-1008 -728 -104 ) (-1016 -728 -104 ) (-1016 -728 -192 ) 
4 110 112 (-1016 -728 -192 ) (-1016 -728 -104 ) (-1016 -656 -104 ) (-1016 -656 -192 ) 
4 111 152 (-1024 -728 32 ) (-1024 -728 992 ) (-1024 -656 992 ) (-1024 -656 32 ) 
4 111 113 (-1016 -728 28 ) (-1016 -728 992 ) (-1024 -728 992 ) (-1024 -728 28 ) 
4 112 153 (-1024 -728 -192 ) (-1024 -728 -100 ) (-1024 -656 -100 ) (-1024 -656 -192 ) 
4 112 113 (-1016 -728 -192 ) (-1016 -728 -100 ) (-1024 -728 -100 ) (-1024 -728 -192 ) 
4 113 187 (-1024 -1024 -192 ) (-1024 -1024 992 ) (-1024 -728 992 ) (-1024 -728 -192 ) 
4 113 115 (-1024 -1024 992 ) (-1024 -1024 -192 ) (0 -1024 -192 ) (0 -1024 992 ) 
4 114 116 (1024 -2048 -192 ) (1024 -2048 992 ) (0 -2048 992 ) (0 -2048 -192 ) 
4 114 115 (0 -1024 992 ) (0 -1024 -192 ) (0 -2048 -192 ) (0 -2048 992 ) 
4 115 188 (-1024 -2048 -192 ) (-1024 -2048 992 ) (-1024 -1024 992 ) (-1024 -1024 -192 ) 
4 115 117 (0 -2048 -192 ) (0 -2048 992 ) (-1024 -2048 992 ) (-1024 -2048 -192 ) 
4 116 117 (0 -3008 -192 ) (0 -3008 992 ) (0 -2048 992 ) (0 -2048 -192 ) 
4 117 189 (-1024 -3008 -192 ) (-1024 -3008 992 ) (-1024 -2048 992 ) (-1024 -2048 -192 ) 
5 118 141 (-1024 -640 488.784515 ) (-1024 -640 992 ) (-2048 -640 992 ) (-2048 -640 168 ) (-1212 -640 168 ) 
4 118 138 (-2048 -282.263641 168 ) (-2048 0 168 ) (-1212 0 168 ) (-1212 -10.501494 168 ) 
4 118 137 (-1212 -640 168 ) (-2048 -640 168 ) (-2048 -282.263641 168 ) (-1212 -10.501494 168 ) 
4 118 122 (-1198.212036 -640 191.531494 ) (-1202.334229 -640 184.497696 ) (-1202.334229 0 184.497742 ) (-1198.211914 0 191.531540 ) 
4 118 121 (-1189.558838 -640 206.296478 ) (-1198.212036 -640 191.531494 ) (-1198.211914 0 191.531540 ) (-1189.558716 0 206.296478 ) 
4 118 120 (-1183.104248 -640 217.310059 ) (-1189.558838 -640 206.296478 ) (-1189.558716 0 206.296478 ) (-1183.104126 0 217.310059 ) 
4 118 119 (-1024 -640 488.790222 ) (-1183.104248 -640 217.310059 ) (-1183.104126 0 217.310059 ) (-1024 0 488.790222 ) 
3 119 141 (-1024 -640 207.610733 ) (-1024 -640 488.784515 ) (-1183.101318 -640 217.309875 ) 
4 119 123 (-1050.890137 0 209.250046 ) (-1024 0 207.610764 ) (-1024 -640 207.610764 ) (-1050.890137 -640 209.250046 ) 
4 119 120 (-1183.099609 -640 217.309814 ) (-1183.099609 0 217.309814 ) (-1096 0 212 ) (-1096 -640 212 ) 
3 120 141 (-1096 -640 212 ) (-1183.101318 -640 217.309875 ) (-1189.555786 -640 206.296661 ) 
4 120 121 (-1189.557129 -640 206.296524 ) (-1189.557129 0 206.296524 ) (-1141.110107 0 209.249985 ) (-1141.110107 -640 209.249985 ) 
3 121 141 (-1141.109863 -640 209.250031 ) (-1189.555786 -640 206.296661 ) (-1198.208496 -640 191.532593 ) 
4 121 122 (-1198.209595 -640 191.531830 ) (-1198.209595 0 191.531830 ) (-1176.561401 0 198.249268 ) (-1176.561401 -640 198.249268 ) 
3 122 141 (-1176.559937 -640 198.250046 ) (-1198.208496 -640 191.532593 ) (-1202.330078 -640 184.499908 ) 
3 123 141 (-1024 -640 200.906143 ) (-1024 -640 207.610733 ) (-1050.890015 -640 209.250000 ) 
4 124 145 (-1028 -640 28 ) (-1032 -640 28 ) (-1032 -592 28 ) (-1028 -592 28 ) 
4 124 144 (-1024 -24 28 ) (-1024 -592 28 ) (-1032 -592 28 ) (-1032 -24 28 ) 
4 124 142 (-1032 -640 28 ) (-1024 -640 28 ) (-1024 -640 32 ) (-1032 -640 32 ) 
4 124 141 (-1024 -640 32 ) (-1024 -640 168 ) (-1032 -640 168 ) (-1032 -640 32 ) 
4 124 125 (-1032 -640 32 ) (-1032 -640 168 ) (-1032 0 168 ) (-1032 0 32 ) 
4 125 141 (-1032 -640 32 ) (-1032 -640 168 ) (-1040 -640 168 ) (-1040 -640 32 ) 
4 125 126 (-1040 -640 32 ) (-1040 -640 168 ) (-1040 0 168 ) (-1040 0 32 ) 
4 126 141 (-1040 -640 32 ) (-1040 -640 168 ) (-1152 -640 168 ) (-1152 -640 32 ) 
4 126 127 (-1152 -640 32 ) (-1152 -640 168 ) (-1152 0 168 ) (-1152 0 32 ) 
4 127 141 (-1152 -640 32 ) (-1152 -640 168 ) (-1160 -640 168 ) (-1160 -640 32 ) 
4 127 128 (-1160 -640 32 ) (-1160 -640 168 ) (-1160 0 168 ) (-1160 0 32 ) 
4 128 147 (-1160 -24 28 ) (-1160 -592 28 ) (-1177.170166 -592 28 ) (-1177.170166 -24 28 ) 
4 128 143 (-1177.170166 -640 28 ) (-1160 -640 28 ) (-1160 -640 32 ) (-1177.170166 -640 32 ) 
4 128 141 (-1160 -640 32 ) (-1160 -640 168 ) (-1177.170166 -640 168 ) (-1177.170166 -640 32 ) 
4 128 136 (-1177.170166 -611.707397 28 ) (-1177.170166 -616.291687 28 ) (-1177.170166 -616.291687 168 ) (-1177.170166 -611.707397 168 ) 
4 128 135 (-1177.170166 -604.287415 28 ) (-1177.170166 -611.707397 28 ) (-1177.170166 -611.707397 168 ) (-1177.170166 -604.287415 168 ) 
4 128 134 (-1177.170166 -584.874695 28 ) (-1177.170166 -604.287415 28 ) (-1177.170166 -604.287415 168 ) (-1177.170166 -584.874695 168 ) 
4 128 133 (-1177.170166 0 28 ) (-1177.170166 -584.874695 28 ) (-1177.170166 -584.874695 168 ) (-1177.170166 0 168 ) 
4 128 132 (-1177.170166 -623.708191 28 ) (-1177.170166 -628.292603 28 ) (-1177.170166 -628.292603 168 ) (-1177.170166 -623.708191 168 ) 
4 128 129 (-1177.170166 -628.292603 28 ) (-1177.170166 -640 28 ) (-1177.170166 -640 168 ) (-1177.170166 -628.292603 168 ) 
4 129 143 (-1200 -640 28 ) (-1177.170166 -640 28 ) (-1177.170166 -640 32 ) (-1200 -640 32 ) 
4 129 141 (-1177.170166 -640 32 ) (-1177.170166 -640 168 ) (-1200 -640 168 ) (-1200 -640 32 ) 
4 129 132 (-1177.170166 -628.294128 168 ) (-1177.170166 -628.294128 28 ) (-1181.531372 -629.709839 28 ) (-1181.531372 -629.709839 168 ) 
4 129 130 (-1188.588135 -632 28 ) (-1200 -635.705078 28 ) (-1200 -635.705078 168 ) (-1188.588135 -632 168 ) 
4 129 137 (-1200 -635.704163 28 ) (-1200 -640 28 ) (-1200 -640 168 ) (-1200 -635.704224 168 ) 
4 130 131 (-1195.640503 -629.707336 28 ) (-1200 -628.290161 28 ) (-1200 -628.290161 168 ) (-1195.640503 -629.707336 168 ) 
4 130 137 (-1200 -628.290588 28 ) (-1200 -635.704163 28 ) (-1200 -635.704224 168 ) (-1200 -628.290649 168 ) 
4 131 137 (-1200 -623.708069 28 ) (-1200 -628.290588 28 ) (-1200 -628.290649 168 ) (-1200 -623.708130 168 ) 
5 133 147 (-1177.170166 -24 28 ) (-1177.170166 -584.874695 28 ) (-1182.347900 -592 28 ) (-1200 -592 28 ) (-1200 -24 28 ) 
4 133 140 (-1179.690674 0 28 ) (-1184.951416 -1.710120 28 ) (-1184.951416 -1.710119 168 ) (-1179.690674 0 168 ) 
4 133 138 (-1191.997803 -4 28 ) (-1200 -6.602022 28 ) (-1200 -6.602020 168 ) (-1191.997803 -4 168 ) 
4 133 134 (-1195.635620 -610.290588 28 ) (-1177.170166 -584.879211 28 ) (-1177.170166 -584.879211 168 ) (-1195.635620 -610.290588 168 ) 
4 133 137 (-1200 -6.601562 168 ) (-1200 -6.601562 28 ) (-1200 -616.292053 28 ) (-1200 -616.291992 168 ) 
3 134 147 (-1177.170166 -584.874695 28 ) (-1177.170166 -592 28 ) (-1182.347900 -592 28 ) 
4 134 135 (-1188.589722 -608 28 ) (-1177.170166 -604.287659 28 ) (-1177.170166 -604.287659 168 ) (-1188.589722 -608 168 ) 
4 135 136 (-1181.530396 -610.291321 28 ) (-1177.170166 -611.706909 28 ) (-1177.170166 -611.706909 168 ) (-1181.530396 -610.291321 168 ) 
4 137 149 (-2048 -640 28 ) (-2048 -592 28 ) (-1216 -592 28 ) (-1216 -640 28 ) 
4 137 147 (-1200 -24 28 ) (-1200 -592 28 ) (-1220 -592 28 ) (-1220 -24 28 ) 
4 137 148 (-2048 -592 28 ) (-2048 -282.263641 28 ) (-1220 -13.102112 28 ) (-1220 -592 28 ) 
4 137 143 (-2048 -640 28 ) (-1200 -640 28 ) (-1200 -640 32 ) (-2048 -640 32 ) 
4 137 141 (-1200 -640 32 ) (-1200 -640 168 ) (-2048 -640 168 ) (-2048 -640 32 ) 
4 137 138 (-1200 -6.602022 28 ) (-2048 -282.264282 28 ) (-2048 -282.264282 168 ) (-1200 -6.602020 168 ) 
4 138 148 (-2048 -282.263641 28 ) (-2048 0 28 ) (-1220 0 28 ) (-1220 -13.102091 28 ) 
4 138 139 (-1199.050781 -1.707355 28 ) (-1204.302979 0 28 ) (-1204.302856 0 168 ) (-1199.050781 -1.707319 168 ) 
4 141 152 (-1024 -656 32 ) (-1024 -656 992 ) (-2048 -656 992 ) (-2048 -656 32 ) 
4 141 143 (-1160 -656 32 ) (-2048 -656 32 ) (-2048 -640 32 ) (-1160 -640 32 ) 
4 141 142 (-1024 -656 32 ) (-1032 -656 32 ) (-1032 -640 32 ) (-1024 -640 32 ) 
4 142 145 (-1028 -656 28 ) (-1032 -656 28 ) (-1032 -640 28 ) (-1028 -640 28 ) 
4 143 184 (-1288 -656 32 ) (-1296 -656 32 ) (-1296 -656 28 ) (-1288 -656 28 ) 
4 143 186 (-1296 -656 32 ) (-2048 -656 32 ) (-2048 -656 28 ) (-1296 -656 28 ) 
4 143 182 (-1280 -656 32 ) (-1288 -656 32 ) (-1288 -656 28 ) (-1280 -656 28 ) 
4 143 180 (-1272 -656 32 ) (-1280 -656 32 ) (-1280 -656 28 ) (-1272 -656 28 ) 
4 143 178 (-1264 -656 32 ) (-1272 -656 32 ) (-1272 -656 28 ) (-1264 -656 28 ) 
4 143 176 (-1256 -656 32 ) (-1264 -656 32 ) (-1264 -656 28 ) (-1256 -656 28 ) 
4 143 174 (-1248 -656 32 ) (-1256 -656 32 ) (-1256 -656 28 ) (-1248 -656 28 ) 
4 143 172 (-1240 -656 32 ) (-1248 -656 32 ) (-1248 -656 28 ) (-1240 -656 28 ) 
4 143 170 (-1232 -656 32 ) (-1240 -656 32 ) (-1240 -656 28 ) (-1232 -656 28 ) 
4 143 168 (-1224 -656 32 ) (-1232 -656 32 ) (-1232 -656 28 ) (-1224 -656 28 ) 
4 143 166 (-1216 -656 32 ) (-1224 -656 32 ) (-1224 -656 28 ) (-1216 -656 28 ) 
4 143 164 (-1208 -656 32 ) (-1216 -656 32 ) (-1216 -656 28 ) (-1208 -656 28 ) 
4 143 162 (-1200 -656 32 ) (-1208 -656 32 ) (-1208 -656 28 ) (-1200 -656 28 ) 
4 143 160 (-1192 -656 32 ) (-1200 -656 32 ) (-1200 -656 28 ) (-1192 -656 28 ) 
4 143 158 (-1184 -656 32 ) (-1192 -656 32 ) (-1192 -656 28 ) (-1184 -656 28 ) 
4 143 156 (-1176 -656 32 ) (-1184 -656 32 ) (-1184 -656 28 ) (-1176 -656 28 ) 
4 143 154 (-1168 -656 32 ) (-1176 -656 32 ) (-1176 -656 28 ) (-1168 -656 28 ) 
4 143 149 (-1216 -656 28 ) (-2048 -656 28 ) (-2048 -640 28 ) (-1216 -640 28 ) 
4 144 145 (-1032 -592 28 ) (-1032 -592 -40 ) (-1028 -592 -40 ) (-1028 -592 28 ) 
4 144 146 (-1032 -592 -40 ) (-1032 -24 -40 ) (-1024 -24 -40 ) (-1024 -592 -40 ) 
4 145 146 (-1028 -656 -40 ) (-1032 -656 -40 ) (-1032 -592 -40 ) (-1028 -592 -40 ) 
4 146 151 (-1024 -656 -96 ) (-1032 -656 -96 ) (-1032 0 -96 ) (-1024 0 -96 ) 
4 147 149 (-1220 -592 -40 ) (-1216 -592 -40 ) (-1216 -592 28 ) (-1220 -592 28 ) 
4 147 148 (-1220 -24 -40 ) (-1220 -592 -40 ) (-1220 -592 28 ) (-1220 -24 28 ) 
4 147 150 (-1160 -24 -40 ) (-1160 -592 -40 ) (-1220 -592 -40 ) (-1220 -24 -40 ) 
4 148 149 (-2048 -592 -40 ) (-1220 -592 -40 ) (-1220 -592 28 ) (-2048 -592 28 ) 
4 148 150 (-1220 -592 -40 ) (-2048 -592 -40 ) (-2048 0 -40 ) (-1220 0 -40 ) 
4 149 184 (-1288 -656 28 ) (-1296 -656 28 ) (-1296 -656 -32 ) (-1288 -656 -32 ) 
4 149 186 (-1296 -656 28 ) (-2048 -656 28 ) (-2048 -656 -40 ) (-1296 -656 -40 ) 
4 149 182 (-1280 -656 28 ) (-1288 -656 28 ) (-1288 -656 -28 ) (-1280 -656 -28 ) 
4 149 180 (-1272 -656 28 ) (-1280 -656 28 ) (-1280 -656 -24 ) (-1272 -656 -24 ) 
4 149 178 (-1264 -656 28 ) (-1272 -656 28 ) (-1272 -656 -20 ) (-1264 -656 -20 ) 
4 149 176 (-1256 -656 28 ) (-1264 -656 28 ) (-1264 -656 -16 ) (-1256 -656 -16 ) 
4 149 174 (-1248 -656 28 ) (-1256 -656 28 ) (-1256 -656 -12 ) (-1248 -656 -12 ) 
4 149 172 (-1240 -656 28 ) (-1248 -656 28 ) (-1248 -656 -8 ) (-1240 -656 -8 ) 
4 149 170 (-1232 -656 28 ) (-1240 -656 28 ) (-1240 -656 -4 ) (-1232 -656 -4 ) 
4 149 168 (-1224 -656 28 ) (-1232 -656 28 ) (-1232 -656 0 ) (-1224 -656 0 ) 
4 149 166 (-1216 -656 28 ) (-1224 -656 28 ) (-1224 -656 4 ) (-1216 -656 4 ) 
4 149 150 (-1216 -656 -40 ) (-2048 -656 -40 ) (-2048 -592 -40 ) (-1216 -592 -40 ) 
4 150 186 (-2048 -656 -40 ) (-2048 -656 -96 ) (-1296 -656 -96 ) (-1296 -656 -40 ) 
4 150 151 (-1160 -656 -96 ) (-2048 -656 -96 ) (-2048 0 -96 ) (-1160 0 -96 ) 
4 151 185 (-1296 -656 -160 ) (-1296 -656 -192 ) (-1288 -656 -192 ) (-1288 -656 -160 ) 
4 151 186 (-1296 -656 -96 ) (-2048 -656 -96 ) (-2048 -656 -192 ) (-1296 -656 -192 ) 
4 151 183 (-1288 -656 -156 ) (-1288 -656 -192 ) (-1280 -656 -192 ) (-1280 -656 -156 ) 
4 151 181 (-1280 -656 -152 ) (-1280 -656 -192 ) (-1272 -656 -192 ) (-1272 -656 -152 ) 
4 151 179 (-1272 -656 -148 ) (-1272 -656 -192 ) (-1264 -656 -192 ) (-1264 -656 -148 ) 
4 151 177 (-1264 -656 -144 ) (-1264 -656 -192 ) (-1256 -656 -192 ) (-1256 -656 -144 ) 
4 151 175 (-1256 -656 -140 ) (-1256 -656 -192 ) (-1248 -656 -192 ) (-1248 -656 -140 ) 
4 151 173 (-1248 -656 -136 ) (-1248 -656 -192 ) (-1240 -656 -192 ) (-1240 -656 -136 ) 
4 151 171 (-1240 -656 -132 ) (-1240 -656 -192 ) (-1232 -656 -192 ) (-1232 -656 -132 ) 
4 151 169 (-1232 -656 -128 ) (-1232 -656 -192 ) (-1224 -656 -192 ) (-1224 -656 -128 ) 
4 151 167 (-1224 -656 -124 ) (-1224 -656 -192 ) (-1216 -656 -192 ) (-1216 -656 -124 ) 
4 151 165 (-1216 -656 -120 ) (-1216 -656 -192 ) (-1208 -656 -192 ) (-1208 -656 -120 ) 
4 151 163 (-1208 -656 -116 ) (-1208 -656 -192 ) (-1200 -656 -192 ) (-1200 -656 -116 ) 
4 151 161 (-1200 -656 -112 ) (-1200 -656 -192 ) (-1192 -656 -192 ) (-1192 -656 -112 ) 
4 151 159 (-1192 -656 -108 ) (-1192 -656 -192 ) (-1184 -656 -192 ) (-1184 -656 -108 ) 
4 151 157 (-1184 -656 -104 ) (-1184 -656 -192 ) (-1176 -656 -192 ) (-1176 -656 -104 ) 
4 151 155 (-1176 -656 -100 ) (-1176 -656 -192 ) (-1168 -656 -192 ) (-1168 -656 -100 ) 
4 151 153 (-1024 -656 -192 ) (-1024 -656 -96 ) (-1168 -656 -96 ) (-1168 -656 -192 ) 
4 152 187 (-2048 -728 992 ) (-2048 -728 32 ) (-1024 -728 32 ) (-1024 -728 992 ) 
4 152 184 (-1288 -728 32 ) (-1296 -728 32 ) (-1296 -656 32 ) (-1288 -656 32 ) 
4 152 186 (-1296 -728 32 ) (-2048 -728 32 ) (-2048 -656 32 ) (-1296 -656 32 ) 
4 152 182 (-1280 -728 32 ) (-1288 -728 32 ) (-1288 -656 32 ) (-1280 -656 32 ) 
4 152 180 (-1272 -728 32 ) (-1280 -728 32 ) (-1280 -656 32 ) (-1272 -656 32 ) 
4 152 178 (-1264 -728 32 ) (-1272 -728 32 ) (-1272 -656 32 ) (-1264 -656 32 ) 
4 152 176 (-1256 -728 32 ) (-1264 -728 32 ) (-1264 -656 32 ) (-1256 -656 32 ) 
4 152 174 (-1248 -728 32 ) (-1256 -728 32 ) (-1256 -656 32 ) (-1248 -656 32 ) 
4 152 172 (-1240 -728 32 ) (-1248 -728 32 ) (-1248 -656 32 ) (-1240 -656 32 ) 
4 152 170 (-1232 -728 32 ) (-1240 -728 32 ) (-1240 -656 32 ) (-1232 -656 32 ) 
4 152 168 (-1224 -728 32 ) (-1232 -728 32 ) (-1232 -656 32 ) (-1224 -656 32 ) 
4 152 166 (-1216 -728 32 ) (-1224 -728 32 ) (-1224 -656 32 ) (-1216 -656 32 ) 
4 152 164 (-1208 -728 32 ) (-1216 -728 32 ) (-1216 -656 32 ) (-1208 -656 32 ) 
4 152 162 (-1200 -728 32 ) (-1208 -728 32 ) (-1208 -656 32 ) (-1200 -656 32 ) 
4 152 160 (-1192 -728 32 ) (-1200 -728 32 ) (-1200 -656 32 ) (-1192 -656 32 ) 
4 152 158 (-1184 -728 32 ) (-1192 -728 32 ) (-1192 -656 32 ) (-1184 -656 32 ) 
4 152 156 (-1176 -728 32 ) (-1184 -728 32 ) (-1184 -656 32 ) (-1176 -656 32 ) 
4 152 154 (-1168 -728 32 ) (-1176 -728 32 ) (-1176 -656 32 ) (-1168 -656 32 ) 
4 153 187 (-1024 -728 -192 ) (-1024 -728 -96 ) (-1168 -728 -96 ) (-1168 -728 -192 ) 
4 153 155 (-1168 -728 -192 ) (-1168 -728 -100 ) (-1168 -656 -100 ) (-1168 -656 -192 ) 
4 154 187 (-1168 -728 28 ) (-1168 -728 32 ) (-1176 -728 32 ) (-1176 -728 28 ) 
4 154 156 (-1176 -728 28 ) (-1176 -728 32 ) (-1176 -656 32 ) (-1176 -656 28 ) 
4 155 187 (-1168 -728 -192 ) (-1168 -728 -100 ) (-1176 -728 -100 ) (-1176 -728 -192 ) 
4 155 157 (-1176 -728 -192 ) (-1176 -728 -104 ) (-1176 -656 -104 ) (-1176 -656 -192 ) 
4 156 187 (-1176 -728 24 ) (-1176 -728 32 ) (-1184 -728 32 ) (-1184 -728 24 ) 
4 156 158 (-1184 -728 24 ) (-1184 -728 32 ) (-1184 -656 32 ) (-1184 -656 24 ) 
4 157 187 (-1176 -728 -192 ) (-1176 -728 -104 ) (-1184 -728 -104 ) (-1184 -728 -192 ) 
4 157 159 (-1184 -728 -192 ) (-1184 -728 -108 ) (-1184 -656 -108 ) (-1184 -656 -192 ) 
4 158 187 (-1184 -728 20 ) (-1184 -728 32 ) (-1192 -728 32 ) (-1192 -728 20 ) 
4 158 160 (-1192 -728 20 ) (-1192 -728 32 ) (-1192 -656 32 ) (-1192 -656 20 ) 
4 159 187 (-1184 -728 -192 ) (-1184 -728 -108 ) (-1192 -728 -108 ) (-1192 -728 -192 ) 
4 159 161 (-1192 -728 -192 ) (-1192 -728 -112 ) (-1192 -656 -112 ) (-1192 -656 -192 ) 
4 160 187 (-1192 -728 16 ) (-1192 -728 32 ) (-1200 -728 32 ) (-1200 -728 16 ) 
4 160 162 (-1200 -728 16 ) (-1200 -728 32 ) (-1200 -656 32 ) (-1200 -656 16 ) 
4 161 187 (-1192 -728 -192 ) (-1192 -728 -112 ) (-1200 -728 -112 ) (-1200 -728 -192 ) 
4 161 163 (-1200 -728 -192 ) (-1200 -728 -116 ) (-1200 -656 -116 ) (-1200 -656 -192 ) 
4 162 187 (-1200 -728 12 ) (-1200 -728 32 ) (-1208 -728 32 ) (-1208 -728 12 ) 
4 162 164 (-1208 -728 12 ) (-1208 -728 32 ) (-1208 -656 32 ) (-1208 -656 12 ) 
4 163 187 (-1200 -728 -192 ) (-1200 -728 -116 ) (-1208 -728 -116 ) (-1208 -728 -192 ) 
4 163 165 (-1208 -728 -192 ) (-1208 -728 -120 ) (-1208 -656 -120 ) (-1208 -656 -192 ) 
4 164 187 (-1208 -728 8 ) (-1208 -728 32 ) (-1216 -728 32 ) (-1216 -728 8 ) 
4 164 166 (-1216 -728 8 ) (-1216 -728 32 ) (-1216 -656 32 ) (-1216 -656 8 ) 
4 165 187 (-1208 -728 -192 ) (-1208 -728 -120 ) (-1216 -728 -120 ) (-1216 -728 -192 ) 
4 165 167 (-1216 -728 -192 ) (-1216 -728 -124 ) (-1216 -656 -124 ) (-1216 -656 -192 ) 
4 166 187 (-1216 -728 4 ) (-1216 -728 32 ) (-1224 -728 32 ) (-1224 -728 4 ) 
4 166 168 (-1224 -728 4 ) (-1224 -728 32 ) (-1224 -656 32 ) (-1224 -656 4 ) 
4 167 187 (-1216 -728 -192 ) (-1216 -728 -124 ) (-1224 -728 -124 ) (-1224 -728 -192 ) 
4 167 169 (-1224 -728 -192 ) (-1224 -728 -128 ) (-1224 -656 -128 ) (-1224 -656 -192 ) 
4 168 187 (-1224 -728 0 ) (-1224 -728 32 ) (-1232 -728 32 ) (-1232 -728 0 ) 
4 168 170 (-1232 -728 0 ) (-1232 -728 32 ) (-1232 -656 32 ) (-1232 -656 0 ) 
4 169 187 (-1224 -728 -192 ) (-1224 -728 -128 ) (-1232 -728 -128 ) (-1232 -728 -192 ) 
4 169 171 (-1232 -728 -192 ) (-1232 -728 -132 ) (-1232 -656 -132 ) (-1232 -656 -192 ) 
4 170 187 (-1232 -728 -4 ) (-1232 -728 32 ) (-1240 -728 32 ) (-1240 -728 -4 ) 
4 170 172 (-1240 -728 -4 ) (-1240 -728 32 ) (-1240 -656 32 ) (-1240 -656 -4 ) 
4 171 187 (-1232 -728 -192 ) (-1232 -728 -132 ) (-1240 -728 -132 ) (-1240 -728 -192 ) 
4 171 173 (-1240 -728 -192 ) (-1240 -728 -136 ) (-1240 -656 -136 ) (-1240 -656 -192 ) 
4 172 187 (-1240 -728 -8 ) (-1240 -728 32 ) (-1248 -728 32 ) (-1248 -728 -8 ) 
4 172 174 (-1248 -728 -8 ) (-1248 -728 32 ) (-1248 -656 32 ) (-1248 -656 -8 ) 
4 173 187 (-1240 -728 -192 ) (-1240 -728 -136 ) (-1248 -728 -136 ) (-1248 -728 -192 ) 
4 173 175 (-1248 -728 -192 ) (-1248 -728 -140 ) (-1248 -656 -140 ) (-1248 -656 -192 ) 
4 174 187 (-1248 -728 -12 ) (-1248 -728 32 ) (-1256 -728 32 ) (-1256 -728 -12 ) 
4 174 176 (-1256 -728 -12 ) (-1256 -728 32 ) (-1256 -656 32 ) (-1256 -656 -12 ) 
4 175 187 (-1248 -728 -192 ) (-1248 -728 -140 ) (-1256 -728 -140 ) (-1256 -728 -192 ) 
4 175 177 (-1256 -728 -192 ) (-1256 -728 -144 ) (-1256 -656 -144 ) (-1256 -656 -192 ) 
4 176 187 (-1256 -728 -16 ) (-1256 -728 32 ) (-1264 -728 32 ) (-1264 -728 -16 ) 
4 176 178 (-1264 -728 -16 ) (-1264 -728 32 ) (-1264 -656 32 ) (-1264 -656 -16 ) 
4 177 187 (-1256 -728 -192 ) (-1256 -728 -144 ) (-1264 -728 -144 ) (-1264 -728 -192 ) 
4 177 179 (-1264 -728 -192 ) (-1264 -728 -148 ) (-1264 -656 -148 ) (-1264 -656 -192 ) 
4 178 187 (-1264 -728 -20 ) (-1264 -728 32 ) (-1272 -728 32 ) (-1272 -728 -20 ) 
4 178 180 (-1272 -728 -20 ) (-1272 -728 32 ) (-1272 -656 32 ) (-1272 -656 -20 ) 
4 179 187 (-1264 -728 -192 ) (-1264 -728 -148 ) (-1272 -728 -148 ) (-1272 -728 -192 ) 
4 179 181 (-1272 -728 -192 ) (-1272 -728 -152 ) (-1272 -656 -152 ) (-1272 -656 -192 ) 
4 180 187 (-1272 -728 -24 ) (-1272 -728 32 ) (-1280 -728 32 ) (-1280 -728 -24 ) 
4 180 182 (-1280 -728 -24 ) (-1280 -728 32 ) (-1280 -656 32 ) (-1280 -656 -24 ) 
4 181 187 (-1272 -728 -192 ) (-1272 -728 -152 ) (-1280 -728 -152 ) (-1280 -728 -192 ) 
4 181 183 (-1280 -728 -192 ) (-1280 -728 -156 ) (-1280 -656 -156 ) (-1280 -656 -192 ) 
4 182 187 (-1280 -728 -28 ) (-1280 -728 32 ) (-1288 -728 32 ) (-1288 -728 -28 ) 
4 182 184 (-1288 -728 -28 ) (-1288 -728 32 ) (-1288 -656 32 ) (-1288 -656 -28 ) 
4 183 187 (-1280 -728 -192 ) (-1280 -728 -156 ) (-1288 -728 -156 ) (-1288 -728 -192 ) 
4 183 185 (-1288 -728 -192 ) (-1288 -728 -160 ) (-1288 -656 -160 ) (-1288 -656 -192 ) 
4 184 187 (-1288 -728 -32 ) (-1288 -728 32 ) (-1296 -728 32 ) (-1296 -728 -32 ) 
4 184 186 (-1296 -728 -32 ) (-1296 -728 32 ) (-1296 -656 32 ) (-1296 -656 -32 ) 
4 185 187 (-1296 -728 -192 ) (-1288 -728 -192 ) (-1288 -728 -160 ) (-1296 -728 -160 ) 
4 185 186 (-1296 -656 -192 ) (-1296 -728 -192 ) (-1296 -728 -160 ) (-1296 -656 -160 ) 
4 186 187 (-2048 -728 32 ) (-2048 -728 -192 ) (-1296 -728 -192 ) (-1296 -728 32 ) 
4 187 188 (-1024 -1024 -192 ) (-1024 -1024 992 ) (-2048 -1024 992 ) (-2048 -1024 -192 ) 
4 188 189 (-1024 -2048 -192 ) (-1024 -2048 992 ) (-2048 -2048 992 ) (-2048 -2048 -192 ) 
