


materialPath: C:\Program Files (x86)\Steam\steamapps\sourcemods\GigaBuilder\materials
Loading C:\Program Files (x86)\Steam\steamapps\sourcemods\GigaBuilder\mapsrc\gb_shooting.vmf
Could not locate GameData file 
fixing up env_cubemap materials on brush sides...
0...1...2...3...4...5...6...7...8...9...100...1...2...3...4...5...6...7...8...9...10Processing areas...done (0)
Building Faces...done (0)
FixTjuncs...
PruneNodes...
WriteBSP...
done (0)
writing C:\Program Files (x86)\Steam\steamapps\sourcemods\GigaBuilder\mapsrc\gb_shooting.prt...Building visibility clusters...
done (0)
Finding displacement neighbors...
Finding lightmap sample positions...
Displacement Alpha : 0...1...2...3...4...5...6...7...8...9...10
Building Physics collision data...
done (0) (2282 bytes)
Placing static props...
Placing detail props : 0...1...2...3...4...5...6...7...8...9...10
Compacting texture/material tables...
Reduced 6 texinfos to 3
Reduced 2 texdatas to 2 (51 bytes to 51)
Writing C:\Program Files (x86)\Steam\steamapps\sourcemods\GigaBuilder\mapsrc\gb_shooting.bsp
0 seconds elapsed



12 threads
reading c:\program files (x86)\steam\steamapps\sourcemods\gigabuilder\mapsrc\gb_shooting.bsp
reading c:\program files (x86)\steam\steamapps\sourcemods\gigabuilder\mapsrc\gb_shooting.prt
   4 portalclusters
   4 numportals
0...1...2...3...4...5...6...7...8...9...100...1...2...3...4...5...6...7...8...9...10Optimized: 0 visible clusters (0.00%)
Total clusters visible: 16
Average clusters visible: 4
Building PAS...
Average clusters audible: 4
visdatasize:44  compressed from 64
writing c:\program files (x86)\steam\steamapps\sourcemods\gigabuilder\mapsrc\gb_shooting.bsp
0 seconds elapsed



[Reading texlights from 'lights.rad']
[48 texlights parsed from 'lights.rad']

Loading c:\program files (x86)\steam\steamapps\sourcemods\gigabuilder\mapsrc\gb_shooting.bsp
42 faces
35214 square feet [5070848.00 square inches]
0 Displacements
0 Square Feet [0.00 Square Inches]
42 patches before subdivision
3638 patches after subdivision
0 direct lights
0...1...2...3...4...5...6...7...8...9...100...1...2...3...4...5...6...7...8...9...10transfers 394528, max 249
transfer lists:   3.0 megs
0...1...2...3...4...5...6...7...8...9...10	Bounce #1 added RGB(0, 0, 0)
Build Patch/Sample Hash Table(s).....Done<0.0005 sec>
0...1...2...3...4...5...6...7...8...9...10FinalLightFace Done
0 of 0 (0% of) surface lights went in leaf ambient cubes.
0...1...2...3...4...5...6...7...8...9...10Writing leaf ambient...done
Ready to Finish

Object names       Objects/Maxobjs  Memory / Maxmem  Fullness 
------------       ---------------  ---------------  -------- 
models                   1/4096           48/196608   ( 0.0%) 
brushes                  6/32768          72/393216   ( 0.0%) 
brushsides              36/65536         288/524288   ( 0.1%) 
planes                  40/65536         800/1310720  ( 0.1%) 
vertexes                65/65536         780/786432   ( 0.1%) 
nodes                   27/65536         864/2097152  ( 0.0%) 
texinfos                 3/12288         216/884736   ( 0.0%) 
texdata                  2/2048           64/65536    ( 0.1%) 
dispinfos                0/0               0/0        ( 0.0%) 
disp_verts               0/0               0/0        ( 0.0%) 
disp_tris                0/0               0/0        ( 0.0%) 
disp_lmsamples           0/0               0/0        ( 0.0%) 
faces                   42/65536        2352/3670016  ( 0.1%) 
hdr faces               42/65536        2352/3670016  ( 0.1%) 
origfaces                6/65536         336/3670016  ( 0.0%) 
leaves                  29/65536         928/2097152  ( 0.0%) 
leaffaces               42/65536          84/131072   ( 0.1%) 
leafbrushes             16/65536          32/131072   ( 0.0%) 
areas                    2/1024           16/8192     ( 0.2%) 
surfedges              200/512000        800/2048000  ( 0.0%) 
edges                  113/256000        452/1024000  ( 0.0%) 
LDR worldlights          0/16384           0/1441792  ( 0.0%) 
HDR worldlights          0/16384           0/1441792  ( 0.0%) 
leafwaterdata            0/32768           0/393216   ( 0.0%) 
waterstrips              0/131072          0/1310720  ( 0.0%) 
waterverts               0/131072          0/1572864  ( 0.0%) 
waterindices             0/131072          0/262144   ( 0.0%) 
cubemapsamples           0/1024            0/16384    ( 0.0%) 
overlays                 0/1024            0/360448   ( 0.0%) 
LDR lightdata         [variable]           0/0        ( 0.0%) 
HDR lightdata         [variable]       86896/0        ( 0.0%) 
visdata               [variable]          44/16777216 ( 0.0%) 
entdata               [variable]         385/393216   ( 0.1%) 
LDR ambient table       29/65536         116/262144   ( 0.0%) 
HDR ambient table       29/65536         116/262144   ( 0.0%) 
LDR leaf ambient        29/65536         812/1835008  ( 0.0%) 
HDR leaf ambient         4/65536         112/1835008  ( 0.0%) 
occluders                0/0               0/0        ( 0.0%) 
occluder polygons        0/0               0/0        ( 0.0%) 
occluder vert ind        0/0               0/0        ( 0.0%) 
detail props          [variable]           1/12       ( 8.3%) 
static props          [variable]           1/12       ( 8.3%) 
pakfile               [variable]          54/0        ( 0.0%) 
physics               [variable]        2282/4194304  ( 0.1%) 
physics terrain       [variable]           2/1048576  ( 0.0%) 

Level flags = 2

Total triangle count: 92
Writing c:\program files (x86)\steam\steamapps\sourcemods\gigabuilder\mapsrc\gb_shooting.bsp
0 seconds elapsed



materialPath: C:\Program Files (x86)\Steam\steamapps\sourcemods\GigaBuilder\materials
Loading C:\Program Files (x86)\Steam\steamapps\sourcemods\GigaBuilder\mapsrc\gb_shooting.vmf
Could not locate GameData file 
fixing up env_cubemap materials on brush sides...
0...1...2...3...4...5...6...7...8...9...100...1...2...3...4...5...6...7...8...9...10Processing areas...done (0)
Building Faces...done (0)
FixTjuncs...
PruneNodes...
WriteBSP...
done (0)
writing C:\Program Files (x86)\Steam\steamapps\sourcemods\GigaBuilder\mapsrc\gb_shooting.prt...Building visibility clusters...
done (0)
Finding displacement neighbors...
Finding lightmap sample positions...
Displacement Alpha : 0...1...2...3...4...5...6...7...8...9...10
Building Physics collision data...
done (0) (3225 bytes)
Placing static props...
Placing detail props : 0...1...2...3...4...5...6...7...8...9...10
Compacting texture/material tables...
Reduced 12 texinfos to 8
Reduced 3 texdatas to 3 (80 bytes to 80)
Writing C:\Program Files (x86)\Steam\steamapps\sourcemods\GigaBuilder\mapsrc\gb_shooting.bsp
0 seconds elapsed



12 threads
reading c:\program files (x86)\steam\steamapps\sourcemods\gigabuilder\mapsrc\gb_shooting.bsp
reading c:\program files (x86)\steam\steamapps\sourcemods\gigabuilder\mapsrc\gb_shooting.prt
   7 portalclusters
  11 numportals
0...1...2...3...4...5...6...7...8...9...100...1...2...3...4...5...6...7...8...9...10Optimized: 0 visible clusters (0.00%)
Total clusters visible: 49
Average clusters visible: 7
Building PAS...
Average clusters audible: 7
visdatasize:74  compressed from 112
writing c:\program files (x86)\steam\steamapps\sourcemods\gigabuilder\mapsrc\gb_shooting.bsp
0 seconds elapsed



[Reading texlights from 'lights.rad']
[48 texlights parsed from 'lights.rad']

Loading c:\program files (x86)\steam\steamapps\sourcemods\gigabuilder\mapsrc\gb_shooting.bsp
60 faces
36202 square feet [5213184.00 square inches]
0 Displacements
0 Square Feet [0.00 Square Inches]
60 patches before subdivision
3856 patches after subdivision
0 direct lights
0...1...2...3...4...5...6...7...8...9...100...1...2...3...4...5...6...7...8...9...10transfers 421834, max 255
transfer lists:   3.2 megs
0...1...2...3...4...5...6...7...8...9...10	Bounce #1 added RGB(0, 0, 0)
Build Patch/Sample Hash Table(s).....Done<0.0005 sec>
0...1...2...3...4...5...6...7...8...9...10FinalLightFace Done
0 of 0 (0% of) surface lights went in leaf ambient cubes.
0...1...2...3...4...5...6...7...8...9...10Writing leaf ambient...done
Ready to Finish

Object names       Objects/Maxobjs  Memory / Maxmem  Fullness 
------------       ---------------  ---------------  -------- 
models                   2/4096           96/196608   ( 0.0%) 
brushes                  8/32768          96/393216   ( 0.0%) 
brushsides              48/65536         384/524288   ( 0.1%) 
planes                  78/65536        1560/1310720  ( 0.1%) 
vertexes                91/65536        1092/786432   ( 0.1%) 
nodes                   37/65536        1184/2097152  ( 0.1%) 
texinfos                 8/12288         576/884736   ( 0.1%) 
texdata                  3/2048           96/65536    ( 0.1%) 
dispinfos                0/0               0/0        ( 0.0%) 
disp_verts               0/0               0/0        ( 0.0%) 
disp_tris                0/0               0/0        ( 0.0%) 
disp_lmsamples           0/0               0/0        ( 0.0%) 
faces                   60/65536        3360/3670016  ( 0.1%) 
hdr faces               60/65536        3360/3670016  ( 0.1%) 
origfaces               16/65536         896/3670016  ( 0.0%) 
leaves                  40/65536        1280/2097152  ( 0.1%) 
leaffaces               64/65536         128/131072   ( 0.1%) 
leafbrushes             18/65536          36/131072   ( 0.0%) 
areas                    2/1024           16/8192     ( 0.2%) 
surfedges              328/512000       1312/2048000  ( 0.1%) 
edges                  181/256000        724/1024000  ( 0.1%) 
LDR worldlights          0/16384           0/1441792  ( 0.0%) 
HDR worldlights          0/16384           0/1441792  ( 0.0%) 
leafwaterdata            0/32768           0/393216   ( 0.0%) 
waterstrips              4/131072         40/1310720  ( 0.0%) 
waterverts               0/131072          0/1572864  ( 0.0%) 
waterindices            48/131072         96/262144   ( 0.0%) 
cubemapsamples           0/1024            0/16384    ( 0.0%) 
overlays                 0/1024            0/360448   ( 0.0%) 
LDR lightdata         [variable]           0/0        ( 0.0%) 
HDR lightdata         [variable]       90224/0        ( 0.0%) 
visdata               [variable]          74/16777216 ( 0.0%) 
entdata               [variable]        1060/393216   ( 0.3%) 
LDR ambient table       40/65536         160/262144   ( 0.1%) 
HDR ambient table       40/65536         160/262144   ( 0.1%) 
LDR leaf ambient        40/65536        1120/1835008  ( 0.1%) 
HDR leaf ambient        13/65536         364/1835008  ( 0.0%) 
occluders                0/0               0/0        ( 0.0%) 
occluder polygons        0/0               0/0        ( 0.0%) 
occluder vert ind        0/0               0/0        ( 0.0%) 
detail props          [variable]           1/12       ( 8.3%) 
static props          [variable]           1/12       ( 8.3%) 
pakfile               [variable]          54/0        ( 0.0%) 
physics               [variable]        3225/4194304  ( 0.1%) 
physics terrain       [variable]           2/1048576  ( 0.0%) 

Level flags = 2

Total triangle count: 144
Writing c:\program files (x86)\steam\steamapps\sourcemods\gigabuilder\mapsrc\gb_shooting.bsp
0 seconds elapsed



materialPath: C:\Program Files (x86)\Steam\steamapps\sourcemods\GigaBuilder\materials
Loading C:\Program Files (x86)\Steam\steamapps\sourcemods\GigaBuilder\mapsrc\gb_shooting.vmf
Could not locate GameData file 
fixing up env_cubemap materials on brush sides...
0...1...2...3...4...5...6...7...8...9...100...1...2...3...4...5...6...7...8...9...10Processing areas...done (0)
Building Faces...done (0)
FixTjuncs...
PruneNodes...
WriteBSP...
done (0)
writing C:\Program Files (x86)\Steam\steamapps\sourcemods\GigaBuilder\mapsrc\gb_shooting.prt...Building visibility clusters...
done (0)
Finding displacement neighbors...
Finding lightmap sample positions...
Displacement Alpha : 0...1...2...3...4...5...6...7...8...9...10
Building Physics collision data...
done (0) (3628 bytes)
Placing static props...
Placing detail props : 0...1...2...3...4...5...6...7...8...9...10
Compacting texture/material tables...
Reduced 18 texinfos to 11
Reduced 5 texdatas to 4 (148 bytes to 129)
Writing C:\Program Files (x86)\Steam\steamapps\sourcemods\GigaBuilder\mapsrc\gb_shooting.bsp
0 seconds elapsed



12 threads
reading c:\program files (x86)\steam\steamapps\sourcemods\gigabuilder\mapsrc\gb_shooting.bsp
reading c:\program files (x86)\steam\steamapps\sourcemods\gigabuilder\mapsrc\gb_shooting.prt
  13 portalclusters
  25 numportals
0...1...2...3...4...5...6...7...8...9...100...1...2...3...4...5...6...7...8...9...10Optimized: 0 visible clusters (0.00%)
Total clusters visible: 167
Average clusters visible: 12
Building PAS...
Average clusters audible: 13
visdatasize:160  compressed from 208
writing c:\program files (x86)\steam\steamapps\sourcemods\gigabuilder\mapsrc\gb_shooting.bsp
0 seconds elapsed



[Reading texlights from 'lights.rad']
[48 texlights parsed from 'lights.rad']

Loading c:\program files (x86)\steam\steamapps\sourcemods\gigabuilder\mapsrc\gb_shooting.bsp
71 faces
36942 square feet [5319680.00 square inches]
0 Displacements
0 Square Feet [0.00 Square Inches]
71 patches before subdivision
4629 patches after subdivision
0 direct lights
0...1...2...3...4...5...6...7...8...9...100...1...2...3...4...5...6...7...8...9...10transfers 496724, max 266
transfer lists:   3.8 megs
0...1...2...3...4...5...6...7...8...9...10	Bounce #1 added RGB(0, 0, 0)
Build Patch/Sample Hash Table(s).....Done<0.0005 sec>
0...1...2...3...4...5...6...7...8...9...10FinalLightFace Done
0 of 0 (0% of) surface lights went in leaf ambient cubes.
0...1...2...3...4...5...6...7...8...9...10Writing leaf ambient...done
Ready to Finish

Object names       Objects/Maxobjs  Memory / Maxmem  Fullness 
------------       ---------------  ---------------  -------- 
models                   2/4096           96/196608   ( 0.0%) 
brushes                  9/32768         108/393216   ( 0.0%) 
brushsides              54/65536         432/524288   ( 0.1%) 
planes                  88/65536        1760/1310720  ( 0.1%) 
vertexes               107/65536        1284/786432   ( 0.2%) 
nodes                   45/65536        1440/2097152  ( 0.1%) 
texinfos                11/12288         792/884736   ( 0.1%) 
texdata                  4/2048          128/65536    ( 0.2%) 
dispinfos                0/0               0/0        ( 0.0%) 
disp_verts               0/0               0/0        ( 0.0%) 
disp_tris                0/0               0/0        ( 0.0%) 
disp_lmsamples           0/0               0/0        ( 0.0%) 
faces                   71/65536        3976/3670016  ( 0.1%) 
hdr faces               71/65536        3976/3670016  ( 0.1%) 
origfaces               21/65536        1176/3670016  ( 0.0%) 
leaves                  48/65536        1536/2097152  ( 0.1%) 
leaffaces               95/65536         190/131072   ( 0.1%) 
leafbrushes             20/65536          40/131072   ( 0.0%) 
areas                    2/1024           16/8192     ( 0.2%) 
surfedges              402/512000       1608/2048000  ( 0.1%) 
edges                  220/256000        880/1024000  ( 0.1%) 
LDR worldlights          0/16384           0/1441792  ( 0.0%) 
HDR worldlights          0/16384           0/1441792  ( 0.0%) 
leafwaterdata            0/32768           0/393216   ( 0.0%) 
waterstrips              4/131072         40/1310720  ( 0.0%) 
waterverts               0/131072          0/1572864  ( 0.0%) 
waterindices            57/131072        114/262144   ( 0.0%) 
cubemapsamples           1/1024           16/16384    ( 0.1%) 
overlays                 0/1024            0/360448   ( 0.0%) 
LDR lightdata         [variable]           0/0        ( 0.0%) 
HDR lightdata         [variable]      107208/0        ( 0.0%) 
visdata               [variable]         160/16777216 ( 0.0%) 
entdata               [variable]        1213/393216   ( 0.3%) 
LDR ambient table       48/65536         192/262144   ( 0.1%) 
HDR ambient table       48/65536         192/262144   ( 0.1%) 
LDR leaf ambient        48/65536        1344/1835008  ( 0.1%) 
HDR leaf ambient        19/65536         532/1835008  ( 0.0%) 
occluders                0/0               0/0        ( 0.0%) 
occluder polygons        0/0               0/0        ( 0.0%) 
occluder vert ind        0/0               0/0        ( 0.0%) 
detail props          [variable]           1/12       ( 8.3%) 
static props          [variable]           1/12       ( 8.3%) 
pakfile               [variable]         383/0        ( 0.0%) 
physics               [variable]        3628/4194304  ( 0.1%) 
physics terrain       [variable]           2/1048576  ( 0.0%) 

Level flags = 2

Total triangle count: 176
Writing c:\program files (x86)\steam\steamapps\sourcemods\gigabuilder\mapsrc\gb_shooting.bsp
0 seconds elapsed



materialPath: C:\Program Files (x86)\Steam\steamapps\sourcemods\GigaBuilder\materials
Loading C:\Program Files (x86)\Steam\steamapps\sourcemods\GigaBuilder\mapsrc\gb_shooting.vmf
Could not locate GameData file 
fixing up env_cubemap materials on brush sides...
0...1...2...3...4...5...6...7...8...9...100...1...2...3...4...5...6...7...8...9...10Processing areas...done (0)
Building Faces...done (0)
FixTjuncs...
PruneNodes...
WriteBSP...
done (0)
writing C:\Program Files (x86)\Steam\steamapps\sourcemods\GigaBuilder\mapsrc\gb_shooting.prt...Building visibility clusters...
done (0)
Finding displacement neighbors...
Finding lightmap sample positions...
Displacement Alpha : 0...1...2...3...4...5...6...7...8...9...10
Building Physics collision data...
done (0) (3225 bytes)
Placing static props...
Placing detail props : 0...1...2...3...4...5...6...7...8...9...10
Compacting texture/material tables...
Reduced 12 texinfos to 8
Reduced 3 texdatas to 3 (80 bytes to 80)
Writing C:\Program Files (x86)\Steam\steamapps\sourcemods\GigaBuilder\mapsrc\gb_shooting.bsp
0 seconds elapsed



12 threads
reading c:\program files (x86)\steam\steamapps\sourcemods\gigabuilder\mapsrc\gb_shooting.bsp
reading c:\program files (x86)\steam\steamapps\sourcemods\gigabuilder\mapsrc\gb_shooting.prt
   7 portalclusters
  11 numportals
0...1...2...3...4...5...6...7...8...9...100...1...2...3...4...5...6...7...8...9...10Optimized: 0 visible clusters (0.00%)
Total clusters visible: 49
Average clusters visible: 7
Building PAS...
Average clusters audible: 7
visdatasize:74  compressed from 112
writing c:\program files (x86)\steam\steamapps\sourcemods\gigabuilder\mapsrc\gb_shooting.bsp
0 seconds elapsed



[Reading texlights from 'lights.rad']
[48 texlights parsed from 'lights.rad']

Loading c:\program files (x86)\steam\steamapps\sourcemods\gigabuilder\mapsrc\gb_shooting.bsp
60 faces
36202 square feet [5213184.00 square inches]
0 Displacements
0 Square Feet [0.00 Square Inches]
60 patches before subdivision
3856 patches after subdivision
1 direct lights
0...1...2...3...4...5...6...7...8...9...100...1...2...3...4...5...6...7...8...9...10transfers 421834, max 255
transfer lists:   3.2 megs
0...1...2...3...4...5...6...7...8...9...10	Bounce #1 added RGB(1026, 288, 3)
0...1...2...3...4...5...6...7...8...9...10	Bounce #2 added RGB(456, 46, 0)
0...1...2...3...4...5...6...7...8...9...10	Bounce #3 added RGB(198, 8, 0)
0...1...2...3...4...5...6...7...8...9...10	Bounce #4 added RGB(83, 1, 0)
0...1...2...3...4...5...6...7...8...9...10	Bounce #5 added RGB(34, 0, 0)
0...1...2...3...4...5...6...7...8...9...10	Bounce #6 added RGB(14, 0, 0)
0...1...2...3...4...5...6...7...8...9...10	Bounce #7 added RGB(6, 0, 0)
0...1...2...3...4...5...6...7...8...9...10	Bounce #8 added RGB(2, 0, 0)
0...1...2...3...4...5...6...7...8...9...10	Bounce #9 added RGB(1, 0, 0)
Build Patch/Sample Hash Table(s).....Done<0.0006 sec>
0...1...2...3...4...5...6...7...8...9...10FinalLightFace Done
0 of 0 (0% of) surface lights went in leaf ambient cubes.
0...1...2...3...4...5...6...7...8...9...10Writing leaf ambient...done
Ready to Finish

Object names       Objects/Maxobjs  Memory / Maxmem  Fullness 
------------       ---------------  ---------------  -------- 
models                   2/4096           96/196608   ( 0.0%) 
brushes                  8/32768          96/393216   ( 0.0%) 
brushsides              48/65536         384/524288   ( 0.1%) 
planes                  78/65536        1560/1310720  ( 0.1%) 
vertexes                91/65536        1092/786432   ( 0.1%) 
nodes                   37/65536        1184/2097152  ( 0.1%) 
texinfos                 8/12288         576/884736   ( 0.1%) 
texdata                  3/2048           96/65536    ( 0.1%) 
dispinfos                0/0               0/0        ( 0.0%) 
disp_verts               0/0               0/0        ( 0.0%) 
disp_tris                0/0               0/0        ( 0.0%) 
disp_lmsamples           0/0               0/0        ( 0.0%) 
faces                   60/65536        3360/3670016  ( 0.1%) 
hdr faces               60/65536        3360/3670016  ( 0.1%) 
origfaces               16/65536         896/3670016  ( 0.0%) 
leaves                  40/65536        1280/2097152  ( 0.1%) 
leaffaces               64/65536         128/131072   ( 0.1%) 
leafbrushes             18/65536          36/131072   ( 0.0%) 
areas                    2/1024           16/8192     ( 0.2%) 
surfedges              328/512000       1312/2048000  ( 0.1%) 
edges                  181/256000        724/1024000  ( 0.1%) 
LDR worldlights          0/16384           0/1441792  ( 0.0%) 
HDR worldlights          1/16384          88/1441792  ( 0.0%) 
leafwaterdata            0/32768           0/393216   ( 0.0%) 
waterstrips              4/131072         40/1310720  ( 0.0%) 
waterverts               0/131072          0/1572864  ( 0.0%) 
waterindices            48/131072         96/262144   ( 0.0%) 
cubemapsamples           0/1024            0/16384    ( 0.0%) 
overlays                 0/1024            0/360448   ( 0.0%) 
LDR lightdata         [variable]           0/0        ( 0.0%) 
HDR lightdata         [variable]       90224/0        ( 0.0%) 
visdata               [variable]          74/16777216 ( 0.0%) 
entdata               [variable]        1811/393216   ( 0.5%) 
LDR ambient table       40/65536         160/262144   ( 0.1%) 
HDR ambient table       40/65536         160/262144   ( 0.1%) 
LDR leaf ambient        40/65536        1120/1835008  ( 0.1%) 
HDR leaf ambient       102/65536        2856/1835008  ( 0.2%) 
occluders                0/0               0/0        ( 0.0%) 
occluder polygons        0/0               0/0        ( 0.0%) 
occluder vert ind        0/0               0/0        ( 0.0%) 
detail props          [variable]           1/12       ( 8.3%) 
static props          [variable]           1/12       ( 8.3%) 
pakfile               [variable]          54/0        ( 0.0%) 
physics               [variable]        3225/4194304  ( 0.1%) 
physics terrain       [variable]           2/1048576  ( 0.0%) 

Level flags = 2

Total triangle count: 144
Writing c:\program files (x86)\steam\steamapps\sourcemods\gigabuilder\mapsrc\gb_shooting.bsp
0 seconds elapsed



materialPath: C:\Program Files (x86)\Steam\steamapps\sourcemods\GigaBuilder\materials
Loading C:\Program Files (x86)\Steam\steamapps\sourcemods\GigaBuilder\mapsrc\gb_shooting.vmf
Could not locate GameData file 
fixing up env_cubemap materials on brush sides...
0...1...2...3...4...5...6...7...8...9...100...1...2...3...4...5...6...7...8...9...10Processing areas...done (0)
Building Faces...done (0)
FixTjuncs...
PruneNodes...
WriteBSP...
done (0)
writing C:\Program Files (x86)\Steam\steamapps\sourcemods\GigaBuilder\mapsrc\gb_shooting.prt...Building visibility clusters...
done (0)
Finding displacement neighbors...
Finding lightmap sample positions...
Displacement Alpha : 0...1...2...3...4...5...6...7...8...9...10
Building Physics collision data...
done (0) (3225 bytes)
Placing static props...
Placing detail props : 0...1...2...3...4...5...6...7...8...9...10
Compacting texture/material tables...
Reduced 12 texinfos to 8
Reduced 3 texdatas to 3 (80 bytes to 80)
Writing C:\Program Files (x86)\Steam\steamapps\sourcemods\GigaBuilder\mapsrc\gb_shooting.bsp
0 seconds elapsed



12 threads
reading c:\program files (x86)\steam\steamapps\sourcemods\gigabuilder\mapsrc\gb_shooting.bsp
reading c:\program files (x86)\steam\steamapps\sourcemods\gigabuilder\mapsrc\gb_shooting.prt
   7 portalclusters
  11 numportals
0...1...2...3...4...5...6...7...8...9...100...1...2...3...4...5...6...7...8...9...10Optimized: 0 visible clusters (0.00%)
Total clusters visible: 49
Average clusters visible: 7
Building PAS...
Average clusters audible: 7
visdatasize:74  compressed from 112
writing c:\program files (x86)\steam\steamapps\sourcemods\gigabuilder\mapsrc\gb_shooting.bsp
0 seconds elapsed



[Reading texlights from 'lights.rad']
[48 texlights parsed from 'lights.rad']

Loading c:\program files (x86)\steam\steamapps\sourcemods\gigabuilder\mapsrc\gb_shooting.bsp
60 faces
36202 square feet [5213184.00 square inches]
0 Displacements
0 Square Feet [0.00 Square Inches]
60 patches before subdivision
3856 patches after subdivision
1 direct lights
0...1...2...3...4...5...6...7...8...9...100...1...2...3...4...5...6...7...8...9...10transfers 421834, max 255
transfer lists:   3.2 megs
0...1...2...3...4...5...6...7...8...9...10	Bounce #1 added RGB(1026, 288, 3)
0...1...2...3...4...5...6...7...8...9...10	Bounce #2 added RGB(456, 46, 0)
0...1...2...3...4...5...6...7...8...9...10	Bounce #3 added RGB(198, 8, 0)
0...1...2...3...4...5...6...7...8...9...10	Bounce #4 added RGB(83, 1, 0)
0...1...2...3...4...5...6...7...8...9...10	Bounce #5 added RGB(34, 0, 0)
0...1...2...3...4...5...6...7...8...9...10	Bounce #6 added RGB(14, 0, 0)
0...1...2...3...4...5...6...7...8...9...10	Bounce #7 added RGB(6, 0, 0)
0...1...2...3...4...5...6...7...8...9...10	Bounce #8 added RGB(2, 0, 0)
0...1...2...3...4...5...6...7...8...9...10	Bounce #9 added RGB(1, 0, 0)
Build Patch/Sample Hash Table(s).....Done<0.0005 sec>
0...1...2...3...4...5...6...7...8...9...10FinalLightFace Done
0 of 0 (0% of) surface lights went in leaf ambient cubes.
0...1...2...3...4...5...6...7...8...9...10Writing leaf ambient...done
Ready to Finish

Object names       Objects/Maxobjs  Memory / Maxmem  Fullness 
------------       ---------------  ---------------  -------- 
models                   2/4096           96/196608   ( 0.0%) 
brushes                  8/32768          96/393216   ( 0.0%) 
brushsides              48/65536         384/524288   ( 0.1%) 
planes                  78/65536        1560/1310720  ( 0.1%) 
vertexes                91/65536        1092/786432   ( 0.1%) 
nodes                   37/65536        1184/2097152  ( 0.1%) 
texinfos                 8/12288         576/884736   ( 0.1%) 
texdata                  3/2048           96/65536    ( 0.1%) 
dispinfos                0/0               0/0        ( 0.0%) 
disp_verts               0/0               0/0        ( 0.0%) 
disp_tris                0/0               0/0        ( 0.0%) 
disp_lmsamples           0/0               0/0        ( 0.0%) 
faces                   60/65536        3360/3670016  ( 0.1%) 
hdr faces               60/65536        3360/3670016  ( 0.1%) 
origfaces               16/65536         896/3670016  ( 0.0%) 
leaves                  40/65536        1280/2097152  ( 0.1%) 
leaffaces               64/65536         128/131072   ( 0.1%) 
leafbrushes             18/65536          36/131072   ( 0.0%) 
areas                    2/1024           16/8192     ( 0.2%) 
surfedges              328/512000       1312/2048000  ( 0.1%) 
edges                  181/256000        724/1024000  ( 0.1%) 
LDR worldlights          0/16384           0/1441792  ( 0.0%) 
HDR worldlights          1/16384          88/1441792  ( 0.0%) 
leafwaterdata            0/32768           0/393216   ( 0.0%) 
waterstrips              4/131072         40/1310720  ( 0.0%) 
waterverts               0/131072          0/1572864  ( 0.0%) 
waterindices            48/131072         96/262144   ( 0.0%) 
cubemapsamples           0/1024            0/16384    ( 0.0%) 
overlays                 0/1024            0/360448   ( 0.0%) 
LDR lightdata         [variable]           0/0        ( 0.0%) 
HDR lightdata         [variable]       90224/0        ( 0.0%) 
visdata               [variable]          74/16777216 ( 0.0%) 
entdata               [variable]        1814/393216   ( 0.5%) 
LDR ambient table       40/65536         160/262144   ( 0.1%) 
HDR ambient table       40/65536         160/262144   ( 0.1%) 
LDR leaf ambient        40/65536        1120/1835008  ( 0.1%) 
HDR leaf ambient       102/65536        2856/1835008  ( 0.2%) 
occluders                0/0               0/0        ( 0.0%) 
occluder polygons        0/0               0/0        ( 0.0%) 
occluder vert ind        0/0               0/0        ( 0.0%) 
detail props          [variable]           1/12       ( 8.3%) 
static props          [variable]           1/12       ( 8.3%) 
pakfile               [variable]          54/0        ( 0.0%) 
physics               [variable]        3225/4194304  ( 0.1%) 
physics terrain       [variable]           2/1048576  ( 0.0%) 

Level flags = 2

Total triangle count: 144
Writing c:\program files (x86)\steam\steamapps\sourcemods\gigabuilder\mapsrc\gb_shooting.bsp
0 seconds elapsed



materialPath: C:\Program Files (x86)\Steam\steamapps\sourcemods\GigaBuilder\materials
Loading C:\Program Files (x86)\Steam\steamapps\sourcemods\GigaBuilder\mapsrc\gb_shooting.vmf
Could not locate GameData file 
fixing up env_cubemap materials on brush sides...
0...1...2...3...4...5...6...7...8...9...100...1...2...3...4...5...6...7...8...9...10Processing areas...done (0)
Building Faces...done (0)
FixTjuncs...
PruneNodes...
WriteBSP...
done (0)
writing C:\Program Files (x86)\Steam\steamapps\sourcemods\GigaBuilder\mapsrc\gb_shooting.prt...Building visibility clusters...
done (0)
Finding displacement neighbors...
Finding lightmap sample positions...
Displacement Alpha : 0...1...2...3...4...5...6...7...8...9...10
Building Physics collision data...
done (0) (3225 bytes)
Placing static props...
Placing detail props : 0...1...2...3...4...5...6...7...8...9...10
Compacting texture/material tables...
Reduced 12 texinfos to 8
Reduced 3 texdatas to 3 (80 bytes to 80)
Writing C:\Program Files (x86)\Steam\steamapps\sourcemods\GigaBuilder\mapsrc\gb_shooting.bsp
0 seconds elapsed



12 threads
reading c:\program files (x86)\steam\steamapps\sourcemods\gigabuilder\mapsrc\gb_shooting.bsp
reading c:\program files (x86)\steam\steamapps\sourcemods\gigabuilder\mapsrc\gb_shooting.prt
   7 portalclusters
  11 numportals
0...1...2...3...4...5...6...7...8...9...100...1...2...3...4...5...6...7...8...9...10Optimized: 0 visible clusters (0.00%)
Total clusters visible: 49
Average clusters visible: 7
Building PAS...
Average clusters audible: 7
visdatasize:74  compressed from 112
writing c:\program files (x86)\steam\steamapps\sourcemods\gigabuilder\mapsrc\gb_shooting.bsp
0 seconds elapsed



[Reading texlights from 'lights.rad']
[48 texlights parsed from 'lights.rad']

Loading c:\program files (x86)\steam\steamapps\sourcemods\gigabuilder\mapsrc\gb_shooting.bsp
60 faces
36202 square feet [5213184.00 square inches]
0 Displacements
0 Square Feet [0.00 Square Inches]
60 patches before subdivision
3856 patches after subdivision
1 direct lights
0...1...2...3...4...5...6...7...8...9...100...1...2...3...4...5...6...7...8...9...10transfers 421834, max 255
transfer lists:   3.2 megs
0...1...2...3...4...5...6...7...8...9...10	Bounce #1 added RGB(1026, 288, 3)
0...1...2...3...4...5...6...7...8...9...10	Bounce #2 added RGB(456, 46, 0)
0...1...2...3...4...5...6...7...8...9...10	Bounce #3 added RGB(198, 8, 0)
0...1...2...3...4...5...6...7...8...9...10	Bounce #4 added RGB(83, 1, 0)
0...1...2...3...4...5...6...7...8...9...10	Bounce #5 added RGB(34, 0, 0)
0...1...2...3...4...5...6...7...8...9...10	Bounce #6 added RGB(14, 0, 0)
0...1...2...3...4...5...6...7...8...9...10	Bounce #7 added RGB(6, 0, 0)
0...1...2...3...4...5...6...7...8...9...10	Bounce #8 added RGB(2, 0, 0)
0...1...2...3...4...5...6...7...8...9...10	Bounce #9 added RGB(1, 0, 0)
Build Patch/Sample Hash Table(s).....Done<0.0005 sec>
0...1...2...3...4...5...6...7...8...9...10FinalLightFace Done
0 of 0 (0% of) surface lights went in leaf ambient cubes.
0...1...2...3...4...5...6...7...8...9...10Writing leaf ambient...done
Ready to Finish

Object names       Objects/Maxobjs  Memory / Maxmem  Fullness 
------------       ---------------  ---------------  -------- 
models                   2/4096           96/196608   ( 0.0%) 
brushes                  8/32768          96/393216   ( 0.0%) 
brushsides              48/65536         384/524288   ( 0.1%) 
planes                  78/65536        1560/1310720  ( 0.1%) 
vertexes                91/65536        1092/786432   ( 0.1%) 
nodes                   37/65536        1184/2097152  ( 0.1%) 
texinfos                 8/12288         576/884736   ( 0.1%) 
texdata                  3/2048           96/65536    ( 0.1%) 
dispinfos                0/0               0/0        ( 0.0%) 
disp_verts               0/0               0/0        ( 0.0%) 
disp_tris                0/0               0/0        ( 0.0%) 
disp_lmsamples           0/0               0/0        ( 0.0%) 
faces                   60/65536        3360/3670016  ( 0.1%) 
hdr faces               60/65536        3360/3670016  ( 0.1%) 
origfaces               16/65536         896/3670016  ( 0.0%) 
leaves                  40/65536        1280/2097152  ( 0.1%) 
leaffaces               64/65536         128/131072   ( 0.1%) 
leafbrushes             18/65536          36/131072   ( 0.0%) 
areas                    2/1024           16/8192     ( 0.2%) 
surfedges              328/512000       1312/2048000  ( 0.1%) 
edges                  181/256000        724/1024000  ( 0.1%) 
LDR worldlights          0/16384           0/1441792  ( 0.0%) 
HDR worldlights          1/16384          88/1441792  ( 0.0%) 
leafwaterdata            0/32768           0/393216   ( 0.0%) 
waterstrips              4/131072         40/1310720  ( 0.0%) 
waterverts               0/131072          0/1572864  ( 0.0%) 
waterindices            48/131072         96/262144   ( 0.0%) 
cubemapsamples           0/1024            0/16384    ( 0.0%) 
overlays                 0/1024            0/360448   ( 0.0%) 
LDR lightdata         [variable]           0/0        ( 0.0%) 
HDR lightdata         [variable]       90224/0        ( 0.0%) 
visdata               [variable]          74/16777216 ( 0.0%) 
entdata               [variable]        1777/393216   ( 0.5%) 
LDR ambient table       40/65536         160/262144   ( 0.1%) 
HDR ambient table       40/65536         160/262144   ( 0.1%) 
LDR leaf ambient        40/65536        1120/1835008  ( 0.1%) 
HDR leaf ambient       102/65536        2856/1835008  ( 0.2%) 
occluders                0/0               0/0        ( 0.0%) 
occluder polygons        0/0               0/0        ( 0.0%) 
occluder vert ind        0/0               0/0        ( 0.0%) 
detail props          [variable]           1/12       ( 8.3%) 
static props          [variable]           1/12       ( 8.3%) 
pakfile               [variable]          54/0        ( 0.0%) 
physics               [variable]        3225/4194304  ( 0.1%) 
physics terrain       [variable]           2/1048576  ( 0.0%) 

Level flags = 2

Total triangle count: 144
Writing c:\program files (x86)\steam\steamapps\sourcemods\gigabuilder\mapsrc\gb_shooting.bsp
0 seconds elapsed



materialPath: C:\Program Files (x86)\Steam\steamapps\sourcemods\GigaBuilder\materials
Loading C:\Program Files (x86)\Steam\steamapps\sourcemods\GigaBuilder\mapsrc\gb_shooting.vmf
Could not locate GameData file 
fixing up env_cubemap materials on brush sides...
0...1...2...3...4...5...6...7...8...9...100...1...2...3...4...5...6...7...8...9...10Processing areas...done (0)
Building Faces...done (0)
FixTjuncs...
PruneNodes...
WriteBSP...
done (0)
writing C:\Program Files (x86)\Steam\steamapps\sourcemods\GigaBuilder\mapsrc\gb_shooting.prt...Building visibility clusters...
done (0)
Finding displacement neighbors...
Finding lightmap sample positions...
Displacement Alpha : 0...1...2...3...4...5...6...7...8...9...10
Building Physics collision data...
done (0) (3225 bytes)
Placing static props...
Placing detail props : 0...1...2...3...4...5...6...7...8...9...10
Compacting texture/material tables...
Reduced 12 texinfos to 8
Reduced 3 texdatas to 3 (80 bytes to 80)
Writing C:\Program Files (x86)\Steam\steamapps\sourcemods\GigaBuilder\mapsrc\gb_shooting.bsp
0 seconds elapsed



12 threads
reading c:\program files (x86)\steam\steamapps\sourcemods\gigabuilder\mapsrc\gb_shooting.bsp
reading c:\program files (x86)\steam\steamapps\sourcemods\gigabuilder\mapsrc\gb_shooting.prt
   7 portalclusters
  11 numportals
0...1...2...3...4...5...6...7...8...9...100...1...2...3...4...5...6...7...8...9...10Optimized: 0 visible clusters (0.00%)
Total clusters visible: 49
Average clusters visible: 7
Building PAS...
Average clusters audible: 7
visdatasize:74  compressed from 112
writing c:\program files (x86)\steam\steamapps\sourcemods\gigabuilder\mapsrc\gb_shooting.bsp
0 seconds elapsed



[Reading texlights from 'lights.rad']
[48 texlights parsed from 'lights.rad']

Loading c:\program files (x86)\steam\steamapps\sourcemods\gigabuilder\mapsrc\gb_shooting.bsp
60 faces
36202 square feet [5213184.00 square inches]
0 Displacements
0 Square Feet [0.00 Square Inches]
60 patches before subdivision
3856 patches after subdivision
1 direct lights
0...1...2...3...4...5...6...7...8...9...100...1...2...3...4...5...6...7...8...9...10transfers 421834, max 255
transfer lists:   3.2 megs
0...1...2...3...4...5...6...7...8...9...10	Bounce #1 added RGB(1026, 288, 3)
0...1...2...3...4...5...6...7...8...9...10	Bounce #2 added RGB(456, 46, 0)
0...1...2...3...4...5...6...7...8...9...10	Bounce #3 added RGB(198, 8, 0)
0...1...2...3...4...5...6...7...8...9...10	Bounce #4 added RGB(83, 1, 0)
0...1...2...3...4...5...6...7...8...9...10	Bounce #5 added RGB(34, 0, 0)
0...1...2...3...4...5...6...7...8...9...10	Bounce #6 added RGB(14, 0, 0)
0...1...2...3...4...5...6...7...8...9...10	Bounce #7 added RGB(6, 0, 0)
0...1...2...3...4...5...6...7...8...9...10	Bounce #8 added RGB(2, 0, 0)
0...1...2...3...4...5...6...7...8...9...10	Bounce #9 added RGB(1, 0, 0)
Build Patch/Sample Hash Table(s).....Done<0.0006 sec>
0...1...2...3...4...5...6...7...8...9...10FinalLightFace Done
0 of 0 (0% of) surface lights went in leaf ambient cubes.
0...1...2...3...4...5...6...7...8...9...10Writing leaf ambient...done
Ready to Finish

Object names       Objects/Maxobjs  Memory / Maxmem  Fullness 
------------       ---------------  ---------------  -------- 
models                   2/4096           96/196608   ( 0.0%) 
brushes                  8/32768          96/393216   ( 0.0%) 
brushsides              48/65536         384/524288   ( 0.1%) 
planes                  78/65536        1560/1310720  ( 0.1%) 
vertexes                91/65536        1092/786432   ( 0.1%) 
nodes                   37/65536        1184/2097152  ( 0.1%) 
texinfos                 8/12288         576/884736   ( 0.1%) 
texdata                  3/2048           96/65536    ( 0.1%) 
dispinfos                0/0               0/0        ( 0.0%) 
disp_verts               0/0               0/0        ( 0.0%) 
disp_tris                0/0               0/0        ( 0.0%) 
disp_lmsamples           0/0               0/0        ( 0.0%) 
faces                   60/65536        3360/3670016  ( 0.1%) 
hdr faces               60/65536        3360/3670016  ( 0.1%) 
origfaces               16/65536         896/3670016  ( 0.0%) 
leaves                  40/65536        1280/2097152  ( 0.1%) 
leaffaces               64/65536         128/131072   ( 0.1%) 
leafbrushes             18/65536          36/131072   ( 0.0%) 
areas                    2/1024           16/8192     ( 0.2%) 
surfedges              328/512000       1312/2048000  ( 0.1%) 
edges                  181/256000        724/1024000  ( 0.1%) 
LDR worldlights          0/16384           0/1441792  ( 0.0%) 
HDR worldlights          1/16384          88/1441792  ( 0.0%) 
leafwaterdata            0/32768           0/393216   ( 0.0%) 
waterstrips              4/131072         40/1310720  ( 0.0%) 
waterverts               0/131072          0/1572864  ( 0.0%) 
waterindices            48/131072         96/262144   ( 0.0%) 
cubemapsamples           0/1024            0/16384    ( 0.0%) 
overlays                 0/1024            0/360448   ( 0.0%) 
LDR lightdata         [variable]           0/0        ( 0.0%) 
HDR lightdata         [variable]       90224/0        ( 0.0%) 
visdata               [variable]          74/16777216 ( 0.0%) 
entdata               [variable]        1771/393216   ( 0.5%) 
LDR ambient table       40/65536         160/262144   ( 0.1%) 
HDR ambient table       40/65536         160/262144   ( 0.1%) 
LDR leaf ambient        40/65536        1120/1835008  ( 0.1%) 
HDR leaf ambient       102/65536        2856/1835008  ( 0.2%) 
occluders                0/0               0/0        ( 0.0%) 
occluder polygons        0/0               0/0        ( 0.0%) 
occluder vert ind        0/0               0/0        ( 0.0%) 
detail props          [variable]           1/12       ( 8.3%) 
static props          [variable]           1/12       ( 8.3%) 
pakfile               [variable]          54/0        ( 0.0%) 
physics               [variable]        3225/4194304  ( 0.1%) 
physics terrain       [variable]           2/1048576  ( 0.0%) 

Level flags = 2

Total triangle count: 144
Writing c:\program files (x86)\steam\steamapps\sourcemods\gigabuilder\mapsrc\gb_shooting.bsp
0 seconds elapsed



materialPath: C:\Program Files (x86)\Steam\steamapps\sourcemods\GigaBuilder\materials
Loading C:\Program Files (x86)\Steam\steamapps\sourcemods\GigaBuilder\mapsrc\gb_shooting.vmf
Could not locate GameData file 
fixing up env_cubemap materials on brush sides...
0...1...2...3...4...5...6...7...8...9...100...1...2...3...4...5...6...7...8...9...10Processing areas...done (0)
Building Faces...done (0)
FixTjuncs...
PruneNodes...
WriteBSP...
done (0)
writing C:\Program Files (x86)\Steam\steamapps\sourcemods\GigaBuilder\mapsrc\gb_shooting.prt...Building visibility clusters...
done (0)
Finding displacement neighbors...
Finding lightmap sample positions...
Displacement Alpha : 0...1...2...3...4...5...6...7...8...9...10
Building Physics collision data...
done (0) (3225 bytes)
Placing static props...
Placing detail props : 0...1...2...3...4...5...6...7...8...9...10
Compacting texture/material tables...
Reduced 12 texinfos to 8
Reduced 3 texdatas to 3 (80 bytes to 80)
Writing C:\Program Files (x86)\Steam\steamapps\sourcemods\GigaBuilder\mapsrc\gb_shooting.bsp
0 seconds elapsed



12 threads
reading c:\program files (x86)\steam\steamapps\sourcemods\gigabuilder\mapsrc\gb_shooting.bsp
reading c:\program files (x86)\steam\steamapps\sourcemods\gigabuilder\mapsrc\gb_shooting.prt
   7 portalclusters
  11 numportals
0...1...2...3...4...5...6...7...8...9...100...1...2...3...4...5...6...7...8...9...10Optimized: 0 visible clusters (0.00%)
Total clusters visible: 49
Average clusters visible: 7
Building PAS...
Average clusters audible: 7
visdatasize:74  compressed from 112
writing c:\program files (x86)\steam\steamapps\sourcemods\gigabuilder\mapsrc\gb_shooting.bsp
0 seconds elapsed



[Reading texlights from 'lights.rad']
[48 texlights parsed from 'lights.rad']

Loading c:\program files (x86)\steam\steamapps\sourcemods\gigabuilder\mapsrc\gb_shooting.bsp
60 faces
36202 square feet [5213184.00 square inches]
0 Displacements
0 Square Feet [0.00 Square Inches]
60 patches before subdivision
3856 patches after subdivision
1 direct lights
0...1...2...3...4...5...6...7...8...9...100...1...2...3...4...5...6...7...8...9...10transfers 421834, max 255
transfer lists:   3.2 megs
0...1...2...3...4...5...6...7...8...9...10	Bounce #1 added RGB(1026, 288, 3)
0...1...2...3...4...5...6...7...8...9...10	Bounce #2 added RGB(456, 46, 0)
0...1...2...3...4...5...6...7...8...9...10	Bounce #3 added RGB(198, 8, 0)
0...1...2...3...4...5...6...7...8...9...10	Bounce #4 added RGB(83, 1, 0)
0...1...2...3...4...5...6...7...8...9...10	Bounce #5 added RGB(34, 0, 0)
0...1...2...3...4...5...6...7...8...9...10	Bounce #6 added RGB(14, 0, 0)
0...1...2...3...4...5...6...7...8...9...10	Bounce #7 added RGB(6, 0, 0)
0...1...2...3...4...5...6...7...8...9...10	Bounce #8 added RGB(2, 0, 0)
0...1...2...3...4...5...6...7...8...9...10	Bounce #9 added RGB(1, 0, 0)
Build Patch/Sample Hash Table(s).....Done<0.0006 sec>
0...1...2...3...4...5...6...7...8...9...10FinalLightFace Done
0 of 0 (0% of) surface lights went in leaf ambient cubes.
0...1...2...3...4...5...6...7...8...9...10Writing leaf ambient...done
Ready to Finish

Object names       Objects/Maxobjs  Memory / Maxmem  Fullness 
------------       ---------------  ---------------  -------- 
models                   2/4096           96/196608   ( 0.0%) 
brushes                  8/32768          96/393216   ( 0.0%) 
brushsides              48/65536         384/524288   ( 0.1%) 
planes                  78/65536        1560/1310720  ( 0.1%) 
vertexes                91/65536        1092/786432   ( 0.1%) 
nodes                   37/65536        1184/2097152  ( 0.1%) 
texinfos                 8/12288         576/884736   ( 0.1%) 
texdata                  3/2048           96/65536    ( 0.1%) 
dispinfos                0/0               0/0        ( 0.0%) 
disp_verts               0/0               0/0        ( 0.0%) 
disp_tris                0/0               0/0        ( 0.0%) 
disp_lmsamples           0/0               0/0        ( 0.0%) 
faces                   60/65536        3360/3670016  ( 0.1%) 
hdr faces               60/65536        3360/3670016  ( 0.1%) 
origfaces               16/65536         896/3670016  ( 0.0%) 
leaves                  40/65536        1280/2097152  ( 0.1%) 
leaffaces               64/65536         128/131072   ( 0.1%) 
leafbrushes             18/65536          36/131072   ( 0.0%) 
areas                    2/1024           16/8192     ( 0.2%) 
surfedges              328/512000       1312/2048000  ( 0.1%) 
edges                  181/256000        724/1024000  ( 0.1%) 
LDR worldlights          0/16384           0/1441792  ( 0.0%) 
HDR worldlights          1/16384          88/1441792  ( 0.0%) 
leafwaterdata            0/32768           0/393216   ( 0.0%) 
waterstrips              4/131072         40/1310720  ( 0.0%) 
waterverts               0/131072          0/1572864  ( 0.0%) 
waterindices            48/131072         96/262144   ( 0.0%) 
cubemapsamples           0/1024            0/16384    ( 0.0%) 
overlays                 0/1024            0/360448   ( 0.0%) 
LDR lightdata         [variable]           0/0        ( 0.0%) 
HDR lightdata         [variable]       90224/0        ( 0.0%) 
visdata               [variable]          74/16777216 ( 0.0%) 
entdata               [variable]        1826/393216   ( 0.5%) 
LDR ambient table       40/65536         160/262144   ( 0.1%) 
HDR ambient table       40/65536         160/262144   ( 0.1%) 
LDR leaf ambient        40/65536        1120/1835008  ( 0.1%) 
HDR leaf ambient       102/65536        2856/1835008  ( 0.2%) 
occluders                0/0               0/0        ( 0.0%) 
occluder polygons        0/0               0/0        ( 0.0%) 
occluder vert ind        0/0               0/0        ( 0.0%) 
detail props          [variable]           1/12       ( 8.3%) 
static props          [variable]           1/12       ( 8.3%) 
pakfile               [variable]          54/0        ( 0.0%) 
physics               [variable]        3225/4194304  ( 0.1%) 
physics terrain       [variable]           2/1048576  ( 0.0%) 

Level flags = 2

Total triangle count: 144
Writing c:\program files (x86)\steam\steamapps\sourcemods\gigabuilder\mapsrc\gb_shooting.bsp
0 seconds elapsed



materialPath: C:\Program Files (x86)\Steam\steamapps\sourcemods\GigaBuilder\materials
Loading C:\Program Files (x86)\Steam\steamapps\sourcemods\GigaBuilder\mapsrc\gb_shooting.vmf
Could not locate GameData file 
fixing up env_cubemap materials on brush sides...
0...1...2...3...4...5...6...7...8...9...100...1...2...3...4...5...6...7...8...9...10Processing areas...done (0)
Building Faces...done (0)
FixTjuncs...
PruneNodes...
WriteBSP...
done (0)
writing C:\Program Files (x86)\Steam\steamapps\sourcemods\GigaBuilder\mapsrc\gb_shooting.prt...Building visibility clusters...
done (0)
Finding displacement neighbors...
Finding lightmap sample positions...
Displacement Alpha : 0...1...2...3...4...5...6...7...8...9...10
Building Physics collision data...
done (0) (3225 bytes)
Placing static props...
Placing detail props : 0...1...2...3...4...5...6...7...8...9...10
Compacting texture/material tables...
Reduced 12 texinfos to 8
Reduced 3 texdatas to 3 (80 bytes to 80)
Writing C:\Program Files (x86)\Steam\steamapps\sourcemods\GigaBuilder\mapsrc\gb_shooting.bsp
0 seconds elapsed



12 threads
reading c:\program files (x86)\steam\steamapps\sourcemods\gigabuilder\mapsrc\gb_shooting.bsp
reading c:\program files (x86)\steam\steamapps\sourcemods\gigabuilder\mapsrc\gb_shooting.prt
   7 portalclusters
  11 numportals
0...1...2...3...4...5...6...7...8...9...100...1...2...3...4...5...6...7...8...9...10Optimized: 0 visible clusters (0.00%)
Total clusters visible: 49
Average clusters visible: 7
Building PAS...
Average clusters audible: 7
visdatasize:74  compressed from 112
writing c:\program files (x86)\steam\steamapps\sourcemods\gigabuilder\mapsrc\gb_shooting.bsp
0 seconds elapsed



[Reading texlights from 'lights.rad']
[48 texlights parsed from 'lights.rad']

Loading c:\program files (x86)\steam\steamapps\sourcemods\gigabuilder\mapsrc\gb_shooting.bsp
60 faces
36202 square feet [5213184.00 square inches]
0 Displacements
0 Square Feet [0.00 Square Inches]
60 patches before subdivision
3856 patches after subdivision
1 direct lights
0...1...2...3...4...5...6...7...8...9...100...1...2...3...4...5...6...7...8...9...10transfers 421834, max 255
transfer lists:   3.2 megs
0...1...2...3...4...5...6...7...8...9...10	Bounce #1 added RGB(1026, 288, 3)
0...1...2...3...4...5...6...7...8...9...10	Bounce #2 added RGB(456, 46, 0)
0...1...2...3...4...5...6...7...8...9...10	Bounce #3 added RGB(198, 8, 0)
0...1...2...3...4...5...6...7...8...9...10	Bounce #4 added RGB(83, 1, 0)
0...1...2...3...4...5...6...7...8...9...10	Bounce #5 added RGB(34, 0, 0)
0...1...2...3...4...5...6...7...8...9...10	Bounce #6 added RGB(14, 0, 0)
0...1...2...3...4...5...6...7...8...9...10	Bounce #7 added RGB(6, 0, 0)
0...1...2...3...4...5...6...7...8...9...10	Bounce #8 added RGB(2, 0, 0)
0...1...2...3...4...5...6...7...8...9...10	Bounce #9 added RGB(1, 0, 0)
Build Patch/Sample Hash Table(s).....Done<0.0006 sec>
0...1...2...3...4...5...6...7...8...9...10FinalLightFace Done
0 of 0 (0% of) surface lights went in leaf ambient cubes.
0...1...2...3...4...5...6...7...8...9...10Writing leaf ambient...done
Ready to Finish

Object names       Objects/Maxobjs  Memory / Maxmem  Fullness 
------------       ---------------  ---------------  -------- 
models                   2/4096           96/196608   ( 0.0%) 
brushes                  8/32768          96/393216   ( 0.0%) 
brushsides              48/65536         384/524288   ( 0.1%) 
planes                  78/65536        1560/1310720  ( 0.1%) 
vertexes                91/65536        1092/786432   ( 0.1%) 
nodes                   37/65536        1184/2097152  ( 0.1%) 
texinfos                 8/12288         576/884736   ( 0.1%) 
texdata                  3/2048           96/65536    ( 0.1%) 
dispinfos                0/0               0/0        ( 0.0%) 
disp_verts               0/0               0/0        ( 0.0%) 
disp_tris                0/0               0/0        ( 0.0%) 
disp_lmsamples           0/0               0/0        ( 0.0%) 
faces                   60/65536        3360/3670016  ( 0.1%) 
hdr faces               60/65536        3360/3670016  ( 0.1%) 
origfaces               16/65536         896/3670016  ( 0.0%) 
leaves                  40/65536        1280/2097152  ( 0.1%) 
leaffaces               64/65536         128/131072   ( 0.1%) 
leafbrushes             18/65536          36/131072   ( 0.0%) 
areas                    2/1024           16/8192     ( 0.2%) 
surfedges              328/512000       1312/2048000  ( 0.1%) 
edges                  181/256000        724/1024000  ( 0.1%) 
LDR worldlights          0/16384           0/1441792  ( 0.0%) 
HDR worldlights          1/16384          88/1441792  ( 0.0%) 
leafwaterdata            0/32768           0/393216   ( 0.0%) 
waterstrips              4/131072         40/1310720  ( 0.0%) 
waterverts               0/131072          0/1572864  ( 0.0%) 
waterindices            48/131072         96/262144   ( 0.0%) 
cubemapsamples           0/1024            0/16384    ( 0.0%) 
overlays                 0/1024            0/360448   ( 0.0%) 
LDR lightdata         [variable]           0/0        ( 0.0%) 
HDR lightdata         [variable]       90224/0        ( 0.0%) 
visdata               [variable]          74/16777216 ( 0.0%) 
entdata               [variable]        1848/393216   ( 0.5%) 
LDR ambient table       40/65536         160/262144   ( 0.1%) 
HDR ambient table       40/65536         160/262144   ( 0.1%) 
LDR leaf ambient        40/65536        1120/1835008  ( 0.1%) 
HDR leaf ambient       102/65536        2856/1835008  ( 0.2%) 
occluders                0/0               0/0        ( 0.0%) 
occluder polygons        0/0               0/0        ( 0.0%) 
occluder vert ind        0/0               0/0        ( 0.0%) 
detail props          [variable]           1/12       ( 8.3%) 
static props          [variable]           1/12       ( 8.3%) 
pakfile               [variable]          54/0        ( 0.0%) 
physics               [variable]        3225/4194304  ( 0.1%) 
physics terrain       [variable]           2/1048576  ( 0.0%) 

Level flags = 2

Total triangle count: 144
Writing c:\program files (x86)\steam\steamapps\sourcemods\gigabuilder\mapsrc\gb_shooting.bsp
0 seconds elapsed



materialPath: C:\Program Files (x86)\Steam\steamapps\sourcemods\GigaBuilder\materials
Loading C:\Program Files (x86)\Steam\steamapps\sourcemods\GigaBuilder\mapsrc\gb_shooting.vmf
Could not locate GameData file 
fixing up env_cubemap materials on brush sides...
0...1...2...3...4...5...6...7...8...9...100...1...2...3...4...5...6...7...8...9...10Processing areas...done (0)
Building Faces...done (0)
FixTjuncs...
PruneNodes...
WriteBSP...
done (0)
writing C:\Program Files (x86)\Steam\steamapps\sourcemods\GigaBuilder\mapsrc\gb_shooting.prt...Building visibility clusters...
done (0)
Finding displacement neighbors...
Finding lightmap sample positions...
Displacement Alpha : 0...1...2...3...4...5...6...7...8...9...10
Building Physics collision data...
done (0) (3225 bytes)
Placing static props...
Placing detail props : 0...1...2...3...4...5...6...7...8...9...10
Compacting texture/material tables...
Reduced 12 texinfos to 8
Reduced 3 texdatas to 3 (80 bytes to 80)
Writing C:\Program Files (x86)\Steam\steamapps\sourcemods\GigaBuilder\mapsrc\gb_shooting.bsp
0 seconds elapsed



12 threads
reading c:\program files (x86)\steam\steamapps\sourcemods\gigabuilder\mapsrc\gb_shooting.bsp
reading c:\program files (x86)\steam\steamapps\sourcemods\gigabuilder\mapsrc\gb_shooting.prt
   7 portalclusters
  11 numportals
0...1...2...3...4...5...6...7...8...9...100...1...2...3...4...5...6...7...8...9...10Optimized: 0 visible clusters (0.00%)
Total clusters visible: 49
Average clusters visible: 7
Building PAS...
Average clusters audible: 7
visdatasize:74  compressed from 112
writing c:\program files (x86)\steam\steamapps\sourcemods\gigabuilder\mapsrc\gb_shooting.bsp
0 seconds elapsed



[Reading texlights from 'lights.rad']
[48 texlights parsed from 'lights.rad']

Loading c:\program files (x86)\steam\steamapps\sourcemods\gigabuilder\mapsrc\gb_shooting.bsp
60 faces
36202 square feet [5213184.00 square inches]
0 Displacements
0 Square Feet [0.00 Square Inches]
60 patches before subdivision
3856 patches after subdivision
1 direct lights
0...1...2...3...4...5...6...7...8...9...100...1...2...3...4...5...6...7...8...9...10transfers 421834, max 255
transfer lists:   3.2 megs
0...1...2...3...4...5...6...7...8...9...10	Bounce #1 added RGB(1026, 288, 3)
0...1...2...3...4...5...6...7...8...9...10	Bounce #2 added RGB(456, 46, 0)
0...1...2...3...4...5...6...7...8...9...10	Bounce #3 added RGB(198, 8, 0)
0...1...2...3...4...5...6...7...8...9...10	Bounce #4 added RGB(83, 1, 0)
0...1...2...3...4...5...6...7...8...9...10	Bounce #5 added RGB(34, 0, 0)
0...1...2...3...4...5...6...7...8...9...10	Bounce #6 added RGB(14, 0, 0)
0...1...2...3...4...5...6...7...8...9...10	Bounce #7 added RGB(6, 0, 0)
0...1...2...3...4...5...6...7...8...9...10	Bounce #8 added RGB(2, 0, 0)
0...1...2...3...4...5...6...7...8...9...10	Bounce #9 added RGB(1, 0, 0)
Build Patch/Sample Hash Table(s).....Done<0.0005 sec>
0...1...2...3...4...5...6...7...8...9...10FinalLightFace Done
0 of 0 (0% of) surface lights went in leaf ambient cubes.
0...1...2...3...4...5...6...7...8...9...10Writing leaf ambient...done
Ready to Finish

Object names       Objects/Maxobjs  Memory / Maxmem  Fullness 
------------       ---------------  ---------------  -------- 
models                   2/4096           96/196608   ( 0.0%) 
brushes                  8/32768          96/393216   ( 0.0%) 
brushsides              48/65536         384/524288   ( 0.1%) 
planes                  78/65536        1560/1310720  ( 0.1%) 
vertexes                91/65536        1092/786432   ( 0.1%) 
nodes                   37/65536        1184/2097152  ( 0.1%) 
texinfos                 8/12288         576/884736   ( 0.1%) 
texdata                  3/2048           96/65536    ( 0.1%) 
dispinfos                0/0               0/0        ( 0.0%) 
disp_verts               0/0               0/0        ( 0.0%) 
disp_tris                0/0               0/0        ( 0.0%) 
disp_lmsamples           0/0               0/0        ( 0.0%) 
faces                   60/65536        3360/3670016  ( 0.1%) 
hdr faces               60/65536        3360/3670016  ( 0.1%) 
origfaces               16/65536         896/3670016  ( 0.0%) 
leaves                  40/65536        1280/2097152  ( 0.1%) 
leaffaces               64/65536         128/131072   ( 0.1%) 
leafbrushes             18/65536          36/131072   ( 0.0%) 
areas                    2/1024           16/8192     ( 0.2%) 
surfedges              328/512000       1312/2048000  ( 0.1%) 
edges                  181/256000        724/1024000  ( 0.1%) 
LDR worldlights          0/16384           0/1441792  ( 0.0%) 
HDR worldlights          1/16384          88/1441792  ( 0.0%) 
leafwaterdata            0/32768           0/393216   ( 0.0%) 
waterstrips              4/131072         40/1310720  ( 0.0%) 
waterverts               0/131072          0/1572864  ( 0.0%) 
waterindices            48/131072         96/262144   ( 0.0%) 
cubemapsamples           0/1024            0/16384    ( 0.0%) 
overlays                 0/1024            0/360448   ( 0.0%) 
LDR lightdata         [variable]           0/0        ( 0.0%) 
HDR lightdata         [variable]       90224/0        ( 0.0%) 
visdata               [variable]          74/16777216 ( 0.0%) 
entdata               [variable]        1845/393216   ( 0.5%) 
LDR ambient table       40/65536         160/262144   ( 0.1%) 
HDR ambient table       40/65536         160/262144   ( 0.1%) 
LDR leaf ambient        40/65536        1120/1835008  ( 0.1%) 
HDR leaf ambient       102/65536        2856/1835008  ( 0.2%) 
occluders                0/0               0/0        ( 0.0%) 
occluder polygons        0/0               0/0        ( 0.0%) 
occluder vert ind        0/0               0/0        ( 0.0%) 
detail props          [variable]           1/12       ( 8.3%) 
static props          [variable]           1/12       ( 8.3%) 
pakfile               [variable]          54/0        ( 0.0%) 
physics               [variable]        3225/4194304  ( 0.1%) 
physics terrain       [variable]           2/1048576  ( 0.0%) 

Level flags = 2

Total triangle count: 144
Writing c:\program files (x86)\steam\steamapps\sourcemods\gigabuilder\mapsrc\gb_shooting.bsp
0 seconds elapsed



materialPath: C:\Program Files (x86)\Steam\steamapps\sourcemods\GigaBuilder\materials
Loading C:\Program Files (x86)\Steam\steamapps\sourcemods\GigaBuilder\mapsrc\gb_shooting.vmf
Could not locate GameData file 
fixing up env_cubemap materials on brush sides...
0...1...2...3...4...5...6...7...8...9...100...1...2...3...4...5...6...7...8...9...10Processing areas...done (0)
Building Faces...done (0)
FixTjuncs...
PruneNodes...
WriteBSP...
done (0)
writing C:\Program Files (x86)\Steam\steamapps\sourcemods\GigaBuilder\mapsrc\gb_shooting.prt...Building visibility clusters...
done (0)
Finding displacement neighbors...
Finding lightmap sample positions...
Displacement Alpha : 0...1...2...3...4...5...6...7...8...9...10
Building Physics collision data...
done (0) (3225 bytes)
Placing static props...
Placing detail props : 0...1...2...3...4...5...6...7...8...9...10
Compacting texture/material tables...
Reduced 12 texinfos to 8
Reduced 3 texdatas to 3 (80 bytes to 80)
Writing C:\Program Files (x86)\Steam\steamapps\sourcemods\GigaBuilder\mapsrc\gb_shooting.bsp
0 seconds elapsed



12 threads
reading c:\program files (x86)\steam\steamapps\sourcemods\gigabuilder\mapsrc\gb_shooting.bsp
reading c:\program files (x86)\steam\steamapps\sourcemods\gigabuilder\mapsrc\gb_shooting.prt
   7 portalclusters
  11 numportals
0...1...2...3...4...5...6...7...8...9...100...1...2...3...4...5...6...7...8...9...10Optimized: 0 visible clusters (0.00%)
Total clusters visible: 49
Average clusters visible: 7
Building PAS...
Average clusters audible: 7
visdatasize:74  compressed from 112
writing c:\program files (x86)\steam\steamapps\sourcemods\gigabuilder\mapsrc\gb_shooting.bsp
0 seconds elapsed



[Reading texlights from 'lights.rad']
[48 texlights parsed from 'lights.rad']

Loading c:\program files (x86)\steam\steamapps\sourcemods\gigabuilder\mapsrc\gb_shooting.bsp
60 faces
36202 square feet [5213184.00 square inches]
0 Displacements
0 Square Feet [0.00 Square Inches]
60 patches before subdivision
3856 patches after subdivision
1 direct lights
0...1...2...3...4...5...6...7...8...9...100...1...2...3...4...5...6...7...8...9...10transfers 421834, max 255
transfer lists:   3.2 megs
0...1...2...3...4...5...6...7...8...9...10	Bounce #1 added RGB(1026, 288, 3)
0...1...2...3...4...5...6...7...8...9...10	Bounce #2 added RGB(456, 46, 0)
0...1...2...3...4...5...6...7...8...9...10	Bounce #3 added RGB(198, 8, 0)
0...1...2...3...4...5...6...7...8...9...10	Bounce #4 added RGB(83, 1, 0)
0...1...2...3...4...5...6...7...8...9...10	Bounce #5 added RGB(34, 0, 0)
0...1...2...3...4...5...6...7...8...9...10	Bounce #6 added RGB(14, 0, 0)
0...1...2...3...4...5...6...7...8...9...10	Bounce #7 added RGB(6, 0, 0)
0...1...2...3...4...5...6...7...8...9...10	Bounce #8 added RGB(2, 0, 0)
0...1...2...3...4...5...6...7...8...9...10	Bounce #9 added RGB(1, 0, 0)
Build Patch/Sample Hash Table(s).....Done<0.0005 sec>
0...1...2...3...4...5...6...7...8...9...10FinalLightFace Done
0 of 0 (0% of) surface lights went in leaf ambient cubes.
0...1...2...3...4...5...6...7...8...9...10Writing leaf ambient...done
Ready to Finish

Object names       Objects/Maxobjs  Memory / Maxmem  Fullness 
------------       ---------------  ---------------  -------- 
models                   2/4096           96/196608   ( 0.0%) 
brushes                  8/32768          96/393216   ( 0.0%) 
brushsides              48/65536         384/524288   ( 0.1%) 
planes                  78/65536        1560/1310720  ( 0.1%) 
vertexes                91/65536        1092/786432   ( 0.1%) 
nodes                   37/65536        1184/2097152  ( 0.1%) 
texinfos                 8/12288         576/884736   ( 0.1%) 
texdata                  3/2048           96/65536    ( 0.1%) 
dispinfos                0/0               0/0        ( 0.0%) 
disp_verts               0/0               0/0        ( 0.0%) 
disp_tris                0/0               0/0        ( 0.0%) 
disp_lmsamples           0/0               0/0        ( 0.0%) 
faces                   60/65536        3360/3670016  ( 0.1%) 
hdr faces               60/65536        3360/3670016  ( 0.1%) 
origfaces               16/65536         896/3670016  ( 0.0%) 
leaves                  40/65536        1280/2097152  ( 0.1%) 
leaffaces               64/65536         128/131072   ( 0.1%) 
leafbrushes             18/65536          36/131072   ( 0.0%) 
areas                    2/1024           16/8192     ( 0.2%) 
surfedges              328/512000       1312/2048000  ( 0.1%) 
edges                  181/256000        724/1024000  ( 0.1%) 
LDR worldlights          0/16384           0/1441792  ( 0.0%) 
HDR worldlights          1/16384          88/1441792  ( 0.0%) 
leafwaterdata            0/32768           0/393216   ( 0.0%) 
waterstrips              4/131072         40/1310720  ( 0.0%) 
waterverts               0/131072          0/1572864  ( 0.0%) 
waterindices            48/131072         96/262144   ( 0.0%) 
cubemapsamples           0/1024            0/16384    ( 0.0%) 
overlays                 0/1024            0/360448   ( 0.0%) 
LDR lightdata         [variable]           0/0        ( 0.0%) 
HDR lightdata         [variable]       90224/0        ( 0.0%) 
visdata               [variable]          74/16777216 ( 0.0%) 
entdata               [variable]        1845/393216   ( 0.5%) 
LDR ambient table       40/65536         160/262144   ( 0.1%) 
HDR ambient table       40/65536         160/262144   ( 0.1%) 
LDR leaf ambient        40/65536        1120/1835008  ( 0.1%) 
HDR leaf ambient       102/65536        2856/1835008  ( 0.2%) 
occluders                0/0               0/0        ( 0.0%) 
occluder polygons        0/0               0/0        ( 0.0%) 
occluder vert ind        0/0               0/0        ( 0.0%) 
detail props          [variable]           1/12       ( 8.3%) 
static props          [variable]           1/12       ( 8.3%) 
pakfile               [variable]          54/0        ( 0.0%) 
physics               [variable]        3225/4194304  ( 0.1%) 
physics terrain       [variable]           2/1048576  ( 0.0%) 

Level flags = 2

Total triangle count: 144
Writing c:\program files (x86)\steam\steamapps\sourcemods\gigabuilder\mapsrc\gb_shooting.bsp
0 seconds elapsed



materialPath: C:\Program Files (x86)\Steam\steamapps\sourcemods\GigaBuilder\materials
Loading C:\Program Files (x86)\Steam\steamapps\sourcemods\GigaBuilder\mapsrc\gb_shooting.vmf
Could not locate GameData file 
fixing up env_cubemap materials on brush sides...
0...1...2...3...4...5...6...7...8...9...100...1...2...3...4...5...6...7...8...9...10Processing areas...done (0)
Building Faces...done (0)
FixTjuncs...
PruneNodes...
WriteBSP...
done (0)
writing C:\Program Files (x86)\Steam\steamapps\sourcemods\GigaBuilder\mapsrc\gb_shooting.prt...Building visibility clusters...
done (0)
Finding displacement neighbors...
Finding lightmap sample positions...
Displacement Alpha : 0...1...2...3...4...5...6...7...8...9...10
Building Physics collision data...
done (0) (3225 bytes)
Placing static props...
Placing detail props : 0...1...2...3...4...5...6...7...8...9...10
Compacting texture/material tables...
Reduced 12 texinfos to 8
Reduced 3 texdatas to 3 (80 bytes to 80)
Writing C:\Program Files (x86)\Steam\steamapps\sourcemods\GigaBuilder\mapsrc\gb_shooting.bsp
0 seconds elapsed



12 threads
reading c:\program files (x86)\steam\steamapps\sourcemods\gigabuilder\mapsrc\gb_shooting.bsp
reading c:\program files (x86)\steam\steamapps\sourcemods\gigabuilder\mapsrc\gb_shooting.prt
   7 portalclusters
  11 numportals
0...1...2...3...4...5...6...7...8...9...100...1...2...3...4...5...6...7...8...9...10Optimized: 0 visible clusters (0.00%)
Total clusters visible: 49
Average clusters visible: 7
Building PAS...
Average clusters audible: 7
visdatasize:74  compressed from 112
writing c:\program files (x86)\steam\steamapps\sourcemods\gigabuilder\mapsrc\gb_shooting.bsp
0 seconds elapsed



[Reading texlights from 'lights.rad']
[48 texlights parsed from 'lights.rad']

Loading c:\program files (x86)\steam\steamapps\sourcemods\gigabuilder\mapsrc\gb_shooting.bsp
60 faces
36202 square feet [5213184.00 square inches]
0 Displacements
0 Square Feet [0.00 Square Inches]
60 patches before subdivision
3856 patches after subdivision
1 direct lights
0...1...2...3...4...5...6...7...8...9...100...1...2...3...4...5...6...7...8...9...10transfers 421834, max 255
transfer lists:   3.2 megs
0...1...2...3...4...5...6...7...8...9...10	Bounce #1 added RGB(1026, 288, 3)
0...1...2...3...4...5...6...7...8...9...10	Bounce #2 added RGB(456, 46, 0)
0...1...2...3...4...5...6...7...8...9...10	Bounce #3 added RGB(198, 8, 0)
0...1...2...3...4...5...6...7...8...9...10	Bounce #4 added RGB(83, 1, 0)
0...1...2...3...4...5...6...7...8...9...10	Bounce #5 added RGB(34, 0, 0)
0...1...2...3...4...5...6...7...8...9...10	Bounce #6 added RGB(14, 0, 0)
0...1...2...3...4...5...6...7...8...9...10	Bounce #7 added RGB(6, 0, 0)
0...1...2...3...4...5...6...7...8...9...10	Bounce #8 added RGB(2, 0, 0)
0...1...2...3...4...5...6...7...8...9...10	Bounce #9 added RGB(1, 0, 0)
Build Patch/Sample Hash Table(s).....Done<0.0005 sec>
0...1...2...3...4...5...6...7...8...9...10FinalLightFace Done
0 of 0 (0% of) surface lights went in leaf ambient cubes.
0...1...2...3...4...5...6...7...8...9...10Writing leaf ambient...done
Ready to Finish

Object names       Objects/Maxobjs  Memory / Maxmem  Fullness 
------------       ---------------  ---------------  -------- 
models                   2/4096           96/196608   ( 0.0%) 
brushes                  8/32768          96/393216   ( 0.0%) 
brushsides              48/65536         384/524288   ( 0.1%) 
planes                  78/65536        1560/1310720  ( 0.1%) 
vertexes                91/65536        1092/786432   ( 0.1%) 
nodes                   37/65536        1184/2097152  ( 0.1%) 
texinfos                 8/12288         576/884736   ( 0.1%) 
texdata                  3/2048           96/65536    ( 0.1%) 
dispinfos                0/0               0/0        ( 0.0%) 
disp_verts               0/0               0/0        ( 0.0%) 
disp_tris                0/0               0/0        ( 0.0%) 
disp_lmsamples           0/0               0/0        ( 0.0%) 
faces                   60/65536        3360/3670016  ( 0.1%) 
hdr faces               60/65536        3360/3670016  ( 0.1%) 
origfaces               16/65536         896/3670016  ( 0.0%) 
leaves                  40/65536        1280/2097152  ( 0.1%) 
leaffaces               64/65536         128/131072   ( 0.1%) 
leafbrushes             18/65536          36/131072   ( 0.0%) 
areas                    2/1024           16/8192     ( 0.2%) 
surfedges              328/512000       1312/2048000  ( 0.1%) 
edges                  181/256000        724/1024000  ( 0.1%) 
LDR worldlights          0/16384           0/1441792  ( 0.0%) 
HDR worldlights          1/16384          88/1441792  ( 0.0%) 
leafwaterdata            0/32768           0/393216   ( 0.0%) 
waterstrips              4/131072         40/1310720  ( 0.0%) 
waterverts               0/131072          0/1572864  ( 0.0%) 
waterindices            48/131072         96/262144   ( 0.0%) 
cubemapsamples           0/1024            0/16384    ( 0.0%) 
overlays                 0/1024            0/360448   ( 0.0%) 
LDR lightdata         [variable]           0/0        ( 0.0%) 
HDR lightdata         [variable]       90224/0        ( 0.0%) 
visdata               [variable]          74/16777216 ( 0.0%) 
entdata               [variable]        1983/393216   ( 0.5%) 
LDR ambient table       40/65536         160/262144   ( 0.1%) 
HDR ambient table       40/65536         160/262144   ( 0.1%) 
LDR leaf ambient        40/65536        1120/1835008  ( 0.1%) 
HDR leaf ambient       102/65536        2856/1835008  ( 0.2%) 
occluders                0/0               0/0        ( 0.0%) 
occluder polygons        0/0               0/0        ( 0.0%) 
occluder vert ind        0/0               0/0        ( 0.0%) 
detail props          [variable]           1/12       ( 8.3%) 
static props          [variable]           1/12       ( 8.3%) 
pakfile               [variable]          54/0        ( 0.0%) 
physics               [variable]        3225/4194304  ( 0.1%) 
physics terrain       [variable]           2/1048576  ( 0.0%) 

Level flags = 2

Total triangle count: 144
Writing c:\program files (x86)\steam\steamapps\sourcemods\gigabuilder\mapsrc\gb_shooting.bsp
0 seconds elapsed
