


materialPath: D:\Steam\steamapps\sourcemods\GigaBuilder\materials
Loading D:\Steam\steamapps\sourcemods\GigaBuilder\mapsrc\gb_zoo.vmf
Could not locate GameData file 
ConVarRef mat_reduceparticles doesn't point to an existing ConVar
fixing up env_cubemap materials on brush sides...
0...1...2...3...4...5...6...7...8...9...100...1...2...3...4...5...6...7...8...9...10Processing areas...done (0)
Building Faces...done (0)
FixTjuncs...
PruneNodes...
WriteBSP...
done (0)
writing D:\Steam\steamapps\sourcemods\GigaBuilder\mapsrc\gb_zoo.prt...Building visibility clusters...
done (0)
Finding displacement neighbors...
Finding lightmap sample positions...
Displacement Alpha : 0...1...2...3...4...5...6...7...8...9...10
Building Physics collision data...
done (0) (43771 bytes)
Placing detail props : 0...1...2...3...4...5...6...7...8...9...10
Compacting texture/material tables...
Reduced 54 texinfos to 29
Reduced 13 texdatas to 13 (317 bytes to 317)
Writing D:\Steam\steamapps\sourcemods\GigaBuilder\mapsrc\gb_zoo.bsp
0 seconds elapsed



8 threads
reading d:\steam\steamapps\sourcemods\gigabuilder\mapsrc\gb_zoo.bsp
reading d:\steam\steamapps\sourcemods\gigabuilder\mapsrc\gb_zoo.prt
  33 portalclusters
  74 numportals
0...1...2...3...4...5...6...7...8...9...100...1...2...3...4...5...6...7...8...9...10Optimized: 0 visible clusters (0.00%)
Total clusters visible: 1067
Average clusters visible: 32
Building PAS...
Average clusters audible: 33
visdatasize:598  compressed from 528
writing d:\steam\steamapps\sourcemods\gigabuilder\mapsrc\gb_zoo.bsp
0 seconds elapsed



[Reading texlights from 'lights.rad']
[48 texlights parsed from 'lights.rad']

Loading d:\steam\steamapps\sourcemods\gigabuilder\mapsrc\gb_zoo.bsp
527 faces
468616 square feet [67480784.00 square inches]
0 Displacements
0 Square Feet [0.00 Square Inches]
527 patches before subdivision
9635 patches after subdivision
2 direct lights
0...1...2...3...4...5...6...7...8...9...100...1...2...3...4...5...6...7...8...9...10transfers 63298, max 447
transfer lists:   0.5 megs
0...1...2...3...4...5...6...7...8...9...10	Bounce #1 added RGB(1708, 1667, 1665)
0...1...2...3...4...5...6...7...8...9...10	Bounce #2 added RGB(36, 31, 28)
0...1...2...3...4...5...6...7...8...9...10	Bounce #3 added RGB(3, 2, 2)
0...1...2...3...4...5...6...7...8...9...10	Bounce #4 added RGB(0, 0, 0)
Build Patch/Sample Hash Table(s).....Done<0.0029 sec>
0...1...2...3...4...5...6...7...8...9...10FinalLightFace Done
0 of 0 (0% of) surface lights went in leaf ambient cubes.
0...1...2...3...4...5...6...7...8...9...10Writing leaf ambient...done
Ready to Finish

Object names       Objects/Maxobjs  Memory / Maxmem  Fullness 
------------       ---------------  ---------------  -------- 
models                   6/1024          288/49152    ( 0.6%) 
brushes                114/8192         1368/98304    ( 1.4%) 
brushsides             810/65536        6480/524288   ( 1.2%) 
planes                 468/65536        9360/1310720  ( 0.7%) 
vertexes               751/65536        9012/786432   ( 1.1%) 
nodes                  301/65536        9632/2097152  ( 0.5%) 
texinfos                29/12288        2088/884736   ( 0.2%) 
texdata                 13/2048          416/65536    ( 0.6%) 
dispinfos                0/0               0/0        ( 0.0%) 
disp_verts               0/0               0/0        ( 0.0%) 
disp_tris                0/0               0/0        ( 0.0%) 
disp_lmsamples           0/0               0/0        ( 0.0%) 
faces                  527/65536       29512/3670016  ( 0.8%) 
hdr faces                0/65536           0/3670016  ( 0.0%) 
origfaces              258/65536       14448/3670016  ( 0.4%) 
leaves                 308/65536        9856/2097152  ( 0.5%) 
leaffaces              574/65536        1148/131072   ( 0.9%) 
leafbrushes            161/65536         322/131072   ( 0.2%) 
areas                    2/256            16/2048     ( 0.8%) 
surfedges             3384/512000      13536/2048000  ( 0.7%) 
edges                 2004/256000       8016/1024000  ( 0.8%) 
LDR worldlights          2/65536         176/5767168  ( 0.0%) 
HDR worldlights          0/65536           0/5767168  ( 0.0%) 
leafwaterdata            0/32768           0/393216   ( 0.0%) 
waterstrips             12/32768         120/327680   ( 0.0%) 
waterverts               0/65536           0/786432   ( 0.0%) 
waterindices           255/65536         510/131072   ( 0.4%) 
cubemapsamples           0/1024            0/16384    ( 0.0%) 
overlays                 0/8192            0/2883584  ( 0.0%) 
LDR lightdata         [variable]      333780/0        ( 0.0%) 
HDR lightdata         [variable]           0/0        ( 0.0%) 
visdata               [variable]         598/16777216 ( 0.0%) 
entdata               [variable]        2930/393216   ( 0.7%) 
LDR ambient table      308/65536        1232/262144   ( 0.5%) 
HDR ambient table      308/65536        1232/262144   ( 0.5%) 
LDR leaf ambient       254/65536        7112/1835008  ( 0.4%) 
HDR leaf ambient       308/65536        8624/1835008  ( 0.5%) 
occluders                0/0               0/0        ( 0.0%) 
occluder polygons        0/0               0/0        ( 0.0%) 
occluder vert ind        0/0               0/0        ( 0.0%) 
detail props          [variable]           1/12       ( 8.3%) 
static props          [variable]           1/2888     ( 0.0%) 
pakfile               [variable]          54/0        ( 0.0%) 
physics               [variable]       43771/4194304  ( 1.0%) 
physics terrain       [variable]           2/1048576  ( 0.0%) 

Level flags = 0

Total triangle count: 1286
Writing d:\steam\steamapps\sourcemods\gigabuilder\mapsrc\gb_zoo.bsp
1 second elapsed



[Reading texlights from 'lights.rad']
[48 texlights parsed from 'lights.rad']

Loading d:\steam\steamapps\sourcemods\gigabuilder\mapsrc\gb_zoo.bsp
527 faces
468616 square feet [67480784.00 square inches]
0 Displacements
0 Square Feet [0.00 Square Inches]
527 patches before subdivision
9635 patches after subdivision
2 direct lights
0...1...2...3...4...5...6...7...8...9...100...1...2...3...4...5...6...7...8...9...10transfers 63298, max 447
transfer lists:   0.5 megs
0...1...2...3...4...5...6...7...8...9...10	Bounce #1 added RGB(1708, 1667, 1665)
0...1...2...3...4...5...6...7...8...9...10	Bounce #2 added RGB(36, 31, 28)
0...1...2...3...4...5...6...7...8...9...10	Bounce #3 added RGB(3, 2, 2)
0...1...2...3...4...5...6...7...8...9...10	Bounce #4 added RGB(0, 0, 0)
Build Patch/Sample Hash Table(s).....Done<0.0028 sec>
0...1...2...3...4...5...6...7...8...9...10FinalLightFace Done
0 of 0 (0% of) surface lights went in leaf ambient cubes.
0...1...2...3...4...5...6...7...8...9...10Writing leaf ambient...done
Ready to Finish

Object names       Objects/Maxobjs  Memory / Maxmem  Fullness 
------------       ---------------  ---------------  -------- 
models                   6/1024          288/49152    ( 0.6%) 
brushes                114/8192         1368/98304    ( 1.4%) 
brushsides             810/65536        6480/524288   ( 1.2%) 
planes                 468/65536        9360/1310720  ( 0.7%) 
vertexes               751/65536        9012/786432   ( 1.1%) 
nodes                  301/65536        9632/2097152  ( 0.5%) 
texinfos                29/12288        2088/884736   ( 0.2%) 
texdata                 13/2048          416/65536    ( 0.6%) 
dispinfos                0/0               0/0        ( 0.0%) 
disp_verts               0/0               0/0        ( 0.0%) 
disp_tris                0/0               0/0        ( 0.0%) 
disp_lmsamples           0/0               0/0        ( 0.0%) 
faces                  527/65536       29512/3670016  ( 0.8%) 
hdr faces              527/65536       29512/3670016  ( 0.8%) 
origfaces              258/65536       14448/3670016  ( 0.4%) 
leaves                 308/65536        9856/2097152  ( 0.5%) 
leaffaces              574/65536        1148/131072   ( 0.9%) 
leafbrushes            161/65536         322/131072   ( 0.2%) 
areas                    2/256            16/2048     ( 0.8%) 
surfedges             3384/512000      13536/2048000  ( 0.7%) 
edges                 2004/256000       8016/1024000  ( 0.8%) 
LDR worldlights          2/65536         176/5767168  ( 0.0%) 
HDR worldlights          2/65536         176/5767168  ( 0.0%) 
leafwaterdata            0/32768           0/393216   ( 0.0%) 
waterstrips             12/32768         120/327680   ( 0.0%) 
waterverts               0/65536           0/786432   ( 0.0%) 
waterindices           255/65536         510/131072   ( 0.4%) 
cubemapsamples           0/1024            0/16384    ( 0.0%) 
overlays                 0/8192            0/2883584  ( 0.0%) 
LDR lightdata         [variable]      333780/0        ( 0.0%) 
HDR lightdata         [variable]      333780/0        ( 0.0%) 
visdata               [variable]         598/16777216 ( 0.0%) 
entdata               [variable]        2930/393216   ( 0.7%) 
LDR ambient table      308/65536        1232/262144   ( 0.5%) 
HDR ambient table      308/65536        1232/262144   ( 0.5%) 
LDR leaf ambient       254/65536        7112/1835008  ( 0.4%) 
HDR leaf ambient       254/65536        7112/1835008  ( 0.4%) 
occluders                0/0               0/0        ( 0.0%) 
occluder polygons        0/0               0/0        ( 0.0%) 
occluder vert ind        0/0               0/0        ( 0.0%) 
detail props          [variable]           1/12       ( 8.3%) 
static props          [variable]           1/2888     ( 0.0%) 
pakfile               [variable]          54/0        ( 0.0%) 
physics               [variable]       43771/4194304  ( 1.0%) 
physics terrain       [variable]           2/1048576  ( 0.0%) 

Level flags = 0

Total triangle count: 1286
Writing d:\steam\steamapps\sourcemods\gigabuilder\mapsrc\gb_zoo.bsp
1 second elapsed
