PRT1
33
74
4 0 2 (2048 1024 0 ) (2048 1024 2048 ) (1024 1024 2048 ) (1024 1024 0 ) 
4 0 1 (1024 1024 0 ) (1024 1024 2048 ) (1024 2048 2048 ) (1024 2048 0 ) 
4 1 4 (0 1024 0 ) (0 1024 2048 ) (0 2048 2048 ) (0 2048 0 ) 
4 1 3 (1024 1024 0 ) (1024 1024 2048 ) (0 1024 2048 ) (0 1024 0 ) 
4 2 25 (2048 0 0 ) (2048 0 2048 ) (1024 0 2048 ) (1024 0 0 ) 
4 2 3 (1024 1024 2048 ) (1024 1024 0 ) (1024 0 0 ) (1024 0 2048 ) 
4 3 26 (1024 0 0 ) (1024 0 2048 ) (0 0 2048 ) (0 0 0 ) 
4 3 23 (0 0 0 ) (0 0 2048 ) (0 1024 2048 ) (0 1024 0 ) 
4 4 23 (0 1024 0 ) (0 1024 2048 ) (-1024 1024 2048 ) (-1024 1024 0 ) 
3 4 16 (-1024 1024 0 ) (-1024 1024 608.002563 ) (-1024 1632.002686 0 ) 
3 4 13 (-1024 1556 116 ) (-1024 1536.001343 96.001282 ) (-1024 1516.002563 116 ) 
4 4 11 (-1024 1568 128 ) (-1024 1556 116 ) (-1024 1516.002563 116 ) (-1024 1504.002563 128 ) 
6 4 10 (-1024 1024 608.002563 ) (-1024 1024 2048 ) (-1024 2048 2048 ) (-1024 2048 608 ) (-1024 1568 128 ) (-1024 1504.002563 128 ) 
4 4 5 (-1024 2048 608 ) (-1024 2048 0 ) (-1024 1632.002686 0 ) (-1024 1536.001343 96.001282 ) 
4 5 16 (-1024 1632 0 ) (-1024 1536 96 ) (-1472 1536 96 ) (-1472 1632 0 ) 
4 5 13 (-1472 1536 96 ) (-1024 1536 96 ) (-1024 1556 116 ) (-1472 1556 116 ) 
4 5 11 (-1024 1556 116 ) (-1024 1568 128 ) (-1472 1568 128 ) (-1472 1556 116 ) 
4 5 10 (-1024 1568 128 ) (-1024 2048 608 ) (-1472 2048 608 ) (-1472 1568 128 ) 
5 5 6 (-1472 2048 0 ) (-1472 1632.003906 0 ) (-1472 1568 64.002960 ) (-1472 1568 128 ) (-1472 2048 608 ) 
4 6 18 (-1484 1556 76 ) (-1484 1632 0 ) (-1472 1632 0 ) (-1472 1568 64 ) 
4 6 10 (-1472 1568 128 ) (-1472 2048 608 ) (-1484 2048 608 ) (-1484 1568 128 ) 
5 6 7 (-1484 2048 0 ) (-1484 1632.003906 0 ) (-1484 1556 76.002678 ) (-1484 1556 116 ) (-1484 2048 608 ) 
4 7 19 (-1484 1536 96 ) (-1588 1536 96 ) (-1588 1632 0 ) (-1484 1632 0 ) 
4 7 14 (-1588 1536 96 ) (-1484 1536 96 ) (-1484 1556 116 ) (-1588 1556 116 ) 
4 7 10 (-1484 1568 128 ) (-1484 2048 608 ) (-1588 2048 608 ) (-1588 1568 128 ) 
5 7 8 (-1588 2048 0 ) (-1588 1632.003906 0 ) (-1588 1556 76.002808 ) (-1588 1556 116 ) (-1588 2048 608 ) 
4 8 21 (-1600 1568 64 ) (-1600 1632 0 ) (-1588 1632 0 ) (-1588 1556 76 ) 
4 8 10 (-1588 1568 128 ) (-1588 2048 608 ) (-1600 2048 608 ) (-1600 1568 128 ) 
5 8 9 (-1600 2048 0 ) (-1600 1632.003906 0 ) (-1600 1568 64.003036 ) (-1600 1568 128 ) (-1600 2048 608 ) 
4 9 22 (-1600 1536 96 ) (-2048 1536 96 ) (-2048 1632 0 ) (-1600 1632 0 ) 
4 9 15 (-2048 1556 116 ) (-2048 1536 96 ) (-1600 1536 96 ) (-1600 1556 116 ) 
4 9 12 (-2048 1568 128 ) (-2048 1556 116 ) (-1600 1556 116 ) (-1600 1568 128 ) 
4 9 10 (-2048 2048 608 ) (-2048 1568 128 ) (-1600 1568 128 ) (-1600 2048 608 ) 
4 10 24 (-1024 1024 608.002686 ) (-1024 1024 2048 ) (-2048 1024 2048 ) (-2048 1024 608.002808 ) 
4 10 20 (-1588 1024 608 ) (-1600 1024 608 ) (-1600 1504 128 ) (-1588 1504 128 ) 
4 10 22 (-1600 1024 608 ) (-2048 1024 608 ) (-2048 1504 128 ) (-1600 1504 128 ) 
4 10 17 (-1472 1024 608 ) (-1484 1024 608 ) (-1484 1504 128 ) (-1472 1504 128 ) 
4 10 16 (-1024 1504 128 ) (-1024 1024 608 ) (-1472 1024 608 ) (-1472 1504 128 ) 
4 10 19 (-1484 1024 608 ) (-1588 1024 608 ) (-1588 1504 128 ) (-1484 1504 128 ) 
4 10 11 (-1024 1504.003296 128 ) (-1472 1504.003296 128 ) (-1472 1567.997925 128 ) (-1024 1567.997925 128 ) 
4 10 12 (-1600 1504.003296 128 ) (-2048 1504.003296 128 ) (-2048 1567.997925 128 ) (-1600 1567.997925 128 ) 
4 11 16 (-1024 1516 116 ) (-1024 1504 128 ) (-1472 1504 128 ) (-1472 1516 116 ) 
4 11 13 (-1024 1516.003296 116 ) (-1472 1516.003296 116 ) (-1472 1555.998047 116 ) (-1024 1555.998047 116 ) 
4 12 22 (-1600 1504 128 ) (-2048 1504 128 ) (-2048 1516 116 ) (-1600 1516 116 ) 
4 12 15 (-1600 1516.003296 116 ) (-2048 1516.003296 116 ) (-2048 1555.998047 116 ) (-1600 1555.998047 116 ) 
4 13 16 (-1024 1536 96 ) (-1024 1516 116 ) (-1472 1516 116 ) (-1472 1536 96 ) 
4 14 19 (-1484 1516 116 ) (-1588 1516 116 ) (-1588 1536 96 ) (-1484 1536 96 ) 
4 15 22 (-1600 1516 116 ) (-2048 1516 116 ) (-2048 1536 96 ) (-1600 1536 96 ) 
4 16 24 (-1024 1024 0 ) (-1024 1024 608.002686 ) (-1472 1024 608.002747 ) (-1472 1024 0 ) 
3 16 18 (-1472 1568 64.003654 ) (-1472 1632.003906 0 ) (-1472 1568 0 ) 
4 16 17 (-1472 1024 608.003906 ) (-1472 1504 128.003845 ) (-1472 1504 0 ) (-1472 1024 0 ) 
4 17 24 (-1472 1024 608.002747 ) (-1484 1024 608.002747 ) (-1484 1024 0 ) (-1472 1024 0 ) 
4 17 19 (-1484 1024 608.003906 ) (-1484 1516 116.003876 ) (-1484 1516 0 ) (-1484 1024 0 ) 
3 18 19 (-1484 1556 76.003647 ) (-1484 1632.003906 0 ) (-1484 1556 0 ) 
4 19 24 (-1484 1024 608.002747 ) (-1588 1024 608.002747 ) (-1588 1024 0 ) (-1484 1024 0 ) 
3 19 21 (-1588 1556 76.003807 ) (-1588 1632.003906 0 ) (-1588 1556 0 ) 
4 19 20 (-1588 1024 608.003906 ) (-1588 1516 116.003571 ) (-1588 1516 0 ) (-1588 1024 0 ) 
4 20 24 (-1588 1024 608.002747 ) (-1600 1024 608.002747 ) (-1600 1024 0 ) (-1588 1024 0 ) 
4 20 22 (-1600 1024 608.003906 ) (-1600 1504 128.003632 ) (-1600 1504 0 ) (-1600 1024 0 ) 
3 21 22 (-1600 1568 64.003845 ) (-1600 1632.003906 0 ) (-1600 1568 0 ) 
4 22 24 (-1600 1024 608.002747 ) (-2048 1024 608.002808 ) (-2048 1024 0 ) (-1600 1024 0 ) 
4 23 29 (0 0 0 ) (0 0 2048 ) (-1024 0 2048 ) (-1024 0 0 ) 
4 23 24 (-1024 1024 2048 ) (-1024 1024 0 ) (-1024 0 0 ) (-1024 0 2048 ) 
4 24 30 (-1024 0 0 ) (-1024 0 2048 ) (-2048 0 2048 ) (-2048 0 0 ) 
4 25 27 (2048 -1024 0 ) (2048 -1024 2048 ) (1024 -1024 2048 ) (1024 -1024 0 ) 
4 25 26 (1024 0 2048 ) (1024 0 0 ) (1024 -1024 0 ) (1024 -1024 2048 ) 
4 26 29 (0 0 2048 ) (0 0 0 ) (0 -1024 0 ) (0 -1024 2048 ) 
4 26 28 (1024 -1024 0 ) (1024 -1024 2048 ) (0 -1024 2048 ) (0 -1024 0 ) 
4 27 28 (1024 -1024 2048 ) (1024 -1024 0 ) (1024 -2048 0 ) (1024 -2048 2048 ) 
4 28 31 (0 -2048 0 ) (0 -2048 2048 ) (0 -1024 2048 ) (0 -1024 0 ) 
4 29 31 (0 -1024 0 ) (0 -1024 2048 ) (-1024 -1024 2048 ) (-1024 -1024 0 ) 
4 29 30 (-1024 0 2048 ) (-1024 0 0 ) (-1024 -1024 0 ) (-1024 -1024 2048 ) 
4 30 32 (-1024 -1024 0 ) (-1024 -1024 2048 ) (-2048 -1024 2048 ) (-2048 -1024 0 ) 
4 31 32 (-1024 -1024 2048 ) (-1024 -1024 0 ) (-1024 -2048 0 ) (-1024 -2048 2048 ) 
