


materialPath: D:\Steam\steamapps\sourcemods\GigaBuilder\materials
Loading D:\Steam\steamapps\sourcemods\GigaBuilder\maps\badshitpost.vmf
Could not locate GameData file 
fixing up env_cubemap materials on brush sides...
0...1...2...3...4...5...6...7...8...9...100...1...2...3...4...5...6...7...8...9...10Processing areas...done (0)
Building Faces...done (0)
FixTjuncs...
PruneNodes...
WriteBSP...
done (0)
writing D:\Steam\steamapps\sourcemods\GigaBuilder\maps\badshitpost.prt...Building visibility clusters...
done (0)
Finding displacement neighbors...
Finding lightmap sample positions...
Displacement Alpha : 0...1...2...3...4...5...6...7...8...9...10
Building Physics collision data...
done (0) (2802 bytes)
Placing detail props : 0...1...2...3...4...5...6...7...8...9...10
Compacting texture/material tables...
Reduced 9 texinfos to 4
Reduced 3 texdatas to 3 (71 bytes to 71)
Writing D:\Steam\steamapps\sourcemods\GigaBuilder\maps\badshitpost.bsp
0 seconds elapsed



8 threads
reading d:\steam\steamapps\sourcemods\gigabuilder\maps\badshitpost.bsp
reading d:\steam\steamapps\sourcemods\gigabuilder\maps\badshitpost.prt
   6 portalclusters
   7 numportals
0...1...2...3...4...5...6...7...8...9...100...1...2...3...4...5...6...7...8...9...10Optimized: 0 visible clusters (0.00%)
Total clusters visible: 36
Average clusters visible: 6
Building PAS...
Average clusters audible: 6
visdatasize:64  compressed from 96
writing d:\steam\steamapps\sourcemods\gigabuilder\maps\badshitpost.bsp
0 seconds elapsed



[Reading texlights from 'lights.rad']
[48 texlights parsed from 'lights.rad']

Loading d:\steam\steamapps\sourcemods\gigabuilder\maps\badshitpost.bsp
20 faces
2095 square feet [301728.63 square inches]
0 Displacements
0 Square Feet [0.00 Square Inches]
20 patches before subdivision
20 patches after subdivision
0 direct lights
0...1...2...3...4...5...6...7...8...9...100...1...2...3...4...5...6...7...8...9...10transfers 64, max 6
transfer lists:   0.0 megs
0...1...2...3...4...5...6...7...8...9...10	Bounce #1 added RGB(0, 0, 0)
Build Patch/Sample Hash Table(s).....Done<0.0000 sec>
0...1...2...3...4...5...6...7...8...9...10FinalLightFace Done
0 of 0 (0% of) surface lights went in leaf ambient cubes.
0...1...2...3...4...5...6...7...8...9...10Writing leaf ambient...done
Ready to Finish

Object names       Objects/Maxobjs  Memory / Maxmem  Fullness 
------------       ---------------  ---------------  -------- 
models                   1/1024           48/49152    ( 0.1%) 
brushes                  7/8192           84/98304    ( 0.1%) 
brushsides              43/65536         344/524288   ( 0.1%) 
planes                  46/65536         920/1310720  ( 0.1%) 
vertexes                28/65536         336/786432   ( 0.0%) 
nodes                   29/65536         928/2097152  ( 0.0%) 
texinfos                 4/12288         288/884736   ( 0.0%) 
texdata                  3/2048           96/65536    ( 0.1%) 
dispinfos                0/0               0/0        ( 0.0%) 
disp_verts               0/0               0/0        ( 0.0%) 
disp_tris                0/0               0/0        ( 0.0%) 
disp_lmsamples           0/0               0/0        ( 0.0%) 
faces                   20/65536        1120/3670016  ( 0.0%) 
hdr faces                0/65536           0/3670016  ( 0.0%) 
origfaces                8/65536         448/3670016  ( 0.0%) 
leaves                  31/65536         992/2097152  ( 0.0%) 
leaffaces               22/65536          44/131072   ( 0.0%) 
leafbrushes             18/65536          36/131072   ( 0.0%) 
areas                    2/256            16/2048     ( 0.8%) 
surfedges              114/512000        456/2048000  ( 0.0%) 
edges                   64/256000        256/1024000  ( 0.0%) 
LDR worldlights          0/8192            0/720896   ( 0.0%) 
HDR worldlights          0/8192            0/720896   ( 0.0%) 
leafwaterdata            0/32768           0/393216   ( 0.0%) 
waterstrips              0/32768           0/327680   ( 0.0%) 
waterverts               0/65536           0/786432   ( 0.0%) 
waterindices             0/65536           0/131072   ( 0.0%) 
cubemapsamples           0/1024            0/16384    ( 0.0%) 
overlays                 0/512             0/180224   ( 0.0%) 
LDR lightdata         [variable]           0/0        ( 0.0%) 
HDR lightdata         [variable]           0/0        ( 0.0%) 
visdata               [variable]          64/16777216 ( 0.0%) 
entdata               [variable]        1082/393216   ( 0.3%) 
LDR ambient table       31/65536         124/262144   ( 0.0%) 
HDR ambient table       31/65536         124/262144   ( 0.0%) 
LDR leaf ambient         6/65536         168/1835008  ( 0.0%) 
HDR leaf ambient        31/65536         868/1835008  ( 0.0%) 
occluders                0/0               0/0        ( 0.0%) 
occluder polygons        0/0               0/0        ( 0.0%) 
occluder vert ind        0/0               0/0        ( 0.0%) 
detail props          [variable]           1/12       ( 8.3%) 
static props          [variable]           1/12       ( 8.3%) 
pakfile               [variable]          54/0        ( 0.0%) 
physics               [variable]        2802/4194304  ( 0.1%) 
physics terrain       [variable]           2/1048576  ( 0.0%) 

Level flags = 0

Total triangle count: 42
Writing d:\steam\steamapps\sourcemods\gigabuilder\maps\badshitpost.bsp
0 seconds elapsed
