PRT1
79
210
4 0 36 (1504 0 992 ) (1024 0 992 ) (1024 0 -992 ) (1504 0 -992 ) 
4 0 16 (1024 0 -992 ) (1024 0 -224 ) (1024 384 -224 ) (1024 384 -992 ) 
4 0 15 (1024 384 -224 ) (1024 992 -224 ) (1024 992 -992 ) (1024 384 -992 ) 
4 0 8 (1024 0 -224 ) (1024 0 320 ) (1024 64 320 ) (1024 64 -224 ) 
4 0 6 (1024 64 320 ) (1024 384 320 ) (1024 384 -224 ) (1024 64 -224 ) 
4 0 4 (1024 0 320 ) (1024 0 992 ) (1024 384 992 ) (1024 384 320 ) 
4 0 1 (1024 384 992 ) (1024 992 992 ) (1024 992 -224 ) (1024 384 -224 ) 
4 1 15 (384 992 -224 ) (1024 992 -224 ) (1024 384 -224 ) (384 384 -224 ) 
4 1 6 (416 384 -224 ) (1024 384 -224 ) (1024 384 320 ) (416 384 320 ) 
4 1 4 (1024 384 320 ) (1024 384 992 ) (384 384 992 ) (384 384 320 ) 
4 1 3 (384 384 320 ) (384 384 992 ) (384 416 992 ) (384 416 320 ) 
4 1 2 (384 992 992 ) (384 992 -224 ) (384 416 -224 ) (384 416 992 ) 
4 2 20 (0 992 -224 ) (0 416 -224 ) (0 416 992 ) (0 992 992 ) 
4 2 15 (0 416 -224 ) (0 992 -224 ) (384 992 -224 ) (384 416 -224 ) 
4 2 3 (384 416 320 ) (384 416 992 ) (0 416 992 ) (0 416 320 ) 
4 3 21 (0 384 320 ) (0 384 992 ) (0 416 992 ) (0 416 320 ) 
4 3 5 (384 384 352 ) (384 384 992 ) (0 384 992 ) (0 384 352 ) 
4 4 38 (1024 0 320 ) (1024 0 992 ) (384 0 992 ) (384 0 320 ) 
4 4 8 (1024 0 320 ) (416 0 320 ) (416 64 320 ) (1024 64 320 ) 
4 4 6 (416 384 320 ) (1024 384 320 ) (1024 64 320 ) (416 64 320 ) 
4 4 5 (384 0 352 ) (384 0 992 ) (384 384 992 ) (384 384 352 ) 
4 5 39 (384 0 992 ) (0 0 992 ) (0 0 352 ) (384 0 352 ) 
4 5 26 (0 0 352 ) (0 0 992 ) (0 64 992 ) (0 64 352 ) 
4 5 23 (0 64 992 ) (0 384 992 ) (0 384 352 ) (0 64 352 ) 
4 6 16 (416 384 -224 ) (1024 384 -224 ) (1024 64 -224 ) (416 64 -224 ) 
4 6 8 (416 64 -224 ) (1024 64 -224 ) (1024 64 320 ) (416 64 320 ) 
4 7 24 (0 64 320 ) (0 384 320 ) (0 384 -224 ) (0 64 -224 ) 
4 7 12 (32 64 64 ) (32 64 320 ) (0 64 320 ) (0 64 64 ) 
3 7 11 (64 64 32 ) (64 64 64 ) (32 64 64 ) 
4 7 10 (64 64 64 ) (64 64 320 ) (32 64 320 ) (32 64 64 ) 
4 7 9 (64 64 -224 ) (384 64 -224 ) (384 64 320 ) (64 64 320 ) 
4 8 40 (1024 0 -224 ) (1024 0 320 ) (416 0 320 ) (416 0 -224 ) 
4 8 16 (1024 0 -224 ) (416 0 -224 ) (416 64 -224 ) (1024 64 -224 ) 
4 9 41 (384 0 320 ) (64 0 320 ) (64 0 -224 ) (384 0 -224 ) 
4 9 11 (64 64 64 ) (64 64 32 ) (64 0 32 ) (64 0 64 ) 
4 9 10 (64 64 320 ) (64 64 64 ) (64 0 64 ) (64 0 320 ) 
4 10 42 (64 0 320 ) (32 0 320 ) (32 0 64 ) (64 0 64 ) 
4 10 12 (32 64 320 ) (32 64 64 ) (32 0 64 ) (32 0 320 ) 
4 10 11 (32 0 64 ) (32 64 64 ) (64 64 64 ) (64 0 64 ) 
3 11 43 (32 0 64 ) (64 0 32 ) (64 0 64 ) 
4 12 42 (32 0 320 ) (0 0 320 ) (0 0 64 ) (32 0 64 ) 
4 12 27 (0 0 64 ) (0 0 320 ) (0 64 320 ) (0 64 64 ) 
4 13 44 (0 0 0 ) (0 0 -32 ) (32 0 -32 ) (32 0 0 ) 
4 13 28 (0 0 -32 ) (0 0 0 ) (0 32 0 ) (0 32 -32 ) 
4 13 14 (32 32 -32 ) (32 0 -32 ) (0 0 -32 ) (0 32 -32 ) 
4 14 44 (0 0 -32 ) (0 0 -224 ) (32 0 -224 ) (32 0 -32 ) 
4 14 31 (0 0 -224 ) (0 0 -32 ) (0 32 -32 ) (0 32 -224 ) 
4 14 19 (32 0 -224 ) (0 0 -224 ) (0 32 -224 ) (32 32 -224 ) 
4 15 22 (0 384 -224 ) (0 416 -224 ) (0 416 -992 ) (0 384 -992 ) 
4 15 20 (0 416 -224 ) (0 992 -224 ) (0 992 -992 ) (0 416 -992 ) 
4 15 18 (0 384 -992 ) (32 384 -992 ) (32 384 -256 ) (0 384 -256 ) 
4 15 17 (32 384 -992 ) (384 384 -992 ) (384 384 -256 ) (32 384 -256 ) 
4 15 16 (384 384 -992 ) (1024 384 -992 ) (1024 384 -224 ) (384 384 -224 ) 
4 16 47 (1024 0 -992 ) (1024 0 -256 ) (384 0 -256 ) (384 0 -992 ) 
4 16 45 (1024 0 -256 ) (1024 0 -224 ) (384 0 -224 ) (384 0 -256 ) 
4 16 17 (384 384 -256 ) (384 384 -992 ) (384 0 -992 ) (384 0 -256 ) 
4 17 47 (32 0 -256 ) (32 0 -992 ) (384 0 -992 ) (384 0 -256 ) 
4 17 18 (32 384 -256 ) (32 384 -992 ) (32 64 -992 ) (32 64 -256 ) 
4 17 19 (32 64 -992 ) (32 0 -992 ) (32 0 -256 ) (32 64 -256 ) 
4 18 25 (0 384 -256 ) (0 384 -992 ) (0 64 -992 ) (0 64 -256 ) 
4 18 19 (0 64 -992 ) (32 64 -992 ) (32 64 -256 ) (0 64 -256 ) 
4 19 47 (0 0 -256 ) (0 0 -992 ) (32 0 -992 ) (32 0 -256 ) 
4 19 46 (32 0 -224 ) (0 0 -224 ) (0 0 -256 ) (32 0 -256 ) 
4 19 31 (0 0 -992 ) (0 0 -224 ) (0 32 -224 ) (0 32 -992 ) 
4 19 30 (0 32 -224 ) (0 64 -224 ) (0 64 -992 ) (0 32 -992 ) 
4 20 32 (-384 992 -992 ) (-384 416 -992 ) (-384 416 992 ) (-384 992 992 ) 
4 20 21 (0 416 320 ) (0 416 992 ) (-384 416 992 ) (-384 416 320 ) 
4 20 22 (-384 416 -992 ) (0 416 -992 ) (0 416 -224 ) (-384 416 -224 ) 
4 21 32 (-384 384 320 ) (-384 384 992 ) (-384 416 992 ) (-384 416 320 ) 
4 21 23 (0 384 992 ) (-384 384 992 ) (-384 384 352 ) (0 384 352 ) 
4 22 32 (-384 416 -992 ) (-384 384 -992 ) (-384 384 -224 ) (-384 416 -224 ) 
4 22 25 (-384 384 -256 ) (-384 384 -992 ) (0 384 -992 ) (0 384 -256 ) 
4 23 33 (-384 64 352 ) (-384 64 992 ) (-384 384 992 ) (-384 384 352 ) 
4 23 26 (-384 64 992 ) (-384 64 352 ) (0 64 352 ) (0 64 992 ) 
4 24 29 (-320 64 -224 ) (-64 64 -224 ) (-64 64 -32 ) (-320 64 -32 ) 
4 24 27 (-384 64 320 ) (-384 64 64 ) (0 64 64 ) (0 64 320 ) 
4 25 34 (-384 64 -992 ) (-384 64 -256 ) (-384 384 -256 ) (-384 384 -992 ) 
4 25 30 (-384 64 -256 ) (-384 64 -992 ) (0 64 -992 ) (0 64 -256 ) 
4 26 55 (0 0 352 ) (0 0 992 ) (-384 0 992 ) (-384 0 352 ) 
4 26 33 (-384 0 352 ) (-384 0 992 ) (-384 64 992 ) (-384 64 352 ) 
4 27 56 (0 0 64 ) (0 0 320 ) (-384 0 320 ) (-384 0 64 ) 
4 28 57 (0 0 -32 ) (0 0 0 ) (-384 0 0 ) (-384 0 -32 ) 
4 28 31 (-384 0 -32 ) (-384 32 -32 ) (0 32 -32 ) (0 0 -32 ) 
4 29 31 (-64 32 -32 ) (-320 32 -32 ) (-320 32 -224 ) (-64 32 -224 ) 
4 29 30 (-64 32 -224 ) (-320 32 -224 ) (-320 64 -224 ) (-64 64 -224 ) 
4 30 34 (-384 32 -992 ) (-384 32 -224 ) (-384 64 -224 ) (-384 64 -992 ) 
4 30 31 (-384 32 -224 ) (-384 32 -992 ) (0 32 -992 ) (0 32 -224 ) 
4 31 57 (0 0 -992 ) (0 0 -32 ) (-384 0 -32 ) (-384 0 -992 ) 
4 31 34 (-384 0 -992 ) (-384 0 -224 ) (-384 32 -224 ) (-384 32 -992 ) 
4 32 33 (-384 384 320 ) (-384 384 992 ) (-416 384 992 ) (-416 384 320 ) 
4 32 34 (-416 384 -992 ) (-384 384 -992 ) (-384 384 -224 ) (-416 384 -224 ) 
4 32 35 (-992 384 992 ) (-992 384 -992 ) (-416 384 -992 ) (-416 384 992 ) 
4 33 58 (-384 0 320 ) (-384 0 992 ) (-416 0 992 ) (-416 0 320 ) 
4 33 35 (-416 384 992 ) (-416 384 320 ) (-416 0 320 ) (-416 0 992 ) 
4 34 59 (-384 0 -992 ) (-384 0 -224 ) (-416 0 -224 ) (-416 0 -992 ) 
4 34 35 (-416 384 -224 ) (-416 384 -992 ) (-416 0 -992 ) (-416 0 -224 ) 
4 35 60 (-416 0 992 ) (-992 0 992 ) (-992 0 -992 ) (-416 0 -992 ) 
4 36 48 (1024 -64 -992 ) (1024 -1024 -992 ) (1024 -1024 992 ) (1024 -64 992 ) 
4 36 47 (1024 0 -256 ) (1024 0 -992 ) (1024 -64 -992 ) (1024 -64 -256 ) 
4 36 45 (1024 0 -224 ) (1024 0 -256 ) (1024 -64 -256 ) (1024 -64 -224 ) 
4 36 40 (1024 0 320 ) (1024 0 -224 ) (1024 -64 -224 ) (1024 -64 320 ) 
4 36 38 (1024 0 992 ) (1024 0 320 ) (1024 -64 320 ) (1024 -64 992 ) 
4 36 37 (1504 -1024 992 ) (1024 -1024 992 ) (1024 -1024 -992 ) (1504 -1024 -992 ) 
4 37 77 (1024 -1504 992 ) (1024 -1024 992 ) (1024 -1024 -992 ) (1024 -1504 -992 ) 
4 38 48 (1024 -64 320 ) (1024 -64 992 ) (384 -64 992 ) (384 -64 320 ) 
4 38 40 (1024 -64 320 ) (416 -64 320 ) (416 0 320 ) (1024 0 320 ) 
4 38 39 (384 -64 352 ) (384 -64 992 ) (384 0 992 ) (384 0 352 ) 
4 39 55 (0 0 992 ) (0 0 352 ) (0 -64 352 ) (0 -64 992 ) 
4 39 49 (384 -64 992 ) (0 -64 992 ) (0 -64 352 ) (384 -64 352 ) 
4 40 48 (1024 -64 -224 ) (1024 -64 320 ) (416 -64 320 ) (416 -64 -224 ) 
4 40 45 (1024 -64 -224 ) (416 -64 -224 ) (416 0 -224 ) (1024 0 -224 ) 
4 41 43 (64 -64 32 ) (64 -64 64 ) (64 0 64 ) (64 0 32 ) 
4 41 42 (64 -64 64 ) (64 -64 320 ) (64 0 320 ) (64 0 64 ) 
4 42 56 (0 0 320 ) (0 0 64 ) (0 -64 64 ) (0 -64 320 ) 
4 42 43 (64 0 64 ) (64 -64 64 ) (32 -64 64 ) (32 0 64 ) 
4 44 57 (0 0 0 ) (0 0 -224 ) (0 -64 -224 ) (0 -64 0 ) 
4 44 46 (32 -64 -224 ) (0 -64 -224 ) (0 0 -224 ) (32 0 -224 ) 
4 45 48 (1024 -64 -256 ) (1024 -64 -224 ) (384 -64 -224 ) (384 -64 -256 ) 
4 45 47 (1024 -64 -256 ) (384 -64 -256 ) (384 0 -256 ) (1024 0 -256 ) 
4 46 57 (0 0 -224 ) (0 0 -256 ) (0 -64 -256 ) (0 -64 -224 ) 
4 46 50 (32 -64 -224 ) (0 -64 -224 ) (0 -64 -256 ) (32 -64 -256 ) 
4 46 47 (32 -64 -256 ) (0 -64 -256 ) (0 0 -256 ) (32 0 -256 ) 
4 47 57 (0 0 -256 ) (0 0 -992 ) (0 -64 -992 ) (0 -64 -256 ) 
4 47 50 (384 -64 -256 ) (0 -64 -256 ) (0 -64 -992 ) (384 -64 -992 ) 
4 47 48 (1024 -64 -992 ) (1024 -64 -256 ) (384 -64 -256 ) (384 -64 -992 ) 
4 48 77 (1024 -1024 -992 ) (1024 -1024 992 ) (384 -1024 992 ) (384 -1024 -992 ) 
4 48 52 (384 -784 -128 ) (384 -96 -128 ) (384 -96 -320 ) (384 -784 -320 ) 
4 48 53 (384 -1024 -320 ) (384 -1024 -128 ) (384 -800 -128 ) (384 -800 -320 ) 
4 48 54 (384 -96 -992 ) (384 -1024 -992 ) (384 -1024 -320 ) (384 -96 -320 ) 
4 48 51 (384 -1024 -128 ) (384 -1024 992 ) (384 -96 992 ) (384 -96 -128 ) 
4 48 50 (384 -64 -224 ) (384 -64 -992 ) (384 -96 -992 ) (384 -96 -224 ) 
4 48 49 (384 -64 992 ) (384 -64 320 ) (384 -96 320 ) (384 -96 992 ) 
4 49 61 (0 -64 992 ) (0 -64 320 ) (0 -96 320 ) (0 -96 992 ) 
4 49 51 (0 -96 992 ) (0 -96 320 ) (384 -96 320 ) (384 -96 992 ) 
4 50 65 (0 -64 -224 ) (0 -64 -992 ) (0 -96 -992 ) (0 -96 -224 ) 
4 50 52 (0 -96 -224 ) (0 -96 -320 ) (384 -96 -320 ) (384 -96 -224 ) 
4 50 54 (0 -96 -320 ) (0 -96 -992 ) (384 -96 -992 ) (384 -96 -320 ) 
4 51 77 (0 -1024 992 ) (0 -1024 -128 ) (384 -1024 -128 ) (384 -1024 992 ) 
4 51 67 (0 -1024 -128 ) (0 -1024 -32 ) (0 -96 -32 ) (0 -96 -128 ) 
4 51 63 (0 -1024 -32 ) (0 -1024 320 ) (0 -96 320 ) (0 -96 -32 ) 
4 51 61 (0 -1024 320 ) (0 -1024 992 ) (0 -96 992 ) (0 -96 320 ) 
4 51 52 (0 -96 -128 ) (384 -96 -128 ) (384 -784 -128 ) (0 -754.461548 -128 ) 
4 51 53 (384 -800 -128 ) (384 -1024 -128 ) (0 -1024 -128 ) (0 -770.461548 -128 ) 
4 52 68 (0 -754.461548 -128 ) (0 -96 -128 ) (0 -96 -320 ) (0 -754.461548 -320 ) 
4 52 54 (0 -754.461548 -320 ) (0 -96 -320 ) (384 -96 -320 ) (384 -784 -320 ) 
4 53 77 (0 -1024 -128 ) (0 -1024 -320 ) (384 -1024 -320 ) (384 -1024 -128 ) 
4 53 69 (0 -1024 -320 ) (0 -1024 -128 ) (0 -770.461548 -128 ) (0 -770.461548 -320 ) 
4 53 54 (0 -1024 -320 ) (0 -770.461548 -320 ) (384 -800 -320 ) (384 -1024 -320 ) 
4 54 77 (0 -1024 -320 ) (0 -1024 -992 ) (384 -1024 -992 ) (384 -1024 -320 ) 
4 54 70 (0 -1024 -992 ) (0 -1024 -320 ) (0 -96 -320 ) (0 -96 -992 ) 
4 55 61 (0 -64 352 ) (0 -64 992 ) (-384 -64 992 ) (-384 -64 352 ) 
4 55 58 (-384 0 992 ) (-384 0 352 ) (-384 -64 352 ) (-384 -64 992 ) 
4 57 64 (-64 -64 -32 ) (-320 -64 -32 ) (-320 -64 -224 ) (-64 -64 -224 ) 
4 57 65 (0 -64 -992 ) (0 -64 -224 ) (-384 -64 -224 ) (-384 -64 -992 ) 
4 57 59 (-384 0 -224 ) (-384 0 -992 ) (-384 -64 -992 ) (-384 -64 -224 ) 
4 58 61 (-384 -64 320 ) (-384 -64 992 ) (-416 -64 992 ) (-416 -64 320 ) 
4 58 60 (-416 -64 320 ) (-416 -64 992 ) (-416 0 992 ) (-416 0 320 ) 
4 59 66 (-416 -64 -992 ) (-384 -64 -992 ) (-384 -64 -224 ) (-416 -64 -224 ) 
4 59 60 (-416 0 -992 ) (-416 -64 -992 ) (-416 -64 -224 ) (-416 0 -224 ) 
4 60 66 (-992 -64 -992 ) (-416 -64 -992 ) (-416 -64 -32 ) (-992 -64 -32 ) 
4 60 62 (-416 -64 -32 ) (-416 -64 320 ) (-992 -64 320 ) (-992 -64 -32 ) 
4 60 61 (-416 -64 320 ) (-416 -64 992 ) (-992 -64 992 ) (-992 -64 320 ) 
4 61 78 (0 -1024 320 ) (0 -1024 992 ) (-992 -1024 992 ) (-992 -1024 320 ) 
4 61 63 (0 -1024 320 ) (-992 -1024 320 ) (-992 -96 320 ) (0 -96 320 ) 
4 61 62 (-992 -96 320 ) (-992 -64 320 ) (-384 -64 320 ) (-384 -96 320 ) 
4 62 66 (-992 -64 -32 ) (-384 -64 -32 ) (-384 -96 -32 ) (-992 -96 -32 ) 
4 62 63 (-992 -96 -32 ) (-384 -96 -32 ) (-384 -96 320 ) (-992 -96 320 ) 
4 63 78 (0 -1024 -32 ) (0 -1024 320 ) (-992 -1024 320 ) (-992 -1024 -32 ) 
4 63 76 (-992 -96 -32 ) (-832 -96 -32 ) (-832 -1024 -32 ) (-992 -1024 -32 ) 
4 63 73 (-800 -384 -32 ) (-800 -576 -32 ) (-832 -576 -32 ) (-832 -384 -32 ) 
4 63 72 (-832 -96 -32 ) (-800 -96 -32 ) (-800 -384 -32 ) (-832 -384 -32 ) 
4 63 75 (-800 -576 -32 ) (-800 -1024 -32 ) (-832 -1024 -32 ) (-832 -576 -32 ) 
4 63 71 (-800 -96 -32 ) (-32 -96 -32 ) (-32 -1024 -32 ) (-800 -1024 -32 ) 
4 63 67 (-32 -96 -32 ) (0 -96 -32 ) (0 -1024 -32 ) (-32 -1024 -32 ) 
4 64 71 (-64 -96 -32 ) (-320 -96 -32 ) (-320 -96 -224 ) (-64 -96 -224 ) 
4 64 65 (-64 -96 -224 ) (-320 -96 -224 ) (-320 -64 -224 ) (-64 -64 -224 ) 
4 65 71 (-384 -96 -992 ) (-32 -96 -992 ) (-32 -96 -224 ) (-384 -96 -224 ) 
4 65 68 (0 -96 -320 ) (0 -96 -224 ) (-32 -96 -224 ) (-32 -96 -320 ) 
4 65 70 (-32 -96 -992 ) (0 -96 -992 ) (0 -96 -320 ) (-32 -96 -320 ) 
4 65 66 (-384 -64 -992 ) (-384 -96 -992 ) (-384 -96 -224 ) (-384 -64 -224 ) 
4 66 76 (-992 -96 -992 ) (-832 -96 -992 ) (-832 -96 -32 ) (-992 -96 -32 ) 
4 66 72 (-832 -96 -992 ) (-800 -96 -992 ) (-800 -96 -32 ) (-832 -96 -32 ) 
4 66 71 (-800 -96 -992 ) (-384 -96 -992 ) (-384 -96 -32 ) (-800 -96 -32 ) 
4 67 78 (0 -1024 -128 ) (0 -1024 -32 ) (-32 -1024 -32 ) (-32 -1024 -128 ) 
4 67 71 (-32 -96 -32 ) (-32 -96 -128 ) (-32 -1024 -128 ) (-32 -1024 -32 ) 
4 67 68 (-32 -752 -128 ) (-32 -96 -128 ) (0 -96 -128 ) (0 -754.461548 -128 ) 
4 67 69 (-32 -1024 -128 ) (-32 -768 -128 ) (0 -770.461548 -128 ) (0 -1024 -128 ) 
4 68 71 (-32 -96 -128 ) (-32 -96 -320 ) (-32 -752 -320 ) (-32 -752 -128 ) 
4 68 70 (-32 -752 -320 ) (-32 -96 -320 ) (0 -96 -320 ) (0 -754.461548 -320 ) 
4 69 78 (0 -1024 -320 ) (0 -1024 -128 ) (-32 -1024 -128 ) (-32 -1024 -320 ) 
4 69 71 (-32 -768 -320 ) (-32 -1024 -320 ) (-32 -1024 -128 ) (-32 -768 -128 ) 
4 69 70 (0 -1024 -320 ) (-32 -1024 -320 ) (-32 -768 -320 ) (0 -770.461548 -320 ) 
4 70 78 (0 -1024 -992 ) (0 -1024 -320 ) (-32 -1024 -320 ) (-32 -1024 -992 ) 
4 70 71 (-32 -96 -320 ) (-32 -96 -992 ) (-32 -1024 -992 ) (-32 -1024 -320 ) 
4 71 78 (-32 -1024 -32 ) (-800 -1024 -32 ) (-800 -1024 -992 ) (-32 -1024 -992 ) 
4 71 73 (-800 -576 -64 ) (-800 -576 -32 ) (-800 -384 -32 ) (-800 -384 -64 ) 
4 71 74 (-800 -384 -992 ) (-800 -576 -992 ) (-800 -576 -224 ) (-800 -384 -224 ) 
4 71 72 (-800 -96 -32 ) (-800 -96 -992 ) (-800 -384 -992 ) (-800 -384 -32 ) 
4 71 75 (-800 -576 -992 ) (-800 -1024 -992 ) (-800 -1024 -32 ) (-800 -576 -32 ) 
4 72 76 (-832 -96 -32 ) (-832 -96 -992 ) (-832 -384 -992 ) (-832 -384 -32 ) 
4 72 73 (-832 -384 -32 ) (-832 -384 -64 ) (-800 -384 -64 ) (-800 -384 -32 ) 
4 72 74 (-832 -384 -224 ) (-832 -384 -992 ) (-800 -384 -992 ) (-800 -384 -224 ) 
4 73 76 (-832 -576 -64 ) (-832 -576 -32 ) (-832 -384 -32 ) (-832 -384 -64 ) 
4 73 75 (-832 -576 -32 ) (-832 -576 -64 ) (-800 -576 -64 ) (-800 -576 -32 ) 
4 74 76 (-832 -384 -992 ) (-832 -576 -992 ) (-832 -576 -224 ) (-832 -384 -224 ) 
4 74 75 (-832 -576 -224 ) (-832 -576 -992 ) (-800 -576 -992 ) (-800 -576 -224 ) 
4 75 78 (-800 -1024 -32 ) (-832 -1024 -32 ) (-832 -1024 -992 ) (-800 -1024 -992 ) 
4 75 76 (-832 -576 -992 ) (-832 -1024 -992 ) (-832 -1024 -32 ) (-832 -576 -32 ) 
4 76 78 (-832 -1024 -32 ) (-992 -1024 -32 ) (-992 -1024 -992 ) (-832 -1024 -992 ) 
4 77 78 (0 -1024 992 ) (0 -1024 -992 ) (0 -1504 -992 ) (0 -1504 992 ) 
