


materialPath: D:\Steam\steamapps\sourcemods\GigaBuilder\materials
Loading D:\Steam\steamapps\sourcemods\GigaBuilder\maps\character.vmf
Map revision 4
ConVarRef mat_reduceparticles doesn't point to an existing ConVar
Could not locate GameData file 
fixing up env_cubemap materials on brush sides...
0...1...2...3...4...5...6...7...8...9...100...1...2...3...4...5...6...7...8...9...10Processing areas...done (0)
Building Faces...done (0)
FixTjuncs...
PruneNodes...
WriteBSP...
done (0)
writing D:\Steam\steamapps\sourcemods\GigaBuilder\maps\character.prt...Building visibility clusters...
done (0)
Finding displacement neighbors...
Finding lightmap sample positions...
Displacement Alpha : 0...1...2...3...4...5...6...7...8...9...10
Building Physics collision data...
done (0) (6664 bytes)
Placing detail props : 0...1...2...3...4...5...6...7...8...9...10
Compacting texture/material tables...
Reduced 9 texinfos to 7
Reduced 6 texdatas to 6 (137 bytes to 137)
Writing D:\Steam\steamapps\sourcemods\GigaBuilder\maps\character.bsp
0 seconds elapsed



8 threads
reading d:\steam\steamapps\sourcemods\gigabuilder\maps\character.bsp
reading d:\steam\steamapps\sourcemods\gigabuilder\maps\character.prt
   4 portalclusters
   4 numportals
0...1...2...3...4...5...6...7...8...9...100...1...2...3...4...5...6...7...8...9...10Optimized: 0 visible clusters (0.00%)
Total clusters visible: 16
Average clusters visible: 4
Building PAS...
Average clusters audible: 4
visdatasize:44  compressed from 64
writing d:\steam\steamapps\sourcemods\gigabuilder\maps\character.bsp
0 seconds elapsed



[Reading texlights from 'lights.rad']
[48 texlights parsed from 'lights.rad']

Loading d:\steam\steamapps\sourcemods\gigabuilder\maps\character.bsp
25 faces
7281 square feet [1048576.00 square inches]
0 Displacements
0 Square Feet [0.00 Square Inches]
25 patches before subdivision
1277 patches after subdivision
3 direct lights
0...1...2...3...4...5...6...7...8...9...100...1...2...3...4...5...6...7...8...9...10transfers 116461, max 222
transfer lists:   0.9 megs
0...1...2...3...4...5...6...7...8...9...10	Bounce #1 added RGB(17616, 6864, 2765)
0...1...2...3...4...5...6...7...8...9...10	Bounce #2 added RGB(6527, 1063, 162)
0...1...2...3...4...5...6...7...8...9...10	Bounce #3 added RGB(2496, 165, 9)
0...1...2...3...4...5...6...7...8...9...10	Bounce #4 added RGB(963, 26, 1)
0...1...2...3...4...5...6...7...8...9...10	Bounce #5 added RGB(373, 4, 0)
0...1...2...3...4...5...6...7...8...9...10	Bounce #6 added RGB(145, 1, 0)
0...1...2...3...4...5...6...7...8...9...10	Bounce #7 added RGB(56, 0, 0)
0...1...2...3...4...5...6...7...8...9...10	Bounce #8 added RGB(22, 0, 0)
0...1...2...3...4...5...6...7...8...9...10	Bounce #9 added RGB(9, 0, 0)
0...1...2...3...4...5...6...7...8...9...10	Bounce #10 added RGB(3, 0, 0)
0...1...2...3...4...5...6...7...8...9...10	Bounce #11 added RGB(1, 0, 0)
0...1...2...3...4...5...6...7...8...9...10	Bounce #12 added RGB(1, 0, 0)
Build Patch/Sample Hash Table(s).....Done<0.0002 sec>
0...1...2...3...4...5...6...7...8...9...10FinalLightFace Done
0 of 0 (0% of) surface lights went in leaf ambient cubes.
0...1...2...3...4...5...6...7...8...9...10Writing leaf ambient...done
Ready to Finish

Object names       Objects/Maxobjs  Memory / Maxmem  Fullness 
------------       ---------------  ---------------  -------- 
models                   1/4096           48/196608   ( 0.0%) 
brushes                 20/32768         240/393216   ( 0.1%) 
brushsides             120/65536         960/524288   ( 0.2%) 
planes                  52/65536        1040/1310720  ( 0.1%) 
vertexes                41/65536         492/786432   ( 0.1%) 
nodes                   27/65536         864/2097152  ( 0.0%) 
texinfos                 7/12288         504/884736   ( 0.1%) 
texdata                  6/2048          192/65536    ( 0.3%) 
dispinfos                0/0               0/0        ( 0.0%) 
disp_verts               0/0               0/0        ( 0.0%) 
disp_tris                0/0               0/0        ( 0.0%) 
disp_lmsamples           0/0               0/0        ( 0.0%) 
faces                   25/65536        1400/3670016  ( 0.0%) 
hdr faces               25/65536        1400/3670016  ( 0.0%) 
origfaces               14/65536         784/3670016  ( 0.0%) 
leaves                  29/65536         928/2097152  ( 0.0%) 
leaffaces               25/65536          50/131072   ( 0.0%) 
leafbrushes             32/65536          64/131072   ( 0.0%) 
areas                    2/1024           16/8192     ( 0.2%) 
surfedges              170/512000        680/2048000  ( 0.0%) 
edges                   98/256000        392/1024000  ( 0.0%) 
LDR worldlights          0/16384           0/1441792  ( 0.0%) 
HDR worldlights          3/16384         264/1441792  ( 0.0%) 
leafwaterdata            0/32768           0/393216   ( 0.0%) 
waterstrips              1/131072         10/1310720  ( 0.0%) 
waterverts               0/131072          0/1572864  ( 0.0%) 
waterindices            12/131072         24/262144   ( 0.0%) 
cubemapsamples           0/1024            0/16384    ( 0.0%) 
overlays                 0/1024            0/360448   ( 0.0%) 
LDR lightdata         [variable]           0/0        ( 0.0%) 
HDR lightdata         [variable]       18320/0        ( 0.0%) 
visdata               [variable]          44/16777216 ( 0.0%) 
entdata               [variable]        2653/393216   ( 0.7%) 
LDR ambient table       29/65536         116/262144   ( 0.0%) 
HDR ambient table       29/65536         116/262144   ( 0.0%) 
LDR leaf ambient        29/65536         812/1835008  ( 0.0%) 
HDR leaf ambient        64/65536        1792/1835008  ( 0.1%) 
occluders                0/0               0/0        ( 0.0%) 
occluder polygons        0/0               0/0        ( 0.0%) 
occluder vert ind        0/0               0/0        ( 0.0%) 
detail props          [variable]           1/12       ( 8.3%) 
static props          [variable]           1/12       ( 8.3%) 
pakfile               [variable]       86746/0        ( 0.0%) 
physics               [variable]        6664/4194304  ( 0.2%) 
physics terrain       [variable]           2/1048576  ( 0.0%) 

Level flags = 2

Total triangle count: 64
Writing d:\steam\steamapps\sourcemods\gigabuilder\maps\character.bsp
0 seconds elapsed
