PRT1
67
186
4 1 3 (2048 1024 -992 ) (2048 1024 992 ) (1024 1024 992 ) (1024 1024 -992 ) 
4 1 2 (1024 2048 992 ) (1024 2048 -992 ) (1024 1024 -992 ) (1024 1024 992 ) 
4 2 19 (0 1024 -992 ) (0 1024 992 ) (0 2048 992 ) (0 2048 -992 ) 
4 2 18 (1024 1024 -992 ) (1024 1024 -448 ) (0 1024 -448 ) (0 1024 -992 ) 
4 2 17 (128 1024 -384 ) (0 1024 -384 ) (0 1024 -448 ) (128 1024 -448 ) 
4 2 16 (160 1024 -384 ) (128 1024 -384 ) (128 1024 -448 ) (160 1024 -448 ) 
4 2 15 (288 1024 -384 ) (160 1024 -384 ) (160 1024 -448 ) (288 1024 -448 ) 
4 2 14 (1024 1024 -448 ) (1024 1024 -384 ) (288 1024 -384 ) (288 1024 -448 ) 
4 2 9 (128 1024 -128 ) (0 1024 -128 ) (0 1024 -384 ) (128 1024 -384 ) 
4 2 8 (1024 1024 -384 ) (1024 1024 -128 ) (128 1024 -128 ) (128 1024 -384 ) 
4 2 5 (1024 1024 -128 ) (1024 1024 -112 ) (0 1024 -112 ) (0 1024 -128 ) 
4 2 4 (1024 1024 -112 ) (1024 1024 992 ) (0 1024 992 ) (0 1024 -112 ) 
4 3 34 (2048 0 -992 ) (2048 0 992 ) (1024 0 992 ) (1024 0 -992 ) 
4 3 18 (1024 1024 -448 ) (1024 1024 -992 ) (1024 0 -992 ) (1024 0 -448 ) 
4 3 14 (1024 1024 -384 ) (1024 1024 -448 ) (1024 0 -448 ) (1024 0 -384 ) 
4 3 10 (1024 192 -384 ) (1024 0 -384 ) (1024 0 -128 ) (1024 192 -128 ) 
4 3 8 (1024 1024 -128 ) (1024 1024 -384 ) (1024 192 -384 ) (1024 192 -128 ) 
4 3 6 (1024 192 -128 ) (1024 0 -128 ) (1024 0 -112 ) (1024 192 -112 ) 
4 3 5 (1024 1024 -112 ) (1024 1024 -128 ) (1024 192 -128 ) (1024 192 -112 ) 
4 3 4 (1024 1024 992 ) (1024 1024 -112 ) (1024 0 -112 ) (1024 0 992 ) 
4 4 35 (1024 0 -112 ) (1024 0 992 ) (0 0 992 ) (0 0 -112 ) 
4 4 20 (0 0 -112 ) (0 0 992 ) (0 1024 992 ) (0 1024 -112 ) 
4 4 7 (320 0 -112 ) (128 0 -112 ) (128 96 -112 ) (320 96 -112 ) 
4 4 6 (1024 192 -112 ) (1024 0 -112 ) (448 0 -112 ) (448 192 -112 ) 
4 4 5 (1024 1024 -112 ) (1024 192 -112 ) (0 192 -112 ) (0 1024 -112 ) 
4 5 22 (0 192 -112 ) (0 224 -112 ) (0 224 -128 ) (0 192 -128 ) 
4 5 21 (0 224 -112 ) (0 1024 -112 ) (0 1024 -128 ) (0 224 -128 ) 
4 5 9 (0 224 -128 ) (0 1024 -128 ) (128 1024 -128 ) (128 224 -128 ) 
4 5 8 (128 1024 -128 ) (1024 1024 -128 ) (1024 192 -128 ) (128 192 -128 ) 
4 5 6 (448 192 -128 ) (1024 192 -128 ) (1024 192 -112 ) (448 192 -112 ) 
4 6 36 (1024 0 -128 ) (1024 0 -112 ) (448 0 -112 ) (448 0 -128 ) 
4 6 10 (1024 0 -128 ) (448 0 -128 ) (448 192 -128 ) (1024 192 -128 ) 
4 7 37 (320 0 -112 ) (128 0 -112 ) (160 0 -128 ) (288 0 -128 ) 
4 7 11 (288 0 -128 ) (160 0 -128 ) (160 64 -128 ) (288 64 -128 ) 
4 8 16 (160 192 -384 ) (128 192 -384 ) (128 1024 -384 ) (160 1024 -384 ) 
4 8 15 (288 192 -384 ) (160 192 -384 ) (160 1024 -384 ) (288 1024 -384 ) 
4 8 14 (1024 1024 -384 ) (1024 192 -384 ) (288 192 -384 ) (288 1024 -384 ) 
4 8 10 (448 192 -384 ) (1024 192 -384 ) (1024 192 -128 ) (448 192 -128 ) 
4 8 9 (128 1024 -384 ) (128 224 -384 ) (128 224 -128 ) (128 1024 -128 ) 
4 9 21 (0 224 -128 ) (0 1024 -128 ) (0 1024 -384 ) (0 224 -384 ) 
4 9 17 (0 224 -384 ) (0 1024 -384 ) (128 1024 -384 ) (128 224 -384 ) 
4 10 39 (1024 0 -384 ) (1024 0 -128 ) (448 0 -128 ) (448 0 -384 ) 
4 10 14 (1024 192 -384 ) (1024 0 -384 ) (448 0 -384 ) (448 192 -384 ) 
4 11 40 (288 0 -128 ) (160 0 -128 ) (160 0 -384 ) (288 0 -384 ) 
4 11 12 (160 32 -384 ) (160 0 -384 ) (160 0 -267 ) (160 32 -267 ) 
4 12 41 (128 0 -267 ) (128 0 -384 ) (160 0 -384 ) (160 0 -267 ) 
4 12 13 (128 32 -384 ) (128 0 -384 ) (128 0 -267 ) (128 32 -267 ) 
4 13 42 (0 0 -144 ) (0 0 -384 ) (128 0 -384 ) (128 0 -144 ) 
4 13 24 (0 64 -144 ) (0 192 -144 ) (0 192 -384 ) (0 64 -384 ) 
4 13 25 (0 0 -384 ) (0 0 -144 ) (0 64 -144 ) (0 64 -384 ) 
4 14 45 (1024 0 -448 ) (1024 0 -384 ) (288 0 -384 ) (288 0 -448 ) 
4 14 18 (1024 0 -448 ) (288 0 -448 ) (288 1024 -448 ) (1024 1024 -448 ) 
4 14 15 (288 1024 -448 ) (288 64 -448 ) (288 64 -384 ) (288 1024 -384 ) 
4 15 18 (160 64 -448 ) (160 1024 -448 ) (288 1024 -448 ) (288 64 -448 ) 
4 15 16 (160 1024 -448 ) (160 64 -448 ) (160 64 -384 ) (160 1024 -384 ) 
4 16 18 (128 32 -448 ) (128 1024 -448 ) (160 1024 -448 ) (160 32 -448 ) 
4 16 17 (128 1024 -448 ) (128 192 -448 ) (128 192 -384 ) (128 1024 -384 ) 
4 17 29 (0 192 -384 ) (0 1024 -384 ) (0 1024 -448 ) (0 192 -448 ) 
4 17 18 (0 192 -448 ) (0 1024 -448 ) (128 1024 -448 ) (128 192 -448 ) 
4 18 49 (1024 0 -992 ) (1024 0 -448 ) (0 0 -448 ) (0 0 -992 ) 
4 18 30 (0 0 -992 ) (0 0 -448 ) (0 192 -448 ) (0 192 -992 ) 
4 18 29 (0 192 -448 ) (0 1024 -448 ) (0 1024 -992 ) (0 192 -992 ) 
4 19 32 (-1024 2048 992 ) (-1024 2048 -992 ) (-1024 1024 -992 ) (-1024 1024 992 ) 
4 19 29 (0 1024 -992 ) (0 1024 -384 ) (-256 1024 -384 ) (-256 1024 -992 ) 
4 19 31 (-256 1024 -384 ) (-1024 1024 -384 ) (-1024 1024 -992 ) (-256 1024 -992 ) 
4 19 21 (0 1024 -384 ) (0 1024 -112 ) (-256 1024 -112 ) (-256 1024 -384 ) 
4 19 23 (-256 1024 -112 ) (-1024 1024 -112 ) (-1024 1024 -384 ) (-256 1024 -384 ) 
4 19 20 (0 1024 -112 ) (0 1024 992 ) (-1024 1024 992 ) (-1024 1024 -112 ) 
4 20 52 (0 0 -112 ) (0 0 992 ) (-1024 0 992 ) (-1024 0 -112 ) 
4 20 33 (-1024 0 -112 ) (-1024 0 992 ) (-1024 1024 992 ) (-1024 1024 -112 ) 
4 20 27 (-256 0 -112 ) (-288 0 -112 ) (-288 192 -112 ) (-256 192 -112 ) 
4 20 28 (-288 0 -112 ) (-1024 0 -112 ) (-1024 192 -112 ) (-288 192 -112 ) 
4 20 25 (0 64 -112 ) (0 0 -112 ) (-128 0 -112 ) (-128 64 -112 ) 
4 20 22 (0 224 -112 ) (0 192 -112 ) (-256 192 -112 ) (-256 224 -112 ) 
4 20 21 (0 1024 -112 ) (0 224 -112 ) (-256 224 -112 ) (-256 1024 -112 ) 
4 20 23 (-256 192 -112 ) (-1024 192 -112 ) (-1024 1024 -112 ) (-256 1024 -112 ) 
4 21 29 (-256 1024 -384 ) (0 1024 -384 ) (0 224 -384 ) (-256 224 -384 ) 
4 21 22 (-256 224 -112 ) (-256 224 -128 ) (0 224 -128 ) (0 224 -112 ) 
4 21 23 (-256 1024 -384 ) (-256 224 -384 ) (-256 224 -112 ) (-256 1024 -112 ) 
4 22 23 (-256 192 -128 ) (-256 192 -112 ) (-256 224 -112 ) (-256 224 -128 ) 
4 23 33 (-1024 192 -112 ) (-1024 1024 -112 ) (-1024 1024 -384 ) (-1024 192 -384 ) 
4 23 31 (-1024 192 -384 ) (-1024 1024 -384 ) (-256 1024 -384 ) (-256 192 -384 ) 
4 23 27 (-256 192 -128 ) (-256 192 -112 ) (-288 192 -112 ) (-288 192 -128 ) 
4 23 28 (-1024 192 -384 ) (-288 192 -384 ) (-288 192 -112 ) (-1024 192 -112 ) 
4 24 26 (-128 192 -144 ) (-128 192 -384 ) (-128 64 -384 ) (-128 64 -144 ) 
4 24 25 (-128 64 -144 ) (-128 64 -384 ) (0 64 -384 ) (0 64 -144 ) 
4 25 53 (0 0 -384 ) (0 0 -112 ) (-128 0 -112 ) (-128 0 -384 ) 
4 25 26 (-128 64 -384 ) (-128 0 -384 ) (-128 0 -144 ) (-128 64 -144 ) 
4 26 55 (-256 0 -144 ) (-256 0 -384 ) (-128 0 -384 ) (-128 0 -144 ) 
4 27 56 (-256 0 -112 ) (-288 0 -112 ) (-288 0 -128 ) (-256 0 -128 ) 
4 27 28 (-288 192 -112 ) (-288 192 -128 ) (-288 0 -128 ) (-288 0 -112 ) 
4 28 57 (-288 0 -112 ) (-1024 0 -112 ) (-1024 0 -384 ) (-288 0 -384 ) 
4 28 33 (-1024 0 -384 ) (-1024 0 -112 ) (-1024 192 -112 ) (-1024 192 -384 ) 
4 28 31 (-288 0 -384 ) (-1024 0 -384 ) (-1024 192 -384 ) (-288 192 -384 ) 
4 29 30 (-256 192 -448 ) (-256 192 -992 ) (0 192 -992 ) (0 192 -448 ) 
4 29 31 (-256 1024 -992 ) (-256 192 -992 ) (-256 192 -384 ) (-256 1024 -384 ) 
4 30 61 (0 0 -992 ) (0 0 -448 ) (-256 0 -448 ) (-256 0 -992 ) 
4 30 31 (-256 192 -992 ) (-256 0 -992 ) (-256 0 -448 ) (-256 192 -448 ) 
4 31 63 (-256 0 -384 ) (-1024 0 -384 ) (-1024 0 -992 ) (-256 0 -992 ) 
4 31 33 (-1024 0 -992 ) (-1024 0 -384 ) (-1024 1024 -384 ) (-1024 1024 -992 ) 
4 32 33 (-1024 1024 -992 ) (-1024 1024 992 ) (-2048 1024 992 ) (-2048 1024 -992 ) 
4 33 64 (-1024 0 -992 ) (-1024 0 992 ) (-2048 0 992 ) (-2048 0 -992 ) 
4 34 50 (2048 -1024 -992 ) (2048 -1024 992 ) (1024 -1024 992 ) (1024 -1024 -992 ) 
4 34 49 (1024 -1024 -992 ) (1024 -1024 -448 ) (1024 0 -448 ) (1024 0 -992 ) 
4 34 45 (1024 -1024 -448 ) (1024 -1024 -384 ) (1024 0 -384 ) (1024 0 -448 ) 
4 34 43 (1024 -1024 -384 ) (1024 -1024 -128 ) (1024 -192 -128 ) (1024 -192 -384 ) 
4 34 39 (1024 -192 -128 ) (1024 0 -128 ) (1024 0 -384 ) (1024 -192 -384 ) 
4 34 36 (1024 -192 -112 ) (1024 0 -112 ) (1024 0 -128 ) (1024 -192 -128 ) 
4 34 38 (1024 -1024 -128 ) (1024 -1024 -112 ) (1024 -192 -112 ) (1024 -192 -128 ) 
4 34 35 (1024 -1024 -112 ) (1024 -1024 992 ) (1024 0 992 ) (1024 0 -112 ) 
4 35 52 (0 0 992 ) (0 0 -112 ) (0 -1024 -112 ) (0 -1024 992 ) 
4 35 51 (0 -1024 992 ) (0 -1024 -112 ) (1024 -1024 -112 ) (1024 -1024 992 ) 
4 35 37 (128 -96 -112 ) (128 0 -112 ) (320 0 -112 ) (320 -96 -112 ) 
4 35 36 (1024 0 -112 ) (1024 -192 -112 ) (448 -192 -112 ) (448 0 -112 ) 
4 35 38 (1024 -192 -112 ) (1024 -1024 -112 ) (0 -1024 -112 ) (0 -192 -112 ) 
4 36 39 (448 0 -128 ) (1024 0 -128 ) (1024 -192 -128 ) (448 -192 -128 ) 
4 36 38 (448 -192 -128 ) (1024 -192 -128 ) (1024 -192 -112 ) (448 -192 -112 ) 
4 37 40 (160 0 -128 ) (288 0 -128 ) (288 -64 -128 ) (160 -64 -128 ) 
4 38 58 (0 -192 -128 ) (0 -224 -128 ) (0 -224 -112 ) (0 -192 -112 ) 
4 38 59 (0 -224 -128 ) (0 -1024 -128 ) (0 -1024 -112 ) (0 -224 -112 ) 
4 38 51 (0 -1024 -112 ) (0 -1024 -128 ) (1024 -1024 -128 ) (1024 -1024 -112 ) 
4 38 44 (128 -1024 -128 ) (0 -1024 -128 ) (0 -224 -128 ) (128 -224 -128 ) 
4 38 43 (1024 -1024 -128 ) (128 -1024 -128 ) (128 -192 -128 ) (1024 -192 -128 ) 
4 39 45 (1024 0 -384 ) (1024 -192 -384 ) (448 -192 -384 ) (448 0 -384 ) 
4 39 43 (448 -192 -384 ) (1024 -192 -384 ) (1024 -192 -128 ) (448 -192 -128 ) 
4 40 41 (160 0 -384 ) (160 -32 -384 ) (160 -32 -267 ) (160 0 -267 ) 
4 41 42 (128 0 -384 ) (128 -32 -384 ) (128 -32 -267 ) (128 0 -267 ) 
4 42 54 (0 -64 -384 ) (0 -192 -384 ) (0 -192 -144 ) (0 -64 -144 ) 
4 42 53 (0 0 -144 ) (0 0 -384 ) (0 -64 -384 ) (0 -64 -144 ) 
4 43 51 (128 -1024 -384 ) (1024 -1024 -384 ) (1024 -1024 -128 ) (128 -1024 -128 ) 
4 43 47 (160 -1024 -384 ) (128 -1024 -384 ) (128 -192 -384 ) (160 -192 -384 ) 
4 43 46 (288 -1024 -384 ) (160 -1024 -384 ) (160 -192 -384 ) (288 -192 -384 ) 
4 43 45 (1024 -192 -384 ) (1024 -1024 -384 ) (288 -1024 -384 ) (288 -192 -384 ) 
4 43 44 (128 -224 -384 ) (128 -1024 -384 ) (128 -1024 -128 ) (128 -224 -128 ) 
4 44 59 (0 -224 -384 ) (0 -1024 -384 ) (0 -1024 -128 ) (0 -224 -128 ) 
4 44 51 (0 -1024 -128 ) (0 -1024 -384 ) (128 -1024 -384 ) (128 -1024 -128 ) 
4 44 48 (128 -1024 -384 ) (0 -1024 -384 ) (0 -224 -384 ) (128 -224 -384 ) 
4 45 51 (288 -1024 -448 ) (1024 -1024 -448 ) (1024 -1024 -384 ) (288 -1024 -384 ) 
4 45 49 (1024 -1024 -448 ) (288 -1024 -448 ) (288 0 -448 ) (1024 0 -448 ) 
4 45 46 (288 -64 -448 ) (288 -1024 -448 ) (288 -1024 -384 ) (288 -64 -384 ) 
4 46 51 (160 -1024 -448 ) (288 -1024 -448 ) (288 -1024 -384 ) (160 -1024 -384 ) 
4 46 49 (288 -1024 -448 ) (160 -1024 -448 ) (160 -64 -448 ) (288 -64 -448 ) 
4 46 47 (160 -64 -448 ) (160 -1024 -448 ) (160 -1024 -384 ) (160 -64 -384 ) 
4 47 51 (128 -1024 -448 ) (160 -1024 -448 ) (160 -1024 -384 ) (128 -1024 -384 ) 
4 47 49 (160 -1024 -448 ) (128 -1024 -448 ) (128 -32 -448 ) (160 -32 -448 ) 
4 47 48 (128 -192 -448 ) (128 -1024 -448 ) (128 -1024 -384 ) (128 -192 -384 ) 
4 48 62 (0 -192 -448 ) (0 -1024 -448 ) (0 -1024 -384 ) (0 -192 -384 ) 
4 48 51 (0 -1024 -384 ) (0 -1024 -448 ) (128 -1024 -448 ) (128 -1024 -384 ) 
4 48 49 (128 -1024 -448 ) (0 -1024 -448 ) (0 -192 -448 ) (128 -192 -448 ) 
4 49 61 (0 0 -448 ) (0 0 -992 ) (0 -192 -992 ) (0 -192 -448 ) 
4 49 62 (0 -192 -992 ) (0 -1024 -992 ) (0 -1024 -448 ) (0 -192 -448 ) 
4 49 51 (0 -1024 -448 ) (0 -1024 -992 ) (1024 -1024 -992 ) (1024 -1024 -448 ) 
4 50 51 (1024 -2048 -992 ) (1024 -2048 992 ) (1024 -1024 992 ) (1024 -1024 -992 ) 
4 51 65 (0 -2048 -992 ) (0 -2048 992 ) (0 -1024 992 ) (0 -1024 -992 ) 
4 52 65 (0 -1024 -112 ) (0 -1024 992 ) (-1024 -1024 992 ) (-1024 -1024 -112 ) 
4 52 64 (-1024 0 992 ) (-1024 0 -112 ) (-1024 -1024 -112 ) (-1024 -1024 992 ) 
4 52 58 (-256 -192 -112 ) (0 -192 -112 ) (0 -224 -112 ) (-256 -224 -112 ) 
4 52 59 (0 -224 -112 ) (0 -1024 -112 ) (-256 -1024 -112 ) (-256 -224 -112 ) 
4 52 60 (-1024 -1024 -112 ) (-1024 -192 -112 ) (-256 -192 -112 ) (-256 -1024 -112 ) 
4 52 56 (-288 0 -112 ) (-256 0 -112 ) (-256 -192 -112 ) (-288 -192 -112 ) 
4 52 57 (-1024 -192 -112 ) (-1024 0 -112 ) (-288 0 -112 ) (-288 -192 -112 ) 
4 52 53 (-128 0 -112 ) (0 0 -112 ) (0 -64 -112 ) (-128 -64 -112 ) 
4 53 55 (-128 0 -384 ) (-128 -64 -384 ) (-128 -64 -144 ) (-128 0 -144 ) 
4 53 54 (-128 -64 -144 ) (-128 -64 -384 ) (0 -64 -384 ) (0 -64 -144 ) 
4 54 55 (-128 -64 -384 ) (-128 -192 -384 ) (-128 -192 -144 ) (-128 -64 -144 ) 
4 56 60 (-256 -192 -128 ) (-256 -192 -112 ) (-288 -192 -112 ) (-288 -192 -128 ) 
4 56 57 (-288 -192 -128 ) (-288 -192 -112 ) (-288 0 -112 ) (-288 0 -128 ) 
4 57 64 (-1024 0 -112 ) (-1024 0 -384 ) (-1024 -192 -384 ) (-1024 -192 -112 ) 
4 57 63 (-1024 -192 -384 ) (-1024 0 -384 ) (-288 0 -384 ) (-288 -192 -384 ) 
4 57 60 (-1024 -192 -384 ) (-288 -192 -384 ) (-288 -192 -112 ) (-1024 -192 -112 ) 
4 58 59 (-256 -224 -112 ) (-256 -224 -128 ) (0 -224 -128 ) (0 -224 -112 ) 
4 58 60 (-256 -192 -112 ) (-256 -192 -128 ) (-256 -224 -128 ) (-256 -224 -112 ) 
4 59 65 (0 -1024 -384 ) (0 -1024 -112 ) (-256 -1024 -112 ) (-256 -1024 -384 ) 
4 59 62 (0 -1024 -384 ) (-256 -1024 -384 ) (-256 -224 -384 ) (0 -224 -384 ) 
4 59 60 (-256 -224 -384 ) (-256 -1024 -384 ) (-256 -1024 -112 ) (-256 -224 -112 ) 
4 60 65 (-256 -1024 -112 ) (-1024 -1024 -112 ) (-1024 -1024 -384 ) (-256 -1024 -384 ) 
4 60 64 (-1024 -192 -384 ) (-1024 -1024 -384 ) (-1024 -1024 -112 ) (-1024 -192 -112 ) 
4 60 63 (-256 -1024 -384 ) (-1024 -1024 -384 ) (-1024 -192 -384 ) (-256 -192 -384 ) 
4 61 62 (-256 -192 -448 ) (-256 -192 -992 ) (0 -192 -992 ) (0 -192 -448 ) 
4 61 63 (-256 0 -992 ) (-256 -192 -992 ) (-256 -192 -448 ) (-256 0 -448 ) 
4 62 65 (0 -1024 -992 ) (0 -1024 -384 ) (-256 -1024 -384 ) (-256 -1024 -992 ) 
4 62 63 (-256 -192 -992 ) (-256 -1024 -992 ) (-256 -1024 -384 ) (-256 -192 -384 ) 
4 63 65 (-256 -1024 -384 ) (-1024 -1024 -384 ) (-1024 -1024 -992 ) (-256 -1024 -992 ) 
4 63 64 (-1024 0 -384 ) (-1024 0 -992 ) (-1024 -1024 -992 ) (-1024 -1024 -384 ) 
4 64 66 (-1024 -1024 -992 ) (-1024 -1024 992 ) (-2048 -1024 992 ) (-2048 -1024 -992 ) 
4 65 66 (-1024 -1024 992 ) (-1024 -1024 -992 ) (-1024 -2048 -992 ) (-1024 -2048 992 ) 
