PRT1
188
477
4 0 5 (1024 2048 0 ) (1024 2048 -416 ) (1536 2048 -416 ) (1536 2048 0 ) 
4 0 2 (1536 2048 928 ) (1024 2048 928 ) (1024 2048 0 ) (1536 2048 0 ) 
4 0 1 (1024 2048 -416 ) (1024 2048 928 ) (1024 2688 928 ) (1024 2688 -416 ) 
4 1 30 (0 2048 -416 ) (0 2048 928 ) (0 2688 928 ) (0 2688 -416 ) 
4 1 17 (1024 2048 -416 ) (1024 2048 0 ) (0 2048 0 ) (0 2048 -416 ) 
4 1 13 (512 2048 928 ) (0 2048 928 ) (0 2048 0 ) (512 2048 0 ) 
4 1 10 (896 2048 928 ) (512 2048 928 ) (512 2048 0 ) (896 2048 0 ) 
4 1 7 (1024 2048 0 ) (1024 2048 928 ) (896 2048 928 ) (896 2048 0 ) 
4 2 7 (1024 2048 928 ) (1024 2048 0 ) (1024 1920 0 ) (1024 1920 928 ) 
4 2 5 (1024 2048 0 ) (1536 2048 0 ) (1536 1920 0 ) (1024 1920 0 ) 
4 2 3 (1536 1920 384 ) (1536 1920 928 ) (1024 1920 928 ) (1024 1920 384 ) 
4 3 8 (1024 1152 384 ) (1024 1152 928 ) (1024 1920 928 ) (1024 1920 384 ) 
4 3 4 (1536 1152 384 ) (1536 1152 928 ) (1024 1152 928 ) (1024 1152 384 ) 
4 4 19 (1536 1024 0 ) (1536 1024 928 ) (1024 1024 928 ) (1024 1024 0 ) 
4 4 9 (1024 1152 0 ) (1024 1024 0 ) (1024 1024 928 ) (1024 1152 928 ) 
4 5 17 (1024 2048 0 ) (1024 2048 -416 ) (1024 1152 -416 ) (1024 1152 0 ) 
4 5 6 (1024 1152 -416 ) (1536 1152 -416 ) (1536 1152 -128 ) (1024 1152 -128 ) 
4 6 21 (1536 1024 -416 ) (1536 1024 -128 ) (1024 1024 -128 ) (1024 1024 -416 ) 
4 6 18 (1024 1152 -416 ) (1024 1024 -416 ) (1024 1024 -128 ) (1024 1152 -128 ) 
4 7 17 (1024 2048 0 ) (1024 1920 0 ) (896 1920 0 ) (896 2048 0 ) 
4 7 10 (896 2048 0 ) (896 1920 0 ) (896 1920 928 ) (896 2048 928 ) 
4 7 8 (1024 1920 928 ) (896 1920 928 ) (896 1920 384 ) (1024 1920 384 ) 
4 8 11 (896 1152 384 ) (896 1152 928 ) (896 1920 928 ) (896 1920 384 ) 
4 8 9 (1024 1152 928 ) (896 1152 928 ) (896 1152 384 ) (1024 1152 384 ) 
4 9 24 (1024 1024 0 ) (1024 1024 384 ) (896 1024 384 ) (896 1024 0 ) 
4 9 23 (1024 1024 384 ) (1024 1024 928 ) (896 1024 928 ) (896 1024 384 ) 
4 9 12 (896 1152 0 ) (896 1024 0 ) (896 1024 928 ) (896 1152 928 ) 
4 10 17 (512 1920 0 ) (512 2048 0 ) (896 2048 0 ) (896 1920 0 ) 
4 10 13 (512 2048 928 ) (512 2048 0 ) (512 1920 0 ) (512 1920 928 ) 
4 10 11 (896 1920 192 ) (896 1920 928 ) (512 1920 928 ) (512 1920 192 ) 
4 11 15 (512 1152 320 ) (512 1152 928 ) (512 1408 928 ) (512 1408 320 ) 
4 11 14 (512 1408 928 ) (512 1920 928 ) (512 1920 192 ) (512 1408 192 ) 
4 11 12 (896 1152 192 ) (896 1152 928 ) (512 1152 928 ) (512 1152 192 ) 
4 12 24 (512 1024 384 ) (512 1024 0 ) (896 1024 0 ) (896 1024 384 ) 
4 12 23 (512 1024 928 ) (512 1024 384 ) (896 1024 384 ) (896 1024 928 ) 
4 12 16 (512 1152 0 ) (512 1024 0 ) (512 1024 928 ) (512 1152 928 ) 
4 13 40 (0 2048 928 ) (0 2048 0 ) (0 1920 0 ) (0 1920 928 ) 
4 13 17 (0 1920 0 ) (0 2048 0 ) (512 2048 0 ) (512 1920 0 ) 
4 13 14 (512 1920 192 ) (512 1920 928 ) (0 1920 928 ) (0 1920 192 ) 
4 14 42 (0 1408 192 ) (0 1408 928 ) (0 1600 928 ) (0 1600 192 ) 
4 14 41 (0 1600 928 ) (0 1920 928 ) (0 1920 192 ) (0 1600 192 ) 
4 14 15 (512 1408 320 ) (512 1408 928 ) (0 1408 928 ) (0 1408 320 ) 
4 15 43 (0 1152 928 ) (0 1408 928 ) (0 1408 320 ) (0 1152 320 ) 
4 15 16 (512 1152 320 ) (512 1152 928 ) (0 1152 928 ) (0 1152 320 ) 
4 16 44 (0 1024 0 ) (0 1024 320 ) (0 1152 320 ) (0 1152 0 ) 
4 16 43 (0 1024 320 ) (0 1024 928 ) (0 1152 928 ) (0 1152 320 ) 
4 16 24 (0 1024 384 ) (0 1024 0 ) (512 1024 0 ) (512 1024 384 ) 
4 16 23 (0 1024 928 ) (0 1024 384 ) (512 1024 384 ) (512 1024 928 ) 
4 17 53 (0 2048 -128 ) (0 2048 -416 ) (0 1152 -416 ) (0 1152 -128 ) 
4 17 51 (0 1152 0 ) (0 2048 0 ) (0 2048 -128 ) (0 1152 -128 ) 
4 17 18 (0 1152 -416 ) (1024 1152 -416 ) (1024 1152 -128 ) (0 1152 -128 ) 
4 18 53 (0 1024 -416 ) (0 1024 -128 ) (0 1152 -128 ) (0 1152 -416 ) 
4 18 29 (1024 1024 -416 ) (1024 1024 -128 ) (0 1024 -128 ) (0 1024 -416 ) 
4 19 24 (1024 1024 384 ) (1024 1024 0 ) (1024 768 0 ) (1024 768 384 ) 
4 19 23 (1024 1024 928 ) (1024 1024 384 ) (1024 768 384 ) (1024 768 928 ) 
4 19 20 (1536 768 384 ) (1536 768 928 ) (1024 768 928 ) (1024 768 384 ) 
4 20 88 (1536 0 384 ) (1536 0 928 ) (1024 0 928 ) (1024 0 384 ) 
4 20 23 (1024 0 384 ) (1024 0 928 ) (1024 768 928 ) (1024 768 384 ) 
4 21 29 (1024 1024 -128 ) (1024 1024 -416 ) (1024 768 -416 ) (1024 768 -128 ) 
4 21 22 (1024 768 -416 ) (1536 768 -416 ) (1536 768 -128 ) (1024 768 -128 ) 
4 22 91 (1536 0 -416 ) (1536 0 0 ) (1024 0 0 ) (1024 0 -416 ) 
4 22 29 (1024 768 -416 ) (1024 0 -416 ) (1024 0 -128 ) (1024 768 -128 ) 
4 22 28 (1024 0 -128 ) (1024 0 0 ) (1024 512 0 ) (1024 512 -128 ) 
4 22 27 (1024 512 0 ) (1024 768 0 ) (1024 768 -128 ) (1024 512 -128 ) 
4 23 95 (512 0 928 ) (0 0 928 ) (0 0 384 ) (512 0 384 ) 
4 23 92 (1024 0 384 ) (1024 0 928 ) (512 0 928 ) (512 0 384 ) 
4 23 63 (0 0 384 ) (0 0 928 ) (0 1024 928 ) (0 1024 384 ) 
4 23 26 (512 0 384 ) (0 0 384 ) (0 512 384 ) (512 512 384 ) 
4 23 25 (896 0 384 ) (512 0 384 ) (512 768 384 ) (896 768 384 ) 
4 23 24 (0 768 384 ) (0 1024 384 ) (1024 1024 384 ) (1024 768 384 ) 
4 24 64 (0 768 384 ) (0 1024 384 ) (0 1024 0 ) (0 768 0 ) 
4 24 25 (896 768 192 ) (896 768 384 ) (512 768 384 ) (512 768 192 ) 
4 25 92 (896 0 384 ) (512 0 384 ) (512 0 192 ) (896 0 192 ) 
4 25 26 (512 512 192 ) (512 0 192 ) (512 0 384 ) (512 512 384 ) 
4 26 95 (512 0 384 ) (0 0 384 ) (0 0 0 ) (512 0 0 ) 
4 26 65 (0 0 0 ) (0 0 384 ) (0 512 384 ) (0 512 0 ) 
4 27 69 (0 512 0 ) (0 768 0 ) (0 768 -128 ) (0 512 -128 ) 
4 27 29 (0 512 -128 ) (0 768 -128 ) (1024 768 -128 ) (1024 512 -128 ) 
4 27 28 (512 512 -128 ) (1024 512 -128 ) (1024 512 0 ) (512 512 0 ) 
4 28 102 (1024 0 -128 ) (1024 0 -16 ) (512 0 -16 ) (512 0 -128 ) 
4 28 98 (1024 0 -16 ) (1024 0 0 ) (512 0 0 ) (512 0 -16 ) 
4 28 29 (1024 0 -128 ) (512 0 -128 ) (512 512 -128 ) (1024 512 -128 ) 
4 29 117 (1024 0 -416 ) (1024 0 -384 ) (0 0 -384 ) (0 0 -416 ) 
4 29 114 (128 0 -256 ) (0 0 -256 ) (0 0 -384 ) (128 0 -384 ) 
4 29 112 (256 0 -256 ) (128 0 -256 ) (128 0 -384 ) (256 0 -384 ) 
4 29 111 (1024 0 -384 ) (1024 0 -256 ) (256 0 -256 ) (256 0 -384 ) 
4 29 107 (256 0 -128 ) (0 0 -128 ) (0 0 -256 ) (256 0 -256 ) 
4 29 106 (1024 0 -256 ) (1024 0 -128 ) (256 0 -128 ) (256 0 -256 ) 
4 29 71 (0 0 -416 ) (0 0 -128 ) (0 1024 -128 ) (0 1024 -416 ) 
4 30 53 (0 2048 -416 ) (0 2048 -128 ) (-1024 2048 -128 ) (-1024 2048 -416 ) 
4 30 52 (-640 2048 0 ) (-1024 2048 0 ) (-1024 2048 -128 ) (-640 2048 -128 ) 
4 30 51 (0 2048 -128 ) (0 2048 0 ) (-640 2048 0 ) (-640 2048 -128 ) 
4 30 45 (-256 2048 928 ) (-1024 2048 928 ) (-1024 2048 0 ) (-256 2048 0 ) 
4 30 40 (0 2048 0 ) (0 2048 928 ) (-256 2048 928 ) (-256 2048 0 ) 
4 30 36 (-1024 2048 -416 ) (-1024 2048 0 ) (-1024 2688 0 ) (-1024 2688 -416 ) 
4 30 35 (-1024 2176 128 ) (-1024 2432 128 ) (-1024 2432 0 ) (-1024 2176 0 ) 
4 30 33 (-1024 2432 128 ) (-1024 2560 128 ) (-1024 2560 0 ) (-1024 2432 0 ) 
4 30 32 (-1024 2560 128 ) (-1024 2688 128 ) (-1024 2688 0 ) (-1024 2560 0 ) 
4 30 31 (-1024 2048 128 ) (-1024 2048 928 ) (-1024 2688 928 ) (-1024 2688 128 ) 
4 31 59 (-1792 2048 928 ) (-2048 2048 928 ) (-2048 2048 128 ) (-1792 2048 128 ) 
4 31 54 (-1024 2048 128 ) (-1024 2048 928 ) (-1792 2048 928 ) (-1792 2048 128 ) 
4 31 37 (-2048 2048 128 ) (-2048 2048 928 ) (-2048 2688 928 ) (-2048 2688 128 ) 
4 31 35 (-1792 2432 128 ) (-1024 2432 128 ) (-1024 2176 128 ) (-1792 2176 128 ) 
4 31 33 (-1792 2560 128 ) (-1024 2560 128 ) (-1024 2432 128 ) (-1792 2432 128 ) 
4 31 34 (-2048 2432 128 ) (-2048 2560 128 ) (-1920 2560 128 ) (-1920 2432 128 ) 
4 31 32 (-1792 2688 128 ) (-1024 2688 128 ) (-1024 2560 128 ) (-1792 2560 128 ) 
4 32 36 (-1024 2688 0 ) (-1024 2560 0 ) (-1792 2560 0 ) (-1792 2688 0 ) 
4 32 33 (-1792 2560 0 ) (-1024 2560 0 ) (-1024 2560 128 ) (-1792 2560 128 ) 
4 33 36 (-1024 2560 0 ) (-1024 2432 0 ) (-1792 2432 0 ) (-1792 2560 0 ) 
4 33 35 (-1792 2432 0 ) (-1024 2432 0 ) (-1024 2432 128 ) (-1792 2432 128 ) 
4 34 36 (-1920 2432 0 ) (-2048 2432 0 ) (-2048 2560 0 ) (-1920 2560 0 ) 
4 35 36 (-1024 2432 0 ) (-1024 2176 0 ) (-1792 2176 0 ) (-1792 2432 0 ) 
4 36 60 (-1024 2048 -416 ) (-1024 2048 0 ) (-1408 2048 0 ) (-1408 2048 -416 ) 
4 36 62 (-1408 2048 0 ) (-2048 2048 0 ) (-2048 2048 -416 ) (-1408 2048 -416 ) 
4 36 39 (-2048 2048 -416 ) (-2048 2048 0 ) (-2048 2688 0 ) (-2048 2688 -416 ) 
4 37 82 (-2048 2048 128 ) (-2048 2048 928 ) (-2304 2048 928 ) (-2304 2048 128 ) 
4 37 38 (-2304 2176 128 ) (-2304 2688 128 ) (-2176 2688 128 ) (-2176 2176 128 ) 
4 38 39 (-2304 2176 0 ) (-2304 2688 0 ) (-2176 2688 0 ) (-2176 2176 0 ) 
4 39 83 (-2048 2048 -416 ) (-2048 2048 0 ) (-2304 2048 0 ) (-2304 2048 -416 ) 
4 40 51 (-256 1920 0 ) (-256 2048 0 ) (0 2048 0 ) (0 1920 0 ) 
4 40 45 (-256 2048 928 ) (-256 2048 0 ) (-256 1920 0 ) (-256 1920 928 ) 
4 40 41 (0 1920 928 ) (-256 1920 928 ) (-256 1920 192 ) (0 1920 192 ) 
4 41 46 (-256 1600 192 ) (-256 1600 928 ) (-256 1920 928 ) (-256 1920 192 ) 
4 41 42 (-256 1600 928 ) (-256 1600 192 ) (0 1600 192 ) (0 1600 928 ) 
4 42 46 (-256 1408 128 ) (-256 1408 928 ) (-256 1600 928 ) (-256 1600 128 ) 
4 42 43 (-256 1408 928 ) (-256 1408 320 ) (0 1408 320 ) (0 1408 928 ) 
4 43 64 (0 1024 320 ) (0 1024 384 ) (-256 1024 384 ) (-256 1024 320 ) 
4 43 63 (0 1024 384 ) (0 1024 928 ) (-256 1024 928 ) (-256 1024 384 ) 
4 43 47 (-256 1024 320 ) (-256 1024 928 ) (-256 1408 928 ) (-256 1408 320 ) 
4 43 44 (0 1024 320 ) (-256 1024 320 ) (-256 1152 320 ) (0 1152 320 ) 
4 44 64 (0 1024 0 ) (0 1024 320 ) (-256 1024 320 ) (-256 1024 0 ) 
4 44 48 (-256 1152 0 ) (-256 1024 0 ) (-256 1024 128 ) (-256 1152 128 ) 
4 44 47 (-256 1024 128 ) (-256 1024 320 ) (-256 1152 320 ) (-256 1152 128 ) 
4 45 54 (-1024 2048 928 ) (-1024 2048 128 ) (-1024 1920 128 ) (-1024 1920 928 ) 
4 45 52 (-1024 1920 0 ) (-1024 2048 0 ) (-640 2048 0 ) (-640 1920 0 ) 
4 45 51 (-640 2048 0 ) (-256 2048 0 ) (-256 1920 0 ) (-640 1920 0 ) 
4 45 46 (-256 1920 128 ) (-256 1920 928 ) (-1024 1920 928 ) (-1024 1920 128 ) 
4 46 54 (-1024 1408 128 ) (-1024 1408 928 ) (-1024 1920 928 ) (-1024 1920 128 ) 
4 46 49 (-512 1408 928 ) (-1024 1408 928 ) (-1024 1408 320 ) (-512 1408 320 ) 
4 46 47 (-256 1408 128 ) (-256 1408 928 ) (-512 1408 928 ) (-512 1408 128 ) 
4 47 64 (-512 1024 384 ) (-512 1024 128 ) (-256 1024 128 ) (-256 1024 384 ) 
4 47 63 (-512 1024 928 ) (-512 1024 384 ) (-256 1024 384 ) (-256 1024 928 ) 
4 47 50 (-512 1152 128 ) (-512 1024 128 ) (-512 1024 320 ) (-512 1152 320 ) 
4 47 49 (-512 1408 928 ) (-512 1408 320 ) (-512 1024 320 ) (-512 1024 928 ) 
4 47 48 (-512 1024 128 ) (-512 1152 128 ) (-256 1152 128 ) (-256 1024 128 ) 
4 48 64 (-512 1024 128 ) (-512 1024 0 ) (-256 1024 0 ) (-256 1024 128 ) 
4 48 50 (-512 1152 0 ) (-512 1024 0 ) (-512 1024 128 ) (-512 1152 128 ) 
4 49 66 (-640 1024 320 ) (-512 1024 320 ) (-512 1024 384 ) (-640 1024 384 ) 
4 49 68 (-1024 1024 384 ) (-1024 1024 320 ) (-640 1024 320 ) (-640 1024 384 ) 
4 49 63 (-1024 1024 928 ) (-1024 1024 384 ) (-512 1024 384 ) (-512 1024 928 ) 
4 49 57 (-1024 1024 320 ) (-1024 1024 928 ) (-1024 1152 928 ) (-1024 1152 320 ) 
4 49 55 (-1024 1152 928 ) (-1024 1408 928 ) (-1024 1408 320 ) (-1024 1152 320 ) 
4 49 50 (-512 1152 320 ) (-512 1024 320 ) (-1024 1024 320 ) (-1024 1152 320 ) 
4 50 66 (-640 1024 0 ) (-512 1024 0 ) (-512 1024 320 ) (-640 1024 320 ) 
4 50 68 (-1024 1024 320 ) (-1024 1024 0 ) (-640 1024 0 ) (-640 1024 320 ) 
4 50 58 (-1024 1152 0 ) (-1024 1024 0 ) (-1024 1024 320 ) (-1024 1152 320 ) 
4 51 53 (-640 2048 -128 ) (0 2048 -128 ) (0 1152 -128 ) (-640 1152 -128 ) 
4 51 52 (-640 2048 -128 ) (-640 1152 -128 ) (-640 1152 0 ) (-640 2048 0 ) 
4 52 60 (-1024 2048 0 ) (-1024 2048 -128 ) (-1024 1152 -128 ) (-1024 1152 0 ) 
4 52 53 (-1024 1152 -128 ) (-1024 2048 -128 ) (-640 2048 -128 ) (-640 1152 -128 ) 
4 53 71 (0 1024 -416 ) (0 1024 -128 ) (-1024 1024 -128 ) (-1024 1024 -416 ) 
4 53 61 (-1024 1152 -416 ) (-1024 1024 -416 ) (-1024 1024 -128 ) (-1024 1152 -128 ) 
4 53 60 (-1024 2048 -128 ) (-1024 2048 -416 ) (-1024 1152 -416 ) (-1024 1152 -128 ) 
4 54 59 (-1792 2048 928 ) (-1792 2048 128 ) (-1792 1408 128 ) (-1792 1408 928 ) 
4 54 56 (-1792 1408 928 ) (-1792 1408 320 ) (-1280 1408 320 ) (-1280 1408 928 ) 
4 54 55 (-1280 1408 128 ) (-1024 1408 128 ) (-1024 1408 928 ) (-1280 1408 928 ) 
4 55 58 (-1280 1152 0 ) (-1024 1152 0 ) (-1024 1152 320 ) (-1280 1152 320 ) 
4 55 57 (-1024 1152 320 ) (-1024 1152 928 ) (-1280 1152 928 ) (-1280 1152 320 ) 
4 55 56 (-1280 1408 928 ) (-1280 1408 320 ) (-1280 1152 320 ) (-1280 1152 928 ) 
4 56 59 (-1792 1152 320 ) (-1792 1152 928 ) (-1792 1408 928 ) (-1792 1408 320 ) 
4 56 57 (-1792 1152 928 ) (-1792 1152 320 ) (-1280 1152 320 ) (-1280 1152 928 ) 
4 57 76 (-1408 1024 928 ) (-1792 1024 928 ) (-1792 1024 320 ) (-1408 1024 320 ) 
4 57 73 (-1376 1024 928 ) (-1408 1024 928 ) (-1408 1024 320 ) (-1376 1024 320 ) 
4 57 72 (-1024 1024 320 ) (-1024 1024 928 ) (-1376 1024 928 ) (-1376 1024 320 ) 
4 57 59 (-1792 1024 320 ) (-1792 1024 928 ) (-1792 1152 928 ) (-1792 1152 320 ) 
4 57 58 (-1408 1152 320 ) (-1024 1152 320 ) (-1024 1024 320 ) (-1408 1024 320 ) 
4 58 73 (-1376 1024 320 ) (-1408 1024 320 ) (-1408 1024 0 ) (-1376 1024 0 ) 
4 58 72 (-1024 1024 0 ) (-1024 1024 320 ) (-1376 1024 320 ) (-1376 1024 0 ) 
4 59 82 (-2048 2048 928 ) (-2048 2048 128 ) (-2048 1024 128 ) (-2048 1024 928 ) 
4 59 78 (-2048 1024 928 ) (-2048 1024 128 ) (-1792 1024 128 ) (-1792 1024 928 ) 
4 60 61 (-1408 1152 -128 ) (-1408 1152 -416 ) (-1024 1152 -416 ) (-1024 1152 -128 ) 
4 60 62 (-1408 2048 -416 ) (-1408 1152 -416 ) (-1408 1152 0 ) (-1408 2048 0 ) 
4 61 81 (-1024 1024 -416 ) (-1024 1024 -128 ) (-1408 1024 -128 ) (-1408 1024 -416 ) 
4 61 62 (-1408 1152 -416 ) (-1408 1024 -416 ) (-1408 1024 -128 ) (-1408 1152 -128 ) 
4 62 83 (-2048 2048 0 ) (-2048 2048 -416 ) (-2048 1024 -416 ) (-2048 1024 0 ) 
4 62 81 (-2048 1024 -128 ) (-2048 1024 -416 ) (-1408 1024 -416 ) (-1408 1024 -128 ) 
4 62 80 (-1408 1024 0 ) (-2048 1024 0 ) (-2048 1024 -128 ) (-1408 1024 -128 ) 
4 63 136 (-512 0 928 ) (-1024 0 928 ) (-1024 0 384 ) (-512 0 384 ) 
4 63 131 (0 0 384 ) (0 0 928 ) (-512 0 928 ) (-512 0 384 ) 
4 63 72 (-1024 1024 928 ) (-1024 1024 384 ) (-1024 0 384 ) (-1024 0 928 ) 
4 63 66 (-640 768 384 ) (-640 1024 384 ) (-512 1024 384 ) (-512 768 384 ) 
4 63 67 (-512 0 384 ) (-640 0 384 ) (-640 128 384 ) (-512 128 384 ) 
4 63 68 (-640 0 384 ) (-1024 0 384 ) (-1024 1024 384 ) (-640 1024 384 ) 
4 63 64 (-512 768 384 ) (-512 1024 384 ) (0 1024 384 ) (0 768 384 ) 
4 63 65 (0 0 384 ) (-512 0 384 ) (-512 512 384 ) (0 512 384 ) 
4 64 66 (-512 1024 0 ) (-512 768 0 ) (-512 768 384 ) (-512 1024 384 ) 
4 65 131 (0 0 0 ) (0 0 384 ) (-512 0 384 ) (-512 0 0 ) 
4 65 67 (-512 128 0 ) (-512 0 0 ) (-512 0 384 ) (-512 128 384 ) 
4 66 68 (-640 1024 0 ) (-640 768 0 ) (-640 768 384 ) (-640 1024 384 ) 
4 67 137 (-640 0 192 ) (-640 0 0 ) (-512 0 0 ) (-512 0 192 ) 
4 67 136 (-512 0 384 ) (-640 0 384 ) (-640 0 192 ) (-512 0 192 ) 
4 67 68 (-640 128 0 ) (-640 0 0 ) (-640 0 384 ) (-640 128 384 ) 
4 68 138 (-1024 0 192 ) (-1024 0 0 ) (-640 0 0 ) (-640 0 192 ) 
4 68 136 (-640 0 384 ) (-1024 0 384 ) (-1024 0 192 ) (-640 0 192 ) 
4 68 72 (-1024 1024 384 ) (-1024 1024 0 ) (-1024 0 0 ) (-1024 0 384 ) 
4 69 71 (0 768 -128 ) (0 512 -128 ) (-640 512 -128 ) (-640 768 -128 ) 
4 69 70 (-640 512 -128 ) (-512 512 -128 ) (-512 512 0 ) (-640 512 0 ) 
4 70 71 (-640 128 -128 ) (-640 512 -128 ) (-512 512 -128 ) (-512 128 -128 ) 
4 71 152 (0 0 -416 ) (0 0 -384 ) (-1024 0 -384 ) (-1024 0 -416 ) 
4 71 149 (0 0 -384 ) (0 0 -256 ) (-128 0 -256 ) (-128 0 -384 ) 
4 71 151 (-128 0 -256 ) (-1024 0 -256 ) (-1024 0 -384 ) (-128 0 -384 ) 
4 71 145 (0 0 -256 ) (0 0 -128 ) (-128 0 -128 ) (-128 0 -256 ) 
4 71 146 (-128 0 -128 ) (-1024 0 -128 ) (-1024 0 -256 ) (-128 0 -256 ) 
4 71 81 (-1024 1024 -128 ) (-1024 1024 -416 ) (-1024 0 -416 ) (-1024 0 -128 ) 
4 72 153 (-1024 0 0 ) (-1024 0 928 ) (-1376 0 928 ) (-1376 0 0 ) 
4 72 74 (-1376 640 128 ) (-1376 640 928 ) (-1376 768 928 ) (-1376 768 128 ) 
4 72 73 (-1376 1024 0 ) (-1376 768 0 ) (-1376 768 928 ) (-1376 1024 928 ) 
4 72 75 (-1376 640 0 ) (-1376 0 0 ) (-1376 0 928 ) (-1376 640 928 ) 
4 73 76 (-1408 1024 928 ) (-1408 1024 320 ) (-1408 768 320 ) (-1408 768 928 ) 
4 73 74 (-1376 768 128 ) (-1376 768 928 ) (-1408 768 928 ) (-1408 768 128 ) 
4 74 76 (-1408 640 320 ) (-1408 640 928 ) (-1408 768 928 ) (-1408 768 320 ) 
4 74 75 (-1376 640 128 ) (-1376 640 928 ) (-1408 640 928 ) (-1408 640 128 ) 
4 75 153 (-1376 0 928 ) (-1408 0 928 ) (-1408 0 0 ) (-1376 0 0 ) 
4 75 76 (-1408 512 320 ) (-1408 512 928 ) (-1408 640 928 ) (-1408 640 320 ) 
4 75 77 (-1408 512 0 ) (-1408 0 0 ) (-1408 0 928 ) (-1408 512 928 ) 
4 76 78 (-1792 512 320 ) (-1792 512 928 ) (-1792 1024 928 ) (-1792 1024 320 ) 
4 76 77 (-1408 512 320 ) (-1408 512 928 ) (-1792 512 928 ) (-1792 512 320 ) 
4 77 153 (-1792 0 928 ) (-1792 0 0 ) (-1408 0 0 ) (-1408 0 928 ) 
4 77 79 (-1792 512 0 ) (-1792 0 0 ) (-1792 0 928 ) (-1792 512 928 ) 
4 78 84 (-2048 512 928 ) (-2048 1024 928 ) (-2048 1024 128 ) (-2048 512 128 ) 
4 78 79 (-1792 512 128 ) (-1792 512 928 ) (-2048 512 928 ) (-2048 512 128 ) 
4 79 155 (-2048 0 928 ) (-2048 0 0 ) (-1792 0 0 ) (-1792 0 928 ) 
4 79 85 (-2048 0 0 ) (-2048 0 928 ) (-2048 512 928 ) (-2048 512 0 ) 
4 80 86 (-2048 512 0 ) (-2048 1024 0 ) (-2048 1024 -128 ) (-2048 512 -128 ) 
4 80 81 (-2048 512 -128 ) (-2048 1024 -128 ) (-1408 1024 -128 ) (-1408 512 -128 ) 
4 81 160 (-1792 0 -128 ) (-2048 0 -128 ) (-2048 0 -416 ) (-1792 0 -416 ) 
4 81 159 (-1024 0 -416 ) (-1024 0 -256 ) (-1792 0 -256 ) (-1792 0 -416 ) 
4 81 158 (-1024 0 -256 ) (-1024 0 -128 ) (-1792 0 -128 ) (-1792 0 -256 ) 
4 81 87 (-2048 0 -416 ) (-2048 0 -128 ) (-2048 512 -128 ) (-2048 512 -416 ) 
4 81 86 (-2048 512 -128 ) (-2048 1024 -128 ) (-2048 1024 -416 ) (-2048 512 -416 ) 
4 82 84 (-2048 1024 128 ) (-2048 1024 928 ) (-2304 1024 928 ) (-2304 1024 128 ) 
4 83 86 (-2048 1024 -416 ) (-2048 1024 0 ) (-2304 1024 0 ) (-2304 1024 -416 ) 
4 84 85 (-2304 512 928 ) (-2304 512 128 ) (-2048 512 128 ) (-2048 512 928 ) 
4 85 182 (-2048 0 0 ) (-2048 0 928 ) (-2304 0 928 ) (-2304 0 0 ) 
4 86 87 (-2304 512 -416 ) (-2048 512 -416 ) (-2048 512 -128 ) (-2304 512 -128 ) 
4 87 184 (-2048 0 -416 ) (-2048 0 -128 ) (-2304 0 -128 ) (-2304 0 -416 ) 
4 88 92 (1024 0 928 ) (1024 0 192 ) (1024 -320 192 ) (1024 -320 928 ) 
4 88 89 (1536 -320 384 ) (1536 -320 928 ) (1024 -320 928 ) (1024 -320 384 ) 
4 89 93 (1024 -640 384 ) (1024 -640 928 ) (1024 -320 928 ) (1024 -320 384 ) 
4 89 90 (1536 -640 384 ) (1536 -640 928 ) (1024 -640 928 ) (1024 -640 384 ) 
4 90 118 (1536 -1024 0 ) (1536 -1024 928 ) (1024 -1024 928 ) (1024 -1024 0 ) 
4 90 94 (1024 -640 0 ) (1024 -1024 0 ) (1024 -1024 384 ) (1024 -640 384 ) 
4 90 93 (1024 -1024 384 ) (1024 -1024 928 ) (1024 -640 928 ) (1024 -640 384 ) 
4 90 91 (1536 -640 0 ) (1536 -1024 0 ) (1024 -1024 0 ) (1024 -640 0 ) 
4 91 118 (1536 -1024 -416 ) (1536 -1024 0 ) (1024 -1024 0 ) (1024 -1024 -416 ) 
4 91 117 (1024 0 -384 ) (1024 0 -416 ) (1024 -1024 -416 ) (1024 -1024 -384 ) 
4 91 111 (1024 0 -256 ) (1024 0 -384 ) (1024 -1024 -384 ) (1024 -1024 -256 ) 
4 91 108 (1024 -640 -256 ) (1024 -1024 -256 ) (1024 -1024 -128 ) (1024 -640 -128 ) 
4 91 106 (1024 0 -128 ) (1024 0 -256 ) (1024 -640 -256 ) (1024 -640 -128 ) 
4 91 104 (1024 -640 -128 ) (1024 -1024 -128 ) (1024 -1024 -16 ) (1024 -640 -16 ) 
4 91 103 (1024 -512 -128 ) (1024 -640 -128 ) (1024 -640 -16 ) (1024 -512 -16 ) 
4 91 102 (1024 0 -16 ) (1024 0 -128 ) (1024 -512 -128 ) (1024 -512 -16 ) 
4 91 99 (1024 -512 -16 ) (1024 -1024 -16 ) (1024 -1024 0 ) (1024 -512 0 ) 
4 91 98 (1024 0 0 ) (1024 0 -16 ) (1024 -512 -16 ) (1024 -512 0 ) 
4 92 95 (512 -320 192 ) (512 -320 928 ) (512 0 928 ) (512 0 192 ) 
4 92 93 (512 -320 928 ) (512 -320 384 ) (1024 -320 384 ) (1024 -320 928 ) 
4 93 119 (1024 -1024 384 ) (1024 -1024 928 ) (512 -1024 928 ) (512 -1024 384 ) 
4 93 96 (512 -640 928 ) (512 -512 928 ) (512 -512 384 ) (512 -640 384 ) 
4 93 95 (512 -512 928 ) (512 -320 928 ) (512 -320 384 ) (512 -512 384 ) 
4 93 97 (512 -1024 384 ) (512 -1024 928 ) (512 -640 928 ) (512 -640 384 ) 
4 93 94 (512 -1024 384 ) (512 -640 384 ) (1024 -640 384 ) (1024 -1024 384 ) 
4 94 119 (1024 -1024 0 ) (1024 -1024 384 ) (512 -1024 384 ) (512 -1024 0 ) 
4 94 99 (1024 -1024 0 ) (512 -1024 0 ) (512 -640 0 ) (1024 -640 0 ) 
4 94 97 (512 -640 0 ) (512 -1024 0 ) (512 -1024 384 ) (512 -640 384 ) 
4 95 131 (0 0 928 ) (0 0 0 ) (0 -512 0 ) (0 -512 928 ) 
4 95 96 (512 -512 192 ) (512 -512 928 ) (0 -512 928 ) (0 -512 192 ) 
4 96 132 (0 -640 192 ) (0 -640 928 ) (0 -512 928 ) (0 -512 192 ) 
4 96 97 (512 -640 192 ) (512 -640 928 ) (0 -640 928 ) (0 -640 192 ) 
4 97 133 (0 -640 0 ) (0 -1024 0 ) (0 -1024 928 ) (0 -640 928 ) 
4 97 120 (256 -1024 0 ) (512 -1024 0 ) (512 -1024 928 ) (256 -1024 928 ) 
4 97 122 (0 -1024 928 ) (0 -1024 0 ) (256 -1024 0 ) (256 -1024 928 ) 
4 97 101 (256 -1024 0 ) (0 -1024 0 ) (0 -640 0 ) (256 -640 0 ) 
4 98 102 (512 0 -16 ) (1024 0 -16 ) (1024 -512 -16 ) (512 -512 -16 ) 
4 98 99 (512 -512 -16 ) (1024 -512 -16 ) (1024 -512 0 ) (512 -512 0 ) 
4 99 119 (1024 -1024 -16 ) (1024 -1024 0 ) (512 -1024 0 ) (512 -1024 -16 ) 
4 99 104 (1024 -640 -16 ) (1024 -1024 -16 ) (512 -1024 -16 ) (512 -640 -16 ) 
4 99 103 (1024 -512 -16 ) (1024 -640 -16 ) (512 -640 -16 ) (512 -512 -16 ) 
4 99 100 (512 -512 0 ) (512 -512 -16 ) (512 -640 -16 ) (512 -640 0 ) 
4 100 103 (256 -640 -16 ) (256 -512 -16 ) (512 -512 -16 ) (512 -640 -16 ) 
4 101 134 (0 -640 -16 ) (0 -1024 -16 ) (0 -1024 0 ) (0 -640 0 ) 
4 101 122 (256 -1024 0 ) (0 -1024 0 ) (0 -1024 -16 ) (256 -1024 -16 ) 
4 101 105 (256 -1024 -16 ) (0 -1024 -16 ) (0 -640 -16 ) (256 -640 -16 ) 
4 102 106 (512 0 -128 ) (1024 0 -128 ) (1024 -512 -128 ) (512 -512 -128 ) 
4 102 103 (512 -512 -128 ) (1024 -512 -128 ) (1024 -512 -16 ) (512 -512 -16 ) 
4 103 106 (256 -512 -128 ) (1024 -512 -128 ) (1024 -640 -128 ) (256 -640 -128 ) 
4 103 104 (512 -640 -128 ) (1024 -640 -128 ) (1024 -640 -16 ) (512 -640 -16 ) 
4 104 124 (1024 -1024 -128 ) (1024 -1024 -16 ) (512 -1024 -16 ) (512 -1024 -128 ) 
4 104 108 (1024 -1024 -128 ) (512 -1024 -128 ) (512 -640 -128 ) (1024 -640 -128 ) 
4 105 143 (0 -640 -128 ) (0 -1024 -128 ) (0 -1024 -16 ) (0 -640 -16 ) 
4 105 126 (256 -1024 -16 ) (0 -1024 -16 ) (0 -1024 -128 ) (256 -1024 -128 ) 
4 105 110 (256 -1024 -128 ) (0 -1024 -128 ) (0 -640 -128 ) (256 -640 -128 ) 
4 106 111 (256 0 -256 ) (1024 0 -256 ) (1024 -640 -256 ) (256 -640 -256 ) 
4 106 109 (384 -640 -256 ) (512 -640 -256 ) (512 -640 -128 ) (384 -640 -128 ) 
4 106 108 (512 -640 -256 ) (1024 -640 -256 ) (1024 -640 -128 ) (512 -640 -128 ) 
4 106 107 (256 0 -256 ) (256 -512 -256 ) (256 -512 -128 ) (256 0 -128 ) 
4 107 145 (0 0 -128 ) (0 0 -256 ) (0 -512 -256 ) (0 -512 -128 ) 
4 107 114 (0 0 -256 ) (128 0 -256 ) (128 -512 -256 ) (0 -512 -256 ) 
4 107 112 (128 0 -256 ) (256 0 -256 ) (256 -512 -256 ) (128 -512 -256 ) 
4 108 124 (1024 -1024 -256 ) (1024 -1024 -128 ) (512 -1024 -128 ) (512 -1024 -256 ) 
4 108 111 (1024 -640 -256 ) (1024 -1024 -256 ) (512 -1024 -256 ) (512 -640 -256 ) 
4 108 109 (512 -640 -128 ) (512 -640 -256 ) (512 -1024 -256 ) (512 -1024 -128 ) 
4 109 127 (512 -1024 -128 ) (384 -1024 -128 ) (384 -1024 -256 ) (512 -1024 -256 ) 
4 109 111 (512 -1024 -256 ) (384 -1024 -256 ) (384 -640 -256 ) (512 -640 -256 ) 
5 110 147 (0 -640 -256 ) (0 -896 -256 ) (0 -1024 -192 ) (0 -1024 -128 ) (0 -640 -128 ) 
4 110 128 (256 -1024 -128 ) (0 -1024 -128 ) (0 -1024 -192 ) (256 -1024 -192 ) 
4 110 115 (0 -832 -256 ) (0 -704 -256 ) (128 -704 -256 ) (128 -832 -256 ) 
4 111 130 (1024 -1024 -384 ) (1024 -1024 -256 ) (256 -1024 -256 ) (256 -1024 -384 ) 
4 111 117 (1024 -1024 -384 ) (256 -1024 -384 ) (256 0 -384 ) (1024 0 -384 ) 
4 111 112 (256 0 -384 ) (256 -640 -384 ) (256 -640 -256 ) (256 0 -256 ) 
4 111 113 (256 -896 -384 ) (256 -1024 -384 ) (256 -1024 -256 ) (256 -896 -256 ) 
4 112 117 (128 -640 -384 ) (128 0 -384 ) (256 0 -384 ) (256 -640 -384 ) 
4 112 114 (128 0 -384 ) (128 -640 -384 ) (128 -640 -256 ) (128 0 -256 ) 
4 113 130 (256 -1024 -256 ) (128 -1024 -256 ) (128 -1024 -384 ) (256 -1024 -384 ) 
4 113 117 (256 -1024 -384 ) (128 -1024 -384 ) (128 -896 -384 ) (256 -896 -384 ) 
4 113 116 (128 -896 -384 ) (128 -1024 -384 ) (128 -1024 -256 ) (128 -896 -256 ) 
4 114 149 (0 0 -256 ) (0 0 -384 ) (0 -640 -384 ) (0 -640 -256 ) 
4 114 117 (0 -640 -384 ) (0 0 -384 ) (128 0 -384 ) (128 -640 -384 ) 
4 115 117 (0 -832 -384 ) (0 -704 -384 ) (128 -704 -384 ) (128 -832 -384 ) 
4 116 150 (0 -896 -384 ) (0 -1024 -384 ) (0 -1024 -256 ) (0 -896 -256 ) 
4 116 130 (128 -1024 -256 ) (0 -1024 -256 ) (0 -1024 -384 ) (128 -1024 -384 ) 
4 116 117 (128 -1024 -384 ) (0 -1024 -384 ) (0 -896 -384 ) (128 -896 -384 ) 
4 117 152 (0 0 -384 ) (0 0 -416 ) (0 -1024 -416 ) (0 -1024 -384 ) 
4 117 130 (1024 -1024 -416 ) (1024 -1024 -384 ) (0 -1024 -384 ) (0 -1024 -416 ) 
4 118 130 (1024 -1024 -256 ) (1024 -1024 -416 ) (1024 -2048 -416 ) (1024 -2048 -256 ) 
4 118 124 (1024 -1024 -16 ) (1024 -1024 -256 ) (1024 -2048 -256 ) (1024 -2048 -16 ) 
4 118 119 (1024 -1024 928 ) (1024 -1024 -16 ) (1024 -2048 -16 ) (1024 -2048 928 ) 
4 119 124 (1024 -1024 -16 ) (1024 -2048 -16 ) (512 -2048 -16 ) (512 -1024 -16 ) 
4 119 123 (512 -2048 320 ) (512 -2048 928 ) (512 -1792 928 ) (512 -1792 320 ) 
4 119 120 (512 -1152 0 ) (512 -1152 928 ) (512 -1024 928 ) (512 -1024 0 ) 
4 119 121 (512 -1152 -16 ) (512 -1792 -16 ) (512 -1792 928 ) (512 -1152 928 ) 
4 120 121 (256 -1152 928 ) (256 -1152 0 ) (512 -1152 0 ) (512 -1152 928 ) 
4 120 122 (256 -1152 0 ) (256 -1152 928 ) (256 -1024 928 ) (256 -1024 0 ) 
4 121 125 (512 -1152 -16 ) (512 -1792 -16 ) (256 -1792 -16 ) (256 -1152 -16 ) 
4 121 123 (512 -1792 320 ) (512 -1792 928 ) (256 -1792 928 ) (256 -1792 320 ) 
4 121 122 (256 -1152 -16 ) (256 -1792 -16 ) (256 -1792 928 ) (256 -1152 928 ) 
4 122 164 (0 -1792 928 ) (0 -1152 928 ) (0 -1152 -16 ) (0 -1792 -16 ) 
4 122 161 (0 -1152 928 ) (0 -1024 928 ) (0 -1024 -16 ) (0 -1152 -16 ) 
4 122 126 (0 -1792 -16 ) (0 -1024 -16 ) (256 -1024 -16 ) (256 -1792 -16 ) 
4 122 123 (256 -1792 320 ) (256 -1792 928 ) (0 -1792 928 ) (0 -1792 320 ) 
4 123 165 (0 -2048 320 ) (0 -2048 928 ) (0 -1792 928 ) (0 -1792 320 ) 
4 124 130 (1024 -2048 -256 ) (512 -2048 -256 ) (512 -1024 -256 ) (1024 -1024 -256 ) 
4 124 129 (512 -1792 -256 ) (512 -2048 -256 ) (512 -2048 -128 ) (512 -1792 -128 ) 
4 124 127 (512 -1024 -256 ) (512 -1152 -256 ) (512 -1152 -128 ) (512 -1024 -128 ) 
4 124 125 (512 -1792 -16 ) (512 -1152 -16 ) (512 -1152 -128 ) (512 -1792 -128 ) 
4 125 126 (256 -1152 -128 ) (256 -1792 -128 ) (256 -1792 -16 ) (256 -1152 -16 ) 
4 126 166 (0 -1792 -16 ) (0 -1024 -16 ) (0 -1024 -128 ) (0 -1792 -128 ) 
4 126 128 (0 -1152 -128 ) (0 -1024 -128 ) (256 -1024 -128 ) (256 -1152 -128 ) 
4 127 130 (384 -1024 -256 ) (512 -1024 -256 ) (512 -1152 -256 ) (384 -1152 -256 ) 
3 128 169 (0 -1152 -128 ) (0 -1024 -128 ) (0 -1024 -192 ) 
4 129 171 (0 -2048 -256 ) (0 -2048 -128 ) (0 -1792 -128 ) (0 -1792 -256 ) 
4 129 130 (512 -2048 -256 ) (0 -2048 -256 ) (0 -1792 -256 ) (512 -1792 -256 ) 
4 130 173 (0 -2048 -416 ) (0 -2048 -256 ) (0 -1024 -256 ) (0 -1024 -416 ) 
4 131 137 (-512 0 192 ) (-512 0 0 ) (-512 -128 0 ) (-512 -128 192 ) 
4 131 136 (-512 0 928 ) (-512 0 192 ) (-512 -512 192 ) (-512 -512 928 ) 
4 131 132 (0 -512 192 ) (0 -512 928 ) (-512 -512 928 ) (-512 -512 192 ) 
4 132 136 (-512 -640 192 ) (-512 -640 928 ) (-512 -512 928 ) (-512 -512 192 ) 
4 132 133 (0 -640 192 ) (0 -640 928 ) (-512 -640 928 ) (-512 -640 192 ) 
4 133 162 (-128 -1024 928 ) (-512 -1024 928 ) (-512 -1024 0 ) (-128 -1024 0 ) 
4 133 161 (0 -1024 0 ) (0 -1024 928 ) (-128 -1024 928 ) (-128 -1024 0 ) 
4 133 140 (-512 -640 0 ) (-512 -1024 0 ) (-512 -1024 928 ) (-512 -640 928 ) 
4 133 134 (0 -1024 0 ) (-128 -1024 0 ) (-128 -640 0 ) (0 -640 0 ) 
4 134 161 (0 -1024 -16 ) (0 -1024 0 ) (-128 -1024 0 ) (-128 -1024 -16 ) 
4 134 143 (0 -1024 -16 ) (-128 -1024 -16 ) (-128 -640 -16 ) (0 -640 -16 ) 
4 135 141 (-512 -640 -16 ) (-512 -512 -16 ) (-128 -512 -16 ) (-128 -640 -16 ) 
4 135 139 (-512 -512 -16 ) (-512 -640 -16 ) (-512 -640 0 ) (-512 -512 0 ) 
4 136 153 (-1024 0 928 ) (-1024 0 192 ) (-1024 -640 192 ) (-1024 -640 928 ) 
4 136 140 (-512 -640 192 ) (-512 -640 928 ) (-1024 -640 928 ) (-1024 -640 192 ) 
4 136 137 (-640 -128 192 ) (-640 0 192 ) (-512 0 192 ) (-512 -128 192 ) 
4 136 138 (-640 -640 192 ) (-1024 -640 192 ) (-1024 0 192 ) (-640 0 192 ) 
4 137 138 (-640 0 0 ) (-640 -128 0 ) (-640 -128 192 ) (-640 0 192 ) 
4 138 153 (-1024 0 192 ) (-1024 0 0 ) (-1024 -640 0 ) (-1024 -640 192 ) 
4 138 140 (-640 -640 192 ) (-1024 -640 192 ) (-1024 -640 0 ) (-640 -640 0 ) 
4 139 142 (-512 -128 -16 ) (-512 -640 -16 ) (-640 -640 -16 ) (-640 -128 -16 ) 
4 140 163 (-1024 -1024 928 ) (-1024 -1024 -16 ) (-512 -1024 -16 ) (-512 -1024 928 ) 
5 140 154 (-1024 -672 -16 ) (-1024 -1024 -16 ) (-1024 -1024 928 ) (-1024 -640 928 ) (-1024 -640 0 ) 
4 140 144 (-512 -1024 -16 ) (-1024 -1024 -16 ) (-1024 -672 -16 ) (-512 -672 -16 ) 
4 141 146 (-128 -640 -128 ) (-512 -640 -128 ) (-512 -512 -128 ) (-128 -512 -128 ) 
4 141 142 (-512 -512 -128 ) (-512 -640 -128 ) (-512 -640 -16 ) (-512 -512 -16 ) 
4 142 146 (-512 -128 -128 ) (-512 -640 -128 ) (-640 -640 -128 ) (-640 -128 -128 ) 
4 143 166 (0 -1024 -128 ) (0 -1024 -16 ) (-128 -1024 -16 ) (-128 -1024 -128 ) 
4 143 147 (-128 -640 -128 ) (0 -640 -128 ) (0 -1024 -128 ) (-128 -1024 -128 ) 
4 144 168 (-512 -1024 -16 ) (-1024 -1024 -16 ) (-1024 -1024 -128 ) (-512 -1024 -128 ) 
4 144 157 (-1024 -896 -128 ) (-1024 -1024 -128 ) (-1024 -1024 -16 ) (-1024 -672 -16 ) 
4 145 149 (-128 0 -256 ) (0 0 -256 ) (0 -512 -256 ) (-128 -512 -256 ) 
4 145 146 (-128 0 -256 ) (-128 -512 -256 ) (-128 -512 -128 ) (-128 0 -128 ) 
4 146 158 (-1024 0 -128 ) (-1024 0 -256 ) (-1024 -640 -256 ) (-1024 -640 -128 ) 
4 146 151 (-1024 -640 -256 ) (-1024 0 -256 ) (-128 0 -256 ) (-128 -640 -256 ) 
4 146 148 (-512 -640 -256 ) (-256 -640 -256 ) (-256 -640 -128 ) (-512 -640 -128 ) 
4 147 169 (0 -1024 -192 ) (0 -1024 -128 ) (-128 -1024 -128 ) (-128 -1024 -192 ) 
4 148 170 (-256 -1024 -128 ) (-512 -1024 -128 ) (-512 -1024 -256 ) (-256 -1024 -256 ) 
4 148 151 (-256 -1024 -256 ) (-512 -1024 -256 ) (-512 -640 -256 ) (-256 -640 -256 ) 
4 149 152 (-128 0 -384 ) (0 0 -384 ) (0 -640 -384 ) (-128 -640 -384 ) 
4 149 151 (-128 0 -384 ) (-128 -640 -384 ) (-128 -640 -256 ) (-128 0 -256 ) 
4 150 173 (0 -1024 -384 ) (0 -1024 -256 ) (-128 -1024 -256 ) (-128 -1024 -384 ) 
4 150 152 (0 -896 -384 ) (0 -1024 -384 ) (-128 -1024 -384 ) (-128 -896 -384 ) 
4 150 151 (-128 -896 -384 ) (-128 -1024 -384 ) (-128 -1024 -256 ) (-128 -896 -256 ) 
4 151 173 (-128 -1024 -256 ) (-1024 -1024 -256 ) (-1024 -1024 -384 ) (-128 -1024 -384 ) 
4 151 159 (-1024 0 -256 ) (-1024 0 -384 ) (-1024 -1024 -384 ) (-1024 -1024 -256 ) 
4 151 152 (-1024 -1024 -384 ) (-1024 0 -384 ) (-128 0 -384 ) (-128 -1024 -384 ) 
4 152 173 (0 -1024 -416 ) (0 -1024 -384 ) (-1024 -1024 -384 ) (-1024 -1024 -416 ) 
4 152 159 (-1024 0 -384 ) (-1024 0 -416 ) (-1024 -1024 -416 ) (-1024 -1024 -384 ) 
4 153 156 (-1792 -640 128 ) (-1792 -640 928 ) (-1792 -256 928 ) (-1792 -256 128 ) 
4 153 155 (-1792 0 928 ) (-1792 0 0 ) (-1792 -256 0 ) (-1792 -256 928 ) 
4 153 154 (-1792 -640 928 ) (-1792 -640 0 ) (-1024 -640 0 ) (-1024 -640 928 ) 
4 154 175 (-1024 -1024 -16 ) (-1024 -1024 320 ) (-1792 -1024 320 ) (-1792 -1024 -16 ) 
4 154 174 (-1024 -1024 320 ) (-1024 -1024 928 ) (-1792 -1024 928 ) (-1792 -1024 320 ) 
4 154 157 (-1024 -672 -16 ) (-1024 -1024 -16 ) (-1792 -1024 -16 ) (-1792 -672 -16 ) 
4 154 156 (-1792 -1024 128 ) (-1792 -1024 928 ) (-1792 -640 928 ) (-1792 -640 128 ) 
4 155 182 (-2048 0 928 ) (-2048 0 0 ) (-2048 -256 0 ) (-2048 -256 928 ) 
4 155 156 (-1792 -256 128 ) (-1792 -256 928 ) (-2048 -256 928 ) (-2048 -256 128 ) 
4 156 183 (-2048 -1024 128 ) (-2048 -1024 928 ) (-2048 -256 928 ) (-2048 -256 128 ) 
4 156 176 (-2048 -1024 320 ) (-2048 -1024 128 ) (-1792 -1024 128 ) (-1792 -1024 320 ) 
4 156 174 (-2048 -1024 928 ) (-2048 -1024 320 ) (-1792 -1024 320 ) (-1792 -1024 928 ) 
4 157 178 (-1024 -1024 -128 ) (-1024 -1024 -16 ) (-1792 -1024 -16 ) (-1792 -1024 -128 ) 
4 158 160 (-1792 0 -128 ) (-1792 0 -256 ) (-1792 -640 -256 ) (-1792 -640 -128 ) 
4 158 159 (-1792 -640 -256 ) (-1792 0 -256 ) (-1024 0 -256 ) (-1024 -640 -256 ) 
4 159 181 (-1024 -1024 -416 ) (-1024 -1024 -256 ) (-1792 -1024 -256 ) (-1792 -1024 -416 ) 
4 159 160 (-1792 0 -256 ) (-1792 0 -416 ) (-1792 -1024 -416 ) (-1792 -1024 -256 ) 
4 160 184 (-2048 0 -128 ) (-2048 0 -416 ) (-2048 -1024 -416 ) (-2048 -1024 -128 ) 
4 160 181 (-1792 -1024 -416 ) (-1792 -1024 -256 ) (-2048 -1024 -256 ) (-2048 -1024 -416 ) 
4 160 180 (-1792 -1024 -256 ) (-1792 -1024 -128 ) (-2048 -1024 -128 ) (-2048 -1024 -256 ) 
4 161 166 (-128 -1024 -16 ) (0 -1024 -16 ) (0 -1152 -16 ) (-128 -1152 -16 ) 
4 161 164 (-128 -1152 -16 ) (0 -1152 -16 ) (0 -1152 928 ) (-128 -1152 928 ) 
4 161 162 (-128 -1152 0 ) (-128 -1152 928 ) (-128 -1024 928 ) (-128 -1024 0 ) 
4 162 164 (-128 -1152 0 ) (-128 -1152 928 ) (-512 -1152 928 ) (-512 -1152 0 ) 
4 162 163 (-512 -1152 0 ) (-512 -1152 928 ) (-512 -1024 928 ) (-512 -1024 0 ) 
4 163 175 (-1024 -1024 320 ) (-1024 -1024 -16 ) (-1024 -1152 -16 ) (-1024 -1152 320 ) 
4 163 174 (-1024 -1024 928 ) (-1024 -1024 320 ) (-1024 -1152 320 ) (-1024 -1152 928 ) 
4 163 168 (-1024 -1152 -16 ) (-1024 -1024 -16 ) (-512 -1024 -16 ) (-512 -1152 -16 ) 
4 163 164 (-1024 -1152 -16 ) (-512 -1152 -16 ) (-512 -1152 928 ) (-1024 -1152 928 ) 
4 164 177 (-1024 -1408 -16 ) (-1024 -1792 -16 ) (-1024 -1792 320 ) (-1024 -1408 320 ) 
4 164 175 (-1024 -1152 -16 ) (-1024 -1408 -16 ) (-1024 -1408 320 ) (-1024 -1152 320 ) 
4 164 174 (-1024 -1792 320 ) (-1024 -1792 928 ) (-1024 -1152 928 ) (-1024 -1152 320 ) 
4 164 167 (-512 -1152 -16 ) (-128 -1152 -16 ) (-128 -1792 -16 ) (-512 -1792 -16 ) 
4 164 166 (-128 -1152 -16 ) (0 -1152 -16 ) (0 -1792 -16 ) (-128 -1792 -16 ) 
4 164 168 (-1024 -1792 -16 ) (-1024 -1152 -16 ) (-512 -1152 -16 ) (-512 -1792 -16 ) 
4 164 165 (0 -1792 320 ) (0 -1792 928 ) (-1024 -1792 928 ) (-1024 -1792 320 ) 
4 165 174 (-1024 -2048 320 ) (-1024 -2048 928 ) (-1024 -1792 928 ) (-1024 -1792 320 ) 
4 166 169 (-128 -1024 -128 ) (0 -1024 -128 ) (0 -1152 -128 ) (-128 -1152 -128 ) 
4 166 167 (-128 -1152 -128 ) (-128 -1792 -128 ) (-128 -1792 -16 ) (-128 -1152 -16 ) 
4 167 168 (-512 -1152 -128 ) (-512 -1792 -128 ) (-512 -1792 -16 ) (-512 -1152 -16 ) 
4 168 178 (-1024 -1024 -16 ) (-1024 -1024 -128 ) (-1024 -1792 -128 ) (-1024 -1792 -16 ) 
4 170 173 (-512 -1024 -256 ) (-256 -1024 -256 ) (-256 -1152 -256 ) (-512 -1152 -256 ) 
4 171 173 (0 -1792 -256 ) (0 -2048 -256 ) (-512 -2048 -256 ) (-512 -1792 -256 ) 
4 171 172 (-512 -1792 -256 ) (-512 -2048 -256 ) (-512 -2048 -128 ) (-512 -1792 -128 ) 
4 172 179 (-1024 -1792 -256 ) (-1024 -2048 -256 ) (-1024 -2048 -128 ) (-1024 -1792 -128 ) 
4 172 173 (-1024 -2048 -256 ) (-1024 -1792 -256 ) (-512 -1792 -256 ) (-512 -2048 -256 ) 
4 173 181 (-1024 -1024 -256 ) (-1024 -1024 -416 ) (-1024 -2048 -416 ) (-1024 -2048 -256 ) 
4 174 185 (-2048 -2048 320 ) (-2048 -2048 928 ) (-2048 -1024 928 ) (-2048 -1024 320 ) 
4 174 177 (-1792 -1408 320 ) (-1024 -1408 320 ) (-1024 -1792 320 ) (-1792 -1792 320 ) 
4 174 176 (-2048 -1408 320 ) (-2048 -1024 320 ) (-1792 -1024 320 ) (-1792 -1408 320 ) 
4 174 175 (-1792 -1024 320 ) (-1024 -1024 320 ) (-1024 -1408 320 ) (-1792 -1408 320 ) 
4 175 178 (-1024 -1024 -16 ) (-1024 -1408 -16 ) (-1792 -1408 -16 ) (-1792 -1024 -16 ) 
4 175 177 (-1792 -1408 -16 ) (-1024 -1408 -16 ) (-1024 -1408 320 ) (-1792 -1408 320 ) 
4 175 176 (-1792 -1408 128 ) (-1792 -1408 320 ) (-1792 -1024 320 ) (-1792 -1024 128 ) 
4 176 186 (-2048 -1408 320 ) (-2048 -1024 320 ) (-2048 -1024 128 ) (-2048 -1408 128 ) 
4 177 178 (-1024 -1408 -16 ) (-1024 -1792 -16 ) (-1792 -1792 -16 ) (-1792 -1408 -16 ) 
4 179 181 (-1024 -1792 -256 ) (-1024 -2048 -256 ) (-1792 -2048 -256 ) (-1792 -1792 -256 ) 
4 179 180 (-1792 -1792 -256 ) (-1792 -2048 -256 ) (-1792 -2048 -128 ) (-1792 -1792 -128 ) 
4 180 187 (-2048 -2048 -256 ) (-2048 -2048 -128 ) (-2048 -1024 -128 ) (-2048 -1024 -256 ) 
4 180 181 (-1792 -2048 -256 ) (-2048 -2048 -256 ) (-2048 -1024 -256 ) (-1792 -1024 -256 ) 
4 181 187 (-2048 -2048 -416 ) (-2048 -2048 -256 ) (-2048 -1024 -256 ) (-2048 -1024 -416 ) 
4 182 183 (-2304 -256 928 ) (-2304 -256 128 ) (-2048 -256 128 ) (-2048 -256 928 ) 
4 183 186 (-2048 -1024 128 ) (-2048 -1024 320 ) (-2304 -1024 320 ) (-2304 -1024 128 ) 
4 183 185 (-2048 -1024 320 ) (-2048 -1024 928 ) (-2304 -1024 928 ) (-2304 -1024 320 ) 
4 184 187 (-2048 -1024 -416 ) (-2048 -1024 -128 ) (-2304 -1024 -128 ) (-2304 -1024 -416 ) 
4 185 186 (-2304 -1408 320 ) (-2304 -1024 320 ) (-2048 -1024 320 ) (-2048 -1408 320 ) 
