


materialPath: C:\Program Files (x86)\Steam\steamapps\sourcemods\GigaBuilder\materials
Loading C:\Program Files (x86)\Steam\steamapps\sourcemods\GigaBuilder\maps\snowcomp1edit.vmf
Map revision 2
Could not locate GameData file 
Patching WVT material: maps/snowcomp1edit/nature/blendrockdirt_tunnel03a_wvt_patch
Patching WVT material: maps/snowcomp1edit/concrete/blendconcreterock001a_wvt_patch
Patching WVT material: maps/snowcomp1edit/nature/blendrockdirt_tunnel03a_dx8_wvt_patch
fixing up env_cubemap materials on brush sides...
0...1...2...3...4...5...6...7...8...9...100...1...2...3...4...5...6...7...8...9...10Processing areas...done (0)
Building Faces...done (0)
FixTjuncs...
PruneNodes...
WriteBSP...
done (0)
writing C:\Program Files (x86)\Steam\steamapps\sourcemods\GigaBuilder\maps\snowcomp1edit.prt...Building visibility clusters...
done (0)
Finding displacement neighbors...
Finding lightmap sample positions...
Displacement Alpha : 0...1...2...3...4...5...6...7...8...9...10
Building Physics collision data...
done (0) (14927 bytes)
Placing detail props : 0...1...2...3...4...5...6...7...8...9...10
Compacting texture/material tables...
Reduced 41 texinfos to 25
Reduced 16 texdatas to 13 (520 bytes to 423)
Writing C:\Program Files (x86)\Steam\steamapps\sourcemods\GigaBuilder\maps\snowcomp1edit.bsp
0 seconds elapsed



6 threads
reading c:\program files (x86)\steam\steamapps\sourcemods\gigabuilder\maps\snowcomp1edit.bsp
reading c:\program files (x86)\steam\steamapps\sourcemods\gigabuilder\maps\snowcomp1edit.prt
  45 portalclusters
 109 numportals
0...1...2...3...4...5...6...7...8...9...100...1...2...3...4...5...6...7...8...9...10Optimized: 2 visible clusters (0.00%)
Total clusters visible: 1543
Average clusters visible: 34
Building PAS...
Average clusters audible: 45
visdatasize:906  compressed from 720
writing c:\program files (x86)\steam\steamapps\sourcemods\gigabuilder\maps\snowcomp1edit.bsp
0 seconds elapsed



[Reading texlights from 'lights.rad']
[48 texlights parsed from 'lights.rad']

Loading c:\program files (x86)\steam\steamapps\sourcemods\gigabuilder\maps\snowcomp1edit.bsp
143 faces
36133 square feet [5203282.00 square inches]
1 Displacements
298 Square Feet [43008.00 Square Inches]
143 patches before subdivision
3165 patches after subdivision
2 direct lights
0...1...2...3...4...5...6...7...8...9...100...1...2...3...4...5...6...7...8...9...10transfers 172612, max 192
transfer lists:   1.3 megs
0...1...2...3...4...5...6...7...8...9...10	Bounce #1 added RGB(22977, 24087, 25116)
0...1...2...3...4...5...6...7...8...9...10	Bounce #2 added RGB(4222, 4480, 4625)
0...1...2...3...4...5...6...7...8...9...10	Bounce #3 added RGB(956, 1048, 1088)
0...1...2...3...4...5...6...7...8...9...10	Bounce #4 added RGB(218, 243, 250)
0...1...2...3...4...5...6...7...8...9...10	Bounce #5 added RGB(53, 61, 62)
0...1...2...3...4...5...6...7...8...9...10	Bounce #6 added RGB(13, 15, 15)
0...1...2...3...4...5...6...7...8...9...10	Bounce #7 added RGB(3, 4, 4)
0...1...2...3...4...5...6...7...8...9...10	Bounce #8 added RGB(1, 1, 1)
0...1...2...3...4...5...6...7...8...9...10	Bounce #9 added RGB(0, 0, 0)
Build Patch/Sample Hash Table(s).....Done<0.0005 sec>
0...1...2...3...4...5...6...7...8...9...10FinalLightFace Done
0 of 0 (0% of) surface lights went in leaf ambient cubes.
0...1...2...3...4...5...6...7...8...9...10Writing leaf ambient...done
Computing static prop lighting : 00...1...2...3...4...5...6...7...8...9...10
Ready to Finish

Object names       Objects/Maxobjs  Memory / Maxmem  Fullness 
------------       ---------------  ---------------  -------- 
models                   1/4096           48/196608   ( 0.0%) 
brushes                 39/32768         468/393216   ( 0.1%) 
brushsides             256/65536        2048/524288   ( 0.4%) 
planes                 176/65536        3520/1310720  ( 0.3%) 
vertexes               290/65536        3480/786432   ( 0.4%) 
nodes                  104/65536        3328/2097152  ( 0.2%) 
texinfos                25/12288        1800/884736   ( 0.2%) 
texdata                 13/2048          416/65536    ( 0.6%) 
dispinfos                1/0             176/0        ( 0.0%) 
disp_verts             289/0            5780/0        ( 0.0%) 
disp_tris              512/0            1024/0        ( 0.0%) 
disp_lmsamples        1009/0            1009/0        ( 0.0%) 
faces                  143/65536        8008/3670016  ( 0.2%) 
hdr faces              143/65536        8008/3670016  ( 0.2%) 
origfaces               72/65536        4032/3670016  ( 0.1%) 
leaves                 106/65536        3392/2097152  ( 0.2%) 
leaffaces              169/65536         338/131072   ( 0.3%) 
leafbrushes             82/65536         164/131072   ( 0.1%) 
areas                    2/1024           16/8192     ( 0.2%) 
surfedges              962/512000       3848/2048000  ( 0.2%) 
edges                  578/256000       2312/1024000  ( 0.2%) 
LDR worldlights          0/16384           0/1441792  ( 0.0%) 
HDR worldlights          2/16384         176/1441792  ( 0.0%) 
leafwaterdata            0/32768           0/393216   ( 0.0%) 
waterstrips              4/131072         40/1310720  ( 0.0%) 
waterverts               0/131072          0/1572864  ( 0.0%) 
waterindices            78/131072        156/262144   ( 0.1%) 
cubemapsamples           0/1024            0/16384    ( 0.0%) 
overlays                 0/1024            0/360448   ( 0.0%) 
LDR lightdata         [variable]           0/0        ( 0.0%) 
HDR lightdata         [variable]      126028/0        ( 0.0%) 
visdata               [variable]         906/16777216 ( 0.0%) 
entdata               [variable]        6971/393216   ( 1.8%) 
LDR ambient table      106/65536         424/262144   ( 0.2%) 
HDR ambient table      106/65536         424/262144   ( 0.2%) 
LDR leaf ambient       106/65536        2968/1835008  ( 0.2%) 
HDR leaf ambient       559/65536       15652/1835008  ( 0.9%) 
occluders                0/0               0/0        ( 0.0%) 
occluder polygons        0/0               0/0        ( 0.0%) 
occluder vert ind        0/0               0/0        ( 0.0%) 
detail props          [variable]           1/12       ( 8.3%) 
static props          [variable]           1/208      ( 0.5%) 
pakfile               [variable]      201285/0        ( 0.0%) 
physics               [variable]       14927/4194304  ( 0.4%) 
physics terrain       [variable]         242/1048576  ( 0.0%) 

Level flags = 2

Total triangle count: 384
Writing c:\program files (x86)\steam\steamapps\sourcemods\gigabuilder\maps\snowcomp1edit.bsp
1 second elapsed



materialPath: C:\Program Files (x86)\Steam\steamapps\sourcemods\GigaBuilder\materials
Loading C:\Program Files (x86)\Steam\steamapps\sourcemods\GigaBuilder\maps\snowcomp1edit.vmf
Map revision 3
Could not locate GameData file 
Patching WVT material: maps/snowcomp1edit/nature/blendrockdirt_tunnel03a_wvt_patch
Patching WVT material: maps/snowcomp1edit/concrete/blendconcreterock001a_wvt_patch
Patching WVT material: maps/snowcomp1edit/nature/blendrockdirt_tunnel03a_dx8_wvt_patch
fixing up env_cubemap materials on brush sides...
0...1...2...3...4...5...6...7...8...9...100...1...2...3...4...5...6...7...8...9...10Processing areas...done (0)
Building Faces...done (0)
FixTjuncs...
PruneNodes...
WriteBSP...
done (0)
writing C:\Program Files (x86)\Steam\steamapps\sourcemods\GigaBuilder\maps\snowcomp1edit.prt...Building visibility clusters...
done (0)
Finding displacement neighbors...
Finding lightmap sample positions...
Displacement Alpha : 0...1...2...3...4...5...6...7...8...9...10
Building Physics collision data...
done (0) (14927 bytes)
Placing detail props : 0...1...2...3...4...5...6...7...8...9...10
Compacting texture/material tables...
Reduced 41 texinfos to 25
Reduced 16 texdatas to 13 (520 bytes to 423)
Writing C:\Program Files (x86)\Steam\steamapps\sourcemods\GigaBuilder\maps\snowcomp1edit.bsp
0 seconds elapsed



6 threads
reading c:\program files (x86)\steam\steamapps\sourcemods\gigabuilder\maps\snowcomp1edit.bsp
reading c:\program files (x86)\steam\steamapps\sourcemods\gigabuilder\maps\snowcomp1edit.prt
  45 portalclusters
 109 numportals
0...1...2...3...4...5...6...7...8...9...100...1...2...3...4...5...6...7...8...9...10Optimized: 2 visible clusters (0.00%)
Total clusters visible: 1543
Average clusters visible: 34
Building PAS...
Average clusters audible: 45
visdatasize:906  compressed from 720
writing c:\program files (x86)\steam\steamapps\sourcemods\gigabuilder\maps\snowcomp1edit.bsp
0 seconds elapsed



[Reading texlights from 'lights.rad']
[48 texlights parsed from 'lights.rad']

Loading c:\program files (x86)\steam\steamapps\sourcemods\gigabuilder\maps\snowcomp1edit.bsp
143 faces
36133 square feet [5203282.00 square inches]
1 Displacements
298 Square Feet [43008.00 Square Inches]
143 patches before subdivision
3165 patches after subdivision
2 direct lights
0...1...2...3...4...5...6...7...8...9...100...1...2...3...4...5...6...7...8...9...10transfers 172612, max 192
transfer lists:   1.3 megs
0...1...2...3...4...5...6...7...8...9...10	Bounce #1 added RGB(22977, 24087, 25116)
0...1...2...3...4...5...6...7...8...9...10	Bounce #2 added RGB(4222, 4480, 4625)
0...1...2...3...4...5...6...7...8...9...10	Bounce #3 added RGB(956, 1048, 1088)
0...1...2...3...4...5...6...7...8...9...10	Bounce #4 added RGB(218, 243, 250)
0...1...2...3...4...5...6...7...8...9...10	Bounce #5 added RGB(53, 61, 62)
0...1...2...3...4...5...6...7...8...9...10	Bounce #6 added RGB(13, 15, 15)
0...1...2...3...4...5...6...7...8...9...10	Bounce #7 added RGB(3, 4, 4)
0...1...2...3...4...5...6...7...8...9...10	Bounce #8 added RGB(1, 1, 1)
0...1...2...3...4...5...6...7...8...9...10	Bounce #9 added RGB(0, 0, 0)
Build Patch/Sample Hash Table(s).....Done<0.0006 sec>
0...1...2...3...4...5...6...7...8...9...10FinalLightFace Done
0 of 0 (0% of) surface lights went in leaf ambient cubes.
0...1...2...3...4...5...6...7...8...9...10Writing leaf ambient...done
Computing static prop lighting : 00...1...2...3...4...5...6...7...8...9...10
Ready to Finish

Object names       Objects/Maxobjs  Memory / Maxmem  Fullness 
------------       ---------------  ---------------  -------- 
models                   1/4096           48/196608   ( 0.0%) 
brushes                 39/32768         468/393216   ( 0.1%) 
brushsides             256/65536        2048/524288   ( 0.4%) 
planes                 176/65536        3520/1310720  ( 0.3%) 
vertexes               290/65536        3480/786432   ( 0.4%) 
nodes                  104/65536        3328/2097152  ( 0.2%) 
texinfos                25/12288        1800/884736   ( 0.2%) 
texdata                 13/2048          416/65536    ( 0.6%) 
dispinfos                1/0             176/0        ( 0.0%) 
disp_verts             289/0            5780/0        ( 0.0%) 
disp_tris              512/0            1024/0        ( 0.0%) 
disp_lmsamples        1009/0            1009/0        ( 0.0%) 
faces                  143/65536        8008/3670016  ( 0.2%) 
hdr faces              143/65536        8008/3670016  ( 0.2%) 
origfaces               72/65536        4032/3670016  ( 0.1%) 
leaves                 106/65536        3392/2097152  ( 0.2%) 
leaffaces              169/65536         338/131072   ( 0.3%) 
leafbrushes             82/65536         164/131072   ( 0.1%) 
areas                    2/1024           16/8192     ( 0.2%) 
surfedges              962/512000       3848/2048000  ( 0.2%) 
edges                  578/256000       2312/1024000  ( 0.2%) 
LDR worldlights          0/16384           0/1441792  ( 0.0%) 
HDR worldlights          2/16384         176/1441792  ( 0.0%) 
leafwaterdata            0/32768           0/393216   ( 0.0%) 
waterstrips              4/131072         40/1310720  ( 0.0%) 
waterverts               0/131072          0/1572864  ( 0.0%) 
waterindices            78/131072        156/262144   ( 0.1%) 
cubemapsamples           0/1024            0/16384    ( 0.0%) 
overlays                 0/1024            0/360448   ( 0.0%) 
LDR lightdata         [variable]           0/0        ( 0.0%) 
HDR lightdata         [variable]      126028/0        ( 0.0%) 
visdata               [variable]         906/16777216 ( 0.0%) 
entdata               [variable]        6971/393216   ( 1.8%) 
LDR ambient table      106/65536         424/262144   ( 0.2%) 
HDR ambient table      106/65536         424/262144   ( 0.2%) 
LDR leaf ambient       106/65536        2968/1835008  ( 0.2%) 
HDR leaf ambient       559/65536       15652/1835008  ( 0.9%) 
occluders                0/0               0/0        ( 0.0%) 
occluder polygons        0/0               0/0        ( 0.0%) 
occluder vert ind        0/0               0/0        ( 0.0%) 
detail props          [variable]           1/12       ( 8.3%) 
static props          [variable]           1/208      ( 0.5%) 
pakfile               [variable]      201285/0        ( 0.0%) 
physics               [variable]       14927/4194304  ( 0.4%) 
physics terrain       [variable]         242/1048576  ( 0.0%) 

Level flags = 2

Total triangle count: 384
Writing c:\program files (x86)\steam\steamapps\sourcemods\gigabuilder\maps\snowcomp1edit.bsp
1 second elapsed



materialPath: C:\Program Files (x86)\Steam\steamapps\sourcemods\GigaBuilder\materials
Loading c:\program files (x86)\steam\steamapps\sourcemods\gigabuilder\maps\snowcomp1edit.vmf
Map revision 4
Could not locate GameData file 
Patching WVT material: maps/snowcomp1edit/nature/blendrockdirt_tunnel03a_wvt_patch
Patching WVT material: maps/snowcomp1edit/concrete/blendconcreterock001a_wvt_patch
Patching WVT material: maps/snowcomp1edit/nature/blendrockdirt_tunnel03a_dx8_wvt_patch
fixing up env_cubemap materials on brush sides...
0...1...2...3...4...5...6...7...8...9...100...1...2...3...4...5...6...7...8...9...10Processing areas...done (0)
Building Faces...done (0)
FixTjuncs...
PruneNodes...
WriteBSP...
done (0)
writing c:\program files (x86)\steam\steamapps\sourcemods\gigabuilder\maps\snowcomp1edit.prt...Building visibility clusters...
done (0)
Finding displacement neighbors...
Finding lightmap sample positions...
Displacement Alpha : 0...1...2...3...4...5...6...7...8...9...10
Building Physics collision data...
done (0) (14927 bytes)
Placing detail props : 0...1...2...3...4...5...6...7...8...9...10
Compacting texture/material tables...
Reduced 38 texinfos to 24
Reduced 16 texdatas to 13 (520 bytes to 423)
Writing c:\program files (x86)\steam\steamapps\sourcemods\gigabuilder\maps\snowcomp1edit.bsp
0 seconds elapsed



6 threads
reading c:\program files (x86)\steam\steamapps\sourcemods\gigabuilder\maps\snowcomp1edit.bsp
reading c:\program files (x86)\steam\steamapps\sourcemods\gigabuilder\maps\snowcomp1edit.prt
  45 portalclusters
 109 numportals
0...1...2...3...4...5...6...7...8...9...100...1...2...3...4...5...6...7...8...9...10Optimized: 2 visible clusters (0.00%)
Total clusters visible: 1543
Average clusters visible: 34
Building PAS...
Average clusters audible: 45
visdatasize:906  compressed from 720
writing c:\program files (x86)\steam\steamapps\sourcemods\gigabuilder\maps\snowcomp1edit.bsp
0 seconds elapsed



[Reading texlights from 'lights.rad']
[48 texlights parsed from 'lights.rad']

Loading c:\program files (x86)\steam\steamapps\sourcemods\gigabuilder\maps\snowcomp1edit.bsp
142 faces
36133 square feet [5203282.00 square inches]
0 Displacements
0 Square Feet [0.00 Square Inches]
142 patches before subdivision
3150 patches after subdivision
2 direct lights
0...1...2...3...4...5...6...7...8...9...100...1...2...3...4...5...6...7...8...9...10transfers 173423, max 192
transfer lists:   1.3 megs
0...1...2...3...4...5...6...7...8...9...10	Bounce #1 added RGB(22909, 24017, 25049)
0...1...2...3...4...5...6...7...8...9...10	Bounce #2 added RGB(4209, 4466, 4613)
0...1...2...3...4...5...6...7...8...9...10	Bounce #3 added RGB(953, 1045, 1086)
0...1...2...3...4...5...6...7...8...9...10	Bounce #4 added RGB(217, 243, 249)
0...1...2...3...4...5...6...7...8...9...10	Bounce #5 added RGB(53, 60, 62)
0...1...2...3...4...5...6...7...8...9...10	Bounce #6 added RGB(13, 15, 15)
0...1...2...3...4...5...6...7...8...9...10	Bounce #7 added RGB(3, 4, 4)
0...1...2...3...4...5...6...7...8...9...10	Bounce #8 added RGB(1, 1, 1)
0...1...2...3...4...5...6...7...8...9...10	Bounce #9 added RGB(0, 0, 0)
Build Patch/Sample Hash Table(s).....Done<0.0005 sec>
0...1...2...3...4...5...6...7...8...9...10FinalLightFace Done
0 of 0 (0% of) surface lights went in leaf ambient cubes.
0...1...2...3...4...5...6...7...8...9...10Writing leaf ambient...done
Computing static prop lighting : 00...1...2...3...4...5...6...7...8...9...10
Ready to Finish

Object names       Objects/Maxobjs  Memory / Maxmem  Fullness 
------------       ---------------  ---------------  -------- 
models                   1/4096           48/196608   ( 0.0%) 
brushes                 39/32768         468/393216   ( 0.1%) 
brushsides             256/65536        2048/524288   ( 0.4%) 
planes                 170/65536        3400/1310720  ( 0.3%) 
vertexes               286/65536        3432/786432   ( 0.4%) 
nodes                  104/65536        3328/2097152  ( 0.2%) 
texinfos                24/12288        1728/884736   ( 0.2%) 
texdata                 13/2048          416/65536    ( 0.6%) 
dispinfos                0/0               0/0        ( 0.0%) 
disp_verts               0/0               0/0        ( 0.0%) 
disp_tris                0/0               0/0        ( 0.0%) 
disp_lmsamples           0/0               0/0        ( 0.0%) 
faces                  142/65536        7952/3670016  ( 0.2%) 
hdr faces                0/65536           0/3670016  ( 0.0%) 
origfaces               71/65536        3976/3670016  ( 0.1%) 
leaves                 106/65536        3392/2097152  ( 0.2%) 
leaffaces              169/65536         338/131072   ( 0.3%) 
leafbrushes             82/65536         164/131072   ( 0.1%) 
areas                    2/1024           16/8192     ( 0.2%) 
surfedges              954/512000       3816/2048000  ( 0.2%) 
edges                  570/256000       2280/1024000  ( 0.2%) 
LDR worldlights          2/16384         176/1441792  ( 0.0%) 
HDR worldlights          0/16384           0/1441792  ( 0.0%) 
leafwaterdata            0/32768           0/393216   ( 0.0%) 
waterstrips              4/131072         40/1310720  ( 0.0%) 
waterverts               0/131072          0/1572864  ( 0.0%) 
waterindices            78/131072        156/262144   ( 0.1%) 
cubemapsamples           0/1024            0/16384    ( 0.0%) 
overlays                 0/1024            0/360448   ( 0.0%) 
LDR lightdata         [variable]      125128/0        ( 0.0%) 
HDR lightdata         [variable]           0/0        ( 0.0%) 
visdata               [variable]         906/16777216 ( 0.0%) 
entdata               [variable]        6971/393216   ( 1.8%) 
LDR ambient table      106/65536         424/262144   ( 0.2%) 
HDR ambient table      106/65536         424/262144   ( 0.2%) 
LDR leaf ambient       560/65536       15680/1835008  ( 0.9%) 
HDR leaf ambient       106/65536        2968/1835008  ( 0.2%) 
occluders                0/0               0/0        ( 0.0%) 
occluder polygons        0/0               0/0        ( 0.0%) 
occluder vert ind        0/0               0/0        ( 0.0%) 
detail props          [variable]           1/12       ( 8.3%) 
static props          [variable]           1/208      ( 0.5%) 
pakfile               [variable]      201277/0        ( 0.0%) 
physics               [variable]       14927/4194304  ( 0.4%) 
physics terrain       [variable]           2/1048576  ( 0.0%) 

Level flags = 1

Total triangle count: 382
Writing c:\program files (x86)\steam\steamapps\sourcemods\gigabuilder\maps\snowcomp1edit.bsp
3 seconds elapsed



[Reading texlights from 'lights.rad']
[48 texlights parsed from 'lights.rad']

Loading c:\program files (x86)\steam\steamapps\sourcemods\gigabuilder\maps\snowcomp1edit.bsp
142 faces
36133 square feet [5203282.00 square inches]
0 Displacements
0 Square Feet [0.00 Square Inches]
142 patches before subdivision
3150 patches after subdivision
2 direct lights
0...1...2...3...4...5...6...7...8...9...100...1...2...3...4...5...6...7...8...9...10transfers 173423, max 192
transfer lists:   1.3 megs
0...1...2...3...4...5...6...7...8...9...10	Bounce #1 added RGB(22909, 24017, 25049)
0...1...2...3...4...5...6...7...8...9...10	Bounce #2 added RGB(4209, 4466, 4613)
0...1...2...3...4...5...6...7...8...9...10	Bounce #3 added RGB(953, 1045, 1086)
0...1...2...3...4...5...6...7...8...9...10	Bounce #4 added RGB(217, 243, 249)
0...1...2...3...4...5...6...7...8...9...10	Bounce #5 added RGB(53, 60, 62)
0...1...2...3...4...5...6...7...8...9...10	Bounce #6 added RGB(13, 15, 15)
0...1...2...3...4...5...6...7...8...9...10	Bounce #7 added RGB(3, 4, 4)
0...1...2...3...4...5...6...7...8...9...10	Bounce #8 added RGB(1, 1, 1)
0...1...2...3...4...5...6...7...8...9...10	Bounce #9 added RGB(0, 0, 0)
Build Patch/Sample Hash Table(s).....Done<0.0006 sec>
0...1...2...3...4...5...6...7...8...9...10FinalLightFace Done
0 of 0 (0% of) surface lights went in leaf ambient cubes.
0...1...2...3...4...5...6...7...8...9...10Writing leaf ambient...done
Computing static prop lighting : 00...1...2...3...4...5...6...7...8...9...10
Ready to Finish

Object names       Objects/Maxobjs  Memory / Maxmem  Fullness 
------------       ---------------  ---------------  -------- 
models                   1/4096           48/196608   ( 0.0%) 
brushes                 39/32768         468/393216   ( 0.1%) 
brushsides             256/65536        2048/524288   ( 0.4%) 
planes                 170/65536        3400/1310720  ( 0.3%) 
vertexes               286/65536        3432/786432   ( 0.4%) 
nodes                  104/65536        3328/2097152  ( 0.2%) 
texinfos                24/12288        1728/884736   ( 0.2%) 
texdata                 13/2048          416/65536    ( 0.6%) 
dispinfos                0/0               0/0        ( 0.0%) 
disp_verts               0/0               0/0        ( 0.0%) 
disp_tris                0/0               0/0        ( 0.0%) 
disp_lmsamples           0/0               0/0        ( 0.0%) 
faces                  142/65536        7952/3670016  ( 0.2%) 
hdr faces              142/65536        7952/3670016  ( 0.2%) 
origfaces               71/65536        3976/3670016  ( 0.1%) 
leaves                 106/65536        3392/2097152  ( 0.2%) 
leaffaces              169/65536         338/131072   ( 0.3%) 
leafbrushes             82/65536         164/131072   ( 0.1%) 
areas                    2/1024           16/8192     ( 0.2%) 
surfedges              954/512000       3816/2048000  ( 0.2%) 
edges                  570/256000       2280/1024000  ( 0.2%) 
LDR worldlights          2/16384         176/1441792  ( 0.0%) 
HDR worldlights          2/16384         176/1441792  ( 0.0%) 
leafwaterdata            0/32768           0/393216   ( 0.0%) 
waterstrips              4/131072         40/1310720  ( 0.0%) 
waterverts               0/131072          0/1572864  ( 0.0%) 
waterindices            78/131072        156/262144   ( 0.1%) 
cubemapsamples           0/1024            0/16384    ( 0.0%) 
overlays                 0/1024            0/360448   ( 0.0%) 
LDR lightdata         [variable]      125128/0        ( 0.0%) 
HDR lightdata         [variable]      125128/0        ( 0.0%) 
visdata               [variable]         906/16777216 ( 0.0%) 
entdata               [variable]        6971/393216   ( 1.8%) 
LDR ambient table      106/65536         424/262144   ( 0.2%) 
HDR ambient table      106/65536         424/262144   ( 0.2%) 
LDR leaf ambient       560/65536       15680/1835008  ( 0.9%) 
HDR leaf ambient       560/65536       15680/1835008  ( 0.9%) 
occluders                0/0               0/0        ( 0.0%) 
occluder polygons        0/0               0/0        ( 0.0%) 
occluder vert ind        0/0               0/0        ( 0.0%) 
detail props          [variable]           1/12       ( 8.3%) 
static props          [variable]           1/208      ( 0.5%) 
pakfile               [variable]      314017/0        ( 0.0%) 
physics               [variable]       14927/4194304  ( 0.4%) 
physics terrain       [variable]           2/1048576  ( 0.0%) 

Level flags = 3

Total triangle count: 382
Writing c:\program files (x86)\steam\steamapps\sourcemods\gigabuilder\maps\snowcomp1edit.bsp
3 seconds elapsed



materialPath: C:\Program Files (x86)\Steam\steamapps\sourcemods\GigaBuilder\materials
Loading c:\program files (x86)\steam\steamapps\sourcemods\gigabuilder\maps\snowcomp1edit.vmf
Map revision 6
Could not locate GameData file 
Patching WVT material: maps/snowcomp1edit/nature/blendrockdirt_tunnel03a_wvt_patch
Patching WVT material: maps/snowcomp1edit/concrete/blendconcreterock001a_wvt_patch
Patching WVT material: maps/snowcomp1edit/nature/blendrockdirt_tunnel03a_dx8_wvt_patch
fixing up env_cubemap materials on brush sides...
0...1...2...3...4...5...6...7...8...9...100...1...2...3...4...5...6...7...8...9...10Processing areas...done (0)
Building Faces...done (0)
FixTjuncs...
PruneNodes...
WriteBSP...
done (0)
writing c:\program files (x86)\steam\steamapps\sourcemods\gigabuilder\maps\snowcomp1edit.prt...Building visibility clusters...
done (0)
Finding displacement neighbors...
Finding lightmap sample positions...
Displacement Alpha : 0...1...2...3...4...5...6...7...8...9...10
Building Physics collision data...
done (0) (14927 bytes)
Placing detail props : 0...1...2...3...4...5...6...7...8...9...10
Compacting texture/material tables...
Reduced 38 texinfos to 24
Reduced 16 texdatas to 13 (520 bytes to 423)
Writing c:\program files (x86)\steam\steamapps\sourcemods\gigabuilder\maps\snowcomp1edit.bsp
0 seconds elapsed



6 threads
reading c:\program files (x86)\steam\steamapps\sourcemods\gigabuilder\maps\snowcomp1edit.bsp
reading c:\program files (x86)\steam\steamapps\sourcemods\gigabuilder\maps\snowcomp1edit.prt
  45 portalclusters
 109 numportals
0...1...2...3...4...5...6...7...8...9...100...1...2...3...4...5...6...7...8...9...10Optimized: 2 visible clusters (0.00%)
Total clusters visible: 1543
Average clusters visible: 34
Building PAS...
Average clusters audible: 45
visdatasize:906  compressed from 720
writing c:\program files (x86)\steam\steamapps\sourcemods\gigabuilder\maps\snowcomp1edit.bsp
0 seconds elapsed



[Reading texlights from 'lights.rad']
[48 texlights parsed from 'lights.rad']

Loading c:\program files (x86)\steam\steamapps\sourcemods\gigabuilder\maps\snowcomp1edit.bsp
142 faces
36133 square feet [5203282.00 square inches]
0 Displacements
0 Square Feet [0.00 Square Inches]
142 patches before subdivision
3150 patches after subdivision
2 direct lights
0...1...2...3...4...5...6...7...8...9...100...1...2...3...4...5...6...7...8...9...10transfers 173423, max 192
transfer lists:   1.3 megs
0...1...2...3...4...5...6...7...8...9...10	Bounce #1 added RGB(22909, 24017, 25050)
0...1...2...3...4...5...6...7...8...9...10	Bounce #2 added RGB(4209, 4466, 4613)
0...1...2...3...4...5...6...7...8...9...10	Bounce #3 added RGB(953, 1045, 1086)
0...1...2...3...4...5...6...7...8...9...10	Bounce #4 added RGB(217, 243, 249)
0...1...2...3...4...5...6...7...8...9...10	Bounce #5 added RGB(53, 60, 62)
0...1...2...3...4...5...6...7...8...9...10	Bounce #6 added RGB(13, 15, 15)
0...1...2...3...4...5...6...7...8...9...10	Bounce #7 added RGB(3, 4, 4)
0...1...2...3...4...5...6...7...8...9...10	Bounce #8 added RGB(1, 1, 1)
0...1...2...3...4...5...6...7...8...9...10	Bounce #9 added RGB(0, 0, 0)
Build Patch/Sample Hash Table(s).....Done<0.0005 sec>
0...1...2...3...4...5...6...7...8...9...10FinalLightFace Done
0 of 0 (0% of) surface lights went in leaf ambient cubes.
0...1...2...3...4...5...6...7...8...9...10Writing leaf ambient...done
Computing static prop lighting : 00...1...2...3...4...5...6...7...8...9...10
Ready to Finish

Object names       Objects/Maxobjs  Memory / Maxmem  Fullness 
------------       ---------------  ---------------  -------- 
models                   1/4096           48/196608   ( 0.0%) 
brushes                 39/32768         468/393216   ( 0.1%) 
brushsides             256/65536        2048/524288   ( 0.4%) 
planes                 170/65536        3400/1310720  ( 0.3%) 
vertexes               286/65536        3432/786432   ( 0.4%) 
nodes                  104/65536        3328/2097152  ( 0.2%) 
texinfos                24/12288        1728/884736   ( 0.2%) 
texdata                 13/2048          416/65536    ( 0.6%) 
dispinfos                0/0               0/0        ( 0.0%) 
disp_verts               0/0               0/0        ( 0.0%) 
disp_tris                0/0               0/0        ( 0.0%) 
disp_lmsamples           0/0               0/0        ( 0.0%) 
faces                  142/65536        7952/3670016  ( 0.2%) 
hdr faces                0/65536           0/3670016  ( 0.0%) 
origfaces               71/65536        3976/3670016  ( 0.1%) 
leaves                 106/65536        3392/2097152  ( 0.2%) 
leaffaces              169/65536         338/131072   ( 0.3%) 
leafbrushes             82/65536         164/131072   ( 0.1%) 
areas                    2/1024           16/8192     ( 0.2%) 
surfedges              954/512000       3816/2048000  ( 0.2%) 
edges                  570/256000       2280/1024000  ( 0.2%) 
LDR worldlights          2/16384         176/1441792  ( 0.0%) 
HDR worldlights          0/16384           0/1441792  ( 0.0%) 
leafwaterdata            0/32768           0/393216   ( 0.0%) 
waterstrips              4/131072         40/1310720  ( 0.0%) 
waterverts               0/131072          0/1572864  ( 0.0%) 
waterindices            78/131072        156/262144   ( 0.1%) 
cubemapsamples           0/1024            0/16384    ( 0.0%) 
overlays                 0/1024            0/360448   ( 0.0%) 
LDR lightdata         [variable]      125128/0        ( 0.0%) 
HDR lightdata         [variable]           0/0        ( 0.0%) 
visdata               [variable]         906/16777216 ( 0.0%) 
entdata               [variable]        7057/393216   ( 1.8%) 
LDR ambient table      106/65536         424/262144   ( 0.2%) 
HDR ambient table      106/65536         424/262144   ( 0.2%) 
LDR leaf ambient       560/65536       15680/1835008  ( 0.9%) 
HDR leaf ambient       106/65536        2968/1835008  ( 0.2%) 
occluders                0/0               0/0        ( 0.0%) 
occluder polygons        0/0               0/0        ( 0.0%) 
occluder vert ind        0/0               0/0        ( 0.0%) 
detail props          [variable]           1/12       ( 8.3%) 
static props          [variable]           1/208      ( 0.5%) 
pakfile               [variable]      201277/0        ( 0.0%) 
physics               [variable]       14927/4194304  ( 0.4%) 
physics terrain       [variable]           2/1048576  ( 0.0%) 

Level flags = 1

Total triangle count: 382
Writing c:\program files (x86)\steam\steamapps\sourcemods\gigabuilder\maps\snowcomp1edit.bsp
3 seconds elapsed



[Reading texlights from 'lights.rad']
[48 texlights parsed from 'lights.rad']

Loading c:\program files (x86)\steam\steamapps\sourcemods\gigabuilder\maps\snowcomp1edit.bsp
142 faces
36133 square feet [5203282.00 square inches]
0 Displacements
0 Square Feet [0.00 Square Inches]
142 patches before subdivision
3150 patches after subdivision
2 direct lights
0...1...2...3...4...5...6...7...8...9...100...1...2...3...4...5...6...7...8...9...10transfers 173423, max 192
transfer lists:   1.3 megs
0...1...2...3...4...5...6...7...8...9...10	Bounce #1 added RGB(22909, 24017, 25050)
0...1...2...3...4...5...6...7...8...9...10	Bounce #2 added RGB(4209, 4466, 4613)
0...1...2...3...4...5...6...7...8...9...10	Bounce #3 added RGB(953, 1045, 1086)
0...1...2...3...4...5...6...7...8...9...10	Bounce #4 added RGB(217, 243, 249)
0...1...2...3...4...5...6...7...8...9...10	Bounce #5 added RGB(53, 60, 62)
0...1...2...3...4...5...6...7...8...9...10	Bounce #6 added RGB(13, 15, 15)
0...1...2...3...4...5...6...7...8...9...10	Bounce #7 added RGB(3, 4, 4)
0...1...2...3...4...5...6...7...8...9...10	Bounce #8 added RGB(1, 1, 1)
0...1...2...3...4...5...6...7...8...9...10	Bounce #9 added RGB(0, 0, 0)
Build Patch/Sample Hash Table(s).....Done<0.0005 sec>
0...1...2...3...4...5...6...7...8...9...10FinalLightFace Done
0 of 0 (0% of) surface lights went in leaf ambient cubes.
0...1...2...3...4...5...6...7...8...9...10Writing leaf ambient...done
Computing static prop lighting : 00...1...2...3...4...5...6...7...8...9...10
Ready to Finish

Object names       Objects/Maxobjs  Memory / Maxmem  Fullness 
------------       ---------------  ---------------  -------- 
models                   1/4096           48/196608   ( 0.0%) 
brushes                 39/32768         468/393216   ( 0.1%) 
brushsides             256/65536        2048/524288   ( 0.4%) 
planes                 170/65536        3400/1310720  ( 0.3%) 
vertexes               286/65536        3432/786432   ( 0.4%) 
nodes                  104/65536        3328/2097152  ( 0.2%) 
texinfos                24/12288        1728/884736   ( 0.2%) 
texdata                 13/2048          416/65536    ( 0.6%) 
dispinfos                0/0               0/0        ( 0.0%) 
disp_verts               0/0               0/0        ( 0.0%) 
disp_tris                0/0               0/0        ( 0.0%) 
disp_lmsamples           0/0               0/0        ( 0.0%) 
faces                  142/65536        7952/3670016  ( 0.2%) 
hdr faces              142/65536        7952/3670016  ( 0.2%) 
origfaces               71/65536        3976/3670016  ( 0.1%) 
leaves                 106/65536        3392/2097152  ( 0.2%) 
leaffaces              169/65536         338/131072   ( 0.3%) 
leafbrushes             82/65536         164/131072   ( 0.1%) 
areas                    2/1024           16/8192     ( 0.2%) 
surfedges              954/512000       3816/2048000  ( 0.2%) 
edges                  570/256000       2280/1024000  ( 0.2%) 
LDR worldlights          2/16384         176/1441792  ( 0.0%) 
HDR worldlights          2/16384         176/1441792  ( 0.0%) 
leafwaterdata            0/32768           0/393216   ( 0.0%) 
waterstrips              4/131072         40/1310720  ( 0.0%) 
waterverts               0/131072          0/1572864  ( 0.0%) 
waterindices            78/131072        156/262144   ( 0.1%) 
cubemapsamples           0/1024            0/16384    ( 0.0%) 
overlays                 0/1024            0/360448   ( 0.0%) 
LDR lightdata         [variable]      125128/0        ( 0.0%) 
HDR lightdata         [variable]      125128/0        ( 0.0%) 
visdata               [variable]         906/16777216 ( 0.0%) 
entdata               [variable]        7057/393216   ( 1.8%) 
LDR ambient table      106/65536         424/262144   ( 0.2%) 
HDR ambient table      106/65536         424/262144   ( 0.2%) 
LDR leaf ambient       560/65536       15680/1835008  ( 0.9%) 
HDR leaf ambient       560/65536       15680/1835008  ( 0.9%) 
occluders                0/0               0/0        ( 0.0%) 
occluder polygons        0/0               0/0        ( 0.0%) 
occluder vert ind        0/0               0/0        ( 0.0%) 
detail props          [variable]           1/12       ( 8.3%) 
static props          [variable]           1/208      ( 0.5%) 
pakfile               [variable]      314017/0        ( 0.0%) 
physics               [variable]       14927/4194304  ( 0.4%) 
physics terrain       [variable]           2/1048576  ( 0.0%) 

Level flags = 3

Total triangle count: 382
Writing c:\program files (x86)\steam\steamapps\sourcemods\gigabuilder\maps\snowcomp1edit.bsp
3 seconds elapsed



materialPath: C:\Program Files (x86)\Steam\steamapps\sourcemods\GigaBuilder\materials
Loading c:\program files (x86)\steam\steamapps\sourcemods\gigabuilder\maps\snowcomp1edit.vmf
Map revision 7
Could not locate GameData file 
Patching WVT material: maps/snowcomp1edit/nature/blendrockdirt_tunnel03a_wvt_patch
Patching WVT material: maps/snowcomp1edit/concrete/blendconcreterock001a_wvt_patch
Patching WVT material: maps/snowcomp1edit/nature/blendrockdirt_tunnel03a_dx8_wvt_patch
fixing up env_cubemap materials on brush sides...
0...1...2...3...4...5...6...7...8...9...100...1...2...3...4...5...6...7...8...9...10Processing areas...done (0)
Building Faces...done (0)
FixTjuncs...
PruneNodes...
WriteBSP...
done (0)
writing c:\program files (x86)\steam\steamapps\sourcemods\gigabuilder\maps\snowcomp1edit.prt...Building visibility clusters...
done (0)
Finding displacement neighbors...
Finding lightmap sample positions...
Displacement Alpha : 0...1...2...3...4...5...6...7...8...9...10
Building Physics collision data...
done (0) (14927 bytes)
Placing detail props : 0...1...2...3...4...5...6...7...8...9...10
Compacting texture/material tables...
Reduced 38 texinfos to 24
Reduced 16 texdatas to 13 (520 bytes to 423)
Writing c:\program files (x86)\steam\steamapps\sourcemods\gigabuilder\maps\snowcomp1edit.bsp
0 seconds elapsed



6 threads
reading c:\program files (x86)\steam\steamapps\sourcemods\gigabuilder\maps\snowcomp1edit.bsp
reading c:\program files (x86)\steam\steamapps\sourcemods\gigabuilder\maps\snowcomp1edit.prt
  45 portalclusters
 109 numportals
0...1...2...3...4...5...6...7...8...9...10Optimized: 56 visible clusters (0.00%)
Total clusters visible: 1777
Average clusters visible: 39
Building PAS...
Average clusters audible: 45
visdatasize:909  compressed from 720
writing c:\program files (x86)\steam\steamapps\sourcemods\gigabuilder\maps\snowcomp1edit.bsp
0 seconds elapsed



[Reading texlights from 'lights.rad']
[48 texlights parsed from 'lights.rad']

Loading c:\program files (x86)\steam\steamapps\sourcemods\gigabuilder\maps\snowcomp1edit.bsp
142 faces
36133 square feet [5203282.00 square inches]
0 Displacements
0 Square Feet [0.00 Square Inches]
142 patches before subdivision
3150 patches after subdivision
2 direct lights
0...1...2...3...4...5...6...7...8...9...100...1...2...3...4...5...6...7...8...9...10transfers 173423, max 192
transfer lists:   1.3 megs
0...1...2...3...4...5...6...7...8...9...10	Bounce #1 added RGB(23034, 24152, 25195)
0...1...2...3...4...5...6...7...8...9...10	Bounce #2 added RGB(4230, 4488, 4635)
Build Patch/Sample Hash Table(s).....Done<0.0005 sec>
0...1...2...3...4...5...6...7...8...9...10FinalLightFace Done
0 of 0 (0% of) surface lights went in leaf ambient cubes.
0...1...2...3...4...5...6...7...8...9...10Writing leaf ambient...done
Computing static prop lighting : 00...1...2...3...4...5...6...7...8...9...10
Ready to Finish

Object names       Objects/Maxobjs  Memory / Maxmem  Fullness 
------------       ---------------  ---------------  -------- 
models                   1/4096           48/196608   ( 0.0%) 
brushes                 39/32768         468/393216   ( 0.1%) 
brushsides             256/65536        2048/524288   ( 0.4%) 
planes                 170/65536        3400/1310720  ( 0.3%) 
vertexes               286/65536        3432/786432   ( 0.4%) 
nodes                  104/65536        3328/2097152  ( 0.2%) 
texinfos                24/12288        1728/884736   ( 0.2%) 
texdata                 13/2048          416/65536    ( 0.6%) 
dispinfos                0/0               0/0        ( 0.0%) 
disp_verts               0/0               0/0        ( 0.0%) 
disp_tris                0/0               0/0        ( 0.0%) 
disp_lmsamples           0/0               0/0        ( 0.0%) 
faces                  142/65536        7952/3670016  ( 0.2%) 
hdr faces              142/65536        7952/3670016  ( 0.2%) 
origfaces               71/65536        3976/3670016  ( 0.1%) 
leaves                 106/65536        3392/2097152  ( 0.2%) 
leaffaces              169/65536         338/131072   ( 0.3%) 
leafbrushes             82/65536         164/131072   ( 0.1%) 
areas                    2/1024           16/8192     ( 0.2%) 
surfedges              954/512000       3816/2048000  ( 0.2%) 
edges                  570/256000       2280/1024000  ( 0.2%) 
LDR worldlights          0/16384           0/1441792  ( 0.0%) 
HDR worldlights          2/16384         176/1441792  ( 0.0%) 
leafwaterdata            0/32768           0/393216   ( 0.0%) 
waterstrips              4/131072         40/1310720  ( 0.0%) 
waterverts               0/131072          0/1572864  ( 0.0%) 
waterindices            78/131072        156/262144   ( 0.1%) 
cubemapsamples           0/1024            0/16384    ( 0.0%) 
overlays                 0/1024            0/360448   ( 0.0%) 
LDR lightdata         [variable]           0/0        ( 0.0%) 
HDR lightdata         [variable]      125128/0        ( 0.0%) 
visdata               [variable]         909/16777216 ( 0.0%) 
entdata               [variable]        7003/393216   ( 1.8%) 
LDR ambient table      106/65536         424/262144   ( 0.2%) 
HDR ambient table      106/65536         424/262144   ( 0.2%) 
LDR leaf ambient       106/65536        2968/1835008  ( 0.2%) 
HDR leaf ambient       559/65536       15652/1835008  ( 0.9%) 
occluders                0/0               0/0        ( 0.0%) 
occluder polygons        0/0               0/0        ( 0.0%) 
occluder vert ind        0/0               0/0        ( 0.0%) 
detail props          [variable]           1/12       ( 8.3%) 
static props          [variable]           1/208      ( 0.5%) 
pakfile               [variable]      201285/0        ( 0.0%) 
physics               [variable]       14927/4194304  ( 0.4%) 
physics terrain       [variable]           2/1048576  ( 0.0%) 

Level flags = 2

Total triangle count: 382
Writing c:\program files (x86)\steam\steamapps\sourcemods\gigabuilder\maps\snowcomp1edit.bsp
1 second elapsed



materialPath: C:\Program Files (x86)\Steam\steamapps\sourcemods\GigaBuilder\materials
Loading C:\Program Files (x86)\Steam\steamapps\sourcemods\GigaBuilder\maps\snowcomp1edit.vmf
Map revision 7
Could not locate GameData file 
Patching WVT material: maps/snowcomp1edit/nature/blendrockdirt_tunnel03a_wvt_patch
Patching WVT material: maps/snowcomp1edit/concrete/blendconcreterock001a_wvt_patch
Patching WVT material: maps/snowcomp1edit/nature/blendrockdirt_tunnel03a_dx8_wvt_patch
fixing up env_cubemap materials on brush sides...
0...1...2...3...4...5...6...7...8...9...100...1...2...3...4...5...6...7...8...9...10Processing areas...done (0)
Building Faces...done (0)
FixTjuncs...
PruneNodes...
WriteBSP...
done (0)
writing C:\Program Files (x86)\Steam\steamapps\sourcemods\GigaBuilder\maps\snowcomp1edit.prt...Building visibility clusters...
done (0)
Finding displacement neighbors...
Finding lightmap sample positions...
Displacement Alpha : 0...1...2...3...4...5...6...7...8...9...10
Building Physics collision data...
done (0) (14927 bytes)
Placing detail props : 0...1...2...3...4...5...6...7...8...9...10
Compacting texture/material tables...
Reduced 38 texinfos to 24
Reduced 16 texdatas to 13 (520 bytes to 423)
Writing C:\Program Files (x86)\Steam\steamapps\sourcemods\GigaBuilder\maps\snowcomp1edit.bsp
0 seconds elapsed



6 threads
reading c:\program files (x86)\steam\steamapps\sourcemods\gigabuilder\maps\snowcomp1edit.bsp
reading c:\program files (x86)\steam\steamapps\sourcemods\gigabuilder\maps\snowcomp1edit.prt
  45 portalclusters
 109 numportals
0...1...2...3...4...5...6...7...8...9...100...1...2...3...4...5...6...7...8...9...10Optimized: 2 visible clusters (0.00%)
Total clusters visible: 1543
Average clusters visible: 34
Building PAS...
Average clusters audible: 45
visdatasize:906  compressed from 720
writing c:\program files (x86)\steam\steamapps\sourcemods\gigabuilder\maps\snowcomp1edit.bsp
0 seconds elapsed



[Reading texlights from 'lights.rad']
[48 texlights parsed from 'lights.rad']

Loading c:\program files (x86)\steam\steamapps\sourcemods\gigabuilder\maps\snowcomp1edit.bsp
142 faces
36133 square feet [5203282.00 square inches]
0 Displacements
0 Square Feet [0.00 Square Inches]
142 patches before subdivision
3150 patches after subdivision
2 direct lights
0...1...2...3...4...5...6...7...8...9...100...1...2...3...4...5...6...7...8...9...10transfers 173423, max 192
transfer lists:   1.3 megs
0...1...2...3...4...5...6...7...8...9...10	Bounce #1 added RGB(23001, 24113, 25144)
0...1...2...3...4...5...6...7...8...9...10	Bounce #2 added RGB(4227, 4486, 4631)
0...1...2...3...4...5...6...7...8...9...10	Bounce #3 added RGB(957, 1049, 1090)
0...1...2...3...4...5...6...7...8...9...10	Bounce #4 added RGB(218, 244, 250)
0...1...2...3...4...5...6...7...8...9...10	Bounce #5 added RGB(53, 61, 62)
0...1...2...3...4...5...6...7...8...9...10	Bounce #6 added RGB(13, 15, 15)
0...1...2...3...4...5...6...7...8...9...10	Bounce #7 added RGB(3, 4, 4)
0...1...2...3...4...5...6...7...8...9...10	Bounce #8 added RGB(1, 1, 1)
0...1...2...3...4...5...6...7...8...9...10	Bounce #9 added RGB(0, 0, 0)
Build Patch/Sample Hash Table(s).....Done<0.0005 sec>
0...1...2...3...4...5...6...7...8...9...10FinalLightFace Done
0 of 0 (0% of) surface lights went in leaf ambient cubes.
0...1...2...3...4...5...6...7...8...9...10Writing leaf ambient...done
Computing static prop lighting : 00...1...2...3...4...5...6...7...8...9...10
Ready to Finish

Object names       Objects/Maxobjs  Memory / Maxmem  Fullness 
------------       ---------------  ---------------  -------- 
models                   1/4096           48/196608   ( 0.0%) 
brushes                 39/32768         468/393216   ( 0.1%) 
brushsides             256/65536        2048/524288   ( 0.4%) 
planes                 170/65536        3400/1310720  ( 0.3%) 
vertexes               286/65536        3432/786432   ( 0.4%) 
nodes                  104/65536        3328/2097152  ( 0.2%) 
texinfos                24/12288        1728/884736   ( 0.2%) 
texdata                 13/2048          416/65536    ( 0.6%) 
dispinfos                0/0               0/0        ( 0.0%) 
disp_verts               0/0               0/0        ( 0.0%) 
disp_tris                0/0               0/0        ( 0.0%) 
disp_lmsamples           0/0               0/0        ( 0.0%) 
faces                  142/65536        7952/3670016  ( 0.2%) 
hdr faces              142/65536        7952/3670016  ( 0.2%) 
origfaces               71/65536        3976/3670016  ( 0.1%) 
leaves                 106/65536        3392/2097152  ( 0.2%) 
leaffaces              169/65536         338/131072   ( 0.3%) 
leafbrushes             82/65536         164/131072   ( 0.1%) 
areas                    2/1024           16/8192     ( 0.2%) 
surfedges              954/512000       3816/2048000  ( 0.2%) 
edges                  570/256000       2280/1024000  ( 0.2%) 
LDR worldlights          0/16384           0/1441792  ( 0.0%) 
HDR worldlights          2/16384         176/1441792  ( 0.0%) 
leafwaterdata            0/32768           0/393216   ( 0.0%) 
waterstrips              4/131072         40/1310720  ( 0.0%) 
waterverts               0/131072          0/1572864  ( 0.0%) 
waterindices            78/131072        156/262144   ( 0.1%) 
cubemapsamples           0/1024            0/16384    ( 0.0%) 
overlays                 0/1024            0/360448   ( 0.0%) 
LDR lightdata         [variable]           0/0        ( 0.0%) 
HDR lightdata         [variable]      125128/0        ( 0.0%) 
visdata               [variable]         906/16777216 ( 0.0%) 
entdata               [variable]        7003/393216   ( 1.8%) 
LDR ambient table      106/65536         424/262144   ( 0.2%) 
HDR ambient table      106/65536         424/262144   ( 0.2%) 
LDR leaf ambient       106/65536        2968/1835008  ( 0.2%) 
HDR leaf ambient       560/65536       15680/1835008  ( 0.9%) 
occluders                0/0               0/0        ( 0.0%) 
occluder polygons        0/0               0/0        ( 0.0%) 
occluder vert ind        0/0               0/0        ( 0.0%) 
detail props          [variable]           1/12       ( 8.3%) 
static props          [variable]           1/208      ( 0.5%) 
pakfile               [variable]      201285/0        ( 0.0%) 
physics               [variable]       14927/4194304  ( 0.4%) 
physics terrain       [variable]           2/1048576  ( 0.0%) 

Level flags = 2

Total triangle count: 382
Writing c:\program files (x86)\steam\steamapps\sourcemods\gigabuilder\maps\snowcomp1edit.bsp
1 second elapsed
