PRT1
149
418
4 0 3 (2528 2048 2528 ) (2048 2048 2528 ) (2048 2048 -2528 ) (2528 2048 -2528 ) 
4 0 1 (2048 2048 -2528 ) (2048 2048 2528 ) (2048 2528 2528 ) (2048 2528 -2528 ) 
4 1 13 (1312 2048 64 ) (1024 2048 64 ) (1024 2048 -2528 ) (1312 2048 -2528 ) 
4 1 12 (2048 2048 -2528 ) (2048 2048 64 ) (1312 2048 64 ) (1312 2048 -2528 ) 
4 1 10 (1312 2048 256 ) (1024 2048 256 ) (1024 2048 64 ) (1312 2048 64 ) 
4 1 9 (1328 2048 256 ) (1312 2048 256 ) (1312 2048 64 ) (1328 2048 64 ) 
4 1 8 (2048 2048 64 ) (2048 2048 256 ) (1328 2048 256 ) (1328 2048 64 ) 
4 1 7 (1312 2048 271.750000 ) (1024 2048 271.750000 ) (1024 2048 256 ) (1312 2048 256 ) 
4 1 6 (2048 2048 256 ) (2048 2048 271.750000 ) (1312 2048 271.750000 ) (1312 2048 256 ) 
4 1 5 (2048 2048 271.750000 ) (2048 2048 2528 ) (1024 2048 2528 ) (1024 2048 271.750000 ) 
4 1 2 (1024 2048 -2528 ) (1024 2048 2528 ) (1024 2528 2528 ) (1024 2528 -2528 ) 
4 2 70 (0 2048 -2528 ) (0 2048 2528 ) (0 2528 2528 ) (0 2528 -2528 ) 
4 2 19 (1024 2048 -2528 ) (1024 2048 64 ) (0 2048 64 ) (0 2048 -2528 ) 
4 2 17 (1024 2048 64 ) (1024 2048 256 ) (0 2048 256 ) (0 2048 64 ) 
4 2 16 (1024 2048 256 ) (1024 2048 271.750000 ) (0 2048 271.750000 ) (0 2048 256 ) 
4 2 15 (1024 2048 271.750000 ) (1024 2048 2528 ) (0 2048 2528 ) (0 2048 271.750000 ) 
4 3 12 (2048 2048 64 ) (2048 2048 -2528 ) (2048 1024 -2528 ) (2048 1024 64 ) 
4 3 8 (2048 2048 256 ) (2048 2048 64 ) (2048 1024 64 ) (2048 1024 256 ) 
4 3 6 (2048 2048 271.750000 ) (2048 2048 256 ) (2048 1024 256 ) (2048 1024 271.750000 ) 
4 3 5 (2048 2048 2528 ) (2048 2048 271.750000 ) (2048 1024 271.750000 ) (2048 1024 2528 ) 
4 3 4 (2528 1024 2528 ) (2048 1024 2528 ) (2048 1024 -2528 ) (2528 1024 -2528 ) 
4 4 110 (2528 0 2528 ) (2048 0 2528 ) (2048 0 -2528 ) (2528 0 -2528 ) 
4 4 37 (2048 0 -2528 ) (2048 0 0 ) (2048 1024 0 ) (2048 1024 -2528 ) 
4 4 35 (2048 0 0 ) (2048 0 64 ) (2048 432 64 ) (2048 432 0 ) 
4 4 34 (2048 432 64 ) (2048 1024 64 ) (2048 1024 0 ) (2048 432 0 ) 
4 4 24 (2048 0 64 ) (2048 0 256 ) (2048 1024 256 ) (2048 1024 64 ) 
4 4 22 (2048 0 256 ) (2048 0 271.750000 ) (2048 1024 271.750000 ) (2048 1024 256 ) 
4 4 21 (2048 0 271.750000 ) (2048 0 2528 ) (2048 1024 2528 ) (2048 1024 271.750000 ) 
4 5 21 (2048 1024 271.750000 ) (2048 1024 2528 ) (1024 1024 2528 ) (1024 1024 271.750000 ) 
4 5 15 (1024 2048 2528 ) (1024 2048 271.750000 ) (1024 1024 271.750000 ) (1024 1024 2528 ) 
4 5 7 (1024 1184 271.750000 ) (1024 2048 271.750000 ) (1312 2048 271.750000 ) (1312 1184 271.750000 ) 
4 5 6 (2048 1024 271.750000 ) (1312 1024 271.750000 ) (1312 2048 271.750000 ) (2048 2048 271.750000 ) 
4 6 22 (2048 1024 256 ) (2048 1024 271.750000 ) (1312 1024 271.750000 ) (1312 1024 256 ) 
4 6 9 (1312 2048 256 ) (1328 2048 256 ) (1328 1184 256 ) (1312 1184 256 ) 
4 6 8 (1328 2048 256 ) (2048 2048 256 ) (2048 1024 256 ) (1328 1024 256 ) 
4 6 7 (1312 2048 256 ) (1312 1184 256 ) (1312 1184 271.750000 ) (1312 2048 271.750000 ) 
4 7 16 (1024 2048 271.750000 ) (1024 2048 256 ) (1024 1184 256 ) (1024 1184 271.750000 ) 
4 7 10 (1024 1200 256 ) (1024 2048 256 ) (1312 2048 256 ) (1312 1200 256 ) 
4 8 24 (2048 1024 64 ) (2048 1024 256 ) (1328 1024 256 ) (1328 1024 64 ) 
4 8 12 (2048 1024 64 ) (1328 1024 64 ) (1328 2048 64 ) (2048 2048 64 ) 
4 8 9 (1328 2048 64 ) (1328 1184 64 ) (1328 1184 256 ) (1328 2048 256 ) 
4 9 12 (1312 1184 64 ) (1312 2048 64 ) (1328 2048 64 ) (1328 1184 64 ) 
4 9 10 (1312 2048 64 ) (1312 1200 64 ) (1312 1200 256 ) (1312 2048 256 ) 
4 10 17 (1024 2048 256 ) (1024 2048 64 ) (1024 1200 64 ) (1024 1200 256 ) 
4 10 13 (1024 1200 64 ) (1024 2048 64 ) (1312 2048 64 ) (1312 1200 64 ) 
4 11 31 (1024 1024 112 ) (1024 1024 64 ) (1056 1024 64 ) (1056 1024 112 ) 
4 11 30 (1056 1024 64 ) (1312 1024 64 ) (1312 1024 112 ) (1056 1024 112 ) 
4 11 27 (1064 1024 256 ) (1024 1024 256 ) (1024 1024 112 ) (1064 1024 112 ) 
4 11 26 (1312 1024 256 ) (1064 1024 256 ) (1064 1024 112 ) (1312 1024 112 ) 
4 11 18 (1024 1184 64 ) (1024 1024 64 ) (1024 1024 256 ) (1024 1184 256 ) 
4 12 37 (2048 1024 -2528 ) (2048 1024 0 ) (1312 1024 0 ) (1312 1024 -2528 ) 
4 12 34 (2048 1024 0 ) (2048 1024 64 ) (1312 1024 64 ) (1312 1024 0 ) 
4 12 14 (1312 1184 -2528 ) (1312 1024 -2528 ) (1312 1024 0 ) (1312 1184 0 ) 
4 12 13 (1312 2048 -2528 ) (1312 1184 -2528 ) (1312 1184 64 ) (1312 2048 64 ) 
4 13 19 (1024 2048 64 ) (1024 2048 -2528 ) (1024 1184 -2528 ) (1024 1184 64 ) 
4 13 14 (1024 1184 -2528 ) (1312 1184 -2528 ) (1312 1184 0 ) (1024 1184 0 ) 
4 14 37 (1024 1024 0 ) (1024 1024 -2528 ) (1312 1024 -2528 ) (1312 1024 0 ) 
4 14 20 (1024 1184 -2528 ) (1024 1024 -2528 ) (1024 1024 0 ) (1024 1184 0 ) 
4 15 84 (0 1024 271.750000 ) (0 1024 2528 ) (0 1184 2528 ) (0 1184 271.750000 ) 
4 15 77 (0 1184 2528 ) (0 1200 2528 ) (0 1200 271.750000 ) (0 1184 271.750000 ) 
4 15 74 (0 1200 2528 ) (0 1216 2528 ) (0 1216 271.750000 ) (0 1200 271.750000 ) 
4 15 73 (0 1216 2528 ) (0 2048 2528 ) (0 2048 271.750000 ) (0 1216 271.750000 ) 
4 15 38 (1024 1024 271.750000 ) (1024 1024 2528 ) (0 1024 2528 ) (0 1024 271.750000 ) 
4 15 16 (1024 2048 271.750000 ) (1024 1184 271.750000 ) (0 1184 271.750000 ) (0 2048 271.750000 ) 
4 16 77 (0 1184 271.750000 ) (0 1200 271.750000 ) (0 1200 256 ) (0 1184 256 ) 
4 16 74 (0 1200 271.750000 ) (0 1216 271.750000 ) (0 1216 256 ) (0 1200 256 ) 
4 16 73 (0 1216 271.750000 ) (0 2048 271.750000 ) (0 2048 256 ) (0 1216 256 ) 
4 16 17 (0 1200 256 ) (0 2048 256 ) (1024 2048 256 ) (1024 1200 256 ) 
4 17 74 (0 1200 256 ) (0 1216 256 ) (0 1216 192 ) (0 1200 192 ) 
4 17 73 (0 1216 256 ) (0 2048 256 ) (0 2048 64 ) (0 1216 64 ) 
4 17 19 (1024 2048 64 ) (1024 1200 64 ) (0 1200 64 ) (0 2048 64 ) 
4 18 86 (0 1024 64 ) (0 1024 256 ) (0 1184 256 ) (0 1184 64 ) 
4 18 54 (192 1024 112 ) (128 1024 112 ) (128 1024 64 ) (192 1024 64 ) 
4 18 56 (128 1024 112 ) (0 1024 112 ) (0 1024 64 ) (128 1024 64 ) 
4 18 53 (448 1024 112 ) (192 1024 112 ) (192 1024 64 ) (448 1024 64 ) 
4 18 49 (1024 1024 64 ) (1024 1024 112 ) (992 1024 112 ) (992 1024 64 ) 
4 18 51 (992 1024 112 ) (736 1024 112 ) (736 1024 64 ) (992 1024 64 ) 
4 18 45 (200 1024 256 ) (120 1024 256 ) (120 1024 112 ) (200 1024 112 ) 
4 18 48 (120 1024 256 ) (0 1024 256 ) (0 1024 112 ) (120 1024 112 ) 
4 18 44 (448 1024 256 ) (200 1024 256 ) (200 1024 112 ) (448 1024 112 ) 
4 18 39 (1024 1024 112 ) (1024 1024 256 ) (984 1024 256 ) (984 1024 112 ) 
4 18 42 (984 1024 256 ) (736 1024 256 ) (736 1024 112 ) (984 1024 112 ) 
4 19 83 (0 1200 48 ) (0 1200 -2528 ) (0 1184 -2528 ) (0 1184 48 ) 
4 19 80 (0 1184 64 ) (0 1200 64 ) (0 1200 48 ) (0 1184 48 ) 
4 19 76 (0 1200 64 ) (0 2048 64 ) (0 2048 -2528 ) (0 1200 -2528 ) 
4 19 20 (0 1184 -2528 ) (1024 1184 -2528 ) (1024 1184 0 ) (0 1184 0 ) 
4 20 90 (0 1024 -2528 ) (0 1024 0 ) (0 1184 0 ) (0 1184 -2528 ) 
4 20 69 (1024 1024 -2528 ) (1024 1024 0 ) (0 1024 0 ) (0 1024 -2528 ) 
4 21 112 (2048 0 271.750000 ) (2048 0 2528 ) (1024 0 2528 ) (1024 0 271.750000 ) 
4 21 62 (1024 128 271.750000 ) (1024 0 271.750000 ) (1024 0 272 ) (1024 128 272 ) 
4 21 61 (1024 0 272 ) (1024 0 2528 ) (1024 128 2528 ) (1024 128 272 ) 
4 21 57 (1024 272 271.750000 ) (1024 128 271.750000 ) (1024 128 2528 ) (1024 272 2528 ) 
4 21 38 (1024 1024 2528 ) (1024 1024 271.750000 ) (1024 272 271.750000 ) (1024 272 2528 ) 
4 21 23 (1312 272 271.750000 ) (1312 0 271.750000 ) (1024 0 271.750000 ) (1024 272 271.750000 ) 
4 21 22 (1312 1024 271.750000 ) (2048 1024 271.750000 ) (2048 0 271.750000 ) (1312 0 271.750000 ) 
4 22 112 (2048 0 256 ) (2048 0 271.750000 ) (1312 0 271.750000 ) (1312 0 256 ) 
4 22 25 (1328 0 256 ) (1312 0 256 ) (1312 272 256 ) (1328 272 256 ) 
4 22 24 (2048 0 256 ) (1328 0 256 ) (1328 1024 256 ) (2048 1024 256 ) 
4 22 23 (1312 272 256 ) (1312 0 256 ) (1312 0 271.750000 ) (1312 272 271.750000 ) 
4 23 112 (1312 0 271.750000 ) (1024 0 271.750000 ) (1024 0 256 ) (1312 0 256 ) 
4 23 62 (1024 128 256 ) (1024 0 256 ) (1024 0 271.750000 ) (1024 128 271.750000 ) 
4 23 57 (1024 272 256 ) (1024 128 256 ) (1024 128 271.750000 ) (1024 272 271.750000 ) 
4 23 33 (1312 0 256 ) (1024 0 256 ) (1024 128 256 ) (1312 128 256 ) 
4 24 112 (2048 0 64 ) (2048 0 256 ) (1328 0 256 ) (1328 0 64 ) 
4 24 35 (2048 432 64 ) (2048 0 64 ) (1328 0 64 ) (1328 432 64 ) 
4 24 34 (1328 1024 64 ) (2048 1024 64 ) (2048 432 64 ) (1328 432 64 ) 
4 24 25 (1328 272 64 ) (1328 0 64 ) (1328 0 256 ) (1328 272 256 ) 
4 25 112 (1328 0 256 ) (1312 0 256 ) (1312 0 64 ) (1328 0 64 ) 
4 25 35 (1328 272 64 ) (1328 0 64 ) (1312 0 64 ) (1312 272 64 ) 
4 25 33 (1312 128 64 ) (1312 0 64 ) (1312 0 256 ) (1312 128 256 ) 
4 26 30 (1312 272 112 ) (1064 272 112 ) (1064 1024 112 ) (1312 1024 112 ) 
4 26 28 (1064 568 116 ) (1064 568 256 ) (1064 888 256 ) (1064 888 116 ) 
4 26 27 (1064 1024 112 ) (1064 888 112 ) (1064 888 256 ) (1064 1024 256 ) 
4 26 29 (1064 568 112 ) (1064 272 112 ) (1064 272 256 ) (1064 568 256 ) 
4 27 39 (1024 1024 256 ) (1024 1024 112 ) (1024 888 112 ) (1024 888 256 ) 
4 27 31 (1024 888 112 ) (1024 1024 112 ) (1056 1024 112 ) (1056 888 112 ) 
4 27 30 (1056 1024 112 ) (1064 1024 112 ) (1064 888 112 ) (1056 888 112 ) 
4 27 28 (1064 888 116 ) (1064 888 256 ) (1024 888 256 ) (1024 888 116 ) 
4 28 40 (1024 568 116 ) (1024 568 256 ) (1024 888 256 ) (1024 888 116 ) 
4 28 29 (1064 568 116 ) (1064 568 256 ) (1024 568 256 ) (1024 568 116 ) 
4 29 41 (1024 568 112 ) (1024 272 112 ) (1024 272 256 ) (1024 568 256 ) 
4 29 32 (1056 272 112 ) (1024 272 112 ) (1024 568 112 ) (1056 568 112 ) 
4 29 30 (1064 272 112 ) (1056 272 112 ) (1056 568 112 ) (1064 568 112 ) 
4 30 31 (1056 1024 64 ) (1056 880 64 ) (1056 880 112 ) (1056 1024 112 ) 
4 30 32 (1056 576 64 ) (1056 272 64 ) (1056 272 112 ) (1056 576 112 ) 
4 31 49 (1024 1024 112 ) (1024 1024 64 ) (1024 880 64 ) (1024 880 112 ) 
4 32 50 (1024 576 64 ) (1024 272 64 ) (1024 272 112 ) (1024 576 112 ) 
4 33 112 (1312 0 256 ) (1024 0 256 ) (1024 0 64 ) (1312 0 64 ) 
4 33 63 (1024 128 64 ) (1024 0 64 ) (1024 0 192 ) (1024 128 192 ) 
4 33 62 (1024 0 192 ) (1024 0 256 ) (1024 128 256 ) (1024 128 192 ) 
4 33 36 (1312 128 64 ) (1312 0 64 ) (1024 0 64 ) (1024 128 64 ) 
4 34 37 (1312 1024 0 ) (2048 1024 0 ) (2048 432 0 ) (1312 432 0 ) 
4 34 35 (1312 432 0 ) (2048 432 0 ) (2048 432 64 ) (1312 432 64 ) 
4 35 112 (2048 0 0 ) (2048 0 64 ) (1312 0 64 ) (1312 0 0 ) 
4 35 37 (2048 0 0 ) (1312 0 0 ) (1312 432 0 ) (2048 432 0 ) 
4 35 36 (1312 272 0 ) (1312 0 0 ) (1312 0 64 ) (1312 272 64 ) 
4 36 112 (1312 0 64 ) (1024 0 64 ) (1024 0 0 ) (1312 0 0 ) 
4 36 68 (1024 128 0 ) (1024 0 0 ) (1024 0 64 ) (1024 128 64 ) 
4 36 67 (1024 256 0 ) (1024 128 0 ) (1024 128 64 ) (1024 256 64 ) 
4 36 66 (1024 272 0 ) (1024 256 0 ) (1024 256 64 ) (1024 272 64 ) 
4 36 37 (1312 0 0 ) (1024 0 0 ) (1024 272 0 ) (1312 272 0 ) 
4 37 112 (2048 0 -2528 ) (2048 0 0 ) (1024 0 0 ) (1024 0 -2528 ) 
4 37 69 (1024 1024 0 ) (1024 1024 -2528 ) (1024 0 -2528 ) (1024 0 0 ) 
4 38 93 (0 1024 272 ) (0 1024 271.750000 ) (0 272 271.750000 ) (0 272 272 ) 
4 38 92 (0 1024 2528 ) (0 1024 272 ) (0 272 272 ) (0 272 2528 ) 
4 38 58 (0 272 2528 ) (0 272 271.750000 ) (128 272 271.750000 ) (128 272 2528 ) 
4 38 57 (128 272 271.750000 ) (1024 272 271.750000 ) (1024 272 2528 ) (128 272 2528 ) 
4 39 49 (992 1024 112 ) (1024 1024 112 ) (1024 888 112 ) (992 888 112 ) 
4 39 51 (984 888 112 ) (984 1024 112 ) (992 1024 112 ) (992 888 112 ) 
4 39 40 (984 888 256 ) (984 888 116 ) (1024 888 116 ) (1024 888 256 ) 
4 39 42 (984 1024 112 ) (984 888 112 ) (984 888 256 ) (984 1024 256 ) 
4 40 42 (984 568 116 ) (984 568 256 ) (984 888 256 ) (984 888 116 ) 
4 40 41 (984 568 256 ) (984 568 116 ) (1024 568 116 ) (1024 568 256 ) 
4 41 50 (1024 272 112 ) (992 272 112 ) (992 568 112 ) (1024 568 112 ) 
4 41 51 (992 272 112 ) (984 272 112 ) (984 568 112 ) (992 568 112 ) 
4 41 42 (984 568 112 ) (984 272 112 ) (984 272 256 ) (984 568 256 ) 
4 42 51 (984 272 112 ) (736 272 112 ) (736 1024 112 ) (984 1024 112 ) 
4 42 43 (736 432 112 ) (736 272 112 ) (736 272 256 ) (736 432 256 ) 
4 43 52 (736 272 112 ) (448 272 112 ) (448 432 112 ) (736 432 112 ) 
4 43 44 (448 432 112 ) (448 272 112 ) (448 272 256 ) (448 432 256 ) 
4 44 53 (448 272 112 ) (200 272 112 ) (200 1024 112 ) (448 1024 112 ) 
4 44 46 (200 568 116 ) (200 568 256 ) (200 888 256 ) (200 888 116 ) 
4 44 45 (200 1024 112 ) (200 888 112 ) (200 888 256 ) (200 1024 256 ) 
4 44 47 (200 568 112 ) (200 272 112 ) (200 272 256 ) (200 568 256 ) 
4 45 54 (128 1024 112 ) (192 1024 112 ) (192 888 112 ) (128 888 112 ) 
4 45 56 (120 888 112 ) (120 1024 112 ) (128 1024 112 ) (128 888 112 ) 
4 45 53 (192 1024 112 ) (200 1024 112 ) (200 888 112 ) (192 888 112 ) 
4 45 46 (120 888 256 ) (120 888 116 ) (200 888 116 ) (200 888 256 ) 
4 45 48 (120 1024 112 ) (120 888 112 ) (120 888 256 ) (120 1024 256 ) 
4 46 48 (120 568 116 ) (120 568 256 ) (120 888 256 ) (120 888 116 ) 
4 46 47 (120 568 256 ) (120 568 116 ) (200 568 116 ) (200 568 256 ) 
4 47 55 (192 272 112 ) (128 272 112 ) (128 568 112 ) (192 568 112 ) 
4 47 56 (128 272 112 ) (120 272 112 ) (120 568 112 ) (128 568 112 ) 
4 47 53 (200 272 112 ) (192 272 112 ) (192 568 112 ) (200 568 112 ) 
4 47 48 (120 568 112 ) (120 272 112 ) (120 272 256 ) (120 568 256 ) 
4 48 94 (0 1024 256 ) (0 1024 112 ) (0 272 112 ) (0 272 256 ) 
4 48 56 (120 272 112 ) (0 272 112 ) (0 1024 112 ) (120 1024 112 ) 
4 49 51 (992 1024 64 ) (992 880 64 ) (992 880 112 ) (992 1024 112 ) 
4 50 51 (992 576 64 ) (992 272 64 ) (992 272 112 ) (992 576 112 ) 
4 51 52 (736 432 64 ) (736 272 64 ) (736 272 112 ) (736 432 112 ) 
4 52 53 (448 432 64 ) (448 272 64 ) (448 272 112 ) (448 432 112 ) 
4 53 54 (192 1024 64 ) (192 880 64 ) (192 880 112 ) (192 1024 112 ) 
4 53 55 (192 576 64 ) (192 272 64 ) (192 272 112 ) (192 576 112 ) 
4 54 56 (128 1024 64 ) (128 880 64 ) (128 880 112 ) (128 1024 112 ) 
4 55 56 (128 576 64 ) (128 272 64 ) (128 272 112 ) (128 576 112 ) 
4 56 94 (0 1024 112 ) (0 1024 64 ) (0 272 64 ) (0 272 112 ) 
4 57 62 (1024 128 256 ) (1024 128 272 ) (320 128 272 ) (320 128 256 ) 
4 57 61 (1024 128 272 ) (1024 128 2528 ) (128 128 2528 ) (128 128 272 ) 
4 57 59 (128 128 272 ) (128 128 2528 ) (128 256 2528 ) (128 256 272 ) 
4 57 58 (128 272 2528 ) (128 272 256 ) (128 256 256 ) (128 256 2528 ) 
4 58 95 (0 272 272 ) (0 272 256 ) (0 256 256 ) (0 256 272 ) 
4 58 92 (0 272 2528 ) (0 272 272 ) (0 256 272 ) (0 256 2528 ) 
4 58 59 (128 256 272 ) (128 256 2528 ) (0 256 2528 ) (0 256 272 ) 
4 59 92 (0 256 2528 ) (0 256 272 ) (0 128 272 ) (0 128 2528 ) 
4 59 61 (128 128 272 ) (128 128 2528 ) (0 128 2528 ) (0 128 272 ) 
4 60 97 (0 256 192 ) (0 256 64 ) (0 128 64 ) (0 128 192 ) 
4 60 64 (0 128 64 ) (128 128 64 ) (128 128 192 ) (0 128 192 ) 
4 61 116 (320 0 2528 ) (0 0 2528 ) (0 0 272 ) (320 0 272 ) 
4 61 113 (1024 0 272 ) (1024 0 2528 ) (320 0 2528 ) (320 0 272 ) 
4 61 92 (0 0 272 ) (0 0 2528 ) (0 128 2528 ) (0 128 272 ) 
4 61 62 (320 128 272 ) (1024 128 272 ) (1024 0 272 ) (320 0 272 ) 
4 62 113 (1024 0 192 ) (1024 0 272 ) (320 0 272 ) (320 0 192 ) 
4 62 63 (1024 0 192 ) (384 0 192 ) (384 128 192 ) (1024 128 192 ) 
4 63 114 (1024 0 64 ) (1024 0 192 ) (384 0 192 ) (384 0 64 ) 
4 63 68 (1024 128 64 ) (1024 0 64 ) (384 0 64 ) (384 128 64 ) 
4 64 117 (320 0 192 ) (0 0 192 ) (0 0 64 ) (320 0 64 ) 
4 64 98 (0 0 64 ) (0 0 192 ) (0 128 192 ) (0 128 64 ) 
4 65 69 (448 1024 0 ) (736 1024 0 ) (736 432 0 ) (448 432 0 ) 
4 66 102 (0 256 64 ) (0 272 64 ) (0 272 0 ) (0 256 0 ) 
4 66 69 (0 256 0 ) (0 272 0 ) (1024 272 0 ) (1024 256 0 ) 
4 66 67 (128 256 0 ) (1024 256 0 ) (1024 256 64 ) (128 256 64 ) 
4 67 69 (128 256 0 ) (1024 256 0 ) (1024 128 0 ) (128 128 0 ) 
4 67 68 (320 128 0 ) (1024 128 0 ) (1024 128 64 ) (320 128 64 ) 
4 68 121 (1024 0 0 ) (1024 0 64 ) (320 0 64 ) (320 0 0 ) 
4 68 69 (1024 0 0 ) (320 0 0 ) (320 128 0 ) (1024 128 0 ) 
4 69 122 (320 0 0 ) (0 0 0 ) (0 0 -2528 ) (320 0 -2528 ) 
4 69 121 (1024 0 -2528 ) (1024 0 0 ) (320 0 0 ) (320 0 -2528 ) 
4 69 106 (0 0 -2528 ) (0 0 0 ) (0 1024 0 ) (0 1024 -2528 ) 
4 70 76 (0 2048 -2528 ) (0 2048 64 ) (-1024 2048 64 ) (-1024 2048 -2528 ) 
4 70 73 (0 2048 64 ) (0 2048 2528 ) (-80 2048 2528 ) (-80 2048 64 ) 
4 70 75 (-80 2048 2528 ) (-1024 2048 2528 ) (-1024 2048 64 ) (-80 2048 64 ) 
4 70 71 (-1024 2048 -2528 ) (-1024 2048 2528 ) (-1024 2528 2528 ) (-1024 2528 -2528 ) 
4 71 91 (-1024 2048 -2528 ) (-1024 2048 2528 ) (-2048 2048 2528 ) (-2048 2048 -2528 ) 
4 71 72 (-2048 2048 -2528 ) (-2048 2048 2528 ) (-2048 2528 2528 ) (-2048 2528 -2528 ) 
4 72 108 (-2048 2048 -2528 ) (-2048 2048 2528 ) (-2528 2048 2528 ) (-2528 2048 -2528 ) 
4 73 76 (-80 1216 64 ) (-80 2048 64 ) (0 2048 64 ) (0 1216 64 ) 
4 73 74 (-80 1216 2528 ) (-80 1216 192 ) (0 1216 192 ) (0 1216 2528 ) 
4 73 75 (-80 2048 64 ) (-80 1216 64 ) (-80 1216 2528 ) (-80 2048 2528 ) 
4 74 77 (0 1200 256 ) (0 1200 2528 ) (-80 1200 2528 ) (-80 1200 256 ) 
4 74 75 (-80 1200 192 ) (-80 1200 2528 ) (-80 1216 2528 ) (-80 1216 192 ) 
4 75 91 (-1024 2048 2528 ) (-1024 2048 64 ) (-1024 1200 64 ) (-1024 1200 2528 ) 
4 75 79 (-1024 1200 256 ) (-1024 1200 64 ) (-128 1200 64 ) (-128 1200 256 ) 
4 75 77 (-1024 1200 2528 ) (-1024 1200 256 ) (-80 1200 256 ) (-80 1200 2528 ) 
4 75 76 (-80 1200 64 ) (-1024 1200 64 ) (-1024 2048 64 ) (-80 2048 64 ) 
4 76 91 (-1024 2048 64 ) (-1024 2048 -2528 ) (-1024 1200 -2528 ) (-1024 1200 64 ) 
4 76 83 (-1024 1200 48 ) (-1024 1200 -2528 ) (0 1200 -2528 ) (0 1200 48 ) 
4 76 81 (-16 1200 63.750000 ) (-16 1200 64 ) (-63 1200 64 ) (-63 1200 63.750000 ) 
4 76 80 (-16 1200 48 ) (0 1200 48 ) (0 1200 64 ) (-16 1200 64 ) 
4 76 82 (-1024 1200 64 ) (-1024 1200 48 ) (-63 1200 48 ) (-63 1200 64 ) 
4 77 91 (-1024 1184 256 ) (-1024 1184 2528 ) (-1024 1200 2528 ) (-1024 1200 256 ) 
4 77 84 (0 1184 271.750000 ) (0 1184 2528 ) (-128 1184 2528 ) (-128 1184 271.750000 ) 
4 77 85 (-128 1184 2528 ) (-1024 1184 2528 ) (-1024 1184 256 ) (-128 1184 256 ) 
4 77 79 (-128 1184 256 ) (-1024 1184 256 ) (-1024 1200 256 ) (-128 1200 256 ) 
4 78 86 (-63 1184 172 ) (-63 1184 64 ) (-16 1184 64 ) (-16 1184 172 ) 
4 78 81 (-16 1184 64 ) (-63 1184 64 ) (-63 1200 64 ) (-16 1200 64 ) 
4 79 91 (-1024 1184 64 ) (-1024 1184 256 ) (-1024 1200 256 ) (-1024 1200 64 ) 
4 79 87 (-128 1184 256 ) (-144 1184 256 ) (-144 1184 64 ) (-128 1184 64 ) 
4 79 88 (-144 1184 256 ) (-1024 1184 256 ) (-1024 1184 64 ) (-144 1184 64 ) 
4 79 82 (-128 1184 64 ) (-1024 1184 64 ) (-1024 1200 64 ) (-128 1200 64 ) 
4 80 83 (0 1184 48 ) (-16 1184 48 ) (-16 1200 48 ) (0 1200 48 ) 
4 80 81 (-16 1184 63.750000 ) (-16 1184 64 ) (-16 1200 64 ) (-16 1200 63.750000 ) 
4 81 82 (-63 1184 63.750000 ) (-63 1184 64 ) (-63 1200 64 ) (-63 1200 63.750000 ) 
4 82 91 (-1024 1184 48 ) (-1024 1184 64 ) (-1024 1200 64 ) (-1024 1200 48 ) 
4 82 89 (-128 1184 64 ) (-1024 1184 64 ) (-1024 1184 48 ) (-128 1184 48 ) 
4 82 83 (-63 1184 48 ) (-1024 1184 48 ) (-1024 1200 48 ) (-63 1200 48 ) 
4 83 91 (-1024 1184 -2528 ) (-1024 1184 48 ) (-1024 1200 48 ) (-1024 1200 -2528 ) 
4 83 90 (0 1184 -2528 ) (0 1184 0 ) (-1024 1184 0 ) (-1024 1184 -2528 ) 
4 83 89 (-128 1184 48 ) (-1024 1184 48 ) (-1024 1184 0 ) (-128 1184 0 ) 
4 84 93 (0 1024 271.750000 ) (0 1024 272 ) (-128 1024 272 ) (-128 1024 271.750000 ) 
4 84 92 (0 1024 272 ) (0 1024 2528 ) (-128 1024 2528 ) (-128 1024 272 ) 
4 84 85 (-128 1024 271.750000 ) (-128 1024 2528 ) (-128 1184 2528 ) (-128 1184 271.750000 ) 
4 85 99 (-144 1024 256 ) (-128 1024 256 ) (-128 1024 272 ) (-144 1024 272 ) 
4 85 101 (-1024 1024 272 ) (-1024 1024 256 ) (-144 1024 256 ) (-144 1024 272 ) 
4 85 92 (-128 1024 2528 ) (-1024 1024 2528 ) (-1024 1024 272 ) (-128 1024 272 ) 
4 85 91 (-1024 1024 256 ) (-1024 1024 2528 ) (-1024 1184 2528 ) (-1024 1184 256 ) 
4 85 87 (-128 1024 256 ) (-144 1024 256 ) (-144 1184 256 ) (-128 1184 256 ) 
4 85 88 (-144 1024 256 ) (-1024 1024 256 ) (-1024 1184 256 ) (-144 1184 256 ) 
4 86 94 (0 1024 64 ) (0 1024 256 ) (-128 1024 256 ) (-128 1024 64 ) 
4 86 87 (-128 1184 64 ) (-128 1024 64 ) (-128 1024 256 ) (-128 1184 256 ) 
4 87 100 (-128 1024 256 ) (-144 1024 256 ) (-144 1024 64 ) (-128 1024 64 ) 
4 87 89 (-144 1184 64 ) (-128 1184 64 ) (-128 1024 64 ) (-144 1024 64 ) 
4 87 88 (-144 1184 64 ) (-144 1024 64 ) (-144 1024 256 ) (-144 1184 256 ) 
4 88 101 (-144 1024 256 ) (-1024 1024 256 ) (-1024 1024 64 ) (-144 1024 64 ) 
4 88 91 (-1024 1024 64 ) (-1024 1024 256 ) (-1024 1184 256 ) (-1024 1184 64 ) 
4 88 89 (-1024 1024 64 ) (-1024 1184 64 ) (-144 1184 64 ) (-144 1024 64 ) 
4 89 105 (-128 1024 64 ) (-1024 1024 64 ) (-1024 1024 0 ) (-128 1024 0 ) 
4 89 91 (-1024 1024 0 ) (-1024 1024 64 ) (-1024 1184 64 ) (-1024 1184 0 ) 
4 89 90 (-128 1024 0 ) (-1024 1024 0 ) (-1024 1184 0 ) (-128 1184 0 ) 
4 90 106 (0 1024 -2528 ) (0 1024 0 ) (-1024 1024 0 ) (-1024 1024 -2528 ) 
4 90 91 (-1024 1024 -2528 ) (-1024 1024 0 ) (-1024 1184 0 ) (-1024 1184 -2528 ) 
4 91 108 (-2048 2048 2528 ) (-2048 2048 -2528 ) (-2048 1024 -2528 ) (-2048 1024 2528 ) 
4 91 107 (-1024 1024 -2528 ) (-1024 1024 2528 ) (-2048 1024 2528 ) (-2048 1024 -2528 ) 
4 92 134 (-128 0 2528 ) (-1024 0 2528 ) (-1024 0 272 ) (-128 0 272 ) 
4 92 129 (0 0 272 ) (0 0 2528 ) (-128 0 2528 ) (-128 0 272 ) 
4 92 107 (-1024 1024 2528 ) (-1024 1024 272 ) (-1024 0 272 ) (-1024 0 2528 ) 
4 92 99 (-128 0 272 ) (-144 0 272 ) (-144 1024 272 ) (-128 1024 272 ) 
4 92 101 (-144 0 272 ) (-1024 0 272 ) (-1024 1024 272 ) (-144 1024 272 ) 
4 92 95 (-128 256 272 ) (-128 272 272 ) (0 272 272 ) (0 256 272 ) 
4 92 93 (-128 272 272 ) (-128 1024 272 ) (0 1024 272 ) (0 272 272 ) 
4 93 99 (-128 272 271.750000 ) (-128 272 272 ) (-128 1024 272 ) (-128 1024 271.750000 ) 
4 93 95 (-128 272 272 ) (-128 272 271.750000 ) (0 272 271.750000 ) (0 272 272 ) 
4 94 100 (-128 1024 64 ) (-128 272 64 ) (-128 272 256 ) (-128 1024 256 ) 
4 94 96 (-63 272 64 ) (-16 272 64 ) (-16 272 172 ) (-63 272 172 ) 
4 95 99 (-128 256 256 ) (-128 256 272 ) (-128 272 272 ) (-128 272 256 ) 
4 96 97 (-63 256 64 ) (-16 256 64 ) (-16 256 172 ) (-63 256 172 ) 
4 97 100 (-128 256 64 ) (-128 128 64 ) (-128 128 192 ) (-128 256 192 ) 
4 97 98 (-128 128 192 ) (-128 128 64 ) (0 128 64 ) (0 128 192 ) 
4 98 130 (0 0 64 ) (0 0 192 ) (-128 0 192 ) (-128 0 64 ) 
4 98 100 (-128 128 64 ) (-128 0 64 ) (-128 0 192 ) (-128 128 192 ) 
4 99 134 (-128 0 272 ) (-144 0 272 ) (-144 0 256 ) (-128 0 256 ) 
4 99 101 (-144 0 256 ) (-144 0 272 ) (-144 1024 272 ) (-144 1024 256 ) 
4 99 100 (-144 0 256 ) (-144 1024 256 ) (-128 1024 256 ) (-128 0 256 ) 
4 100 135 (-144 0 256 ) (-144 0 64 ) (-128 0 64 ) (-128 0 256 ) 
4 100 105 (-144 1024 64 ) (-128 1024 64 ) (-128 0 64 ) (-144 0 64 ) 
4 100 101 (-144 1024 64 ) (-144 0 64 ) (-144 0 256 ) (-144 1024 256 ) 
4 101 137 (-1024 0 256 ) (-1024 0 64 ) (-144 0 64 ) (-144 0 256 ) 
4 101 134 (-144 0 272 ) (-1024 0 272 ) (-1024 0 256 ) (-144 0 256 ) 
4 101 107 (-1024 1024 272 ) (-1024 1024 64 ) (-1024 0 64 ) (-1024 0 272 ) 
4 101 105 (-1024 1024 64 ) (-144 1024 64 ) (-144 0 64 ) (-1024 0 64 ) 
4 102 106 (-16 272 0 ) (0 272 0 ) (0 256 0 ) (-16 256 0 ) 
4 102 103 (-16 272 48 ) (-16 272 0 ) (-16 256 0 ) (-16 256 48 ) 
4 103 106 (-64 272 0 ) (-16 272 0 ) (-16 256 0 ) (-64 256 0 ) 
4 103 104 (-64 272 48 ) (-64 272 0 ) (-64 256 0 ) (-64 256 48 ) 
4 104 106 (-128 256 0 ) (-128 272 0 ) (-64 272 0 ) (-64 256 0 ) 
4 104 105 (-128 272 0 ) (-128 256 0 ) (-128 256 64 ) (-128 272 64 ) 
4 105 140 (-128 0 64 ) (-1024 0 64 ) (-1024 0 0 ) (-128 0 0 ) 
4 105 107 (-1024 1024 64 ) (-1024 1024 0 ) (-1024 0 0 ) (-1024 0 64 ) 
4 105 106 (-128 0 0 ) (-1024 0 0 ) (-1024 1024 0 ) (-128 1024 0 ) 
4 106 138 (0 0 -2528 ) (0 0 0 ) (-128 0 0 ) (-128 0 -2528 ) 
4 106 140 (-128 0 0 ) (-1024 0 0 ) (-1024 0 -2528 ) (-128 0 -2528 ) 
4 106 107 (-1024 1024 0 ) (-1024 1024 -2528 ) (-1024 0 -2528 ) (-1024 0 0 ) 
4 107 141 (-1024 0 -2528 ) (-1024 0 2528 ) (-2048 0 2528 ) (-2048 0 -2528 ) 
4 107 109 (-2048 0 -2528 ) (-2048 0 2528 ) (-2048 1024 2528 ) (-2048 1024 -2528 ) 
4 108 109 (-2048 1024 -2528 ) (-2048 1024 2528 ) (-2528 1024 2528 ) (-2528 1024 -2528 ) 
4 109 144 (-2048 0 -2528 ) (-2048 0 2528 ) (-2528 0 2528 ) (-2528 0 -2528 ) 
4 110 112 (2048 0 2528 ) (2048 0 -2528 ) (2048 -1024 -2528 ) (2048 -1024 2528 ) 
4 110 111 (2528 -1024 2528 ) (2048 -1024 2528 ) (2048 -1024 -2528 ) (2528 -1024 -2528 ) 
4 111 126 (2528 -2048 2528 ) (2048 -2048 2528 ) (2048 -2048 -2528 ) (2528 -2048 -2528 ) 
4 111 124 (2048 -2048 -2528 ) (2048 -2048 2528 ) (2048 -1024 2528 ) (2048 -1024 -2528 ) 
4 112 124 (2048 -1024 -2528 ) (2048 -1024 2528 ) (1024 -1024 2528 ) (1024 -1024 -2528 ) 
4 112 121 (1024 0 64 ) (1024 0 -2528 ) (1024 -1024 -2528 ) (1024 -1024 64 ) 
4 112 114 (1024 0 192 ) (1024 0 64 ) (1024 -1024 64 ) (1024 -1024 192 ) 
4 112 113 (1024 0 2528 ) (1024 0 192 ) (1024 -1024 192 ) (1024 -1024 2528 ) 
4 113 125 (1024 -1024 192 ) (1024 -1024 2528 ) (320 -1024 2528 ) (320 -1024 192 ) 
4 113 119 (320 -128 192 ) (320 -144 192 ) (320 -144 256 ) (320 -128 256 ) 
4 113 118 (320 -144 256 ) (320 -144 2528 ) (320 -128 2528 ) (320 -128 256 ) 
4 113 120 (320 -144 192 ) (320 -1024 192 ) (320 -1024 2528 ) (320 -144 2528 ) 
4 113 116 (320 0 2528 ) (320 0 272 ) (320 -128 272 ) (320 -128 2528 ) 
4 113 115 (320 -1024 192 ) (320 -128 192 ) (384 -128 192 ) (384 -1024 192 ) 
4 113 114 (384 0 192 ) (1024 0 192 ) (1024 -1024 192 ) (384 -1024 192 ) 
4 114 125 (1024 -1024 64 ) (1024 -1024 192 ) (384 -1024 192 ) (384 -1024 64 ) 
4 114 121 (384 0 64 ) (1024 0 64 ) (1024 -1024 64 ) (384 -1024 64 ) 
4 114 115 (384 -128 64 ) (384 -1024 64 ) (384 -1024 192 ) (384 -128 192 ) 
4 115 125 (384 -1024 192 ) (320 -1024 192 ) (320 -1024 64 ) (384 -1024 64 ) 
4 115 121 (384 -128 64 ) (384 -1024 64 ) (320 -1024 64 ) (320 -128 64 ) 
4 115 119 (320 -128 64 ) (320 -144 64 ) (320 -144 192 ) (320 -128 192 ) 
4 115 120 (320 -144 64 ) (320 -1024 64 ) (320 -1024 192 ) (320 -144 192 ) 
4 116 129 (0 0 2528 ) (0 0 272 ) (0 -128 272 ) (0 -128 2528 ) 
4 116 118 (320 -128 272 ) (320 -128 2528 ) (0 -128 2528 ) (0 -128 272 ) 
4 117 130 (0 0 192 ) (0 0 64 ) (0 -128 64 ) (0 -128 192 ) 
4 117 119 (0 -128 64 ) (320 -128 64 ) (320 -128 192 ) (0 -128 192 ) 
4 118 131 (0 -144 256 ) (0 -144 2528 ) (0 -128 2528 ) (0 -128 256 ) 
4 118 120 (320 -144 256 ) (320 -144 2528 ) (0 -144 2528 ) (0 -144 256 ) 
4 118 119 (320 -144 256 ) (0 -144 256 ) (0 -128 256 ) (320 -128 256 ) 
4 119 132 (0 -128 64 ) (0 -144 64 ) (0 -144 256 ) (0 -128 256 ) 
4 119 123 (320 -128 64 ) (320 -144 64 ) (0 -144 64 ) (0 -128 64 ) 
4 119 120 (0 -144 64 ) (320 -144 64 ) (320 -144 256 ) (0 -144 256 ) 
4 120 133 (0 -144 64 ) (0 -1024 64 ) (0 -1024 2528 ) (0 -144 2528 ) 
4 120 125 (0 -1024 2528 ) (0 -1024 64 ) (320 -1024 64 ) (320 -1024 2528 ) 
4 120 123 (320 -144 64 ) (320 -1024 64 ) (0 -1024 64 ) (0 -144 64 ) 
4 121 125 (1024 -1024 -2528 ) (1024 -1024 64 ) (320 -1024 64 ) (320 -1024 -2528 ) 
4 121 122 (320 0 -2528 ) (320 -128 -2528 ) (320 -128 0 ) (320 0 0 ) 
4 121 123 (320 -128 -2528 ) (320 -1024 -2528 ) (320 -1024 64 ) (320 -128 64 ) 
4 122 138 (0 0 0 ) (0 0 -2528 ) (0 -128 -2528 ) (0 -128 0 ) 
4 122 123 (0 -128 -2528 ) (320 -128 -2528 ) (320 -128 0 ) (0 -128 0 ) 
4 123 139 (0 -128 -2528 ) (0 -1024 -2528 ) (0 -1024 64 ) (0 -128 64 ) 
4 123 125 (320 -1024 64 ) (0 -1024 64 ) (0 -1024 -2528 ) (320 -1024 -2528 ) 
4 124 127 (2048 -2048 -2528 ) (2048 -2048 2528 ) (1024 -2048 2528 ) (1024 -2048 -2528 ) 
4 124 125 (1024 -1024 2528 ) (1024 -1024 -2528 ) (1024 -2048 -2528 ) (1024 -2048 2528 ) 
4 125 142 (0 -2048 -2528 ) (0 -2048 2528 ) (0 -1024 2528 ) (0 -1024 -2528 ) 
4 125 128 (1024 -2048 -2528 ) (1024 -2048 2528 ) (0 -2048 2528 ) (0 -2048 -2528 ) 
4 126 127 (2048 -2048 2528 ) (2048 -2048 -2528 ) (2048 -2528 -2528 ) (2048 -2528 2528 ) 
4 127 128 (1024 -2048 2528 ) (1024 -2048 -2528 ) (1024 -2528 -2528 ) (1024 -2528 2528 ) 
4 128 146 (0 -2528 2528 ) (0 -2048 2528 ) (0 -2048 -2528 ) (0 -2528 -2528 ) 
4 129 134 (-128 0 2528 ) (-128 0 272 ) (-128 -128 272 ) (-128 -128 2528 ) 
4 129 131 (-128 -128 2528 ) (-128 -128 272 ) (0 -128 272 ) (0 -128 2528 ) 
4 130 135 (-128 0 192 ) (-128 0 64 ) (-128 -128 64 ) (-128 -128 192 ) 
4 130 132 (-128 -128 192 ) (-128 -128 64 ) (0 -128 64 ) (0 -128 192 ) 
4 131 134 (-128 -144 256 ) (-128 -144 2528 ) (-128 -128 2528 ) (-128 -128 256 ) 
4 131 133 (0 -144 2528 ) (-128 -144 2528 ) (-128 -144 256 ) (0 -144 256 ) 
4 131 132 (0 -144 256 ) (-128 -144 256 ) (-128 -128 256 ) (0 -128 256 ) 
4 132 139 (-128 -144 64 ) (-128 -128 64 ) (0 -128 64 ) (0 -144 64 ) 
4 132 136 (-128 -128 64 ) (-128 -144 64 ) (-128 -144 256 ) (-128 -128 256 ) 
4 132 133 (-128 -144 256 ) (-128 -144 64 ) (0 -144 64 ) (0 -144 256 ) 
4 133 142 (0 -1024 64 ) (0 -1024 2528 ) (-128 -1024 2528 ) (-128 -1024 64 ) 
4 133 139 (0 -1024 64 ) (-128 -1024 64 ) (-128 -144 64 ) (0 -144 64 ) 
4 133 136 (-128 -144 64 ) (-128 -1024 64 ) (-128 -1024 256 ) (-128 -144 256 ) 
4 133 134 (-128 -1024 256 ) (-128 -1024 2528 ) (-128 -144 2528 ) (-128 -144 256 ) 
4 134 142 (-1024 -1024 2528 ) (-1024 -1024 256 ) (-128 -1024 256 ) (-128 -1024 2528 ) 
4 134 141 (-1024 0 2528 ) (-1024 0 256 ) (-1024 -1024 256 ) (-1024 -1024 2528 ) 
4 134 136 (-128 -128 256 ) (-128 -1024 256 ) (-144 -1024 256 ) (-144 -128 256 ) 
4 134 135 (-144 0 256 ) (-128 0 256 ) (-128 -128 256 ) (-144 -128 256 ) 
4 134 137 (-1024 0 256 ) (-144 0 256 ) (-144 -1024 256 ) (-1024 -1024 256 ) 
4 135 140 (-144 -128 64 ) (-144 0 64 ) (-128 0 64 ) (-128 -128 64 ) 
4 135 137 (-144 0 64 ) (-144 -128 64 ) (-144 -128 256 ) (-144 0 256 ) 
4 135 136 (-144 -128 256 ) (-144 -128 64 ) (-128 -128 64 ) (-128 -128 256 ) 
4 136 142 (-144 -1024 64 ) (-128 -1024 64 ) (-128 -1024 256 ) (-144 -1024 256 ) 
4 136 140 (-128 -1024 64 ) (-144 -1024 64 ) (-144 -128 64 ) (-128 -128 64 ) 
4 136 137 (-144 -128 64 ) (-144 -1024 64 ) (-144 -1024 256 ) (-144 -128 256 ) 
4 137 142 (-1024 -1024 256 ) (-1024 -1024 64 ) (-144 -1024 64 ) (-144 -1024 256 ) 
4 137 141 (-1024 0 256 ) (-1024 0 64 ) (-1024 -1024 64 ) (-1024 -1024 256 ) 
4 137 140 (-144 -1024 64 ) (-1024 -1024 64 ) (-1024 0 64 ) (-144 0 64 ) 
4 138 139 (-128 -128 0 ) (-128 -128 -2528 ) (0 -128 -2528 ) (0 -128 0 ) 
4 138 140 (-128 0 -2528 ) (-128 -128 -2528 ) (-128 -128 0 ) (-128 0 0 ) 
4 139 142 (0 -1024 -2528 ) (0 -1024 64 ) (-128 -1024 64 ) (-128 -1024 -2528 ) 
4 139 140 (-128 -128 -2528 ) (-128 -1024 -2528 ) (-128 -1024 64 ) (-128 -128 64 ) 
4 140 142 (-128 -1024 64 ) (-1024 -1024 64 ) (-1024 -1024 -2528 ) (-128 -1024 -2528 ) 
4 140 141 (-1024 0 64 ) (-1024 0 -2528 ) (-1024 -1024 -2528 ) (-1024 -1024 64 ) 
4 141 144 (-2048 0 2528 ) (-2048 0 -2528 ) (-2048 -1024 -2528 ) (-2048 -1024 2528 ) 
4 141 143 (-1024 -1024 -2528 ) (-1024 -1024 2528 ) (-2048 -1024 2528 ) (-2048 -1024 -2528 ) 
4 142 146 (0 -2048 -2528 ) (0 -2048 2528 ) (-1024 -2048 2528 ) (-1024 -2048 -2528 ) 
4 142 143 (-1024 -1024 2528 ) (-1024 -1024 -2528 ) (-1024 -2048 -2528 ) (-1024 -2048 2528 ) 
4 143 147 (-1024 -2048 -2528 ) (-1024 -2048 2528 ) (-2048 -2048 2528 ) (-2048 -2048 -2528 ) 
4 143 145 (-2048 -2048 -2528 ) (-2048 -2048 2528 ) (-2048 -1024 2528 ) (-2048 -1024 -2528 ) 
4 144 145 (-2048 -1024 -2528 ) (-2048 -1024 2528 ) (-2528 -1024 2528 ) (-2528 -1024 -2528 ) 
4 145 148 (-2048 -2048 -2528 ) (-2048 -2048 2528 ) (-2528 -2048 2528 ) (-2528 -2048 -2528 ) 
4 146 147 (-1024 -2048 2528 ) (-1024 -2048 -2528 ) (-1024 -2528 -2528 ) (-1024 -2528 2528 ) 
4 147 148 (-2048 -2048 2528 ) (-2048 -2048 -2528 ) (-2048 -2528 -2528 ) (-2048 -2528 2528 ) 
