PRT1
45
109
4 0 7 (0 128 256 ) (0 480 256 ) (0 480 -32 ) (0 128 -32 ) 
4 0 1 (176 128 -32 ) (176 128 256 ) (0 128 256 ) (0 128 -32 ) 
4 1 11 (0 0 -64 ) (0 0 256 ) (0 128 256 ) (0 128 -64 ) 
4 1 6 (176 0 -64 ) (176 0 256 ) (0 0 256 ) (0 0 -64 ) 
4 1 5 (0 0 -64 ) (0 128 -64 ) (176 128 -64 ) (176 0 -64 ) 
4 2 3 (48 480 -256 ) (48 160 -256 ) (48 160 -64 ) (48 480 -64 ) 
4 3 8 (0 160 -64 ) (0 480 -64 ) (0 480 -256 ) (0 160 -256 ) 
4 3 4 (0 160 -256 ) (48 160 -256 ) (48 160 -160 ) (0 160 -160 ) 
4 4 9 (0 160 -160 ) (0 160 -256 ) (0 128 -256 ) (0 128 -160 ) 
4 4 5 (0 128 -256 ) (48 128 -256 ) (48 128 -160 ) (0 128 -160 ) 
4 5 14 (0 0 -256 ) (0 0 -192 ) (0 128 -192 ) (0 128 -256 ) 
4 5 11 (0 0 -192 ) (0 0 -64 ) (0 128 -64 ) (0 128 -192 ) 
4 5 6 (176 0 -256 ) (176 0 -64 ) (0 0 -64 ) (0 0 -256 ) 
4 6 42 (0 -480 -256 ) (0 -480 -128 ) (0 0 -128 ) (0 0 -256 ) 
4 6 40 (0 -480 -128 ) (0 -480 32 ) (0 0 32 ) (0 0 -128 ) 
4 6 39 (0 -480 32 ) (0 -480 256 ) (0 0 256 ) (0 0 32 ) 
3 7 17 (-240 480 35.408936 ) (-240 480 -32 ) (-240 317.256653 -32 ) 
5 7 16 (-240 363.167358 256 ) (-240 480 256 ) (-240 480 35.408936 ) (-240 317.256653 -32 ) (-240 243.881027 -32 ) 
4 7 15 (-240 128 -32 ) (-240 128 256 ) (-240 363.167358 256 ) (-240 243.881027 -32 ) 
4 7 12 (-240 128 256 ) (-240 128 -32 ) (-208 128 -32 ) (-208 128 256 ) 
4 7 11 (-208 128 -32 ) (0 128 -32 ) (0 128 256 ) (-208 128 256 ) 
4 8 10 (-16 480 -256 ) (-16 160 -256 ) (-16 160 -64 ) (-16 480 -64 ) 
4 8 9 (-16 160 -160 ) (-16 160 -256 ) (0 160 -256 ) (0 160 -160 ) 
4 9 14 (-16 128 -256 ) (0 128 -256 ) (0 128 -192 ) (-16 128 -192 ) 
4 9 11 (0 128 -192 ) (0 128 -160 ) (-16 128 -160 ) (-16 128 -192 ) 
4 11 42 (0 0 -192 ) (0 0 -128 ) (-208 0 -128 ) (-208 0 -192 ) 
4 11 40 (0 0 -128 ) (0 0 32 ) (-208 0 32 ) (-208 0 -128 ) 
4 11 39 (0 0 32 ) (0 0 256 ) (-208 0 256 ) (-208 0 32 ) 
4 11 14 (-176 128 -192 ) (0 128 -192 ) (0 0 -192 ) (-176 0 -192 ) 
4 11 12 (-208 64 -160 ) (-208 64 256 ) (-208 128 256 ) (-208 128 -160 ) 
4 11 13 (-208 64 -192 ) (-208 0 -192 ) (-208 0 256 ) (-208 64 256 ) 
4 12 15 (-240 64 256 ) (-240 128 256 ) (-240 128 -128 ) (-240 64 -128 ) 
4 12 13 (-208 64 -160 ) (-208 64 256 ) (-240 64 256 ) (-240 64 -160 ) 
4 13 42 (-240 0 -128 ) (-240 0 -192 ) (-208 0 -192 ) (-208 0 -128 ) 
4 13 40 (-240 0 32 ) (-240 0 -128 ) (-208 0 -128 ) (-208 0 32 ) 
4 13 39 (-208 0 256 ) (-240 0 256 ) (-240 0 32 ) (-208 0 32 ) 
4 13 15 (-240 0 -128 ) (-240 0 256 ) (-240 64 256 ) (-240 64 -128 ) 
4 14 42 (0 0 -256 ) (0 0 -192 ) (-176 0 -192 ) (-176 0 -256 ) 
4 15 40 (-240 0 -128 ) (-240 0 32 ) (-336 0 32 ) (-336 0 -128 ) 
4 15 39 (-240 0 32 ) (-240 0 256 ) (-336 0 256 ) (-336 0 32 ) 
4 15 33 (-336 192 0 ) (-336 192 32 ) (-336 270.389099 32 ) (-336 257.135071 0 ) 
5 15 29 (-336 192 32 ) (-336 192 192 ) (-336 320 192 ) (-336 320 151.778473 ) (-336 270.389099 32 ) 
3 15 24 (-336 320 192 ) (-336 336.659302 192 ) (-336 320 151.778473 ) 
4 15 35 (-336 192 -128 ) (-336 0 -128 ) (-336 0 192 ) (-336 192 192 ) 
4 15 23 (-336 0 192 ) (-336 0 256 ) (-336 363.167358 256 ) (-336 336.659302 192 ) 
4 15 22 (-336 220.686417 -88 ) (-336 224 -80 ) (-240 224 -80 ) (-240 220.686417 -88 ) 
4 15 21 (-336 212.687378 -107.312988 ) (-336 220.686417 -88 ) (-240 220.686417 -88 ) (-240 212.687378 -107.312988 ) 
4 15 20 (-240 204.119141 -128 ) (-336 204.119141 -128 ) (-336 212.687378 -107.312988 ) (-240 212.687378 -107.312988 ) 
4 15 16 (-336 228.685944 -68.686325 ) (-336 363.166016 256 ) (-240 363.166016 256 ) (-240 228.685944 -68.686340 ) 
4 16 33 (-336 257.135071 0 ) (-336 270.389130 32 ) (-336 320 32 ) (-336 320 0 ) 
3 16 29 (-336 270.389130 32 ) (-336 320 151.778473 ) (-336 320 32 ) 
5 16 24 (-336 480 192 ) (-336 480 35.408951 ) (-336 320 -30.863686 ) (-336 320 151.778473 ) (-336 336.659302 192 ) 
4 16 23 (-336 480 256 ) (-336 480 192 ) (-336 336.659302 192 ) (-336 363.167358 256 ) 
4 16 17 (-336 239.997879 -64 ) (-336 480 35.410675 ) (-240 480 35.410675 ) (-240 239.997879 -64 ) 
5 17 24 (-336 480 35.408951 ) (-336 480 -128 ) (-336 394.513245 -128 ) (-336 320 -97.136322 ) (-336 320 -30.863682 ) 
4 17 18 (-336 251.313187 -68.684349 ) (-336 394.517151 -128 ) (-240 394.517151 -128 ) (-240 251.313187 -68.684349 ) 
3 18 24 (-336 394.513245 -128 ) (-336 320 -128 ) (-336 320 -97.136322 ) 
4 18 19 (-336 256 -80 ) (-336 275.880859 -128 ) (-240 275.880859 -128 ) (-240 256 -80 ) 
4 19 20 (-336 251.313599 -91.313843 ) (-336 236.118622 -128 ) (-240 236.118622 -128 ) (-240 251.313599 -91.313843 ) 
4 20 21 (-336 240 -96 ) (-336 212.687424 -107.312653 ) (-240 212.687424 -107.312653 ) (-240 240 -96 ) 
4 21 22 (-336 228.685898 -91.313454 ) (-336 220.686523 -88 ) (-240 220.686523 -88 ) (-240 228.685898 -91.313454 ) 
4 23 39 (-688 0 256 ) (-688 0 192 ) (-336 0 192 ) (-336 0 256 ) 
3 23 32 (-473.372955 278.627014 192 ) (-457.372559 272 192 ) (-464 256 192 ) 
3 23 31 (-496 288 192 ) (-441.370178 310.629791 192 ) (-457.372559 272 192 ) 
3 23 30 (-480 217.372589 192 ) (-496 224 192 ) (-473.372986 233.373016 192 ) 
6 23 29 (-418.749847 320 192 ) (-336 320 192 ) (-336 192 192 ) (-418.749969 192 192 ) (-480 217.372589 192 ) (-441.370178 310.629791 192 ) 
3 23 28 (-501.488708 320 192 ) (-418.749847 320 192 ) (-518.627014 278.627014 192 ) 
3 23 27 (-554.511353 320 192 ) (-501.488708 320 192 ) (-528 256 192 ) 
4 23 26 (-688 303.533966 192 ) (-688 320 192 ) (-554.511353 320 192 ) (-518.627014 233.373016 192 ) 
3 23 25 (-688 192 192 ) (-688 303.533966 192 ) (-418.749969 192 192 ) 
4 23 24 (-688 320 192 ) (-688 480 192 ) (-336 480 192 ) (-336 320 192 ) 
4 23 35 (-688 0 192 ) (-688 192 192 ) (-336 192 192 ) (-336 0 192 ) 
3 24 33 (-336 320 0 ) (-336 320 32 ) (-400 320 32 ) 
4 24 34 (-592 320 32 ) (-688 320 32 ) (-688 320 -128 ) (-592 320 -128 ) 
4 24 29 (-336 320 32 ) (-336 320 192 ) (-418.749847 320 192 ) (-418.749847 320 32 ) 
4 24 28 (-418.749847 320 192 ) (-501.488708 320 192 ) (-501.488708 320 32 ) (-418.749847 320 32 ) 
4 24 27 (-501.488708 320 192 ) (-554.511292 320 192 ) (-554.511353 320 32 ) (-501.488708 320 32 ) 
4 24 26 (-554.511292 320 192 ) (-688 320 192 ) (-688 320 32 ) (-554.511353 320 32 ) 
4 25 34 (-592 192 32 ) (-688 192 32 ) (-688 303.533966 32 ) (-592 263.766998 32 ) 
4 25 30 (-480 217.372574 32 ) (-496 224 32 ) (-496 224 192 ) (-480 217.372589 192 ) 
4 25 29 (-418.750000 192 192 ) (-418.750000 192 32 ) (-480 217.372574 32 ) (-480 217.372589 192 ) 
4 25 26 (-518.627014 233.373001 32 ) (-688 303.533997 32 ) (-688 303.533997 192 ) (-518.627014 233.373016 192 ) 
4 25 35 (-418.749969 192 192 ) (-688 192 192 ) (-688 192 32 ) (-418.749969 192 32 ) 
4 26 34 (-592 263.766998 32 ) (-688 303.533966 32 ) (-688 320 32 ) (-592 320 32 ) 
4 26 27 (-528 256 32 ) (-554.511230 320 32 ) (-554.511230 320 192 ) (-528 256 192 ) 
4 27 28 (-518.628174 278.626556 32 ) (-501.489685 320 32 ) (-501.489685 320 192 ) (-518.628174 278.626526 192 ) 
4 28 31 (-496.001099 288 32 ) (-441.369751 310.630859 32 ) (-441.369751 310.630859 192 ) (-496.001099 288 192 ) 
4 28 29 (-441.369751 310.630859 32 ) (-418.752014 320 32 ) (-418.752014 320 192 ) (-441.369751 310.630859 192 ) 
4 29 33 (-336 192 32 ) (-400 192 32 ) (-400 320 32 ) (-336 320 32 ) 
4 29 32 (-457.372070 271.998810 32 ) (-464 256 32 ) (-464 256 192 ) (-457.372070 271.998810 192 ) 
4 29 31 (-441.370117 310.628906 192 ) (-441.370117 310.628906 32 ) (-457.372070 271.998810 32 ) (-457.372070 271.998810 192 ) 
4 29 30 (-473.372131 233.373337 32 ) (-480 217.372314 32 ) (-480 217.372314 192 ) (-473.372131 233.373337 192 ) 
4 29 35 (-336 192 32 ) (-336 192 192 ) (-418.749969 192 192 ) (-418.749969 192 32 ) 
4 31 32 (-473.373352 278.627930 32 ) (-457.371826 272 32 ) (-457.371826 272 192 ) (-473.373352 278.627930 192 ) 
3 33 35 (-336 192 0 ) (-336 192 32 ) (-400 192 32 ) 
4 34 35 (-592 192 32 ) (-688 192 32 ) (-688 192 -128 ) (-592 192 -128 ) 
4 35 40 (-688 0 32 ) (-688 0 -128 ) (-336 0 -128 ) (-336 0 32 ) 
4 35 39 (-688 0 192 ) (-688 0 32 ) (-336 0 32 ) (-336 0 192 ) 
4 35 36 (-688 128 -128 ) (-688 0 -128 ) (-688 0 32 ) (-688 128 32 ) 
4 36 41 (-1024 0 32 ) (-1024 0 -128 ) (-688 0 -128 ) (-688 0 32 ) 
4 36 37 (-1024 0 -128 ) (-1024 0 32 ) (-1024 128 32 ) (-1024 128 -128 ) 
4 37 43 (-1024 0 -128 ) (-1024 0 32 ) (-1200 0 32 ) (-1200 0 -128 ) 
4 37 38 (-1200 128 -128 ) (-1200 0 -128 ) (-1200 0 32 ) (-1200 128 32 ) 
4 38 44 (-1200 0 32 ) (-1648 0 32 ) (-1648 0 -128 ) (-1200 0 -128 ) 
4 39 40 (-688 0 32 ) (0 0 32 ) (0 -480 32 ) (-688 -480 32 ) 
4 40 42 (-240 0 -128 ) (0 0 -128 ) (0 -480 -128 ) (-240 -480 -128 ) 
4 40 41 (-688 0 -128 ) (-688 -96 -128 ) (-688 -96 32 ) (-688 0 32 ) 
4 41 43 (-1024 0 32 ) (-1024 0 -128 ) (-1024 -96 -128 ) (-1024 -96 32 ) 
4 43 44 (-1200 0 -128 ) (-1200 -96 -128 ) (-1200 -96 32 ) (-1200 0 32 ) 
