PRT1
8
19
4 0 1 (0 32 32 ) (0 480 32 ) (0 480 -480 ) (0 32 -480 ) 
4 1 4 (-624 160 -400 ) (-624 160 -208 ) (-624 352 -208 ) (-624 352 -400 ) 
4 1 3 (-624 160 -208 ) (-624 160 32 ) (-624 352 32 ) (-624 352 -208 ) 
4 1 5 (-624 352 -480 ) (-624 160 -480 ) (-624 160 -400 ) (-624 352 -400 ) 
4 1 2 (-624 480 32 ) (-624 480 -480 ) (-624 352 -480 ) (-624 352 32 ) 
4 1 6 (-624 160 -480 ) (-624 32 -480 ) (-624 32 32 ) (-624 160 32 ) 
4 2 4 (-640 352 -208 ) (-640 352 -400 ) (-624 352 -400 ) (-624 352 -208 ) 
4 2 3 (-640 352 32 ) (-640 352 -208 ) (-624 352 -208 ) (-624 352 32 ) 
4 2 5 (-640 352 -400 ) (-640 352 -480 ) (-624 352 -480 ) (-624 352 -400 ) 
4 2 7 (-640 480 32 ) (-640 480 -480 ) (-640 352 -480 ) (-640 352 32 ) 
4 3 6 (-640 160 32 ) (-640 160 -208 ) (-624 160 -208 ) (-624 160 32 ) 
4 3 7 (-640 160 -208 ) (-640 160 32 ) (-640 352 32 ) (-640 352 -208 ) 
4 3 4 (-624 160 -208 ) (-640 160 -208 ) (-640 352 -208 ) (-624 352 -208 ) 
4 4 5 (-624 160 -400 ) (-640 160 -400 ) (-640 352 -400 ) (-624 352 -400 ) 
4 4 6 (-640 160 -208 ) (-640 160 -400 ) (-624 160 -400 ) (-624 160 -208 ) 
4 4 7 (-640 160 -400 ) (-640 160 -208 ) (-640 352 -208 ) (-640 352 -400 ) 
4 5 7 (-640 352 -480 ) (-640 160 -480 ) (-640 160 -400 ) (-640 352 -400 ) 
4 5 6 (-640 160 -400 ) (-640 160 -480 ) (-624 160 -480 ) (-624 160 -400 ) 
4 6 7 (-640 160 -480 ) (-640 32 -480 ) (-640 32 32 ) (-640 160 32 ) 
