


materialPath: C:\Program Files (x86)\Steam\steamapps\sourcemods\GigaBuilder\materials
Loading c:\program files (x86)\steam\steamapps\sourcemods\gigabuilder\maps\tstwrld.vmf
Map revision 2
Could not locate GameData file 
fixing up env_cubemap materials on brush sides...
0...1...2...3...4...5...6...7...8...9...100...1...2...3...4...5...6...7...8...9...10Processing areas...done (0)
Building Faces...done (0)
FixTjuncs...
PruneNodes...
WriteBSP...
done (0)
writing c:\program files (x86)\steam\steamapps\sourcemods\gigabuilder\maps\tstwrld.prt...Building visibility clusters...
done (0)
Finding displacement neighbors...
Finding lightmap sample positions...
Displacement Alpha : 0...1...2...3...4...5...6...7...8...9...10
Building Physics collision data...
done (0) (4046 bytes)
Placing detail props : 0...1...2...3...4...5...6...7...8...9...10
Compacting texture/material tables...
Reduced 12 texinfos to 9
Reduced 4 texdatas to 4 (96 bytes to 96)
Writing c:\program files (x86)\steam\steamapps\sourcemods\gigabuilder\maps\tstwrld.bsp
0 seconds elapsed



6 threads
reading c:\program files (x86)\steam\steamapps\sourcemods\gigabuilder\maps\tstwrld.bsp
reading c:\program files (x86)\steam\steamapps\sourcemods\gigabuilder\maps\tstwrld.prt
   8 portalclusters
  19 numportals
0...1...2...3...4...5...6...7...8...9...100...1...2...3...4...5...6...7...8...9...10Optimized: 0 visible clusters (0.00%)
Total clusters visible: 64
Average clusters visible: 8
Building PAS...
Average clusters audible: 8
visdatasize:84  compressed from 128
writing c:\program files (x86)\steam\steamapps\sourcemods\gigabuilder\maps\tstwrld.bsp
0 seconds elapsed



[Reading texlights from 'lights.rad']
[48 texlights parsed from 'lights.rad']

Loading c:\program files (x86)\steam\steamapps\sourcemods\gigabuilder\maps\tstwrld.bsp
22 faces
14023 square feet [2019328.00 square inches]
0 Displacements
0 Square Feet [0.00 Square Inches]
22 patches before subdivision
414 patches after subdivision
1 direct lights
0...1...2...3...4...5...6...7...8...9...100...1...2...3...4...5...6...7...8...9...10transfers 27708, max 150
transfer lists:   0.2 megs
0...1...2...3...4...5...6...7...8...9...10	Bounce #1 added RGB(1, 1, 1)
Build Patch/Sample Hash Table(s).....Done<0.0001 sec>
0...1...2...3...4...5...6...7...8...9...10FinalLightFace Done
0 of 0 (0% of) surface lights went in leaf ambient cubes.
0...1...2...3...4...5...6...7...8...9...10Writing leaf ambient...done
Ready to Finish

Object names       Objects/Maxobjs  Memory / Maxmem  Fullness 
------------       ---------------  ---------------  -------- 
models                   1/4096           48/196608   ( 0.0%) 
brushes                 11/32768         132/393216   ( 0.0%) 
brushsides              66/65536         528/524288   ( 0.1%) 
planes                  50/65536        1000/1310720  ( 0.1%) 
vertexes                47/65536         564/786432   ( 0.1%) 
nodes                   23/65536         736/2097152  ( 0.0%) 
texinfos                 9/12288         648/884736   ( 0.1%) 
texdata                  4/2048          128/65536    ( 0.2%) 
dispinfos                0/0               0/0        ( 0.0%) 
disp_verts               0/0               0/0        ( 0.0%) 
disp_tris                0/0               0/0        ( 0.0%) 
disp_lmsamples           0/0               0/0        ( 0.0%) 
faces                   22/65536        1232/3670016  ( 0.0%) 
hdr faces               22/65536        1232/3670016  ( 0.0%) 
origfaces               16/65536         896/3670016  ( 0.0%) 
leaves                  25/65536         800/2097152  ( 0.0%) 
leaffaces               38/65536          76/131072   ( 0.1%) 
leafbrushes             21/65536          42/131072   ( 0.0%) 
areas                    2/1024           16/8192     ( 0.2%) 
surfedges              152/512000        608/2048000  ( 0.0%) 
edges                   93/256000        372/1024000  ( 0.0%) 
LDR worldlights          0/16384           0/1441792  ( 0.0%) 
HDR worldlights          1/16384          88/1441792  ( 0.0%) 
leafwaterdata            0/32768           0/393216   ( 0.0%) 
waterstrips              0/131072          0/1310720  ( 0.0%) 
waterverts               0/131072          0/1572864  ( 0.0%) 
waterindices             0/131072          0/262144   ( 0.0%) 
cubemapsamples           0/1024            0/16384    ( 0.0%) 
overlays                 0/1024            0/360448   ( 0.0%) 
LDR lightdata         [variable]           0/0        ( 0.0%) 
HDR lightdata         [variable]        9728/0        ( 0.0%) 
visdata               [variable]          84/16777216 ( 0.0%) 
entdata               [variable]        1054/393216   ( 0.3%) 
LDR ambient table       25/65536         100/262144   ( 0.0%) 
HDR ambient table       25/65536         100/262144   ( 0.0%) 
LDR leaf ambient        25/65536         700/1835008  ( 0.0%) 
HDR leaf ambient        11/65536         308/1835008  ( 0.0%) 
occluders                0/0               0/0        ( 0.0%) 
occluder polygons        0/0               0/0        ( 0.0%) 
occluder vert ind        0/0               0/0        ( 0.0%) 
detail props          [variable]           1/12       ( 8.3%) 
static props          [variable]           1/12       ( 8.3%) 
pakfile               [variable]       86738/0        ( 0.0%) 
physics               [variable]        4046/4194304  ( 0.1%) 
physics terrain       [variable]           2/1048576  ( 0.0%) 

Level flags = 2

Total triangle count: 44
Writing c:\program files (x86)\steam\steamapps\sourcemods\gigabuilder\maps\tstwrld.bsp
0 seconds elapsed



materialPath: C:\Program Files (x86)\Steam\steamapps\sourcemods\GigaBuilder\materials
Loading c:\program files (x86)\steam\steamapps\sourcemods\gigabuilder\maps\tstwrld.vmf
Map revision 3
Could not locate GameData file 
fixing up env_cubemap materials on brush sides...
0...1...2...3...4...5...6...7...8...9...100...1...2...3...4...5...6...7...8...9...10Processing areas...done (0)
Building Faces...done (0)
FixTjuncs...
PruneNodes...
WriteBSP...
done (0)
writing c:\program files (x86)\steam\steamapps\sourcemods\gigabuilder\maps\tstwrld.prt...Building visibility clusters...
done (0)
Finding displacement neighbors...
Finding lightmap sample positions...
Displacement Alpha : 0...1...2...3...4...5...6...7...8...9...10
Building Physics collision data...
done (0) (4046 bytes)
Placing detail props : 0...1...2...3...4...5...6...7...8...9...10
Compacting texture/material tables...
Reduced 12 texinfos to 9
Reduced 4 texdatas to 4 (96 bytes to 96)
Writing c:\program files (x86)\steam\steamapps\sourcemods\gigabuilder\maps\tstwrld.bsp
0 seconds elapsed



6 threads
reading c:\program files (x86)\steam\steamapps\sourcemods\gigabuilder\maps\tstwrld.bsp
reading c:\program files (x86)\steam\steamapps\sourcemods\gigabuilder\maps\tstwrld.prt
   8 portalclusters
  19 numportals
0...1...2...3...4...5...6...7...8...9...100...1...2...3...4...5...6...7...8...9...10Optimized: 0 visible clusters (0.00%)
Total clusters visible: 64
Average clusters visible: 8
Building PAS...
Average clusters audible: 8
visdatasize:84  compressed from 128
writing c:\program files (x86)\steam\steamapps\sourcemods\gigabuilder\maps\tstwrld.bsp
0 seconds elapsed



[Reading texlights from 'lights.rad']
[48 texlights parsed from 'lights.rad']

Loading c:\program files (x86)\steam\steamapps\sourcemods\gigabuilder\maps\tstwrld.bsp
22 faces
14023 square feet [2019328.00 square inches]
0 Displacements
0 Square Feet [0.00 Square Inches]
22 patches before subdivision
414 patches after subdivision
2 direct lights
0...1...2...3...4...5...6...7...8...9...100...1...2...3...4...5...6...7...8...9...10transfers 27708, max 150
transfer lists:   0.2 megs
0...1...2...3...4...5...6...7...8...9...10	Bounce #1 added RGB(179, 79, 39)
0...1...2...3...4...5...6...7...8...9...10	Bounce #2 added RGB(57, 11, 3)
0...1...2...3...4...5...6...7...8...9...10	Bounce #3 added RGB(21, 2, 0)
0...1...2...3...4...5...6...7...8...9...10	Bounce #4 added RGB(8, 0, 0)
0...1...2...3...4...5...6...7...8...9...10	Bounce #5 added RGB(3, 0, 0)
0...1...2...3...4...5...6...7...8...9...10	Bounce #6 added RGB(1, 0, 0)
0...1...2...3...4...5...6...7...8...9...10	Bounce #7 added RGB(0, 0, 0)
Build Patch/Sample Hash Table(s).....Done<0.0001 sec>
0...1...2...3...4...5...6...7...8...9...10FinalLightFace Done
0 of 0 (0% of) surface lights went in leaf ambient cubes.
0...1...2...3...4...5...6...7...8...9...10Writing leaf ambient...done
Ready to Finish

Object names       Objects/Maxobjs  Memory / Maxmem  Fullness 
------------       ---------------  ---------------  -------- 
models                   1/4096           48/196608   ( 0.0%) 
brushes                 11/32768         132/393216   ( 0.0%) 
brushsides              66/65536         528/524288   ( 0.1%) 
planes                  50/65536        1000/1310720  ( 0.1%) 
vertexes                47/65536         564/786432   ( 0.1%) 
nodes                   23/65536         736/2097152  ( 0.0%) 
texinfos                 9/12288         648/884736   ( 0.1%) 
texdata                  4/2048          128/65536    ( 0.2%) 
dispinfos                0/0               0/0        ( 0.0%) 
disp_verts               0/0               0/0        ( 0.0%) 
disp_tris                0/0               0/0        ( 0.0%) 
disp_lmsamples           0/0               0/0        ( 0.0%) 
faces                   22/65536        1232/3670016  ( 0.0%) 
hdr faces               22/65536        1232/3670016  ( 0.0%) 
origfaces               16/65536         896/3670016  ( 0.0%) 
leaves                  25/65536         800/2097152  ( 0.0%) 
leaffaces               38/65536          76/131072   ( 0.1%) 
leafbrushes             21/65536          42/131072   ( 0.0%) 
areas                    2/1024           16/8192     ( 0.2%) 
surfedges              152/512000        608/2048000  ( 0.0%) 
edges                   93/256000        372/1024000  ( 0.0%) 
LDR worldlights          0/16384           0/1441792  ( 0.0%) 
HDR worldlights          2/16384         176/1441792  ( 0.0%) 
leafwaterdata            0/32768           0/393216   ( 0.0%) 
waterstrips              0/131072          0/1310720  ( 0.0%) 
waterverts               0/131072          0/1572864  ( 0.0%) 
waterindices             0/131072          0/262144   ( 0.0%) 
cubemapsamples           0/1024            0/16384    ( 0.0%) 
overlays                 0/1024            0/360448   ( 0.0%) 
LDR lightdata         [variable]           0/0        ( 0.0%) 
HDR lightdata         [variable]        9728/0        ( 0.0%) 
visdata               [variable]          84/16777216 ( 0.0%) 
entdata               [variable]        1783/393216   ( 0.5%) 
LDR ambient table       25/65536         100/262144   ( 0.0%) 
HDR ambient table       25/65536         100/262144   ( 0.0%) 
LDR leaf ambient        25/65536         700/1835008  ( 0.0%) 
HDR leaf ambient        38/65536        1064/1835008  ( 0.1%) 
occluders                0/0               0/0        ( 0.0%) 
occluder polygons        0/0               0/0        ( 0.0%) 
occluder vert ind        0/0               0/0        ( 0.0%) 
detail props          [variable]           1/12       ( 8.3%) 
static props          [variable]           1/12       ( 8.3%) 
pakfile               [variable]       86738/0        ( 0.0%) 
physics               [variable]        4046/4194304  ( 0.1%) 
physics terrain       [variable]           2/1048576  ( 0.0%) 

Level flags = 2

Total triangle count: 44
Writing c:\program files (x86)\steam\steamapps\sourcemods\gigabuilder\maps\tstwrld.bsp
0 seconds elapsed



materialPath: C:\Program Files (x86)\Steam\steamapps\sourcemods\GigaBuilder\materials
Loading c:\program files (x86)\steam\steamapps\sourcemods\gigabuilder\maps\tstwrld.vmf
Map revision 3
Could not locate GameData file 
fixing up env_cubemap materials on brush sides...
0...1...2...3...4...5...6...7...8...9...100...1...2...3...4...5...6...7...8...9...10Processing areas...done (0)
Building Faces...done (0)
FixTjuncs...
PruneNodes...
WriteBSP...
done (0)
writing c:\program files (x86)\steam\steamapps\sourcemods\gigabuilder\maps\tstwrld.prt...Building visibility clusters...
done (0)
Finding displacement neighbors...
Finding lightmap sample positions...
Displacement Alpha : 0...1...2...3...4...5...6...7...8...9...10
Building Physics collision data...
done (0) (4046 bytes)
Placing detail props : 0...1...2...3...4...5...6...7...8...9...10
Compacting texture/material tables...
Reduced 12 texinfos to 9
Reduced 4 texdatas to 4 (96 bytes to 96)
Writing c:\program files (x86)\steam\steamapps\sourcemods\gigabuilder\maps\tstwrld.bsp
0 seconds elapsed



6 threads
reading c:\program files (x86)\steam\steamapps\sourcemods\gigabuilder\maps\tstwrld.bsp
reading c:\program files (x86)\steam\steamapps\sourcemods\gigabuilder\maps\tstwrld.prt
   8 portalclusters
  19 numportals
0...1...2...3...4...5...6...7...8...9...100...1...2...3...4...5...6...7...8...9...10Optimized: 0 visible clusters (0.00%)
Total clusters visible: 64
Average clusters visible: 8
Building PAS...
Average clusters audible: 8
visdatasize:84  compressed from 128
writing c:\program files (x86)\steam\steamapps\sourcemods\gigabuilder\maps\tstwrld.bsp
0 seconds elapsed



materialPath: C:\Program Files (x86)\Steam\steamapps\sourcemods\GigaBuilder\materials
Loading c:\program files (x86)\steam\steamapps\sourcemods\gigabuilder\maps\tstwrld.vmf
Map revision 3
Could not locate GameData file 
fixing up env_cubemap materials on brush sides...
0...1...2...3...4...5...6...7...8...9...100...1...2...3...4...5...6...7...8...9...10Processing areas...done (0)
Building Faces...done (0)
FixTjuncs...
PruneNodes...
WriteBSP...
done (0)
writing c:\program files (x86)\steam\steamapps\sourcemods\gigabuilder\maps\tstwrld.prt...Building visibility clusters...
done (0)
Finding displacement neighbors...
Finding lightmap sample positions...
Displacement Alpha : 0...1...2...3...4...5...6...7...8...9...10
Building Physics collision data...
done (0) (4046 bytes)
Placing detail props : 0...1...2...3...4...5...6...7...8...9...10
Compacting texture/material tables...
Reduced 12 texinfos to 9
Reduced 4 texdatas to 4 (96 bytes to 96)
Writing c:\program files (x86)\steam\steamapps\sourcemods\gigabuilder\maps\tstwrld.bsp
0 seconds elapsed



6 threads
reading c:\program files (x86)\steam\steamapps\sourcemods\gigabuilder\maps\tstwrld.bsp
reading c:\program files (x86)\steam\steamapps\sourcemods\gigabuilder\maps\tstwrld.prt
   8 portalclusters
  19 numportals
0...1...2...3...4...5...6...7...8...9...100...1...2...3...4...5...6...7...8...9...10Optimized: 0 visible clusters (0.00%)
Total clusters visible: 64
Average clusters visible: 8
Building PAS...
Average clusters audible: 8
visdatasize:84  compressed from 128
writing c:\program files (x86)\steam\steamapps\sourcemods\gigabuilder\maps\tstwrld.bsp
0 seconds elapsed



materialPath: C:\Program Files (x86)\Steam\steamapps\sourcemods\GigaBuilder\materials
Loading c:\program files (x86)\steam\steamapps\sourcemods\gigabuilder\maps\tstwrld.vmf
Map revision 3
Could not locate GameData file 
fixing up env_cubemap materials on brush sides...
0...1...2...3...4...5...6...7...8...9...100...1...2...3...4...5...6...7...8...9...10Processing areas...done (0)
Building Faces...done (0)
FixTjuncs...
PruneNodes...
WriteBSP...
done (0)
writing c:\program files (x86)\steam\steamapps\sourcemods\gigabuilder\maps\tstwrld.prt...Building visibility clusters...
done (0)
Finding displacement neighbors...
Finding lightmap sample positions...
Displacement Alpha : 0...1...2...3...4...5...6...7...8...9...10
Building Physics collision data...
done (0) (4046 bytes)
Placing detail props : 0...1...2...3...4...5...6...7...8...9...10
Compacting texture/material tables...
Reduced 12 texinfos to 9
Reduced 4 texdatas to 4 (96 bytes to 96)
Writing c:\program files (x86)\steam\steamapps\sourcemods\gigabuilder\maps\tstwrld.bsp
0 seconds elapsed



6 threads
reading c:\program files (x86)\steam\steamapps\sourcemods\gigabuilder\maps\tstwrld.bsp
reading c:\program files (x86)\steam\steamapps\sourcemods\gigabuilder\maps\tstwrld.prt
   8 portalclusters
  19 numportals
0...1...2...3...4...5...6...7...8...9...100...1...2...3...4...5...6...7...8...9...10Optimized: 0 visible clusters (0.00%)
Total clusters visible: 64
Average clusters visible: 8
Building PAS...
Average clusters audible: 8
visdatasize:84  compressed from 128
writing c:\program files (x86)\steam\steamapps\sourcemods\gigabuilder\maps\tstwrld.bsp
0 seconds elapsed



[Reading texlights from 'lights.rad']
[48 texlights parsed from 'lights.rad']

Loading c:\program files (x86)\steam\steamapps\sourcemods\gigabuilder\maps\tstwrld.bsp
22 faces
14023 square feet [2019328.00 square inches]
0 Displacements
0 Square Feet [0.00 Square Inches]
22 patches before subdivision
414 patches after subdivision
2 direct lights
0...1...2...3...4...5...6...7...8...9...100...1...2...3...4...5...6...7...8...9...10transfers 27708, max 150
transfer lists:   0.2 megs
0...1...2...3...4...5...6...7...8...9...10	Bounce #1 added RGB(179, 79, 39)
0...1...2...3...4...5...6...7...8...9...10	Bounce #2 added RGB(57, 11, 3)
0...1...2...3...4...5...6...7...8...9...10	Bounce #3 added RGB(21, 2, 0)
0...1...2...3...4...5...6...7...8...9...10	Bounce #4 added RGB(8, 0, 0)
0...1...2...3...4...5...6...7...8...9...10	Bounce #5 added RGB(3, 0, 0)
0...1...2...3...4...5...6...7...8...9...10	Bounce #6 added RGB(1, 0, 0)
0...1...2...3...4...5...6...7...8...9...10	Bounce #7 added RGB(0, 0, 0)
Build Patch/Sample Hash Table(s).....Done<0.0001 sec>
0...1...2...3...4...5...6...7...8...9...10FinalLightFace Done
0 of 0 (0% of) surface lights went in leaf ambient cubes.
0...1...2...3...4...5...6...7...8...9...10Writing leaf ambient...done
Ready to Finish

Object names       Objects/Maxobjs  Memory / Maxmem  Fullness 
------------       ---------------  ---------------  -------- 
models                   1/4096           48/196608   ( 0.0%) 
brushes                 11/32768         132/393216   ( 0.0%) 
brushsides              66/65536         528/524288   ( 0.1%) 
planes                  50/65536        1000/1310720  ( 0.1%) 
vertexes                47/65536         564/786432   ( 0.1%) 
nodes                   23/65536         736/2097152  ( 0.0%) 
texinfos                 9/12288         648/884736   ( 0.1%) 
texdata                  4/2048          128/65536    ( 0.2%) 
dispinfos                0/0               0/0        ( 0.0%) 
disp_verts               0/0               0/0        ( 0.0%) 
disp_tris                0/0               0/0        ( 0.0%) 
disp_lmsamples           0/0               0/0        ( 0.0%) 
faces                   22/65536        1232/3670016  ( 0.0%) 
hdr faces               22/65536        1232/3670016  ( 0.0%) 
origfaces               16/65536         896/3670016  ( 0.0%) 
leaves                  25/65536         800/2097152  ( 0.0%) 
leaffaces               38/65536          76/131072   ( 0.1%) 
leafbrushes             21/65536          42/131072   ( 0.0%) 
areas                    2/1024           16/8192     ( 0.2%) 
surfedges              152/512000        608/2048000  ( 0.0%) 
edges                   93/256000        372/1024000  ( 0.0%) 
LDR worldlights          0/16384           0/1441792  ( 0.0%) 
HDR worldlights          2/16384         176/1441792  ( 0.0%) 
leafwaterdata            0/32768           0/393216   ( 0.0%) 
waterstrips              0/131072          0/1310720  ( 0.0%) 
waterverts               0/131072          0/1572864  ( 0.0%) 
waterindices             0/131072          0/262144   ( 0.0%) 
cubemapsamples           0/1024            0/16384    ( 0.0%) 
overlays                 0/1024            0/360448   ( 0.0%) 
LDR lightdata         [variable]           0/0        ( 0.0%) 
HDR lightdata         [variable]        9728/0        ( 0.0%) 
visdata               [variable]          84/16777216 ( 0.0%) 
entdata               [variable]        1783/393216   ( 0.5%) 
LDR ambient table       25/65536         100/262144   ( 0.0%) 
HDR ambient table       25/65536         100/262144   ( 0.0%) 
LDR leaf ambient        25/65536         700/1835008  ( 0.0%) 
HDR leaf ambient        38/65536        1064/1835008  ( 0.1%) 
occluders                0/0               0/0        ( 0.0%) 
occluder polygons        0/0               0/0        ( 0.0%) 
occluder vert ind        0/0               0/0        ( 0.0%) 
detail props          [variable]           1/12       ( 8.3%) 
static props          [variable]           1/12       ( 8.3%) 
pakfile               [variable]       86738/0        ( 0.0%) 
physics               [variable]        4046/4194304  ( 0.1%) 
physics terrain       [variable]           2/1048576  ( 0.0%) 

Level flags = 2

Total triangle count: 44
Writing c:\program files (x86)\steam\steamapps\sourcemods\gigabuilder\maps\tstwrld.bsp
0 seconds elapsed



materialPath: C:\Program Files (x86)\Steam\steamapps\sourcemods\GigaBuilder\materials
Loading c:\program files (x86)\steam\steamapps\sourcemods\gigabuilder\maps\tstwrld.vmf
Map revision 3
Could not locate GameData file 
fixing up env_cubemap materials on brush sides...
0...1...2...3...4...5...6...7...8...9...100...1...2...3...4...5...6...7...8...9...10Processing areas...done (0)
Building Faces...done (0)
FixTjuncs...
PruneNodes...
WriteBSP...
done (0)
writing c:\program files (x86)\steam\steamapps\sourcemods\gigabuilder\maps\tstwrld.prt...Building visibility clusters...
done (0)
Finding displacement neighbors...
Finding lightmap sample positions...
Displacement Alpha : 0...1...2...3...4...5...6...7...8...9...10
Building Physics collision data...
done (0) (4046 bytes)
Placing detail props : 0...1...2...3...4...5...6...7...8...9...10
Compacting texture/material tables...
Reduced 12 texinfos to 9
Reduced 4 texdatas to 4 (96 bytes to 96)
Writing c:\program files (x86)\steam\steamapps\sourcemods\gigabuilder\maps\tstwrld.bsp
0 seconds elapsed



6 threads
reading c:\program files (x86)\steam\steamapps\sourcemods\gigabuilder\maps\tstwrld.bsp
reading c:\program files (x86)\steam\steamapps\sourcemods\gigabuilder\maps\tstwrld.prt
   8 portalclusters
  19 numportals
0...1...2...3...4...5...6...7...8...9...100...1...2...3...4...5...6...7...8...9...10Optimized: 0 visible clusters (0.00%)
Total clusters visible: 64
Average clusters visible: 8
Building PAS...
Average clusters audible: 8
visdatasize:84  compressed from 128
writing c:\program files (x86)\steam\steamapps\sourcemods\gigabuilder\maps\tstwrld.bsp
0 seconds elapsed



[Reading texlights from 'lights.rad']
[48 texlights parsed from 'lights.rad']

Loading c:\program files (x86)\steam\steamapps\sourcemods\gigabuilder\maps\tstwrld.bsp
22 faces
14023 square feet [2019328.00 square inches]
0 Displacements
0 Square Feet [0.00 Square Inches]
22 patches before subdivision
414 patches after subdivision
2 direct lights
0...1...2...3...4...5...6...7...8...9...100...1...2...3...4...5...6...7...8...9...10transfers 27708, max 150
transfer lists:   0.2 megs
0...1...2...3...4...5...6...7...8...9...10	Bounce #1 added RGB(166, 75, 39)
0...1...2...3...4...5...6...7...8...9...10	Bounce #2 added RGB(52, 10, 3)
0...1...2...3...4...5...6...7...8...9...10	Bounce #3 added RGB(19, 2, 0)
0...1...2...3...4...5...6...7...8...9...10	Bounce #4 added RGB(7, 0, 0)
0...1...2...3...4...5...6...7...8...9...10	Bounce #5 added RGB(3, 0, 0)
0...1...2...3...4...5...6...7...8...9...10	Bounce #6 added RGB(1, 0, 0)
Build Patch/Sample Hash Table(s).....Done<0.0001 sec>
0...1...2...3...4...5...6...7...8...9...10FinalLightFace Done
0 of 0 (0% of) surface lights went in leaf ambient cubes.
0...1...2...3...4...5...6...7...8...9...10Writing leaf ambient...done
Ready to Finish

Object names       Objects/Maxobjs  Memory / Maxmem  Fullness 
------------       ---------------  ---------------  -------- 
models                   1/4096           48/196608   ( 0.0%) 
brushes                 11/32768         132/393216   ( 0.0%) 
brushsides              66/65536         528/524288   ( 0.1%) 
planes                  50/65536        1000/1310720  ( 0.1%) 
vertexes                47/65536         564/786432   ( 0.1%) 
nodes                   23/65536         736/2097152  ( 0.0%) 
texinfos                 9/12288         648/884736   ( 0.1%) 
texdata                  4/2048          128/65536    ( 0.2%) 
dispinfos                0/0               0/0        ( 0.0%) 
disp_verts               0/0               0/0        ( 0.0%) 
disp_tris                0/0               0/0        ( 0.0%) 
disp_lmsamples           0/0               0/0        ( 0.0%) 
faces                   22/65536        1232/3670016  ( 0.0%) 
hdr faces                0/65536           0/3670016  ( 0.0%) 
origfaces               16/65536         896/3670016  ( 0.0%) 
leaves                  25/65536         800/2097152  ( 0.0%) 
leaffaces               38/65536          76/131072   ( 0.1%) 
leafbrushes             21/65536          42/131072   ( 0.0%) 
areas                    2/1024           16/8192     ( 0.2%) 
surfedges              152/512000        608/2048000  ( 0.0%) 
edges                   93/256000        372/1024000  ( 0.0%) 
LDR worldlights          2/16384         176/1441792  ( 0.0%) 
HDR worldlights          0/16384           0/1441792  ( 0.0%) 
leafwaterdata            0/32768           0/393216   ( 0.0%) 
waterstrips              0/131072          0/1310720  ( 0.0%) 
waterverts               0/131072          0/1572864  ( 0.0%) 
waterindices             0/131072          0/262144   ( 0.0%) 
cubemapsamples           0/1024            0/16384    ( 0.0%) 
overlays                 0/1024            0/360448   ( 0.0%) 
LDR lightdata         [variable]        9728/0        ( 0.0%) 
HDR lightdata         [variable]           0/0        ( 0.0%) 
visdata               [variable]          84/16777216 ( 0.0%) 
entdata               [variable]        1783/393216   ( 0.5%) 
LDR ambient table       25/65536         100/262144   ( 0.0%) 
HDR ambient table       25/65536         100/262144   ( 0.0%) 
LDR leaf ambient        38/65536        1064/1835008  ( 0.1%) 
HDR leaf ambient        25/65536         700/1835008  ( 0.0%) 
occluders                0/0               0/0        ( 0.0%) 
occluder polygons        0/0               0/0        ( 0.0%) 
occluder vert ind        0/0               0/0        ( 0.0%) 
detail props          [variable]           1/12       ( 8.3%) 
static props          [variable]           1/12       ( 8.3%) 
pakfile               [variable]       86738/0        ( 0.0%) 
physics               [variable]        4046/4194304  ( 0.1%) 
physics terrain       [variable]           2/1048576  ( 0.0%) 

Level flags = 1

Total triangle count: 44
Writing c:\program files (x86)\steam\steamapps\sourcemods\gigabuilder\maps\tstwrld.bsp
0 seconds elapsed



[Reading texlights from 'lights.rad']
[48 texlights parsed from 'lights.rad']

Loading c:\program files (x86)\steam\steamapps\sourcemods\gigabuilder\maps\tstwrld.bsp
22 faces
14023 square feet [2019328.00 square inches]
0 Displacements
0 Square Feet [0.00 Square Inches]
22 patches before subdivision
414 patches after subdivision
2 direct lights
0...1...2...3...4...5...6...7...8...9...100...1...2...3...4...5...6...7...8...9...10transfers 27708, max 150
transfer lists:   0.2 megs
0...1...2...3...4...5...6...7...8...9...10	Bounce #1 added RGB(166, 75, 39)
0...1...2...3...4...5...6...7...8...9...10	Bounce #2 added RGB(52, 10, 3)
0...1...2...3...4...5...6...7...8...9...10	Bounce #3 added RGB(19, 2, 0)
0...1...2...3...4...5...6...7...8...9...10	Bounce #4 added RGB(7, 0, 0)
0...1...2...3...4...5...6...7...8...9...10	Bounce #5 added RGB(3, 0, 0)
0...1...2...3...4...5...6...7...8...9...10	Bounce #6 added RGB(1, 0, 0)
Build Patch/Sample Hash Table(s).....Done<0.0001 sec>
0...1...2...3...4...5...6...7...8...9...10FinalLightFace Done
0 of 0 (0% of) surface lights went in leaf ambient cubes.
0...1...2...3...4...5...6...7...8...9...10Writing leaf ambient...done
Ready to Finish

Object names       Objects/Maxobjs  Memory / Maxmem  Fullness 
------------       ---------------  ---------------  -------- 
models                   1/4096           48/196608   ( 0.0%) 
brushes                 11/32768         132/393216   ( 0.0%) 
brushsides              66/65536         528/524288   ( 0.1%) 
planes                  50/65536        1000/1310720  ( 0.1%) 
vertexes                47/65536         564/786432   ( 0.1%) 
nodes                   23/65536         736/2097152  ( 0.0%) 
texinfos                 9/12288         648/884736   ( 0.1%) 
texdata                  4/2048          128/65536    ( 0.2%) 
dispinfos                0/0               0/0        ( 0.0%) 
disp_verts               0/0               0/0        ( 0.0%) 
disp_tris                0/0               0/0        ( 0.0%) 
disp_lmsamples           0/0               0/0        ( 0.0%) 
faces                   22/65536        1232/3670016  ( 0.0%) 
hdr faces               22/65536        1232/3670016  ( 0.0%) 
origfaces               16/65536         896/3670016  ( 0.0%) 
leaves                  25/65536         800/2097152  ( 0.0%) 
leaffaces               38/65536          76/131072   ( 0.1%) 
leafbrushes             21/65536          42/131072   ( 0.0%) 
areas                    2/1024           16/8192     ( 0.2%) 
surfedges              152/512000        608/2048000  ( 0.0%) 
edges                   93/256000        372/1024000  ( 0.0%) 
LDR worldlights          2/16384         176/1441792  ( 0.0%) 
HDR worldlights          2/16384         176/1441792  ( 0.0%) 
leafwaterdata            0/32768           0/393216   ( 0.0%) 
waterstrips              0/131072          0/1310720  ( 0.0%) 
waterverts               0/131072          0/1572864  ( 0.0%) 
waterindices             0/131072          0/262144   ( 0.0%) 
cubemapsamples           0/1024            0/16384    ( 0.0%) 
overlays                 0/1024            0/360448   ( 0.0%) 
LDR lightdata         [variable]        9728/0        ( 0.0%) 
HDR lightdata         [variable]        9728/0        ( 0.0%) 
visdata               [variable]          84/16777216 ( 0.0%) 
entdata               [variable]        1783/393216   ( 0.5%) 
LDR ambient table       25/65536         100/262144   ( 0.0%) 
HDR ambient table       25/65536         100/262144   ( 0.0%) 
LDR leaf ambient        38/65536        1064/1835008  ( 0.1%) 
HDR leaf ambient        38/65536        1064/1835008  ( 0.1%) 
occluders                0/0               0/0        ( 0.0%) 
occluder polygons        0/0               0/0        ( 0.0%) 
occluder vert ind        0/0               0/0        ( 0.0%) 
detail props          [variable]           1/12       ( 8.3%) 
static props          [variable]           1/12       ( 8.3%) 
pakfile               [variable]       86738/0        ( 0.0%) 
physics               [variable]        4046/4194304  ( 0.1%) 
physics terrain       [variable]           2/1048576  ( 0.0%) 

Level flags = 3

Total triangle count: 44
Writing c:\program files (x86)\steam\steamapps\sourcemods\gigabuilder\maps\tstwrld.bsp
0 seconds elapsed



materialPath: C:\Program Files (x86)\Steam\steamapps\sourcemods\GigaBuilder\materials
Loading C:\Program Files (x86)\Steam\steamapps\sourcemods\GigaBuilder\maps\tstwrld.vmf
Map revision 3
Could not locate GameData file 
fixing up env_cubemap materials on brush sides...
0...1...2...3...4...5...6...7...8...9...100...1...2...3...4...5...6...7...8...9...10Processing areas...done (0)
Building Faces...done (0)
FixTjuncs...
PruneNodes...
WriteBSP...
done (0)
writing C:\Program Files (x86)\Steam\steamapps\sourcemods\GigaBuilder\maps\tstwrld.prt...Building visibility clusters...
done (0)
Finding displacement neighbors...
Finding lightmap sample positions...
Displacement Alpha : 0...1...2...3...4...5...6...7...8...9...10
Building Physics collision data...
done (0) (4046 bytes)
Placing detail props : 0...1...2...3...4...5...6...7...8...9...10
Compacting texture/material tables...
Reduced 12 texinfos to 9
Reduced 4 texdatas to 4 (96 bytes to 96)
Writing C:\Program Files (x86)\Steam\steamapps\sourcemods\GigaBuilder\maps\tstwrld.bsp
0 seconds elapsed



6 threads
reading c:\program files (x86)\steam\steamapps\sourcemods\gigabuilder\maps\tstwrld.bsp
reading c:\program files (x86)\steam\steamapps\sourcemods\gigabuilder\maps\tstwrld.prt
   8 portalclusters
  19 numportals
0...1...2...3...4...5...6...7...8...9...100...1...2...3...4...5...6...7...8...9...10Optimized: 0 visible clusters (0.00%)
Total clusters visible: 64
Average clusters visible: 8
Building PAS...
Average clusters audible: 8
visdatasize:84  compressed from 128
writing c:\program files (x86)\steam\steamapps\sourcemods\gigabuilder\maps\tstwrld.bsp
0 seconds elapsed



[Reading texlights from 'lights.rad']
[48 texlights parsed from 'lights.rad']

Loading c:\program files (x86)\steam\steamapps\sourcemods\gigabuilder\maps\tstwrld.bsp
22 faces
14023 square feet [2019328.00 square inches]
0 Displacements
0 Square Feet [0.00 Square Inches]
22 patches before subdivision
414 patches after subdivision
2 direct lights
0...1...2...3...4...5...6...7...8...9...100...1...2...3...4...5...6...7...8...9...10transfers 27708, max 150
transfer lists:   0.2 megs
0...1...2...3...4...5...6...7...8...9...10	Bounce #1 added RGB(179, 79, 39)
0...1...2...3...4...5...6...7...8...9...10	Bounce #2 added RGB(57, 11, 3)
0...1...2...3...4...5...6...7...8...9...10	Bounce #3 added RGB(21, 2, 0)
0...1...2...3...4...5...6...7...8...9...10	Bounce #4 added RGB(8, 0, 0)
0...1...2...3...4...5...6...7...8...9...10	Bounce #5 added RGB(3, 0, 0)
0...1...2...3...4...5...6...7...8...9...10	Bounce #6 added RGB(1, 0, 0)
0...1...2...3...4...5...6...7...8...9...10	Bounce #7 added RGB(0, 0, 0)
Build Patch/Sample Hash Table(s).....Done<0.0001 sec>
0...1...2...3...4...5...6...7...8...9...10FinalLightFace Done
0 of 0 (0% of) surface lights went in leaf ambient cubes.
0...1...2...3...4...5...6...7...8...9...10Writing leaf ambient...done
Ready to Finish

Object names       Objects/Maxobjs  Memory / Maxmem  Fullness 
------------       ---------------  ---------------  -------- 
models                   1/4096           48/196608   ( 0.0%) 
brushes                 11/32768         132/393216   ( 0.0%) 
brushsides              66/65536         528/524288   ( 0.1%) 
planes                  50/65536        1000/1310720  ( 0.1%) 
vertexes                47/65536         564/786432   ( 0.1%) 
nodes                   23/65536         736/2097152  ( 0.0%) 
texinfos                 9/12288         648/884736   ( 0.1%) 
texdata                  4/2048          128/65536    ( 0.2%) 
dispinfos                0/0               0/0        ( 0.0%) 
disp_verts               0/0               0/0        ( 0.0%) 
disp_tris                0/0               0/0        ( 0.0%) 
disp_lmsamples           0/0               0/0        ( 0.0%) 
faces                   22/65536        1232/3670016  ( 0.0%) 
hdr faces               22/65536        1232/3670016  ( 0.0%) 
origfaces               16/65536         896/3670016  ( 0.0%) 
leaves                  25/65536         800/2097152  ( 0.0%) 
leaffaces               38/65536          76/131072   ( 0.1%) 
leafbrushes             21/65536          42/131072   ( 0.0%) 
areas                    2/1024           16/8192     ( 0.2%) 
surfedges              152/512000        608/2048000  ( 0.0%) 
edges                   93/256000        372/1024000  ( 0.0%) 
LDR worldlights          0/16384           0/1441792  ( 0.0%) 
HDR worldlights          2/16384         176/1441792  ( 0.0%) 
leafwaterdata            0/32768           0/393216   ( 0.0%) 
waterstrips              0/131072          0/1310720  ( 0.0%) 
waterverts               0/131072          0/1572864  ( 0.0%) 
waterindices             0/131072          0/262144   ( 0.0%) 
cubemapsamples           0/1024            0/16384    ( 0.0%) 
overlays                 0/1024            0/360448   ( 0.0%) 
LDR lightdata         [variable]           0/0        ( 0.0%) 
HDR lightdata         [variable]        9728/0        ( 0.0%) 
visdata               [variable]          84/16777216 ( 0.0%) 
entdata               [variable]        1783/393216   ( 0.5%) 
LDR ambient table       25/65536         100/262144   ( 0.0%) 
HDR ambient table       25/65536         100/262144   ( 0.0%) 
LDR leaf ambient        25/65536         700/1835008  ( 0.0%) 
HDR leaf ambient        38/65536        1064/1835008  ( 0.1%) 
occluders                0/0               0/0        ( 0.0%) 
occluder polygons        0/0               0/0        ( 0.0%) 
occluder vert ind        0/0               0/0        ( 0.0%) 
detail props          [variable]           1/12       ( 8.3%) 
static props          [variable]           1/12       ( 8.3%) 
pakfile               [variable]       86738/0        ( 0.0%) 
physics               [variable]        4046/4194304  ( 0.1%) 
physics terrain       [variable]           2/1048576  ( 0.0%) 

Level flags = 2

Total triangle count: 44
Writing c:\program files (x86)\steam\steamapps\sourcemods\gigabuilder\maps\tstwrld.bsp
0 seconds elapsed
