PRT1
20
36
4 0 10 (1024 0 -8 ) (1024 0 1280 ) (64 0 1280 ) (64 0 -8 ) 
4 0 3 (1024 0 -8 ) (64 0 -8 ) (64 1024 -8 ) (1024 1024 -8 ) 
4 0 2 (64 0 0 ) (64 0 1280 ) (64 64 1280 ) (64 64 0 ) 
4 0 1 (64 1024 -8 ) (64 64 -8 ) (64 64 1280 ) (64 1024 1280 ) 
4 1 5 (0 64 1280 ) (0 1024 1280 ) (0 1024 -8 ) (0 64 -8 ) 
4 1 4 (0 64 -8 ) (0 1024 -8 ) (64 1024 -8 ) (64 64 -8 ) 
4 1 2 (64 64 0 ) (64 64 1280 ) (0 64 1280 ) (0 64 0 ) 
4 2 11 (64 0 1280 ) (0 0 1280 ) (0 0 0 ) (64 0 0 ) 
4 2 6 (0 0 0 ) (0 0 1280 ) (0 64 1280 ) (0 64 0 ) 
4 3 13 (1024 0 -128 ) (1024 0 -8 ) (64 0 -8 ) (64 0 -128 ) 
4 3 4 (64 1024 -128 ) (64 64 -128 ) (64 64 -8 ) (64 1024 -8 ) 
4 4 8 (0 64 -8 ) (0 1024 -8 ) (0 1024 -128 ) (0 64 -128 ) 
4 5 8 (-64 64 -8 ) (-64 1024 -8 ) (0 1024 -8 ) (0 64 -8 ) 
4 5 6 (-64 64 1280 ) (-64 64 0 ) (0 64 0 ) (0 64 1280 ) 
4 5 7 (-64 1024 -8 ) (-64 64 -8 ) (-64 64 1280 ) (-64 1024 1280 ) 
4 6 15 (0 0 0 ) (0 0 1280 ) (-64 0 1280 ) (-64 0 0 ) 
4 6 7 (-64 0 0 ) (-64 0 1280 ) (-64 64 1280 ) (-64 64 0 ) 
4 7 17 (-64 0 1280 ) (-1024 0 1280 ) (-1024 0 -8 ) (-64 0 -8 ) 
4 7 9 (-64 0 -8 ) (-1024 0 -8 ) (-1024 1024 -8 ) (-64 1024 -8 ) 
4 8 9 (-64 1024 -128 ) (-64 64 -128 ) (-64 64 -8 ) (-64 1024 -8 ) 
4 9 19 (-64 0 -8 ) (-1024 0 -8 ) (-1024 0 -128 ) (-64 0 -128 ) 
4 10 13 (1024 -1024 -8 ) (64 -1024 -8 ) (64 0 -8 ) (1024 0 -8 ) 
4 10 11 (64 -64 0 ) (64 -64 1280 ) (64 0 1280 ) (64 0 0 ) 
4 10 12 (64 -64 -8 ) (64 -1024 -8 ) (64 -1024 1280 ) (64 -64 1280 ) 
4 11 15 (0 0 1280 ) (0 0 0 ) (0 -64 0 ) (0 -64 1280 ) 
4 11 12 (64 -64 0 ) (64 -64 1280 ) (0 -64 1280 ) (0 -64 0 ) 
4 12 16 (0 -64 -8 ) (0 -1024 -8 ) (0 -1024 1280 ) (0 -64 1280 ) 
4 12 14 (64 -1024 -8 ) (0 -1024 -8 ) (0 -64 -8 ) (64 -64 -8 ) 
4 13 14 (64 -64 -128 ) (64 -1024 -128 ) (64 -1024 -8 ) (64 -64 -8 ) 
4 14 18 (0 -64 -128 ) (0 -1024 -128 ) (0 -1024 -8 ) (0 -64 -8 ) 
4 15 16 (-64 -64 1280 ) (-64 -64 0 ) (0 -64 0 ) (0 -64 1280 ) 
4 15 17 (-64 -64 0 ) (-64 -64 1280 ) (-64 0 1280 ) (-64 0 0 ) 
4 16 18 (0 -1024 -8 ) (-64 -1024 -8 ) (-64 -64 -8 ) (0 -64 -8 ) 
4 16 17 (-64 -64 -8 ) (-64 -1024 -8 ) (-64 -1024 1280 ) (-64 -64 1280 ) 
4 17 19 (-64 -1024 -8 ) (-1024 -1024 -8 ) (-1024 0 -8 ) (-64 0 -8 ) 
4 18 19 (-64 -64 -128 ) (-64 -1024 -128 ) (-64 -1024 -8 ) (-64 -64 -8 ) 
