PRT1
20
47
4 0 4 (0 384 64 ) (0 384 768 ) (0 1024 768 ) (0 1024 64 ) 
4 0 3 (640 384 128 ) (0 384 128 ) (0 384 64 ) (384 384 64 ) 
4 0 2 (1024 384 64 ) (1024 384 128 ) (896 384 128 ) (896 384 64 ) 
4 0 1 (1024 384 128 ) (1024 384 768 ) (0 384 768 ) (0 384 128 ) 
4 1 15 (1024 0 128 ) (1024 0 768 ) (0 0 768 ) (0 0 128 ) 
4 1 13 (0 0 128 ) (0 0 768 ) (0 64 768 ) (0 64 128 ) 
4 1 5 (0 64 768 ) (0 256 768 ) (0 256 128 ) (0 64 128 ) 
4 1 4 (0 256 768 ) (0 384 768 ) (0 384 128 ) (0 256 128 ) 
4 1 3 (640 0 128 ) (0 0 128 ) (0 384 128 ) (640 384 128 ) 
4 1 2 (1024 0 128 ) (896 0 128 ) (896 384 128 ) (1024 384 128 ) 
4 2 16 (1024 0 64 ) (1024 0 128 ) (896 0 128 ) (896 0 64 ) 
4 3 17 (640 0 128 ) (0 0 128 ) (0 0 64 ) (384 0 64 ) 
4 3 13 (0 0 64 ) (0 0 128 ) (0 64 128 ) (0 64 64 ) 
4 3 5 (0 64 128 ) (0 256 128 ) (0 256 64 ) (0 64 64 ) 
4 3 4 (0 256 128 ) (0 384 128 ) (0 384 64 ) (0 256 64 ) 
4 4 11 (-512 256 768 ) (-1024 256 768 ) (-1024 256 64 ) (-512 256 64 ) 
4 4 6 (-320 256 768 ) (-336 256 768 ) (-336 256 64 ) (-320 256 64 ) 
4 4 10 (-336 256 768 ) (-512 256 768 ) (-512 256 64 ) (-336 256 64 ) 
4 4 5 (0 256 64 ) (0 256 768 ) (-320 256 768 ) (-320 256 64 ) 
4 5 13 (0 64 64 ) (0 64 768 ) (-320 64 768 ) (-320 64 64 ) 
4 5 7 (-320 168 64 ) (-320 144 64 ) (-320 144 768 ) (-320 168 768 ) 
4 5 6 (-320 256 768 ) (-320 256 64 ) (-320 168 64 ) (-320 168 768 ) 
4 5 9 (-320 144 64 ) (-320 64 64 ) (-320 64 768 ) (-320 144 768 ) 
4 6 8 (-336 168 48 ) (-336 168 -512 ) (-320 168 -512 ) (-320 168 48 ) 
4 6 7 (-336 168 768 ) (-336 168 48 ) (-320 168 48 ) (-320 168 768 ) 
4 6 10 (-336 256 -512 ) (-336 168 -512 ) (-336 168 768 ) (-336 256 768 ) 
4 7 10 (-336 144 48 ) (-336 144 768 ) (-336 168 768 ) (-336 168 48 ) 
4 7 9 (-336 144 768 ) (-336 144 48 ) (-320 144 48 ) (-320 144 768 ) 
4 7 8 (-320 144 48 ) (-336 144 48 ) (-336 168 48 ) (-320 168 48 ) 
4 8 10 (-336 168 -512 ) (-336 144 -512 ) (-336 144 48 ) (-336 168 48 ) 
4 8 9 (-336 144 48 ) (-336 144 -512 ) (-320 144 -512 ) (-320 144 48 ) 
4 9 13 (-320 64 64 ) (-320 64 768 ) (-336 64 768 ) (-336 64 64 ) 
4 9 10 (-336 144 -512 ) (-336 64 -512 ) (-336 64 768 ) (-336 144 768 ) 
4 10 13 (-336 64 64 ) (-336 64 768 ) (-512 64 768 ) (-512 64 64 ) 
4 10 11 (-512 256 768 ) (-512 256 64 ) (-512 64 64 ) (-512 64 768 ) 
4 10 12 (-512 256 -320 ) (-512 256 -512 ) (-512 64 -512 ) (-512 64 -320 ) 
4 11 13 (-1024 64 768 ) (-1024 64 64 ) (-512 64 64 ) (-512 64 768 ) 
4 12 14 (-1024 64 -512 ) (-1024 64 -320 ) (-1024 256 -320 ) (-1024 256 -512 ) 
4 13 19 (0 0 64 ) (0 0 768 ) (-1024 0 768 ) (-1024 0 64 ) 
4 15 19 (0 0 768 ) (0 0 128 ) (0 -1024 128 ) (0 -1024 768 ) 
4 15 17 (0 0 128 ) (640 0 128 ) (640 -256 128 ) (0 -256 128 ) 
4 15 16 (896 0 128 ) (1024 0 128 ) (1024 -256 128 ) (896 -256 128 ) 
4 15 18 (1024 -256 128 ) (1024 -1024 128 ) (0 -1024 128 ) (0 -256 128 ) 
4 16 18 (896 -256 64 ) (1024 -256 64 ) (1024 -256 128 ) (896 -256 128 ) 
4 17 19 (0 0 128 ) (0 0 64 ) (0 -256 64 ) (0 -256 128 ) 
4 17 18 (0 -256 64 ) (384 -256 64 ) (640 -256 128 ) (0 -256 128 ) 
4 18 19 (0 -256 64 ) (0 -1024 64 ) (0 -1024 128 ) (0 -256 128 ) 
