


materialPath: D:\Steam\steamapps\sourcemods\GigaBuilder\materials
Loading D:\Steam\steamapps\sourcemods\GigaBuilder\mapsrc\personal\sam\gb_counter.vmf
Could not locate GameData file 
fixing up env_cubemap materials on brush sides...
0...1...2...3...4...5...6...7...8...9...100...1...2...3...4...5...6...7...8...9...10Processing areas...done (0)
Building Faces...done (0)
FixTjuncs...
PruneNodes...
WriteBSP...
done (0)
writing D:\Steam\steamapps\sourcemods\GigaBuilder\mapsrc\personal\sam\gb_counter.prt...Building visibility clusters...
done (0)
Finding displacement neighbors...
Finding lightmap sample positions...
Displacement Alpha : 0...1...2...3...4...5...6...7...8...9...10
Building Physics collision data...
done (0) (2328 bytes)
Placing detail props : 0...1...2...3...4...5...6...7...8...9...10
Compacting texture/material tables...
Reduced 6 texinfos to 4
Reduced 3 texdatas to 3 (69 bytes to 69)
Writing D:\Steam\steamapps\sourcemods\GigaBuilder\mapsrc\personal\sam\gb_counter.bsp
0 seconds elapsed



8 threads
reading d:\steam\steamapps\sourcemods\gigabuilder\mapsrc\personal\sam\gb_counter.bsp
reading d:\steam\steamapps\sourcemods\gigabuilder\mapsrc\personal\sam\gb_counter.prt
   4 portalclusters
   4 numportals
0...1...2...3...4...5...6...7...8...9...100...1...2...3...4...5...6...7...8...9...10Optimized: 0 visible clusters (0.00%)
Total clusters visible: 16
Average clusters visible: 4
Building PAS...
Average clusters audible: 4
visdatasize:44  compressed from 64
writing d:\steam\steamapps\sourcemods\gigabuilder\mapsrc\personal\sam\gb_counter.bsp
0 seconds elapsed



[Reading texlights from 'lights.rad']
[48 texlights parsed from 'lights.rad']

Loading d:\steam\steamapps\sourcemods\gigabuilder\mapsrc\personal\sam\gb_counter.bsp
16 faces
10922 square feet [1572864.00 square inches]
0 Displacements
0 Square Feet [0.00 Square Inches]
16 patches before subdivision
3056 patches after subdivision
1 direct lights
0...1...2...3...4...5...6...7...8...9...100...1...2...3...4...5...6...7...8...9...10transfers 316296, max 219
transfer lists:   2.4 megs
0...1...2...3...4...5...6...7...8...9...10	Bounce #1 added RGB(0, 0, 0)
Build Patch/Sample Hash Table(s).....Done<0.0003 sec>
0...1...2...3...4...5...6...7...8...9...10FinalLightFace Done
0 of 0 (0% of) surface lights went in leaf ambient cubes.
0...1...2...3...4...5...6...7...8...9...10Writing leaf ambient...done
Ready to Finish

Object names       Objects/Maxobjs  Memory / Maxmem  Fullness 
------------       ---------------  ---------------  -------- 
models                   1/1024           48/49152    ( 0.1%) 
brushes                  6/8192           72/98304    ( 0.1%) 
brushsides              36/65536         288/524288   ( 0.1%) 
planes                  40/65536         800/1310720  ( 0.1%) 
vertexes                19/65536         228/786432   ( 0.0%) 
nodes                   27/65536         864/2097152  ( 0.0%) 
texinfos                 4/12288         288/884736   ( 0.0%) 
texdata                  3/2048           96/65536    ( 0.1%) 
dispinfos                0/0               0/0        ( 0.0%) 
disp_verts               0/0               0/0        ( 0.0%) 
disp_tris                0/0               0/0        ( 0.0%) 
disp_lmsamples           0/0               0/0        ( 0.0%) 
faces                   16/65536         896/3670016  ( 0.0%) 
hdr faces                0/65536           0/3670016  ( 0.0%) 
origfaces                6/65536         336/3670016  ( 0.0%) 
leaves                  29/65536         928/2097152  ( 0.0%) 
leaffaces               16/65536          32/131072   ( 0.0%) 
leafbrushes             16/65536          32/131072   ( 0.0%) 
areas                    2/256            16/2048     ( 0.8%) 
surfedges               88/512000        352/2048000  ( 0.0%) 
edges                   45/256000        180/1024000  ( 0.0%) 
LDR worldlights          1/65536          88/5767168  ( 0.0%) 
HDR worldlights          0/65536           0/5767168  ( 0.0%) 
leafwaterdata            0/32768           0/393216   ( 0.0%) 
waterstrips              0/32768           0/327680   ( 0.0%) 
waterverts               0/65536           0/786432   ( 0.0%) 
waterindices             0/65536           0/131072   ( 0.0%) 
cubemapsamples           0/1024            0/16384    ( 0.0%) 
overlays                 0/8192            0/2883584  ( 0.0%) 
LDR lightdata         [variable]       54528/0        ( 0.0%) 
HDR lightdata         [variable]           0/0        ( 0.0%) 
visdata               [variable]          44/16777216 ( 0.0%) 
entdata               [variable]        3108/393216   ( 0.8%) 
LDR ambient table       29/65536         116/262144   ( 0.0%) 
HDR ambient table       29/65536         116/262144   ( 0.0%) 
LDR leaf ambient         4/65536         112/1835008  ( 0.0%) 
HDR leaf ambient        29/65536         812/1835008  ( 0.0%) 
occluders                0/0               0/0        ( 0.0%) 
occluder polygons        0/0               0/0        ( 0.0%) 
occluder vert ind        0/0               0/0        ( 0.0%) 
detail props          [variable]           1/12       ( 8.3%) 
static props          [variable]           1/12       ( 8.3%) 
pakfile               [variable]          54/0        ( 0.0%) 
physics               [variable]        2328/4194304  ( 0.1%) 
physics terrain       [variable]           2/1048576  ( 0.0%) 

Level flags = 0

Total triangle count: 32
Writing d:\steam\steamapps\sourcemods\gigabuilder\mapsrc\personal\sam\gb_counter.bsp
0 seconds elapsed



[Reading texlights from 'lights.rad']
[48 texlights parsed from 'lights.rad']

Loading d:\steam\steamapps\sourcemods\gigabuilder\mapsrc\personal\sam\gb_counter.bsp
16 faces
10922 square feet [1572864.00 square inches]
0 Displacements
0 Square Feet [0.00 Square Inches]
16 patches before subdivision
3056 patches after subdivision
1 direct lights
0...1...2...3...4...5...6...7...8...9...100...1...2...3...4...5...6...7...8...9...10transfers 316296, max 219
transfer lists:   2.4 megs
0...1...2...3...4...5...6...7...8...9...10	Bounce #1 added RGB(0, 0, 0)
Build Patch/Sample Hash Table(s).....Done<0.0003 sec>
0...1...2...3...4...5...6...7...8...9...10FinalLightFace Done
0 of 0 (0% of) surface lights went in leaf ambient cubes.
0...1...2...3...4...5...6...7...8...9...10Writing leaf ambient...done
Ready to Finish

Object names       Objects/Maxobjs  Memory / Maxmem  Fullness 
------------       ---------------  ---------------  -------- 
models                   1/1024           48/49152    ( 0.1%) 
brushes                  6/8192           72/98304    ( 0.1%) 
brushsides              36/65536         288/524288   ( 0.1%) 
planes                  40/65536         800/1310720  ( 0.1%) 
vertexes                19/65536         228/786432   ( 0.0%) 
nodes                   27/65536         864/2097152  ( 0.0%) 
texinfos                 4/12288         288/884736   ( 0.0%) 
texdata                  3/2048           96/65536    ( 0.1%) 
dispinfos                0/0               0/0        ( 0.0%) 
disp_verts               0/0               0/0        ( 0.0%) 
disp_tris                0/0               0/0        ( 0.0%) 
disp_lmsamples           0/0               0/0        ( 0.0%) 
faces                   16/65536         896/3670016  ( 0.0%) 
hdr faces               16/65536         896/3670016  ( 0.0%) 
origfaces                6/65536         336/3670016  ( 0.0%) 
leaves                  29/65536         928/2097152  ( 0.0%) 
leaffaces               16/65536          32/131072   ( 0.0%) 
leafbrushes             16/65536          32/131072   ( 0.0%) 
areas                    2/256            16/2048     ( 0.8%) 
surfedges               88/512000        352/2048000  ( 0.0%) 
edges                   45/256000        180/1024000  ( 0.0%) 
LDR worldlights          1/65536          88/5767168  ( 0.0%) 
HDR worldlights          1/65536          88/5767168  ( 0.0%) 
leafwaterdata            0/32768           0/393216   ( 0.0%) 
waterstrips              0/32768           0/327680   ( 0.0%) 
waterverts               0/65536           0/786432   ( 0.0%) 
waterindices             0/65536           0/131072   ( 0.0%) 
cubemapsamples           0/1024            0/16384    ( 0.0%) 
overlays                 0/8192            0/2883584  ( 0.0%) 
LDR lightdata         [variable]       54528/0        ( 0.0%) 
HDR lightdata         [variable]       54528/0        ( 0.0%) 
visdata               [variable]          44/16777216 ( 0.0%) 
entdata               [variable]        3108/393216   ( 0.8%) 
LDR ambient table       29/65536         116/262144   ( 0.0%) 
HDR ambient table       29/65536         116/262144   ( 0.0%) 
LDR leaf ambient         4/65536         112/1835008  ( 0.0%) 
HDR leaf ambient         4/65536         112/1835008  ( 0.0%) 
occluders                0/0               0/0        ( 0.0%) 
occluder polygons        0/0               0/0        ( 0.0%) 
occluder vert ind        0/0               0/0        ( 0.0%) 
detail props          [variable]           1/12       ( 8.3%) 
static props          [variable]           1/12       ( 8.3%) 
pakfile               [variable]          54/0        ( 0.0%) 
physics               [variable]        2328/4194304  ( 0.1%) 
physics terrain       [variable]           2/1048576  ( 0.0%) 

Level flags = 0

Total triangle count: 32
Writing d:\steam\steamapps\sourcemods\gigabuilder\mapsrc\personal\sam\gb_counter.bsp
0 seconds elapsed



materialPath: D:\Steam\steamapps\sourcemods\GigaBuilder\materials
Loading D:\Steam\steamapps\sourcemods\GigaBuilder\mapsrc\personal\sam\gb_counter.vmf
Could not locate GameData file 
fixing up env_cubemap materials on brush sides...
0...1...2...3...4...5...6...7...8...9...100...1...2...3...4...5...6...7...8...9...10Processing areas...done (0)
Building Faces...done (0)
FixTjuncs...
PruneNodes...
WriteBSP...
done (0)
writing D:\Steam\steamapps\sourcemods\GigaBuilder\mapsrc\personal\sam\gb_counter.prt...Building visibility clusters...
done (0)
Finding displacement neighbors...
Finding lightmap sample positions...
Displacement Alpha : 0...1...2...3...4...5...6...7...8...9...10
Building Physics collision data...
done (0) (2328 bytes)
Placing detail props : 0...1...2...3...4...5...6...7...8...9...10
Compacting texture/material tables...
Reduced 6 texinfos to 4
Reduced 3 texdatas to 3 (69 bytes to 69)
Writing D:\Steam\steamapps\sourcemods\GigaBuilder\mapsrc\personal\sam\gb_counter.bsp
0 seconds elapsed



8 threads
reading d:\steam\steamapps\sourcemods\gigabuilder\mapsrc\personal\sam\gb_counter.bsp
reading d:\steam\steamapps\sourcemods\gigabuilder\mapsrc\personal\sam\gb_counter.prt
   4 portalclusters
   4 numportals
0...1...2...3...4...5...6...7...8...9...100...1...2...3...4...5...6...7...8...9...10Optimized: 0 visible clusters (0.00%)
Total clusters visible: 16
Average clusters visible: 4
Building PAS...
Average clusters audible: 4
visdatasize:44  compressed from 64
writing d:\steam\steamapps\sourcemods\gigabuilder\mapsrc\personal\sam\gb_counter.bsp
0 seconds elapsed



[Reading texlights from 'lights.rad']
[48 texlights parsed from 'lights.rad']

Loading d:\steam\steamapps\sourcemods\gigabuilder\mapsrc\personal\sam\gb_counter.bsp
16 faces
10922 square feet [1572864.00 square inches]
0 Displacements
0 Square Feet [0.00 Square Inches]
16 patches before subdivision
3056 patches after subdivision
1 direct lights
0...1...2...3...4...5...6...7...8...9...100...1...2...3...4...5...6...7...8...9...10transfers 316296, max 219
transfer lists:   2.4 megs
0...1...2...3...4...5...6...7...8...9...10	Bounce #1 added RGB(0, 0, 0)
Build Patch/Sample Hash Table(s).....Done<0.0002 sec>
0...1...2...3...4...5...6...7...8...9...10FinalLightFace Done
0 of 0 (0% of) surface lights went in leaf ambient cubes.
0...1...2...3...4...5...6...7...8...9...10Writing leaf ambient...done
Ready to Finish

Object names       Objects/Maxobjs  Memory / Maxmem  Fullness 
------------       ---------------  ---------------  -------- 
models                   1/1024           48/49152    ( 0.1%) 
brushes                  6/8192           72/98304    ( 0.1%) 
brushsides              36/65536         288/524288   ( 0.1%) 
planes                  40/65536         800/1310720  ( 0.1%) 
vertexes                19/65536         228/786432   ( 0.0%) 
nodes                   27/65536         864/2097152  ( 0.0%) 
texinfos                 4/12288         288/884736   ( 0.0%) 
texdata                  3/2048           96/65536    ( 0.1%) 
dispinfos                0/0               0/0        ( 0.0%) 
disp_verts               0/0               0/0        ( 0.0%) 
disp_tris                0/0               0/0        ( 0.0%) 
disp_lmsamples           0/0               0/0        ( 0.0%) 
faces                   16/65536         896/3670016  ( 0.0%) 
hdr faces                0/65536           0/3670016  ( 0.0%) 
origfaces                6/65536         336/3670016  ( 0.0%) 
leaves                  29/65536         928/2097152  ( 0.0%) 
leaffaces               16/65536          32/131072   ( 0.0%) 
leafbrushes             16/65536          32/131072   ( 0.0%) 
areas                    2/256            16/2048     ( 0.8%) 
surfedges               88/512000        352/2048000  ( 0.0%) 
edges                   45/256000        180/1024000  ( 0.0%) 
LDR worldlights          1/65536          88/5767168  ( 0.0%) 
HDR worldlights          0/65536           0/5767168  ( 0.0%) 
leafwaterdata            0/32768           0/393216   ( 0.0%) 
waterstrips              0/32768           0/327680   ( 0.0%) 
waterverts               0/65536           0/786432   ( 0.0%) 
waterindices             0/65536           0/131072   ( 0.0%) 
cubemapsamples           0/1024            0/16384    ( 0.0%) 
overlays                 0/8192            0/2883584  ( 0.0%) 
LDR lightdata         [variable]       54528/0        ( 0.0%) 
HDR lightdata         [variable]           0/0        ( 0.0%) 
visdata               [variable]          44/16777216 ( 0.0%) 
entdata               [variable]        3422/393216   ( 0.9%) 
LDR ambient table       29/65536         116/262144   ( 0.0%) 
HDR ambient table       29/65536         116/262144   ( 0.0%) 
LDR leaf ambient         4/65536         112/1835008  ( 0.0%) 
HDR leaf ambient        29/65536         812/1835008  ( 0.0%) 
occluders                0/0               0/0        ( 0.0%) 
occluder polygons        0/0               0/0        ( 0.0%) 
occluder vert ind        0/0               0/0        ( 0.0%) 
detail props          [variable]           1/12       ( 8.3%) 
static props          [variable]           1/12       ( 8.3%) 
pakfile               [variable]          54/0        ( 0.0%) 
physics               [variable]        2328/4194304  ( 0.1%) 
physics terrain       [variable]           2/1048576  ( 0.0%) 

Level flags = 0

Total triangle count: 32
Writing d:\steam\steamapps\sourcemods\gigabuilder\mapsrc\personal\sam\gb_counter.bsp
0 seconds elapsed



[Reading texlights from 'lights.rad']
[48 texlights parsed from 'lights.rad']

Loading d:\steam\steamapps\sourcemods\gigabuilder\mapsrc\personal\sam\gb_counter.bsp
16 faces
10922 square feet [1572864.00 square inches]
0 Displacements
0 Square Feet [0.00 Square Inches]
16 patches before subdivision
3056 patches after subdivision
1 direct lights
0...1...2...3...4...5...6...7...8...9...100...1...2...3...4...5...6...7...8...9...10transfers 316296, max 219
transfer lists:   2.4 megs
0...1...2...3...4...5...6...7...8...9...10	Bounce #1 added RGB(0, 0, 0)
Build Patch/Sample Hash Table(s).....Done<0.0003 sec>
0...1...2...3...4...5...6...7...8...9...10FinalLightFace Done
0 of 0 (0% of) surface lights went in leaf ambient cubes.
0...1...2...3...4...5...6...7...8...9...10Writing leaf ambient...done
Ready to Finish

Object names       Objects/Maxobjs  Memory / Maxmem  Fullness 
------------       ---------------  ---------------  -------- 
models                   1/1024           48/49152    ( 0.1%) 
brushes                  6/8192           72/98304    ( 0.1%) 
brushsides              36/65536         288/524288   ( 0.1%) 
planes                  40/65536         800/1310720  ( 0.1%) 
vertexes                19/65536         228/786432   ( 0.0%) 
nodes                   27/65536         864/2097152  ( 0.0%) 
texinfos                 4/12288         288/884736   ( 0.0%) 
texdata                  3/2048           96/65536    ( 0.1%) 
dispinfos                0/0               0/0        ( 0.0%) 
disp_verts               0/0               0/0        ( 0.0%) 
disp_tris                0/0               0/0        ( 0.0%) 
disp_lmsamples           0/0               0/0        ( 0.0%) 
faces                   16/65536         896/3670016  ( 0.0%) 
hdr faces               16/65536         896/3670016  ( 0.0%) 
origfaces                6/65536         336/3670016  ( 0.0%) 
leaves                  29/65536         928/2097152  ( 0.0%) 
leaffaces               16/65536          32/131072   ( 0.0%) 
leafbrushes             16/65536          32/131072   ( 0.0%) 
areas                    2/256            16/2048     ( 0.8%) 
surfedges               88/512000        352/2048000  ( 0.0%) 
edges                   45/256000        180/1024000  ( 0.0%) 
LDR worldlights          1/65536          88/5767168  ( 0.0%) 
HDR worldlights          1/65536          88/5767168  ( 0.0%) 
leafwaterdata            0/32768           0/393216   ( 0.0%) 
waterstrips              0/32768           0/327680   ( 0.0%) 
waterverts               0/65536           0/786432   ( 0.0%) 
waterindices             0/65536           0/131072   ( 0.0%) 
cubemapsamples           0/1024            0/16384    ( 0.0%) 
overlays                 0/8192            0/2883584  ( 0.0%) 
LDR lightdata         [variable]       54528/0        ( 0.0%) 
HDR lightdata         [variable]       54528/0        ( 0.0%) 
visdata               [variable]          44/16777216 ( 0.0%) 
entdata               [variable]        3422/393216   ( 0.9%) 
LDR ambient table       29/65536         116/262144   ( 0.0%) 
HDR ambient table       29/65536         116/262144   ( 0.0%) 
LDR leaf ambient         4/65536         112/1835008  ( 0.0%) 
HDR leaf ambient         4/65536         112/1835008  ( 0.0%) 
occluders                0/0               0/0        ( 0.0%) 
occluder polygons        0/0               0/0        ( 0.0%) 
occluder vert ind        0/0               0/0        ( 0.0%) 
detail props          [variable]           1/12       ( 8.3%) 
static props          [variable]           1/12       ( 8.3%) 
pakfile               [variable]          54/0        ( 0.0%) 
physics               [variable]        2328/4194304  ( 0.1%) 
physics terrain       [variable]           2/1048576  ( 0.0%) 

Level flags = 0

Total triangle count: 32
Writing d:\steam\steamapps\sourcemods\gigabuilder\mapsrc\personal\sam\gb_counter.bsp
0 seconds elapsed



materialPath: D:\Steam\steamapps\sourcemods\GigaBuilder\materials
Loading D:\Steam\steamapps\sourcemods\GigaBuilder\mapsrc\personal\sam\gb_counter.vmf
Could not locate GameData file 
fixing up env_cubemap materials on brush sides...
0...1...2...3...4...5...6...7...8...9...100...1...2...3...4...5...6...7...8...9...10Processing areas...done (0)
Building Faces...done (0)
FixTjuncs...
PruneNodes...
WriteBSP...
done (0)
writing D:\Steam\steamapps\sourcemods\GigaBuilder\mapsrc\personal\sam\gb_counter.prt...Building visibility clusters...
done (0)
Finding displacement neighbors...
Finding lightmap sample positions...
Displacement Alpha : 0...1...2...3...4...5...6...7...8...9...10
Building Physics collision data...
done (0) (4745 bytes)
Placing detail props : 0...1...2...3...4...5...6...7...8...9...10
Compacting texture/material tables...
Reduced 17 texinfos to 12
Reduced 6 texdatas to 6 (137 bytes to 137)
Writing D:\Steam\steamapps\sourcemods\GigaBuilder\mapsrc\personal\sam\gb_counter.bsp
0 seconds elapsed



8 threads
reading d:\steam\steamapps\sourcemods\gigabuilder\mapsrc\personal\sam\gb_counter.bsp
reading d:\steam\steamapps\sourcemods\gigabuilder\mapsrc\personal\sam\gb_counter.prt
  31 portalclusters
 102 numportals
0...1...2...3...4...5...6...7...8...9...100...1...2...3...4...5...6...7...8...9...10Optimized: 0 visible clusters (0.00%)
Total clusters visible: 961
Average clusters visible: 31
Building PAS...
Average clusters audible: 31
visdatasize:500  compressed from 496
writing d:\steam\steamapps\sourcemods\gigabuilder\mapsrc\personal\sam\gb_counter.bsp
0 seconds elapsed



[Reading texlights from 'lights.rad']
[48 texlights parsed from 'lights.rad']

Loading d:\steam\steamapps\sourcemods\gigabuilder\mapsrc\personal\sam\gb_counter.bsp
72 faces
22610 square feet [3255872.00 square inches]
0 Displacements
0 Square Feet [0.00 Square Inches]
72 patches before subdivision
4960 patches after subdivision
3 direct lights
0...1...2...3...4...5...6...7...8...9...100...1...2...3...4...5...6...7...8...9...10transfers 577412, max 277
transfer lists:   4.4 megs
0...1...2...3...4...5...6...7...8...9...10	Bounce #1 added RGB(24682, 8730, 2563)
0...1...2...3...4...5...6...7...8...9...10	Bounce #2 added RGB(11585, 1573, 136)
0...1...2...3...4...5...6...7...8...9...10	Bounce #3 added RGB(5569, 290, 9)
0...1...2...3...4...5...6...7...8...9...10	Bounce #4 added RGB(2681, 54, 1)
0...1...2...3...4...5...6...7...8...9...10	Bounce #5 added RGB(1295, 10, 0)
0...1...2...3...4...5...6...7...8...9...10	Bounce #6 added RGB(626, 2, 0)
0...1...2...3...4...5...6...7...8...9...10	Bounce #7 added RGB(303, 0, 0)
0...1...2...3...4...5...6...7...8...9...10	Bounce #8 added RGB(146, 0, 0)
0...1...2...3...4...5...6...7...8...9...10	Bounce #9 added RGB(71, 0, 0)
0...1...2...3...4...5...6...7...8...9...10	Bounce #10 added RGB(34, 0, 0)
0...1...2...3...4...5...6...7...8...9...10	Bounce #11 added RGB(17, 0, 0)
0...1...2...3...4...5...6...7...8...9...10	Bounce #12 added RGB(8, 0, 0)
0...1...2...3...4...5...6...7...8...9...10	Bounce #13 added RGB(4, 0, 0)
0...1...2...3...4...5...6...7...8...9...10	Bounce #14 added RGB(2, 0, 0)
0...1...2...3...4...5...6...7...8...9...10	Bounce #15 added RGB(1, 0, 0)
Build Patch/Sample Hash Table(s).....Done<0.0005 sec>
0...1...2...3...4...5...6...7...8...9...10FinalLightFace Done
0 of 0 (0% of) surface lights went in leaf ambient cubes.
0...1...2...3...4...5...6...7...8...9...10Writing leaf ambient...done
Ready to Finish

Object names       Objects/Maxobjs  Memory / Maxmem  Fullness 
------------       ---------------  ---------------  -------- 
models                   2/1024           96/49152    ( 0.2%) 
brushes                 12/8192          144/98304    ( 0.1%) 
brushsides              72/65536         576/524288   ( 0.1%) 
planes                  84/65536        1680/1310720  ( 0.1%) 
vertexes                95/65536        1140/786432   ( 0.1%) 
nodes                   62/65536        1984/2097152  ( 0.1%) 
texinfos                12/12288         864/884736   ( 0.1%) 
texdata                  6/2048          192/65536    ( 0.3%) 
dispinfos                0/0               0/0        ( 0.0%) 
disp_verts               0/0               0/0        ( 0.0%) 
disp_tris                0/0               0/0        ( 0.0%) 
disp_lmsamples           0/0               0/0        ( 0.0%) 
faces                   72/65536        4032/3670016  ( 0.1%) 
hdr faces                0/65536           0/3670016  ( 0.0%) 
origfaces               28/65536        1568/3670016  ( 0.0%) 
leaves                  65/65536        2080/2097152  ( 0.1%) 
leaffaces               87/65536         174/131072   ( 0.1%) 
leafbrushes             27/65536          54/131072   ( 0.0%) 
areas                    2/256            16/2048     ( 0.8%) 
surfedges              440/512000       1760/2048000  ( 0.1%) 
edges                  251/256000       1004/1024000  ( 0.1%) 
LDR worldlights          3/65536         264/5767168  ( 0.0%) 
HDR worldlights          0/65536           0/5767168  ( 0.0%) 
leafwaterdata            0/32768           0/393216   ( 0.0%) 
waterstrips              4/32768          40/327680   ( 0.0%) 
waterverts               0/65536           0/786432   ( 0.0%) 
waterindices            57/65536         114/131072   ( 0.1%) 
cubemapsamples           0/1024            0/16384    ( 0.0%) 
overlays                 0/8192            0/2883584  ( 0.0%) 
LDR lightdata         [variable]      111432/0        ( 0.0%) 
HDR lightdata         [variable]           0/0        ( 0.0%) 
visdata               [variable]         500/16777216 ( 0.0%) 
entdata               [variable]        7613/393216   ( 1.9%) 
LDR ambient table       65/65536         260/262144   ( 0.1%) 
HDR ambient table       65/65536         260/262144   ( 0.1%) 
LDR leaf ambient       342/65536        9576/1835008  ( 0.5%) 
HDR leaf ambient        65/65536        1820/1835008  ( 0.1%) 
occluders                0/0               0/0        ( 0.0%) 
occluder polygons        0/0               0/0        ( 0.0%) 
occluder vert ind        0/0               0/0        ( 0.0%) 
detail props          [variable]           1/12       ( 8.3%) 
static props          [variable]           1/12       ( 8.3%) 
pakfile               [variable]          54/0        ( 0.0%) 
physics               [variable]        4745/4194304  ( 0.1%) 
physics terrain       [variable]           2/1048576  ( 0.0%) 

Level flags = 0

Total triangle count: 184
Writing d:\steam\steamapps\sourcemods\gigabuilder\mapsrc\personal\sam\gb_counter.bsp
0 seconds elapsed



[Reading texlights from 'lights.rad']
[48 texlights parsed from 'lights.rad']

Loading d:\steam\steamapps\sourcemods\gigabuilder\mapsrc\personal\sam\gb_counter.bsp
72 faces
22610 square feet [3255872.00 square inches]
0 Displacements
0 Square Feet [0.00 Square Inches]
72 patches before subdivision
4960 patches after subdivision
3 direct lights
0...1...2...3...4...5...6...7...8...9...100...1...2...3...4...5...6...7...8...9...10transfers 577412, max 277
transfer lists:   4.4 megs
0...1...2...3...4...5...6...7...8...9...10	Bounce #1 added RGB(24682, 8730, 2563)
0...1...2...3...4...5...6...7...8...9...10	Bounce #2 added RGB(11585, 1573, 136)
0...1...2...3...4...5...6...7...8...9...10	Bounce #3 added RGB(5569, 290, 9)
0...1...2...3...4...5...6...7...8...9...10	Bounce #4 added RGB(2681, 54, 1)
0...1...2...3...4...5...6...7...8...9...10	Bounce #5 added RGB(1295, 10, 0)
0...1...2...3...4...5...6...7...8...9...10	Bounce #6 added RGB(626, 2, 0)
0...1...2...3...4...5...6...7...8...9...10	Bounce #7 added RGB(303, 0, 0)
0...1...2...3...4...5...6...7...8...9...10	Bounce #8 added RGB(146, 0, 0)
0...1...2...3...4...5...6...7...8...9...10	Bounce #9 added RGB(71, 0, 0)
0...1...2...3...4...5...6...7...8...9...10	Bounce #10 added RGB(34, 0, 0)
0...1...2...3...4...5...6...7...8...9...10	Bounce #11 added RGB(17, 0, 0)
0...1...2...3...4...5...6...7...8...9...10	Bounce #12 added RGB(8, 0, 0)
0...1...2...3...4...5...6...7...8...9...10	Bounce #13 added RGB(4, 0, 0)
0...1...2...3...4...5...6...7...8...9...10	Bounce #14 added RGB(2, 0, 0)
0...1...2...3...4...5...6...7...8...9...10	Bounce #15 added RGB(1, 0, 0)
Build Patch/Sample Hash Table(s).....Done<0.0006 sec>
0...1...2...3...4...5...6...7...8...9...10FinalLightFace Done
0 of 0 (0% of) surface lights went in leaf ambient cubes.
0...1...2...3...4...5...6...7...8...9...10Writing leaf ambient...done
Ready to Finish

Object names       Objects/Maxobjs  Memory / Maxmem  Fullness 
------------       ---------------  ---------------  -------- 
models                   2/1024           96/49152    ( 0.2%) 
brushes                 12/8192          144/98304    ( 0.1%) 
brushsides              72/65536         576/524288   ( 0.1%) 
planes                  84/65536        1680/1310720  ( 0.1%) 
vertexes                95/65536        1140/786432   ( 0.1%) 
nodes                   62/65536        1984/2097152  ( 0.1%) 
texinfos                12/12288         864/884736   ( 0.1%) 
texdata                  6/2048          192/65536    ( 0.3%) 
dispinfos                0/0               0/0        ( 0.0%) 
disp_verts               0/0               0/0        ( 0.0%) 
disp_tris                0/0               0/0        ( 0.0%) 
disp_lmsamples           0/0               0/0        ( 0.0%) 
faces                   72/65536        4032/3670016  ( 0.1%) 
hdr faces               72/65536        4032/3670016  ( 0.1%) 
origfaces               28/65536        1568/3670016  ( 0.0%) 
leaves                  65/65536        2080/2097152  ( 0.1%) 
leaffaces               87/65536         174/131072   ( 0.1%) 
leafbrushes             27/65536          54/131072   ( 0.0%) 
areas                    2/256            16/2048     ( 0.8%) 
surfedges              440/512000       1760/2048000  ( 0.1%) 
edges                  251/256000       1004/1024000  ( 0.1%) 
LDR worldlights          3/65536         264/5767168  ( 0.0%) 
HDR worldlights          3/65536         264/5767168  ( 0.0%) 
leafwaterdata            0/32768           0/393216   ( 0.0%) 
waterstrips              4/32768          40/327680   ( 0.0%) 
waterverts               0/65536           0/786432   ( 0.0%) 
waterindices            57/65536         114/131072   ( 0.1%) 
cubemapsamples           0/1024            0/16384    ( 0.0%) 
overlays                 0/8192            0/2883584  ( 0.0%) 
LDR lightdata         [variable]      111432/0        ( 0.0%) 
HDR lightdata         [variable]      111432/0        ( 0.0%) 
visdata               [variable]         500/16777216 ( 0.0%) 
entdata               [variable]        7613/393216   ( 1.9%) 
LDR ambient table       65/65536         260/262144   ( 0.1%) 
HDR ambient table       65/65536         260/262144   ( 0.1%) 
LDR leaf ambient       342/65536        9576/1835008  ( 0.5%) 
HDR leaf ambient       342/65536        9576/1835008  ( 0.5%) 
occluders                0/0               0/0        ( 0.0%) 
occluder polygons        0/0               0/0        ( 0.0%) 
occluder vert ind        0/0               0/0        ( 0.0%) 
detail props          [variable]           1/12       ( 8.3%) 
static props          [variable]           1/12       ( 8.3%) 
pakfile               [variable]          54/0        ( 0.0%) 
physics               [variable]        4745/4194304  ( 0.1%) 
physics terrain       [variable]           2/1048576  ( 0.0%) 

Level flags = 0

Total triangle count: 184
Writing d:\steam\steamapps\sourcemods\gigabuilder\mapsrc\personal\sam\gb_counter.bsp
0 seconds elapsed



materialPath: D:\Steam\steamapps\sourcemods\GigaBuilder\materials
Loading D:\Steam\steamapps\sourcemods\GigaBuilder\mapsrc\personal\sam\gb_counter.vmf
Could not locate GameData file 
fixing up env_cubemap materials on brush sides...
0...1...2...3...4...5...6...7...8...9...100...1...2...3...4...5...6...7...8...9...10Processing areas...done (0)
Building Faces...done (0)
FixTjuncs...
PruneNodes...
WriteBSP...
done (0)
writing D:\Steam\steamapps\sourcemods\GigaBuilder\mapsrc\personal\sam\gb_counter.prt...Building visibility clusters...
done (0)
Finding displacement neighbors...
Finding lightmap sample positions...
Displacement Alpha : 0...1...2...3...4...5...6...7...8...9...10
Building Physics collision data...
done (0) (4745 bytes)
Placing detail props : 0...1...2...3...4...5...6...7...8...9...10
Compacting texture/material tables...
Reduced 17 texinfos to 12
Reduced 6 texdatas to 6 (137 bytes to 137)
Writing D:\Steam\steamapps\sourcemods\GigaBuilder\mapsrc\personal\sam\gb_counter.bsp
0 seconds elapsed



8 threads
reading d:\steam\steamapps\sourcemods\gigabuilder\mapsrc\personal\sam\gb_counter.bsp
reading d:\steam\steamapps\sourcemods\gigabuilder\mapsrc\personal\sam\gb_counter.prt
  31 portalclusters
 102 numportals
0...1...2...3...4...5...6...7...8...9...100...1...2...3...4...5...6...7...8...9...10Optimized: 0 visible clusters (0.00%)
Total clusters visible: 961
Average clusters visible: 31
Building PAS...
Average clusters audible: 31
visdatasize:500  compressed from 496
writing d:\steam\steamapps\sourcemods\gigabuilder\mapsrc\personal\sam\gb_counter.bsp
0 seconds elapsed



[Reading texlights from 'lights.rad']
[48 texlights parsed from 'lights.rad']

Loading d:\steam\steamapps\sourcemods\gigabuilder\mapsrc\personal\sam\gb_counter.bsp
72 faces
22610 square feet [3255872.00 square inches]
0 Displacements
0 Square Feet [0.00 Square Inches]
72 patches before subdivision
4960 patches after subdivision
3 direct lights
0...1...2...3...4...5...6...7...8...9...100...1...2...3...4...5...6...7...8...9...10transfers 577412, max 277
transfer lists:   4.4 megs
0...1...2...3...4...5...6...7...8...9...10	Bounce #1 added RGB(24682, 8730, 2563)
0...1...2...3...4...5...6...7...8...9...10	Bounce #2 added RGB(11585, 1573, 136)
0...1...2...3...4...5...6...7...8...9...10	Bounce #3 added RGB(5569, 290, 9)
0...1...2...3...4...5...6...7...8...9...10	Bounce #4 added RGB(2681, 54, 1)
0...1...2...3...4...5...6...7...8...9...10	Bounce #5 added RGB(1295, 10, 0)
0...1...2...3...4...5...6...7...8...9...10	Bounce #6 added RGB(626, 2, 0)
0...1...2...3...4...5...6...7...8...9...10	Bounce #7 added RGB(303, 0, 0)
0...1...2...3...4...5...6...7...8...9...10	Bounce #8 added RGB(146, 0, 0)
0...1...2...3...4...5...6...7...8...9...10	Bounce #9 added RGB(71, 0, 0)
0...1...2...3...4...5...6...7...8...9...10	Bounce #10 added RGB(34, 0, 0)
0...1...2...3...4...5...6...7...8...9...10	Bounce #11 added RGB(17, 0, 0)
0...1...2...3...4...5...6...7...8...9...10	Bounce #12 added RGB(8, 0, 0)
0...1...2...3...4...5...6...7...8...9...10	Bounce #13 added RGB(4, 0, 0)
0...1...2...3...4...5...6...7...8...9...10	Bounce #14 added RGB(2, 0, 0)
0...1...2...3...4...5...6...7...8...9...10	Bounce #15 added RGB(1, 0, 0)
Build Patch/Sample Hash Table(s).....Done<0.0005 sec>
0...1...2...3...4...5...6...7...8...9...10FinalLightFace Done
0 of 0 (0% of) surface lights went in leaf ambient cubes.
0...1...2...3...4...5...6...7...8...9...10Writing leaf ambient...done
Ready to Finish

Object names       Objects/Maxobjs  Memory / Maxmem  Fullness 
------------       ---------------  ---------------  -------- 
models                   2/1024           96/49152    ( 0.2%) 
brushes                 12/8192          144/98304    ( 0.1%) 
brushsides              72/65536         576/524288   ( 0.1%) 
planes                  84/65536        1680/1310720  ( 0.1%) 
vertexes                95/65536        1140/786432   ( 0.1%) 
nodes                   62/65536        1984/2097152  ( 0.1%) 
texinfos                12/12288         864/884736   ( 0.1%) 
texdata                  6/2048          192/65536    ( 0.3%) 
dispinfos                0/0               0/0        ( 0.0%) 
disp_verts               0/0               0/0        ( 0.0%) 
disp_tris                0/0               0/0        ( 0.0%) 
disp_lmsamples           0/0               0/0        ( 0.0%) 
faces                   72/65536        4032/3670016  ( 0.1%) 
hdr faces                0/65536           0/3670016  ( 0.0%) 
origfaces               28/65536        1568/3670016  ( 0.0%) 
leaves                  65/65536        2080/2097152  ( 0.1%) 
leaffaces               87/65536         174/131072   ( 0.1%) 
leafbrushes             27/65536          54/131072   ( 0.0%) 
areas                    2/256            16/2048     ( 0.8%) 
surfedges              440/512000       1760/2048000  ( 0.1%) 
edges                  251/256000       1004/1024000  ( 0.1%) 
LDR worldlights          3/65536         264/5767168  ( 0.0%) 
HDR worldlights          0/65536           0/5767168  ( 0.0%) 
leafwaterdata            0/32768           0/393216   ( 0.0%) 
waterstrips              4/32768          40/327680   ( 0.0%) 
waterverts               0/65536           0/786432   ( 0.0%) 
waterindices            57/65536         114/131072   ( 0.1%) 
cubemapsamples           0/1024            0/16384    ( 0.0%) 
overlays                 0/8192            0/2883584  ( 0.0%) 
LDR lightdata         [variable]      111432/0        ( 0.0%) 
HDR lightdata         [variable]           0/0        ( 0.0%) 
visdata               [variable]         500/16777216 ( 0.0%) 
entdata               [variable]        7613/393216   ( 1.9%) 
LDR ambient table       65/65536         260/262144   ( 0.1%) 
HDR ambient table       65/65536         260/262144   ( 0.1%) 
LDR leaf ambient       342/65536        9576/1835008  ( 0.5%) 
HDR leaf ambient        65/65536        1820/1835008  ( 0.1%) 
occluders                0/0               0/0        ( 0.0%) 
occluder polygons        0/0               0/0        ( 0.0%) 
occluder vert ind        0/0               0/0        ( 0.0%) 
detail props          [variable]           1/12       ( 8.3%) 
static props          [variable]           1/12       ( 8.3%) 
pakfile               [variable]          54/0        ( 0.0%) 
physics               [variable]        4745/4194304  ( 0.1%) 
physics terrain       [variable]           2/1048576  ( 0.0%) 

Level flags = 0

Total triangle count: 184
Writing d:\steam\steamapps\sourcemods\gigabuilder\mapsrc\personal\sam\gb_counter.bsp
0 seconds elapsed



[Reading texlights from 'lights.rad']
[48 texlights parsed from 'lights.rad']

Loading d:\steam\steamapps\sourcemods\gigabuilder\mapsrc\personal\sam\gb_counter.bsp
72 faces
22610 square feet [3255872.00 square inches]
0 Displacements
0 Square Feet [0.00 Square Inches]
72 patches before subdivision
4960 patches after subdivision
3 direct lights
0...1...2...3...4...5...6...7...8...9...100...1...2...3...4...5...6...7...8...9...10transfers 577412, max 277
transfer lists:   4.4 megs
0...1...2...3...4...5...6...7...8...9...10	Bounce #1 added RGB(24682, 8730, 2563)
0...1...2...3...4...5...6...7...8...9...10	Bounce #2 added RGB(11585, 1573, 136)
0...1...2...3...4...5...6...7...8...9...10	Bounce #3 added RGB(5569, 290, 9)
0...1...2...3...4...5...6...7...8...9...10	Bounce #4 added RGB(2681, 54, 1)
0...1...2...3...4...5...6...7...8...9...10	Bounce #5 added RGB(1295, 10, 0)
0...1...2...3...4...5...6...7...8...9...10	Bounce #6 added RGB(626, 2, 0)
0...1...2...3...4...5...6...7...8...9...10	Bounce #7 added RGB(303, 0, 0)
0...1...2...3...4...5...6...7...8...9...10	Bounce #8 added RGB(146, 0, 0)
0...1...2...3...4...5...6...7...8...9...10	Bounce #9 added RGB(71, 0, 0)
0...1...2...3...4...5...6...7...8...9...10	Bounce #10 added RGB(34, 0, 0)
0...1...2...3...4...5...6...7...8...9...10	Bounce #11 added RGB(17, 0, 0)
0...1...2...3...4...5...6...7...8...9...10	Bounce #12 added RGB(8, 0, 0)
0...1...2...3...4...5...6...7...8...9...10	Bounce #13 added RGB(4, 0, 0)
0...1...2...3...4...5...6...7...8...9...10	Bounce #14 added RGB(2, 0, 0)
0...1...2...3...4...5...6...7...8...9...10	Bounce #15 added RGB(1, 0, 0)
Build Patch/Sample Hash Table(s).....Done<0.0005 sec>
0...1...2...3...4...5...6...7...8...9...10FinalLightFace Done
0 of 0 (0% of) surface lights went in leaf ambient cubes.
0...1...2...3...4...5...6...7...8...9...10Writing leaf ambient...done
Ready to Finish

Object names       Objects/Maxobjs  Memory / Maxmem  Fullness 
------------       ---------------  ---------------  -------- 
models                   2/1024           96/49152    ( 0.2%) 
brushes                 12/8192          144/98304    ( 0.1%) 
brushsides              72/65536         576/524288   ( 0.1%) 
planes                  84/65536        1680/1310720  ( 0.1%) 
vertexes                95/65536        1140/786432   ( 0.1%) 
nodes                   62/65536        1984/2097152  ( 0.1%) 
texinfos                12/12288         864/884736   ( 0.1%) 
texdata                  6/2048          192/65536    ( 0.3%) 
dispinfos                0/0               0/0        ( 0.0%) 
disp_verts               0/0               0/0        ( 0.0%) 
disp_tris                0/0               0/0        ( 0.0%) 
disp_lmsamples           0/0               0/0        ( 0.0%) 
faces                   72/65536        4032/3670016  ( 0.1%) 
hdr faces               72/65536        4032/3670016  ( 0.1%) 
origfaces               28/65536        1568/3670016  ( 0.0%) 
leaves                  65/65536        2080/2097152  ( 0.1%) 
leaffaces               87/65536         174/131072   ( 0.1%) 
leafbrushes             27/65536          54/131072   ( 0.0%) 
areas                    2/256            16/2048     ( 0.8%) 
surfedges              440/512000       1760/2048000  ( 0.1%) 
edges                  251/256000       1004/1024000  ( 0.1%) 
LDR worldlights          3/65536         264/5767168  ( 0.0%) 
HDR worldlights          3/65536         264/5767168  ( 0.0%) 
leafwaterdata            0/32768           0/393216   ( 0.0%) 
waterstrips              4/32768          40/327680   ( 0.0%) 
waterverts               0/65536           0/786432   ( 0.0%) 
waterindices            57/65536         114/131072   ( 0.1%) 
cubemapsamples           0/1024            0/16384    ( 0.0%) 
overlays                 0/8192            0/2883584  ( 0.0%) 
LDR lightdata         [variable]      111432/0        ( 0.0%) 
HDR lightdata         [variable]      111432/0        ( 0.0%) 
visdata               [variable]         500/16777216 ( 0.0%) 
entdata               [variable]        7613/393216   ( 1.9%) 
LDR ambient table       65/65536         260/262144   ( 0.1%) 
HDR ambient table       65/65536         260/262144   ( 0.1%) 
LDR leaf ambient       342/65536        9576/1835008  ( 0.5%) 
HDR leaf ambient       342/65536        9576/1835008  ( 0.5%) 
occluders                0/0               0/0        ( 0.0%) 
occluder polygons        0/0               0/0        ( 0.0%) 
occluder vert ind        0/0               0/0        ( 0.0%) 
detail props          [variable]           1/12       ( 8.3%) 
static props          [variable]           1/12       ( 8.3%) 
pakfile               [variable]          54/0        ( 0.0%) 
physics               [variable]        4745/4194304  ( 0.1%) 
physics terrain       [variable]           2/1048576  ( 0.0%) 

Level flags = 0

Total triangle count: 184
Writing d:\steam\steamapps\sourcemods\gigabuilder\mapsrc\personal\sam\gb_counter.bsp
0 seconds elapsed



materialPath: D:\Steam\steamapps\sourcemods\GigaBuilder\materials
Loading D:\Steam\steamapps\sourcemods\GigaBuilder\mapsrc\personal\sam\gb_counter.vmf
Could not locate GameData file 
fixing up env_cubemap materials on brush sides...
0...1...2...3...4...5...6...7...8...9...100...1...2...3...4...5...6...7...8...9...10Processing areas...done (0)
Building Faces...done (0)
FixTjuncs...
PruneNodes...
WriteBSP...
done (0)
writing D:\Steam\steamapps\sourcemods\GigaBuilder\mapsrc\personal\sam\gb_counter.prt...Building visibility clusters...
done (0)
Finding displacement neighbors...
Finding lightmap sample positions...
Displacement Alpha : 0...1...2...3...4...5...6...7...8...9...10
Building Physics collision data...
done (0) (4745 bytes)
Placing detail props : 0...1...2...3...4...5...6...7...8...9...10
Compacting texture/material tables...
Reduced 18 texinfos to 13
Reduced 6 texdatas to 6 (137 bytes to 137)
Writing D:\Steam\steamapps\sourcemods\GigaBuilder\mapsrc\personal\sam\gb_counter.bsp
0 seconds elapsed



8 threads
reading d:\steam\steamapps\sourcemods\gigabuilder\mapsrc\personal\sam\gb_counter.bsp
reading d:\steam\steamapps\sourcemods\gigabuilder\mapsrc\personal\sam\gb_counter.prt
  31 portalclusters
 102 numportals
0...1...2...3...4...5...6...7...8...9...100...1...2...3...4...5...6...7...8...9...10Optimized: 0 visible clusters (0.00%)
Total clusters visible: 961
Average clusters visible: 31
Building PAS...
Average clusters audible: 31
visdatasize:500  compressed from 496
writing d:\steam\steamapps\sourcemods\gigabuilder\mapsrc\personal\sam\gb_counter.bsp
0 seconds elapsed



[Reading texlights from 'lights.rad']
[48 texlights parsed from 'lights.rad']

Loading d:\steam\steamapps\sourcemods\gigabuilder\mapsrc\personal\sam\gb_counter.bsp
73 faces
22837 square feet [3288640.00 square inches]
0 Displacements
0 Square Feet [0.00 Square Inches]
73 patches before subdivision
5023 patches after subdivision
3 direct lights
0...1...2...3...4...5...6...7...8...9...100...1...2...3...4...5...6...7...8...9...10transfers 577412, max 277
transfer lists:   4.4 megs
0...1...2...3...4...5...6...7...8...9...10	Bounce #1 added RGB(24682, 8730, 2563)
0...1...2...3...4...5...6...7...8...9...10	Bounce #2 added RGB(11585, 1573, 136)
0...1...2...3...4...5...6...7...8...9...10	Bounce #3 added RGB(5569, 290, 9)
0...1...2...3...4...5...6...7...8...9...10	Bounce #4 added RGB(2681, 54, 1)
0...1...2...3...4...5...6...7...8...9...10	Bounce #5 added RGB(1295, 10, 0)
0...1...2...3...4...5...6...7...8...9...10	Bounce #6 added RGB(626, 2, 0)
0...1...2...3...4...5...6...7...8...9...10	Bounce #7 added RGB(303, 0, 0)
0...1...2...3...4...5...6...7...8...9...10	Bounce #8 added RGB(146, 0, 0)
0...1...2...3...4...5...6...7...8...9...10	Bounce #9 added RGB(71, 0, 0)
0...1...2...3...4...5...6...7...8...9...10	Bounce #10 added RGB(34, 0, 0)
0...1...2...3...4...5...6...7...8...9...10	Bounce #11 added RGB(17, 0, 0)
0...1...2...3...4...5...6...7...8...9...10	Bounce #12 added RGB(8, 0, 0)
0...1...2...3...4...5...6...7...8...9...10	Bounce #13 added RGB(4, 0, 0)
0...1...2...3...4...5...6...7...8...9...10	Bounce #14 added RGB(2, 0, 0)
0...1...2...3...4...5...6...7...8...9...10	Bounce #15 added RGB(1, 0, 0)
Build Patch/Sample Hash Table(s).....Done<0.0005 sec>
0...1...2...3...4...5...6...7...8...9...10FinalLightFace Done
0 of 0 (0% of) surface lights went in leaf ambient cubes.
0...1...2...3...4...5...6...7...8...9...10Writing leaf ambient...done
Ready to Finish

Object names       Objects/Maxobjs  Memory / Maxmem  Fullness 
------------       ---------------  ---------------  -------- 
models                   2/1024           96/49152    ( 0.2%) 
brushes                 12/8192          144/98304    ( 0.1%) 
brushsides              72/65536         576/524288   ( 0.1%) 
planes                  84/65536        1680/1310720  ( 0.1%) 
vertexes                95/65536        1140/786432   ( 0.1%) 
nodes                   62/65536        1984/2097152  ( 0.1%) 
texinfos                13/12288         936/884736   ( 0.1%) 
texdata                  6/2048          192/65536    ( 0.3%) 
dispinfos                0/0               0/0        ( 0.0%) 
disp_verts               0/0               0/0        ( 0.0%) 
disp_tris                0/0               0/0        ( 0.0%) 
disp_lmsamples           0/0               0/0        ( 0.0%) 
faces                   73/65536        4088/3670016  ( 0.1%) 
hdr faces                0/65536           0/3670016  ( 0.0%) 
origfaces               29/65536        1624/3670016  ( 0.0%) 
leaves                  65/65536        2080/2097152  ( 0.1%) 
leaffaces               88/65536         176/131072   ( 0.1%) 
leafbrushes             27/65536          54/131072   ( 0.0%) 
areas                    2/256            16/2048     ( 0.8%) 
surfedges              448/512000       1792/2048000  ( 0.1%) 
edges                  255/256000       1020/1024000  ( 0.1%) 
LDR worldlights          3/65536         264/5767168  ( 0.0%) 
HDR worldlights          0/65536           0/5767168  ( 0.0%) 
leafwaterdata            0/32768           0/393216   ( 0.0%) 
waterstrips              4/32768          40/327680   ( 0.0%) 
waterverts               0/65536           0/786432   ( 0.0%) 
waterindices            57/65536         114/131072   ( 0.1%) 
cubemapsamples           0/1024            0/16384    ( 0.0%) 
overlays                 0/8192            0/2883584  ( 0.0%) 
LDR lightdata         [variable]      112096/0        ( 0.0%) 
HDR lightdata         [variable]           0/0        ( 0.0%) 
visdata               [variable]         500/16777216 ( 0.0%) 
entdata               [variable]        7271/393216   ( 1.8%) 
LDR ambient table       65/65536         260/262144   ( 0.1%) 
HDR ambient table       65/65536         260/262144   ( 0.1%) 
LDR leaf ambient       342/65536        9576/1835008  ( 0.5%) 
HDR leaf ambient        65/65536        1820/1835008  ( 0.1%) 
occluders                0/0               0/0        ( 0.0%) 
occluder polygons        0/0               0/0        ( 0.0%) 
occluder vert ind        0/0               0/0        ( 0.0%) 
detail props          [variable]           1/12       ( 8.3%) 
static props          [variable]           1/12       ( 8.3%) 
pakfile               [variable]          54/0        ( 0.0%) 
physics               [variable]        4745/4194304  ( 0.1%) 
physics terrain       [variable]           2/1048576  ( 0.0%) 

Level flags = 0

Total triangle count: 186
Writing d:\steam\steamapps\sourcemods\gigabuilder\mapsrc\personal\sam\gb_counter.bsp
0 seconds elapsed



[Reading texlights from 'lights.rad']
[48 texlights parsed from 'lights.rad']

Loading d:\steam\steamapps\sourcemods\gigabuilder\mapsrc\personal\sam\gb_counter.bsp
73 faces
22837 square feet [3288640.00 square inches]
0 Displacements
0 Square Feet [0.00 Square Inches]
73 patches before subdivision
5023 patches after subdivision
3 direct lights
0...1...2...3...4...5...6...7...8...9...100...1...2...3...4...5...6...7...8...9...10transfers 577412, max 277
transfer lists:   4.4 megs
0...1...2...3...4...5...6...7...8...9...10	Bounce #1 added RGB(24682, 8730, 2563)
0...1...2...3...4...5...6...7...8...9...10	Bounce #2 added RGB(11585, 1573, 136)
0...1...2...3...4...5...6...7...8...9...10	Bounce #3 added RGB(5569, 290, 9)
0...1...2...3...4...5...6...7...8...9...10	Bounce #4 added RGB(2681, 54, 1)
0...1...2...3...4...5...6...7...8...9...10	Bounce #5 added RGB(1295, 10, 0)
0...1...2...3...4...5...6...7...8...9...10	Bounce #6 added RGB(626, 2, 0)
0...1...2...3...4...5...6...7...8...9...10	Bounce #7 added RGB(303, 0, 0)
0...1...2...3...4...5...6...7...8...9...10	Bounce #8 added RGB(146, 0, 0)
0...1...2...3...4...5...6...7...8...9...10	Bounce #9 added RGB(71, 0, 0)
0...1...2...3...4...5...6...7...8...9...10	Bounce #10 added RGB(34, 0, 0)
0...1...2...3...4...5...6...7...8...9...10	Bounce #11 added RGB(17, 0, 0)
0...1...2...3...4...5...6...7...8...9...10	Bounce #12 added RGB(8, 0, 0)
0...1...2...3...4...5...6...7...8...9...10	Bounce #13 added RGB(4, 0, 0)
0...1...2...3...4...5...6...7...8...9...10	Bounce #14 added RGB(2, 0, 0)
0...1...2...3...4...5...6...7...8...9...10	Bounce #15 added RGB(1, 0, 0)
Build Patch/Sample Hash Table(s).....Done<0.0005 sec>
0...1...2...3...4...5...6...7...8...9...10FinalLightFace Done
0 of 0 (0% of) surface lights went in leaf ambient cubes.
0...1...2...3...4...5...6...7...8...9...10Writing leaf ambient...done
Ready to Finish

Object names       Objects/Maxobjs  Memory / Maxmem  Fullness 
------------       ---------------  ---------------  -------- 
models                   2/1024           96/49152    ( 0.2%) 
brushes                 12/8192          144/98304    ( 0.1%) 
brushsides              72/65536         576/524288   ( 0.1%) 
planes                  84/65536        1680/1310720  ( 0.1%) 
vertexes                95/65536        1140/786432   ( 0.1%) 
nodes                   62/65536        1984/2097152  ( 0.1%) 
texinfos                13/12288         936/884736   ( 0.1%) 
texdata                  6/2048          192/65536    ( 0.3%) 
dispinfos                0/0               0/0        ( 0.0%) 
disp_verts               0/0               0/0        ( 0.0%) 
disp_tris                0/0               0/0        ( 0.0%) 
disp_lmsamples           0/0               0/0        ( 0.0%) 
faces                   73/65536        4088/3670016  ( 0.1%) 
hdr faces               73/65536        4088/3670016  ( 0.1%) 
origfaces               29/65536        1624/3670016  ( 0.0%) 
leaves                  65/65536        2080/2097152  ( 0.1%) 
leaffaces               88/65536         176/131072   ( 0.1%) 
leafbrushes             27/65536          54/131072   ( 0.0%) 
areas                    2/256            16/2048     ( 0.8%) 
surfedges              448/512000       1792/2048000  ( 0.1%) 
edges                  255/256000       1020/1024000  ( 0.1%) 
LDR worldlights          3/65536         264/5767168  ( 0.0%) 
HDR worldlights          3/65536         264/5767168  ( 0.0%) 
leafwaterdata            0/32768           0/393216   ( 0.0%) 
waterstrips              4/32768          40/327680   ( 0.0%) 
waterverts               0/65536           0/786432   ( 0.0%) 
waterindices            57/65536         114/131072   ( 0.1%) 
cubemapsamples           0/1024            0/16384    ( 0.0%) 
overlays                 0/8192            0/2883584  ( 0.0%) 
LDR lightdata         [variable]      112096/0        ( 0.0%) 
HDR lightdata         [variable]      112096/0        ( 0.0%) 
visdata               [variable]         500/16777216 ( 0.0%) 
entdata               [variable]        7271/393216   ( 1.8%) 
LDR ambient table       65/65536         260/262144   ( 0.1%) 
HDR ambient table       65/65536         260/262144   ( 0.1%) 
LDR leaf ambient       342/65536        9576/1835008  ( 0.5%) 
HDR leaf ambient       342/65536        9576/1835008  ( 0.5%) 
occluders                0/0               0/0        ( 0.0%) 
occluder polygons        0/0               0/0        ( 0.0%) 
occluder vert ind        0/0               0/0        ( 0.0%) 
detail props          [variable]           1/12       ( 8.3%) 
static props          [variable]           1/12       ( 8.3%) 
pakfile               [variable]          54/0        ( 0.0%) 
physics               [variable]        4745/4194304  ( 0.1%) 
physics terrain       [variable]           2/1048576  ( 0.0%) 

Level flags = 0

Total triangle count: 186
Writing d:\steam\steamapps\sourcemods\gigabuilder\mapsrc\personal\sam\gb_counter.bsp
0 seconds elapsed



materialPath: D:\Steam\steamapps\sourcemods\GigaBuilder\materials
Loading D:\Steam\steamapps\sourcemods\GigaBuilder\mapsrc\personal\sam\gb_counter.vmf
Could not locate GameData file 
fixing up env_cubemap materials on brush sides...
0...1...2...3...4...5...6...7...8...9...100...1...2...3...4...5...6...7...8...9...10Processing areas...done (0)
Building Faces...done (0)
FixTjuncs...
PruneNodes...
WriteBSP...
done (0)
writing D:\Steam\steamapps\sourcemods\GigaBuilder\mapsrc\personal\sam\gb_counter.prt...Building visibility clusters...
done (0)
Finding displacement neighbors...
Finding lightmap sample positions...
Displacement Alpha : 0...1...2...3...4...5...6...7...8...9...10
Building Physics collision data...
done (0) (4745 bytes)
Placing detail props : 0...1...2...3...4...5...6...7...8...9...10
Compacting texture/material tables...
Reduced 18 texinfos to 13
Reduced 6 texdatas to 6 (137 bytes to 137)
Writing D:\Steam\steamapps\sourcemods\GigaBuilder\mapsrc\personal\sam\gb_counter.bsp
0 seconds elapsed



8 threads
reading d:\steam\steamapps\sourcemods\gigabuilder\mapsrc\personal\sam\gb_counter.bsp
reading d:\steam\steamapps\sourcemods\gigabuilder\mapsrc\personal\sam\gb_counter.prt
  31 portalclusters
 102 numportals
0...1...2...3...4...5...6...7...8...9...100...1...2...3...4...5...6...7...8...9...10Optimized: 0 visible clusters (0.00%)
Total clusters visible: 961
Average clusters visible: 31
Building PAS...
Average clusters audible: 31
visdatasize:500  compressed from 496
writing d:\steam\steamapps\sourcemods\gigabuilder\mapsrc\personal\sam\gb_counter.bsp
0 seconds elapsed



[Reading texlights from 'lights.rad']
[48 texlights parsed from 'lights.rad']

Loading d:\steam\steamapps\sourcemods\gigabuilder\mapsrc\personal\sam\gb_counter.bsp
73 faces
22837 square feet [3288640.00 square inches]
0 Displacements
0 Square Feet [0.00 Square Inches]
73 patches before subdivision
5023 patches after subdivision
3 direct lights
0...1...2...3...4...5...6...7...8...9...100...1...2...3...4...5...6...7...8...9...10transfers 577412, max 277
transfer lists:   4.4 megs
0...1...2...3...4...5...6...7...8...9...10	Bounce #1 added RGB(24682, 8730, 2563)
0...1...2...3...4...5...6...7...8...9...10	Bounce #2 added RGB(11585, 1573, 136)
0...1...2...3...4...5...6...7...8...9...10	Bounce #3 added RGB(5569, 290, 9)
0...1...2...3...4...5...6...7...8...9...10	Bounce #4 added RGB(2681, 54, 1)
0...1...2...3...4...5...6...7...8...9...10	Bounce #5 added RGB(1295, 10, 0)
0...1...2...3...4...5...6...7...8...9...10	Bounce #6 added RGB(626, 2, 0)
0...1...2...3...4...5...6...7...8...9...10	Bounce #7 added RGB(303, 0, 0)
0...1...2...3...4...5...6...7...8...9...10	Bounce #8 added RGB(146, 0, 0)
0...1...2...3...4...5...6...7...8...9...10	Bounce #9 added RGB(71, 0, 0)
0...1...2...3...4...5...6...7...8...9...10	Bounce #10 added RGB(34, 0, 0)
0...1...2...3...4...5...6...7...8...9...10	Bounce #11 added RGB(17, 0, 0)
0...1...2...3...4...5...6...7...8...9...10	Bounce #12 added RGB(8, 0, 0)
0...1...2...3...4...5...6...7...8...9...10	Bounce #13 added RGB(4, 0, 0)
0...1...2...3...4...5...6...7...8...9...10	Bounce #14 added RGB(2, 0, 0)
0...1...2...3...4...5...6...7...8...9...10	Bounce #15 added RGB(1, 0, 0)
Build Patch/Sample Hash Table(s).....Done<0.0006 sec>
0...1...2...3...4...5...6...7...8...9...10FinalLightFace Done
0 of 0 (0% of) surface lights went in leaf ambient cubes.
0...1...2...3...4...5...6...7...8...9...10Writing leaf ambient...done
Ready to Finish

Object names       Objects/Maxobjs  Memory / Maxmem  Fullness 
------------       ---------------  ---------------  -------- 
models                   2/1024           96/49152    ( 0.2%) 
brushes                 12/8192          144/98304    ( 0.1%) 
brushsides              72/65536         576/524288   ( 0.1%) 
planes                  84/65536        1680/1310720  ( 0.1%) 
vertexes                95/65536        1140/786432   ( 0.1%) 
nodes                   62/65536        1984/2097152  ( 0.1%) 
texinfos                13/12288         936/884736   ( 0.1%) 
texdata                  6/2048          192/65536    ( 0.3%) 
dispinfos                0/0               0/0        ( 0.0%) 
disp_verts               0/0               0/0        ( 0.0%) 
disp_tris                0/0               0/0        ( 0.0%) 
disp_lmsamples           0/0               0/0        ( 0.0%) 
faces                   73/65536        4088/3670016  ( 0.1%) 
hdr faces                0/65536           0/3670016  ( 0.0%) 
origfaces               29/65536        1624/3670016  ( 0.0%) 
leaves                  65/65536        2080/2097152  ( 0.1%) 
leaffaces               88/65536         176/131072   ( 0.1%) 
leafbrushes             27/65536          54/131072   ( 0.0%) 
areas                    2/256            16/2048     ( 0.8%) 
surfedges              448/512000       1792/2048000  ( 0.1%) 
edges                  255/256000       1020/1024000  ( 0.1%) 
LDR worldlights          3/65536         264/5767168  ( 0.0%) 
HDR worldlights          0/65536           0/5767168  ( 0.0%) 
leafwaterdata            0/32768           0/393216   ( 0.0%) 
waterstrips              4/32768          40/327680   ( 0.0%) 
waterverts               0/65536           0/786432   ( 0.0%) 
waterindices            57/65536         114/131072   ( 0.1%) 
cubemapsamples           0/1024            0/16384    ( 0.0%) 
overlays                 0/8192            0/2883584  ( 0.0%) 
LDR lightdata         [variable]      112096/0        ( 0.0%) 
HDR lightdata         [variable]           0/0        ( 0.0%) 
visdata               [variable]         500/16777216 ( 0.0%) 
entdata               [variable]        7217/393216   ( 1.8%) 
LDR ambient table       65/65536         260/262144   ( 0.1%) 
HDR ambient table       65/65536         260/262144   ( 0.1%) 
LDR leaf ambient       342/65536        9576/1835008  ( 0.5%) 
HDR leaf ambient        65/65536        1820/1835008  ( 0.1%) 
occluders                0/0               0/0        ( 0.0%) 
occluder polygons        0/0               0/0        ( 0.0%) 
occluder vert ind        0/0               0/0        ( 0.0%) 
detail props          [variable]           1/12       ( 8.3%) 
static props          [variable]           1/12       ( 8.3%) 
pakfile               [variable]          54/0        ( 0.0%) 
physics               [variable]        4745/4194304  ( 0.1%) 
physics terrain       [variable]           2/1048576  ( 0.0%) 

Level flags = 0

Total triangle count: 186
Writing d:\steam\steamapps\sourcemods\gigabuilder\mapsrc\personal\sam\gb_counter.bsp
0 seconds elapsed



[Reading texlights from 'lights.rad']
[48 texlights parsed from 'lights.rad']

Loading d:\steam\steamapps\sourcemods\gigabuilder\mapsrc\personal\sam\gb_counter.bsp
73 faces
22837 square feet [3288640.00 square inches]
0 Displacements
0 Square Feet [0.00 Square Inches]
73 patches before subdivision
5023 patches after subdivision
3 direct lights
0...1...2...3...4...5...6...7...8...9...100...1...2...3...4...5...6...7...8...9...10transfers 577412, max 277
transfer lists:   4.4 megs
0...1...2...3...4...5...6...7...8...9...10	Bounce #1 added RGB(24682, 8730, 2563)
0...1...2...3...4...5...6...7...8...9...10	Bounce #2 added RGB(11585, 1573, 136)
0...1...2...3...4...5...6...7...8...9...10	Bounce #3 added RGB(5569, 290, 9)
0...1...2...3...4...5...6...7...8...9...10	Bounce #4 added RGB(2681, 54, 1)
0...1...2...3...4...5...6...7...8...9...10	Bounce #5 added RGB(1295, 10, 0)
0...1...2...3...4...5...6...7...8...9...10	Bounce #6 added RGB(626, 2, 0)
0...1...2...3...4...5...6...7...8...9...10	Bounce #7 added RGB(303, 0, 0)
0...1...2...3...4...5...6...7...8...9...10	Bounce #8 added RGB(146, 0, 0)
0...1...2...3...4...5...6...7...8...9...10	Bounce #9 added RGB(71, 0, 0)
0...1...2...3...4...5...6...7...8...9...10	Bounce #10 added RGB(34, 0, 0)
0...1...2...3...4...5...6...7...8...9...10	Bounce #11 added RGB(17, 0, 0)
0...1...2...3...4...5...6...7...8...9...10	Bounce #12 added RGB(8, 0, 0)
0...1...2...3...4...5...6...7...8...9...10	Bounce #13 added RGB(4, 0, 0)
0...1...2...3...4...5...6...7...8...9...10	Bounce #14 added RGB(2, 0, 0)
0...1...2...3...4...5...6...7...8...9...10	Bounce #15 added RGB(1, 0, 0)
Build Patch/Sample Hash Table(s).....Done<0.0006 sec>
0...1...2...3...4...5...6...7...8...9...10FinalLightFace Done
0 of 0 (0% of) surface lights went in leaf ambient cubes.
0...1...2...3...4...5...6...7...8...9...10Writing leaf ambient...done
Ready to Finish

Object names       Objects/Maxobjs  Memory / Maxmem  Fullness 
------------       ---------------  ---------------  -------- 
models                   2/1024           96/49152    ( 0.2%) 
brushes                 12/8192          144/98304    ( 0.1%) 
brushsides              72/65536         576/524288   ( 0.1%) 
planes                  84/65536        1680/1310720  ( 0.1%) 
vertexes                95/65536        1140/786432   ( 0.1%) 
nodes                   62/65536        1984/2097152  ( 0.1%) 
texinfos                13/12288         936/884736   ( 0.1%) 
texdata                  6/2048          192/65536    ( 0.3%) 
dispinfos                0/0               0/0        ( 0.0%) 
disp_verts               0/0               0/0        ( 0.0%) 
disp_tris                0/0               0/0        ( 0.0%) 
disp_lmsamples           0/0               0/0        ( 0.0%) 
faces                   73/65536        4088/3670016  ( 0.1%) 
hdr faces               73/65536        4088/3670016  ( 0.1%) 
origfaces               29/65536        1624/3670016  ( 0.0%) 
leaves                  65/65536        2080/2097152  ( 0.1%) 
leaffaces               88/65536         176/131072   ( 0.1%) 
leafbrushes             27/65536          54/131072   ( 0.0%) 
areas                    2/256            16/2048     ( 0.8%) 
surfedges              448/512000       1792/2048000  ( 0.1%) 
edges                  255/256000       1020/1024000  ( 0.1%) 
LDR worldlights          3/65536         264/5767168  ( 0.0%) 
HDR worldlights          3/65536         264/5767168  ( 0.0%) 
leafwaterdata            0/32768           0/393216   ( 0.0%) 
waterstrips              4/32768          40/327680   ( 0.0%) 
waterverts               0/65536           0/786432   ( 0.0%) 
waterindices            57/65536         114/131072   ( 0.1%) 
cubemapsamples           0/1024            0/16384    ( 0.0%) 
overlays                 0/8192            0/2883584  ( 0.0%) 
LDR lightdata         [variable]      112096/0        ( 0.0%) 
HDR lightdata         [variable]      112096/0        ( 0.0%) 
visdata               [variable]         500/16777216 ( 0.0%) 
entdata               [variable]        7217/393216   ( 1.8%) 
LDR ambient table       65/65536         260/262144   ( 0.1%) 
HDR ambient table       65/65536         260/262144   ( 0.1%) 
LDR leaf ambient       342/65536        9576/1835008  ( 0.5%) 
HDR leaf ambient       342/65536        9576/1835008  ( 0.5%) 
occluders                0/0               0/0        ( 0.0%) 
occluder polygons        0/0               0/0        ( 0.0%) 
occluder vert ind        0/0               0/0        ( 0.0%) 
detail props          [variable]           1/12       ( 8.3%) 
static props          [variable]           1/12       ( 8.3%) 
pakfile               [variable]          54/0        ( 0.0%) 
physics               [variable]        4745/4194304  ( 0.1%) 
physics terrain       [variable]           2/1048576  ( 0.0%) 

Level flags = 0

Total triangle count: 186
Writing d:\steam\steamapps\sourcemods\gigabuilder\mapsrc\personal\sam\gb_counter.bsp
0 seconds elapsed



materialPath: D:\Steam\steamapps\sourcemods\GigaBuilder\materials
Loading D:\Steam\steamapps\sourcemods\GigaBuilder\mapsrc\personal\sam\gb_counter.vmf
"materials/gigabuilder/giga_fluid.vtf": cached version doesn't exist
Could not locate GameData file 
fixing up env_cubemap materials on brush sides...
0...1...2...3...4...5...6...7...8...9...100...1...2...3...4...5...6...7...8...9...10Processing areas...done (0)
Building Faces...error: material GIGABUILDER/GIGA_FLUID doesn't have a $bottommaterial
error: material GIGABUILDER/GIGA_FLUID doesn't have a $bottommaterial
done (0)
FixTjuncs...
PruneNodes...
WriteBSP...
"materials/gigabuilder/giga_fluid.vtf": cached version doesn't exist
done (0)
writing D:\Steam\steamapps\sourcemods\GigaBuilder\mapsrc\personal\sam\gb_counter.prt...Building visibility clusters...
done (0)
Finding displacement neighbors...
Finding lightmap sample positions...
Displacement Alpha : 0...1...2...3...4...5...6...7...8...9...10
Building Physics collision data...
done (0) (5772 bytes)
Placing detail props : 0...1...2...3...4...5...6...7...8...9...10
Water found with no water_lod_control entity, creating a default one.
Compacting texture/material tables...
Reduced 20 texinfos to 14
Reduced 8 texdatas to 7 (208 bytes to 160)
Writing D:\Steam\steamapps\sourcemods\GigaBuilder\mapsrc\personal\sam\gb_counter.bsp
0 seconds elapsed



8 threads
reading d:\steam\steamapps\sourcemods\gigabuilder\mapsrc\personal\sam\gb_counter.bsp
reading d:\steam\steamapps\sourcemods\gigabuilder\mapsrc\personal\sam\gb_counter.prt
  35 portalclusters
 112 numportals
0...1...2...3...4...5...6...7...8...9...100...1...2...3...4...5...6...7...8...9...10Optimized: 0 visible clusters (0.00%)
Total clusters visible: 1217
Average clusters visible: 34
Building PAS...
Average clusters audible: 35
visdatasize:634  compressed from 560
writing d:\steam\steamapps\sourcemods\gigabuilder\mapsrc\personal\sam\gb_counter.bsp
0 seconds elapsed



[Reading texlights from 'lights.rad']
[48 texlights parsed from 'lights.rad']

Loading d:\steam\steamapps\sourcemods\gigabuilder\mapsrc\personal\sam\gb_counter.bsp
85 faces
23051 square feet [3319360.00 square inches]
0 Displacements
0 Square Feet [0.00 Square Inches]
85 patches before subdivision
4655 patches after subdivision
3 direct lights
0...1...2...3...4...5...6...7...8...9...100...1...2...3...4...5...6...7...8...9...10transfers 523652, max 282
transfer lists:   4.0 megs
0...1...2...3...4...5...6...7...8...9...10	Bounce #1 added RGB(22663, 7995, 2323)
0...1...2...3...4...5...6...7...8...9...10	Bounce #2 added RGB(10564, 1446, 129)
0...1...2...3...4...5...6...7...8...9...10	Bounce #3 added RGB(5036, 267, 9)
0...1...2...3...4...5...6...7...8...9...10	Bounce #4 added RGB(2408, 50, 1)
0...1...2...3...4...5...6...7...8...9...10	Bounce #5 added RGB(1154, 9, 0)
0...1...2...3...4...5...6...7...8...9...10	Bounce #6 added RGB(553, 2, 0)
0...1...2...3...4...5...6...7...8...9...10	Bounce #7 added RGB(265, 0, 0)
0...1...2...3...4...5...6...7...8...9...10	Bounce #8 added RGB(127, 0, 0)
0...1...2...3...4...5...6...7...8...9...10	Bounce #9 added RGB(61, 0, 0)
0...1...2...3...4...5...6...7...8...9...10	Bounce #10 added RGB(29, 0, 0)
0...1...2...3...4...5...6...7...8...9...10	Bounce #11 added RGB(14, 0, 0)
0...1...2...3...4...5...6...7...8...9...10	Bounce #12 added RGB(7, 0, 0)
0...1...2...3...4...5...6...7...8...9...10	Bounce #13 added RGB(3, 0, 0)
0...1...2...3...4...5...6...7...8...9...10	Bounce #14 added RGB(2, 0, 0)
0...1...2...3...4...5...6...7...8...9...10	Bounce #15 added RGB(1, 0, 0)
Build Patch/Sample Hash Table(s).....Done<0.0005 sec>
0...1...2...3...4...5...6...7...8...9...10FinalLightFace Done
0 of 0 (0% of) surface lights went in leaf ambient cubes.
0...1...2...3...4...5...6...7...8...9...10Writing leaf ambient...done
Ready to Finish

Object names       Objects/Maxobjs  Memory / Maxmem  Fullness 
------------       ---------------  ---------------  -------- 
models                   2/1024           96/49152    ( 0.2%) 
brushes                 14/8192          168/98304    ( 0.2%) 
brushsides              84/65536         672/524288   ( 0.1%) 
planes                  90/65536        1800/1310720  ( 0.1%) 
vertexes               114/65536        1368/786432   ( 0.2%) 
nodes                   70/65536        2240/2097152  ( 0.1%) 
texinfos                14/12288        1008/884736   ( 0.1%) 
texdata                  7/2048          224/65536    ( 0.3%) 
dispinfos                0/0               0/0        ( 0.0%) 
disp_verts               0/0               0/0        ( 0.0%) 
disp_tris                0/0               0/0        ( 0.0%) 
disp_lmsamples           0/0               0/0        ( 0.0%) 
faces                   85/65536        4760/3670016  ( 0.1%) 
hdr faces                0/65536           0/3670016  ( 0.0%) 
origfaces               30/65536        1680/3670016  ( 0.0%) 
leaves                  73/65536        2336/2097152  ( 0.1%) 
leaffaces               96/65536         192/131072   ( 0.1%) 
leafbrushes             33/65536          66/131072   ( 0.1%) 
areas                    2/256            16/2048     ( 0.8%) 
surfedges              506/512000       2024/2048000  ( 0.1%) 
edges                  294/256000       1176/1024000  ( 0.1%) 
LDR worldlights          3/65536         264/5767168  ( 0.0%) 
HDR worldlights          0/65536           0/5767168  ( 0.0%) 
leafwaterdata            1/32768          12/393216   ( 0.0%) 
waterstrips              4/32768          40/327680   ( 0.0%) 
waterverts               0/65536           0/786432   ( 0.0%) 
waterindices            57/65536         114/131072   ( 0.1%) 
cubemapsamples           0/1024            0/16384    ( 0.0%) 
overlays                 0/8192            0/2883584  ( 0.0%) 
LDR lightdata         [variable]      111952/0        ( 0.0%) 
HDR lightdata         [variable]           0/0        ( 0.0%) 
visdata               [variable]         634/16777216 ( 0.0%) 
entdata               [variable]        7317/393216   ( 1.9%) 
LDR ambient table       73/65536         292/262144   ( 0.1%) 
HDR ambient table       73/65536         292/262144   ( 0.1%) 
LDR leaf ambient       405/65536       11340/1835008  ( 0.6%) 
HDR leaf ambient        73/65536        2044/1835008  ( 0.1%) 
occluders                0/0               0/0        ( 0.0%) 
occluder polygons        0/0               0/0        ( 0.0%) 
occluder vert ind        0/0               0/0        ( 0.0%) 
detail props          [variable]           1/12       ( 8.3%) 
static props          [variable]           1/12       ( 8.3%) 
pakfile               [variable]         361/0        ( 0.0%) 
physics               [variable]        5772/4194304  ( 0.1%) 
physics terrain       [variable]           2/1048576  ( 0.0%) 

Level flags = 0

Total triangle count: 216
Writing d:\steam\steamapps\sourcemods\gigabuilder\mapsrc\personal\sam\gb_counter.bsp
0 seconds elapsed



[Reading texlights from 'lights.rad']
[48 texlights parsed from 'lights.rad']

Loading d:\steam\steamapps\sourcemods\gigabuilder\mapsrc\personal\sam\gb_counter.bsp
85 faces
23051 square feet [3319360.00 square inches]
0 Displacements
0 Square Feet [0.00 Square Inches]
85 patches before subdivision
4655 patches after subdivision
3 direct lights
0...1...2...3...4...5...6...7...8...9...100...1...2...3...4...5...6...7...8...9...10transfers 523652, max 282
transfer lists:   4.0 megs
0...1...2...3...4...5...6...7...8...9...10	Bounce #1 added RGB(22663, 7995, 2323)
0...1...2...3...4...5...6...7...8...9...10	Bounce #2 added RGB(10564, 1446, 129)
0...1...2...3...4...5...6...7...8...9...10	Bounce #3 added RGB(5036, 267, 9)
0...1...2...3...4...5...6...7...8...9...10	Bounce #4 added RGB(2408, 50, 1)
0...1...2...3...4...5...6...7...8...9...10	Bounce #5 added RGB(1154, 9, 0)
0...1...2...3...4...5...6...7...8...9...10	Bounce #6 added RGB(553, 2, 0)
0...1...2...3...4...5...6...7...8...9...10	Bounce #7 added RGB(265, 0, 0)
0...1...2...3...4...5...6...7...8...9...10	Bounce #8 added RGB(127, 0, 0)
0...1...2...3...4...5...6...7...8...9...10	Bounce #9 added RGB(61, 0, 0)
0...1...2...3...4...5...6...7...8...9...10	Bounce #10 added RGB(29, 0, 0)
0...1...2...3...4...5...6...7...8...9...10	Bounce #11 added RGB(14, 0, 0)
0...1...2...3...4...5...6...7...8...9...10	Bounce #12 added RGB(7, 0, 0)
0...1...2...3...4...5...6...7...8...9...10	Bounce #13 added RGB(3, 0, 0)
0...1...2...3...4...5...6...7...8...9...10	Bounce #14 added RGB(2, 0, 0)
0...1...2...3...4...5...6...7...8...9...10	Bounce #15 added RGB(1, 0, 0)
Build Patch/Sample Hash Table(s).....Done<0.0006 sec>
0...1...2...3...4...5...6...7...8...9...10FinalLightFace Done
0 of 0 (0% of) surface lights went in leaf ambient cubes.
0...1...2...3...4...5...6...7...8...9...10Writing leaf ambient...done
Ready to Finish

Object names       Objects/Maxobjs  Memory / Maxmem  Fullness 
------------       ---------------  ---------------  -------- 
models                   2/1024           96/49152    ( 0.2%) 
brushes                 14/8192          168/98304    ( 0.2%) 
brushsides              84/65536         672/524288   ( 0.1%) 
planes                  90/65536        1800/1310720  ( 0.1%) 
vertexes               114/65536        1368/786432   ( 0.2%) 
nodes                   70/65536        2240/2097152  ( 0.1%) 
texinfos                14/12288        1008/884736   ( 0.1%) 
texdata                  7/2048          224/65536    ( 0.3%) 
dispinfos                0/0               0/0        ( 0.0%) 
disp_verts               0/0               0/0        ( 0.0%) 
disp_tris                0/0               0/0        ( 0.0%) 
disp_lmsamples           0/0               0/0        ( 0.0%) 
faces                   85/65536        4760/3670016  ( 0.1%) 
hdr faces               85/65536        4760/3670016  ( 0.1%) 
origfaces               30/65536        1680/3670016  ( 0.0%) 
leaves                  73/65536        2336/2097152  ( 0.1%) 
leaffaces               96/65536         192/131072   ( 0.1%) 
leafbrushes             33/65536          66/131072   ( 0.1%) 
areas                    2/256            16/2048     ( 0.8%) 
surfedges              506/512000       2024/2048000  ( 0.1%) 
edges                  294/256000       1176/1024000  ( 0.1%) 
LDR worldlights          3/65536         264/5767168  ( 0.0%) 
HDR worldlights          3/65536         264/5767168  ( 0.0%) 
leafwaterdata            1/32768          12/393216   ( 0.0%) 
waterstrips              4/32768          40/327680   ( 0.0%) 
waterverts               0/65536           0/786432   ( 0.0%) 
waterindices            57/65536         114/131072   ( 0.1%) 
cubemapsamples           0/1024            0/16384    ( 0.0%) 
overlays                 0/8192            0/2883584  ( 0.0%) 
LDR lightdata         [variable]      111952/0        ( 0.0%) 
HDR lightdata         [variable]      111952/0        ( 0.0%) 
visdata               [variable]         634/16777216 ( 0.0%) 
entdata               [variable]        7317/393216   ( 1.9%) 
LDR ambient table       73/65536         292/262144   ( 0.1%) 
HDR ambient table       73/65536         292/262144   ( 0.1%) 
LDR leaf ambient       405/65536       11340/1835008  ( 0.6%) 
HDR leaf ambient       405/65536       11340/1835008  ( 0.6%) 
occluders                0/0               0/0        ( 0.0%) 
occluder polygons        0/0               0/0        ( 0.0%) 
occluder vert ind        0/0               0/0        ( 0.0%) 
detail props          [variable]           1/12       ( 8.3%) 
static props          [variable]           1/12       ( 8.3%) 
pakfile               [variable]         361/0        ( 0.0%) 
physics               [variable]        5772/4194304  ( 0.1%) 
physics terrain       [variable]           2/1048576  ( 0.0%) 

Level flags = 0

Total triangle count: 216
Writing d:\steam\steamapps\sourcemods\gigabuilder\mapsrc\personal\sam\gb_counter.bsp
0 seconds elapsed



materialPath: D:\Steam\steamapps\sourcemods\GigaBuilder\materials
Loading D:\Steam\steamapps\sourcemods\GigaBuilder\mapsrc\personal\sam\gb_counter.vmf
"materials/gigabuilder/giga_fluid.vtf": cached version doesn't exist
Could not locate GameData file 
fixing up env_cubemap materials on brush sides...
0...1...2...3...4...5...6...7...8...9...100...1...2...3...4...5...6...7...8...9...10Processing areas...done (0)
Building Faces...error: material GIGABUILDER/GIGA_FLUID doesn't have a $bottommaterial
error: material GIGABUILDER/GIGA_FLUID doesn't have a $bottommaterial
done (0)
FixTjuncs...
PruneNodes...
WriteBSP...
"materials/gigabuilder/giga_fluid.vtf": cached version doesn't exist
done (0)
writing D:\Steam\steamapps\sourcemods\GigaBuilder\mapsrc\personal\sam\gb_counter.prt...Building visibility clusters...
done (0)
Finding displacement neighbors...
Finding lightmap sample positions...
Displacement Alpha : 0...1...2...3...4...5...6...7...8...9...10
Building Physics collision data...
done (0) (5772 bytes)
Placing detail props : 0...1...2...3...4...5...6...7...8...9...10
Water found with no water_lod_control entity, creating a default one.
Compacting texture/material tables...
Reduced 22 texinfos to 16
Reduced 9 texdatas to 8 (239 bytes to 191)
Writing D:\Steam\steamapps\sourcemods\GigaBuilder\mapsrc\personal\sam\gb_counter.bsp
0 seconds elapsed



8 threads
reading d:\steam\steamapps\sourcemods\gigabuilder\mapsrc\personal\sam\gb_counter.bsp
reading d:\steam\steamapps\sourcemods\gigabuilder\mapsrc\personal\sam\gb_counter.prt
  35 portalclusters
 112 numportals
0...1...2...3...4...5...6...7...8...9...100...1...2...3...4...5...6...7...8...9...10Optimized: 0 visible clusters (0.00%)
Total clusters visible: 1217
Average clusters visible: 34
Building PAS...
Average clusters audible: 35
visdatasize:634  compressed from 560
writing d:\steam\steamapps\sourcemods\gigabuilder\mapsrc\personal\sam\gb_counter.bsp
0 seconds elapsed



[Reading texlights from 'lights.rad']
[48 texlights parsed from 'lights.rad']

Loading d:\steam\steamapps\sourcemods\gigabuilder\mapsrc\personal\sam\gb_counter.bsp
91 faces
23392 square feet [3368512.00 square inches]
0 Displacements
0 Square Feet [0.00 Square Inches]
91 patches before subdivision
4745 patches after subdivision
3 direct lights
0...1...2...3...4...5...6...7...8...9...100...1...2...3...4...5...6...7...8...9...10transfers 543066, max 286
transfer lists:   4.1 megs
0...1...2...3...4...5...6...7...8...9...10	Bounce #1 added RGB(22915, 8250, 2353)
0...1...2...3...4...5...6...7...8...9...10	Bounce #2 added RGB(10574, 1525, 130)
0...1...2...3...4...5...6...7...8...9...10	Bounce #3 added RGB(4995, 287, 9)
0...1...2...3...4...5...6...7...8...9...10	Bounce #4 added RGB(2366, 55, 1)
0...1...2...3...4...5...6...7...8...9...10	Bounce #5 added RGB(1123, 10, 0)
0...1...2...3...4...5...6...7...8...9...10	Bounce #6 added RGB(534, 2, 0)
0...1...2...3...4...5...6...7...8...9...10	Bounce #7 added RGB(254, 0, 0)
0...1...2...3...4...5...6...7...8...9...10	Bounce #8 added RGB(121, 0, 0)
0...1...2...3...4...5...6...7...8...9...10	Bounce #9 added RGB(57, 0, 0)
0...1...2...3...4...5...6...7...8...9...10	Bounce #10 added RGB(27, 0, 0)
0...1...2...3...4...5...6...7...8...9...10	Bounce #11 added RGB(13, 0, 0)
0...1...2...3...4...5...6...7...8...9...10	Bounce #12 added RGB(6, 0, 0)
0...1...2...3...4...5...6...7...8...9...10	Bounce #13 added RGB(3, 0, 0)
0...1...2...3...4...5...6...7...8...9...10	Bounce #14 added RGB(1, 0, 0)
0...1...2...3...4...5...6...7...8...9...10	Bounce #15 added RGB(1, 0, 0)
Build Patch/Sample Hash Table(s).....Done<0.0005 sec>
0...1...2...3...4...5...6...7...8...9...10FinalLightFace Done
0 of 0 (0% of) surface lights went in leaf ambient cubes.
0...1...2...3...4...5...6...7...8...9...10Writing leaf ambient...done
Ready to Finish

Object names       Objects/Maxobjs  Memory / Maxmem  Fullness 
------------       ---------------  ---------------  -------- 
models                   2/1024           96/49152    ( 0.2%) 
brushes                 14/8192          168/98304    ( 0.2%) 
brushsides              84/65536         672/524288   ( 0.1%) 
planes                  90/65536        1800/1310720  ( 0.1%) 
vertexes               114/65536        1368/786432   ( 0.2%) 
nodes                   70/65536        2240/2097152  ( 0.1%) 
texinfos                16/12288        1152/884736   ( 0.1%) 
texdata                  8/2048          256/65536    ( 0.4%) 
dispinfos                0/0               0/0        ( 0.0%) 
disp_verts               0/0               0/0        ( 0.0%) 
disp_tris                0/0               0/0        ( 0.0%) 
disp_lmsamples           0/0               0/0        ( 0.0%) 
faces                   91/65536        5096/3670016  ( 0.1%) 
hdr faces                0/65536           0/3670016  ( 0.0%) 
origfaces               33/65536        1848/3670016  ( 0.1%) 
leaves                  73/65536        2336/2097152  ( 0.1%) 
leaffaces              102/65536         204/131072   ( 0.2%) 
leafbrushes             33/65536          66/131072   ( 0.1%) 
areas                    2/256            16/2048     ( 0.8%) 
surfedges              542/512000       2168/2048000  ( 0.1%) 
edges                  311/256000       1244/1024000  ( 0.1%) 
LDR worldlights          3/65536         264/5767168  ( 0.0%) 
HDR worldlights          0/65536           0/5767168  ( 0.0%) 
leafwaterdata            1/32768          12/393216   ( 0.0%) 
waterstrips              4/32768          40/327680   ( 0.0%) 
waterverts               0/65536           0/786432   ( 0.0%) 
waterindices            57/65536         114/131072   ( 0.1%) 
cubemapsamples           0/1024            0/16384    ( 0.0%) 
overlays                 0/8192            0/2883584  ( 0.0%) 
LDR lightdata         [variable]      114032/0        ( 0.0%) 
HDR lightdata         [variable]           0/0        ( 0.0%) 
visdata               [variable]         634/16777216 ( 0.0%) 
entdata               [variable]        7317/393216   ( 1.9%) 
LDR ambient table       73/65536         292/262144   ( 0.1%) 
HDR ambient table       73/65536         292/262144   ( 0.1%) 
LDR leaf ambient       405/65536       11340/1835008  ( 0.6%) 
HDR leaf ambient        73/65536        2044/1835008  ( 0.1%) 
occluders                0/0               0/0        ( 0.0%) 
occluder polygons        0/0               0/0        ( 0.0%) 
occluder vert ind        0/0               0/0        ( 0.0%) 
detail props          [variable]           1/12       ( 8.3%) 
static props          [variable]           1/12       ( 8.3%) 
pakfile               [variable]         361/0        ( 0.0%) 
physics               [variable]        5772/4194304  ( 0.1%) 
physics terrain       [variable]           2/1048576  ( 0.0%) 

Level flags = 0

Total triangle count: 228
Writing d:\steam\steamapps\sourcemods\gigabuilder\mapsrc\personal\sam\gb_counter.bsp
0 seconds elapsed



[Reading texlights from 'lights.rad']
[48 texlights parsed from 'lights.rad']

Loading d:\steam\steamapps\sourcemods\gigabuilder\mapsrc\personal\sam\gb_counter.bsp
91 faces
23392 square feet [3368512.00 square inches]
0 Displacements
0 Square Feet [0.00 Square Inches]
91 patches before subdivision
4745 patches after subdivision
3 direct lights
0...1...2...3...4...5...6...7...8...9...100...1...2...3...4...5...6...7...8...9...10transfers 543066, max 286
transfer lists:   4.1 megs
0...1...2...3...4...5...6...7...8...9...10	Bounce #1 added RGB(22915, 8250, 2353)
0...1...2...3...4...5...6...7...8...9...10	Bounce #2 added RGB(10574, 1525, 130)
0...1...2...3...4...5...6...7...8...9...10	Bounce #3 added RGB(4995, 287, 9)
0...1...2...3...4...5...6...7...8...9...10	Bounce #4 added RGB(2366, 55, 1)
0...1...2...3...4...5...6...7...8...9...10	Bounce #5 added RGB(1123, 10, 0)
0...1...2...3...4...5...6...7...8...9...10	Bounce #6 added RGB(534, 2, 0)
0...1...2...3...4...5...6...7...8...9...10	Bounce #7 added RGB(254, 0, 0)
0...1...2...3...4...5...6...7...8...9...10	Bounce #8 added RGB(121, 0, 0)
0...1...2...3...4...5...6...7...8...9...10	Bounce #9 added RGB(57, 0, 0)
0...1...2...3...4...5...6...7...8...9...10	Bounce #10 added RGB(27, 0, 0)
0...1...2...3...4...5...6...7...8...9...10	Bounce #11 added RGB(13, 0, 0)
0...1...2...3...4...5...6...7...8...9...10	Bounce #12 added RGB(6, 0, 0)
0...1...2...3...4...5...6...7...8...9...10	Bounce #13 added RGB(3, 0, 0)
0...1...2...3...4...5...6...7...8...9...10	Bounce #14 added RGB(1, 0, 0)
0...1...2...3...4...5...6...7...8...9...10	Bounce #15 added RGB(1, 0, 0)
Build Patch/Sample Hash Table(s).....Done<0.0005 sec>
0...1...2...3...4...5...6...7...8...9...10FinalLightFace Done
0 of 0 (0% of) surface lights went in leaf ambient cubes.
0...1...2...3...4...5...6...7...8...9...10Writing leaf ambient...done
Ready to Finish

Object names       Objects/Maxobjs  Memory / Maxmem  Fullness 
------------       ---------------  ---------------  -------- 
models                   2/1024           96/49152    ( 0.2%) 
brushes                 14/8192          168/98304    ( 0.2%) 
brushsides              84/65536         672/524288   ( 0.1%) 
planes                  90/65536        1800/1310720  ( 0.1%) 
vertexes               114/65536        1368/786432   ( 0.2%) 
nodes                   70/65536        2240/2097152  ( 0.1%) 
texinfos                16/12288        1152/884736   ( 0.1%) 
texdata                  8/2048          256/65536    ( 0.4%) 
dispinfos                0/0               0/0        ( 0.0%) 
disp_verts               0/0               0/0        ( 0.0%) 
disp_tris                0/0               0/0        ( 0.0%) 
disp_lmsamples           0/0               0/0        ( 0.0%) 
faces                   91/65536        5096/3670016  ( 0.1%) 
hdr faces               91/65536        5096/3670016  ( 0.1%) 
origfaces               33/65536        1848/3670016  ( 0.1%) 
leaves                  73/65536        2336/2097152  ( 0.1%) 
leaffaces              102/65536         204/131072   ( 0.2%) 
leafbrushes             33/65536          66/131072   ( 0.1%) 
areas                    2/256            16/2048     ( 0.8%) 
surfedges              542/512000       2168/2048000  ( 0.1%) 
edges                  311/256000       1244/1024000  ( 0.1%) 
LDR worldlights          3/65536         264/5767168  ( 0.0%) 
HDR worldlights          3/65536         264/5767168  ( 0.0%) 
leafwaterdata            1/32768          12/393216   ( 0.0%) 
waterstrips              4/32768          40/327680   ( 0.0%) 
waterverts               0/65536           0/786432   ( 0.0%) 
waterindices            57/65536         114/131072   ( 0.1%) 
cubemapsamples           0/1024            0/16384    ( 0.0%) 
overlays                 0/8192            0/2883584  ( 0.0%) 
LDR lightdata         [variable]      114032/0        ( 0.0%) 
HDR lightdata         [variable]      114032/0        ( 0.0%) 
visdata               [variable]         634/16777216 ( 0.0%) 
entdata               [variable]        7317/393216   ( 1.9%) 
LDR ambient table       73/65536         292/262144   ( 0.1%) 
HDR ambient table       73/65536         292/262144   ( 0.1%) 
LDR leaf ambient       405/65536       11340/1835008  ( 0.6%) 
HDR leaf ambient       405/65536       11340/1835008  ( 0.6%) 
occluders                0/0               0/0        ( 0.0%) 
occluder polygons        0/0               0/0        ( 0.0%) 
occluder vert ind        0/0               0/0        ( 0.0%) 
detail props          [variable]           1/12       ( 8.3%) 
static props          [variable]           1/12       ( 8.3%) 
pakfile               [variable]         361/0        ( 0.0%) 
physics               [variable]        5772/4194304  ( 0.1%) 
physics terrain       [variable]           2/1048576  ( 0.0%) 

Level flags = 0

Total triangle count: 228
Writing d:\steam\steamapps\sourcemods\gigabuilder\mapsrc\personal\sam\gb_counter.bsp
0 seconds elapsed
