PRT1
31
102
4 0 17 (128 0 192 ) (0 0 192 ) (0 0 0 ) (128 0 0 ) 
4 0 16 (768 0 0 ) (768 0 192 ) (128 0 192 ) (128 0 0 ) 
4 0 12 (64 0 232 ) (0 0 232 ) (0 0 192 ) (64 0 192 ) 
4 0 9 (120 0 232 ) (64 0 232 ) (64 0 192 ) (120 0 192 ) 
4 0 7 (128 0 232 ) (120 0 232 ) (120 0 192 ) (128 0 192 ) 
4 0 6 (768 0 192 ) (768 0 232 ) (128 0 232 ) (128 0 192 ) 
4 0 4 (64 0 296 ) (8 0 296 ) (8 0 232 ) (64 0 232 ) 
4 0 3 (768 0 232 ) (768 0 296 ) (64 0 296 ) (64 0 232 ) 
4 0 5 (8 0 296 ) (0 0 296 ) (0 0 232 ) (8 0 232 ) 
4 0 2 (768 0 296 ) (768 0 512 ) (0 0 512 ) (0 0 296 ) 
4 0 1 (0 0 0 ) (0 0 512 ) (0 256 512 ) (0 256 0 ) 
4 1 30 (0 0 0 ) (0 0 184 ) (-256 0 184 ) (-256 0 0 ) 
4 1 27 (0 0 184 ) (0 0 192 ) (-128 0 192 ) (-128 0 184 ) 
4 1 29 (-128 0 192 ) (-256 0 192 ) (-256 0 184 ) (-128 0 184 ) 
4 1 24 (-120 0 232 ) (-128 0 232 ) (-128 0 192 ) (-120 0 192 ) 
4 1 26 (-128 0 232 ) (-256 0 232 ) (-256 0 192 ) (-128 0 192 ) 
4 1 21 (0 0 192 ) (0 0 232 ) (-120 0 232 ) (-120 0 192 ) 
4 1 20 (0 0 232 ) (0 0 512 ) (-256 0 512 ) (-256 0 232 ) 
4 2 20 (0 0 512 ) (0 0 296 ) (0 -256 296 ) (0 -256 512 ) 
4 2 4 (8 0 296 ) (64 0 296 ) (64 -252 296 ) (8 -252 296 ) 
4 2 3 (64 0 296 ) (768 0 296 ) (768 -256 296 ) (64 -256 296 ) 
4 2 5 (0 0 296 ) (8 0 296 ) (8 -256 296 ) (0 -256 296 ) 
4 3 10 (64 -136 232 ) (64 -128 232 ) (120 -128 232 ) (120 -136 232 ) 
4 3 9 (64 -128 232 ) (64 0 232 ) (120 0 232 ) (120 -128 232 ) 
4 3 11 (120 -256 232 ) (64 -256 232 ) (64 -136 232 ) (120 -136 232 ) 
4 3 8 (128 -256 232 ) (120 -256 232 ) (120 -128 232 ) (128 -128 232 ) 
4 3 7 (120 -128 232 ) (120 0 232 ) (128 0 232 ) (128 -128 232 ) 
4 3 6 (768 0 232 ) (768 -256 232 ) (128 -256 232 ) (128 0 232 ) 
4 3 4 (64 0 232 ) (64 -252 232 ) (64 -252 296 ) (64 0 296 ) 
4 4 13 (8 -136 232 ) (8 -128 232 ) (64 -128 232 ) (64 -136 232 ) 
4 4 12 (8 -128 232 ) (8 0 232 ) (64 0 232 ) (64 -128 232 ) 
4 4 14 (8 -252 232 ) (8 -136 232 ) (64 -136 232 ) (64 -252 232 ) 
4 4 5 (8 0 232 ) (8 -252 232 ) (8 -252 296 ) (8 0 296 ) 
4 5 20 (0 0 296 ) (0 0 232 ) (0 -256 232 ) (0 -256 296 ) 
4 5 15 (8 -256 232 ) (0 -256 232 ) (0 -252 232 ) (8 -252 232 ) 
4 5 13 (0 -136 232 ) (0 -128 232 ) (8 -128 232 ) (8 -136 232 ) 
4 5 12 (0 -128 232 ) (0 0 232 ) (8 0 232 ) (8 -128 232 ) 
4 5 14 (0 -252 232 ) (0 -136 232 ) (8 -136 232 ) (8 -252 232 ) 
4 6 16 (768 -256 192 ) (128 -256 192 ) (128 0 192 ) (768 0 192 ) 
4 6 8 (128 -128 192 ) (128 -256 192 ) (128 -256 232 ) (128 -128 232 ) 
4 6 7 (128 0 192 ) (128 -128 192 ) (128 -128 232 ) (128 0 232 ) 
4 7 17 (120 -128 192 ) (120 0 192 ) (128 0 192 ) (128 -128 192 ) 
4 7 9 (120 0 192 ) (120 -128 192 ) (120 -128 232 ) (120 0 232 ) 
4 7 8 (120 -128 232 ) (120 -128 192 ) (128 -128 192 ) (128 -128 232 ) 
4 8 18 (128 -256 192 ) (120 -256 192 ) (120 -128 192 ) (128 -128 192 ) 
4 8 10 (120 -128 192 ) (120 -136 192 ) (120 -136 232 ) (120 -128 232 ) 
4 8 11 (120 -136 192 ) (120 -256 192 ) (120 -256 232 ) (120 -136 232 ) 
4 9 17 (64 -128 192 ) (64 0 192 ) (120 0 192 ) (120 -128 192 ) 
4 9 12 (64 0 192 ) (64 -128 192 ) (64 -128 232 ) (64 0 232 ) 
4 9 10 (64 -128 232 ) (64 -128 192 ) (120 -128 192 ) (120 -128 232 ) 
4 10 18 (64 -136 192 ) (64 -128 192 ) (120 -128 192 ) (120 -136 192 ) 
4 10 13 (64 -128 192 ) (64 -136 192 ) (64 -136 232 ) (64 -128 232 ) 
4 10 11 (64 -136 232 ) (64 -136 192 ) (120 -136 192 ) (120 -136 232 ) 
4 11 18 (120 -256 192 ) (64 -256 192 ) (64 -136 192 ) (120 -136 192 ) 
4 11 14 (64 -136 192 ) (64 -252 192 ) (64 -252 232 ) (64 -136 232 ) 
4 12 21 (0 0 232 ) (0 0 192 ) (0 -128 192 ) (0 -128 232 ) 
4 12 17 (0 -128 192 ) (0 0 192 ) (64 0 192 ) (64 -128 192 ) 
4 12 13 (0 -128 192 ) (64 -128 192 ) (64 -128 232 ) (0 -128 232 ) 
4 13 22 (0 -128 192 ) (0 -136 192 ) (0 -136 232 ) (0 -128 232 ) 
4 13 18 (0 -136 192 ) (0 -128 192 ) (64 -128 192 ) (64 -136 192 ) 
4 13 14 (0 -136 192 ) (64 -136 192 ) (64 -136 232 ) (0 -136 232 ) 
4 14 23 (0 -136 192 ) (0 -252 192 ) (0 -252 232 ) (0 -136 232 ) 
4 14 18 (0 -252 192 ) (0 -136 192 ) (64 -136 192 ) (64 -252 192 ) 
4 14 15 (0 -252 192 ) (8 -252 192 ) (8 -252 232 ) (0 -252 232 ) 
4 15 23 (0 -252 192 ) (0 -256 192 ) (0 -256 232 ) (0 -252 232 ) 
4 15 18 (8 -256 192 ) (0 -256 192 ) (0 -252 192 ) (8 -252 192 ) 
4 16 19 (128 -128 0 ) (128 -256 0 ) (128 -256 184 ) (128 -128 184 ) 
4 16 18 (128 -256 184 ) (128 -256 192 ) (128 -128 192 ) (128 -128 184 ) 
4 16 17 (128 0 0 ) (128 -128 0 ) (128 -128 192 ) (128 0 192 ) 
4 17 30 (0 0 184 ) (0 0 0 ) (0 -128 0 ) (0 -128 184 ) 
4 17 27 (0 0 192 ) (0 0 184 ) (0 -128 184 ) (0 -128 192 ) 
4 17 19 (0 -128 0 ) (128 -128 0 ) (128 -128 184 ) (0 -128 184 ) 
4 17 18 (128 -128 184 ) (128 -128 192 ) (0 -128 192 ) (0 -128 184 ) 
4 18 28 (0 -256 184 ) (0 -256 192 ) (0 -128 192 ) (0 -128 184 ) 
4 18 19 (0 -128 184 ) (128 -128 184 ) (128 -256 184 ) (0 -256 184 ) 
4 19 30 (0 -128 0 ) (0 -256 0 ) (0 -256 184 ) (0 -128 184 ) 
4 20 25 (-120 -256 232 ) (-128 -256 232 ) (-128 -128 232 ) (-120 -128 232 ) 
4 20 24 (-128 -128 232 ) (-128 0 232 ) (-120 0 232 ) (-120 -128 232 ) 
4 20 26 (-128 -256 232 ) (-256 -256 232 ) (-256 0 232 ) (-128 0 232 ) 
4 20 22 (-120 -136 232 ) (-120 -128 232 ) (0 -128 232 ) (0 -136 232 ) 
4 20 21 (-120 -128 232 ) (-120 0 232 ) (0 0 232 ) (0 -128 232 ) 
4 20 23 (0 -256 232 ) (-120 -256 232 ) (-120 -136 232 ) (0 -136 232 ) 
4 21 27 (-120 -128 192 ) (-120 0 192 ) (0 0 192 ) (0 -128 192 ) 
4 21 24 (-120 0 192 ) (-120 -128 192 ) (-120 -128 232 ) (-120 0 232 ) 
4 21 22 (-120 -128 232 ) (-120 -128 192 ) (0 -128 192 ) (0 -128 232 ) 
4 22 28 (-120 -136 192 ) (-120 -128 192 ) (0 -128 192 ) (0 -136 192 ) 
4 22 25 (-120 -128 192 ) (-120 -136 192 ) (-120 -136 232 ) (-120 -128 232 ) 
4 22 23 (-120 -136 232 ) (-120 -136 192 ) (0 -136 192 ) (0 -136 232 ) 
4 23 28 (0 -256 192 ) (-120 -256 192 ) (-120 -136 192 ) (0 -136 192 ) 
4 23 25 (-120 -136 192 ) (-120 -256 192 ) (-120 -256 232 ) (-120 -136 232 ) 
4 24 27 (-128 -128 192 ) (-128 0 192 ) (-120 0 192 ) (-120 -128 192 ) 
4 24 26 (-128 0 192 ) (-128 -128 192 ) (-128 -128 232 ) (-128 0 232 ) 
4 24 25 (-128 -128 232 ) (-128 -128 192 ) (-120 -128 192 ) (-120 -128 232 ) 
4 25 28 (-120 -256 192 ) (-128 -256 192 ) (-128 -128 192 ) (-120 -128 192 ) 
4 25 26 (-128 -128 192 ) (-128 -256 192 ) (-128 -256 232 ) (-128 -128 232 ) 
4 26 29 (-128 -256 192 ) (-256 -256 192 ) (-256 0 192 ) (-128 0 192 ) 
4 27 30 (-128 -128 184 ) (-128 0 184 ) (0 0 184 ) (0 -128 184 ) 
4 27 29 (-128 0 184 ) (-128 -128 184 ) (-128 -128 192 ) (-128 0 192 ) 
4 27 28 (-128 -128 192 ) (-128 -128 184 ) (0 -128 184 ) (0 -128 192 ) 
4 28 30 (0 -256 184 ) (-128 -256 184 ) (-128 -128 184 ) (0 -128 184 ) 
4 28 29 (-128 -128 184 ) (-128 -256 184 ) (-128 -256 192 ) (-128 -128 192 ) 
4 29 30 (-128 -256 184 ) (-256 -256 184 ) (-256 0 184 ) (-128 0 184 ) 
